[2023-10-22T19:07:59.598+0400] {processor.py:157} INFO - Started process (PID=1371) to work on /home/pyretttt/repos/mlops3/env/lib/python3.10/site-packages/airflow/example_dags/example_time_delta_sensor_async.py
[2023-10-22T19:07:59.599+0400] {processor.py:829} INFO - Processing file /home/pyretttt/repos/mlops3/env/lib/python3.10/site-packages/airflow/example_dags/example_time_delta_sensor_async.py for tasks to queue
[2023-10-22T19:07:59.600+0400] {logging_mixin.py:151} INFO - [2023-10-22T19:07:59.599+0400] {dagbag.py:536} INFO - Filling up the DagBag from /home/pyretttt/repos/mlops3/env/lib/python3.10/site-packages/airflow/example_dags/example_time_delta_sensor_async.py
[2023-10-22T19:07:59.611+0400] {processor.py:839} INFO - DAG(s) dict_keys(['example_time_delta_sensor_async']) retrieved from /home/pyretttt/repos/mlops3/env/lib/python3.10/site-packages/airflow/example_dags/example_time_delta_sensor_async.py
[2023-10-22T19:07:59.765+0400] {logging_mixin.py:151} INFO - [2023-10-22T19:07:59.765+0400] {manager.py:499} INFO - Created Permission View: %s
[2023-10-22T19:07:59.772+0400] {logging_mixin.py:151} INFO - [2023-10-22T19:07:59.771+0400] {manager.py:499} INFO - Created Permission View: %s
[2023-10-22T19:07:59.776+0400] {logging_mixin.py:151} INFO - [2023-10-22T19:07:59.776+0400] {manager.py:499} INFO - Created Permission View: %s
[2023-10-22T19:07:59.776+0400] {logging_mixin.py:151} INFO - [2023-10-22T19:07:59.776+0400] {dag.py:2941} INFO - Sync 1 DAGs
[2023-10-22T19:07:59.781+0400] {logging_mixin.py:151} INFO - [2023-10-22T19:07:59.780+0400] {dag.py:2963} INFO - Creating ORM DAG for example_time_delta_sensor_async
[2023-10-22T19:07:59.781+0400] {logging_mixin.py:151} INFO - [2023-10-22T19:07:59.781+0400] {dag.py:3722} INFO - Setting next_dagrun for example_time_delta_sensor_async to None, run_after=None
[2023-10-22T19:07:59.800+0400] {processor.py:179} INFO - Processing /home/pyretttt/repos/mlops3/env/lib/python3.10/site-packages/airflow/example_dags/example_time_delta_sensor_async.py took 0.206 seconds
[2023-10-22T19:10:41.811+0400] {processor.py:157} INFO - Started process (PID=1438) to work on /home/pyretttt/repos/mlops3/env/lib/python3.10/site-packages/airflow/example_dags/example_time_delta_sensor_async.py
[2023-10-22T19:10:41.813+0400] {processor.py:829} INFO - Processing file /home/pyretttt/repos/mlops3/env/lib/python3.10/site-packages/airflow/example_dags/example_time_delta_sensor_async.py for tasks to queue
[2023-10-22T19:10:41.814+0400] {logging_mixin.py:151} INFO - [2023-10-22T19:10:41.813+0400] {dagbag.py:536} INFO - Filling up the DagBag from /home/pyretttt/repos/mlops3/env/lib/python3.10/site-packages/airflow/example_dags/example_time_delta_sensor_async.py
[2023-10-22T19:10:41.819+0400] {processor.py:839} INFO - DAG(s) dict_keys(['example_time_delta_sensor_async']) retrieved from /home/pyretttt/repos/mlops3/env/lib/python3.10/site-packages/airflow/example_dags/example_time_delta_sensor_async.py
[2023-10-22T19:10:41.827+0400] {logging_mixin.py:151} INFO - [2023-10-22T19:10:41.827+0400] {dag.py:2941} INFO - Sync 1 DAGs
[2023-10-22T19:10:41.832+0400] {logging_mixin.py:151} INFO - [2023-10-22T19:10:41.832+0400] {dag.py:3722} INFO - Setting next_dagrun for example_time_delta_sensor_async to None, run_after=None
[2023-10-22T19:10:41.843+0400] {processor.py:179} INFO - Processing /home/pyretttt/repos/mlops3/env/lib/python3.10/site-packages/airflow/example_dags/example_time_delta_sensor_async.py took 0.034 seconds
[2023-10-22T19:11:17.155+0400] {processor.py:157} INFO - Started process (PID=1480) to work on /home/pyretttt/repos/mlops3/env/lib/python3.10/site-packages/airflow/example_dags/example_time_delta_sensor_async.py
[2023-10-22T19:11:17.156+0400] {processor.py:829} INFO - Processing file /home/pyretttt/repos/mlops3/env/lib/python3.10/site-packages/airflow/example_dags/example_time_delta_sensor_async.py for tasks to queue
[2023-10-22T19:11:17.157+0400] {logging_mixin.py:151} INFO - [2023-10-22T19:11:17.156+0400] {dagbag.py:536} INFO - Filling up the DagBag from /home/pyretttt/repos/mlops3/env/lib/python3.10/site-packages/airflow/example_dags/example_time_delta_sensor_async.py
[2023-10-22T19:11:17.160+0400] {processor.py:839} INFO - DAG(s) dict_keys(['example_time_delta_sensor_async']) retrieved from /home/pyretttt/repos/mlops3/env/lib/python3.10/site-packages/airflow/example_dags/example_time_delta_sensor_async.py
[2023-10-22T19:11:17.170+0400] {logging_mixin.py:151} INFO - [2023-10-22T19:11:17.170+0400] {dag.py:2941} INFO - Sync 1 DAGs
[2023-10-22T19:11:17.175+0400] {logging_mixin.py:151} INFO - [2023-10-22T19:11:17.175+0400] {dag.py:3722} INFO - Setting next_dagrun for example_time_delta_sensor_async to None, run_after=None
[2023-10-22T19:11:17.186+0400] {processor.py:179} INFO - Processing /home/pyretttt/repos/mlops3/env/lib/python3.10/site-packages/airflow/example_dags/example_time_delta_sensor_async.py took 0.032 seconds
[2023-10-22T19:11:49.523+0400] {processor.py:157} INFO - Started process (PID=1681) to work on /home/pyretttt/repos/mlops3/env/lib/python3.10/site-packages/airflow/example_dags/example_time_delta_sensor_async.py
[2023-10-22T19:11:49.523+0400] {processor.py:829} INFO - Processing file /home/pyretttt/repos/mlops3/env/lib/python3.10/site-packages/airflow/example_dags/example_time_delta_sensor_async.py for tasks to queue
[2023-10-22T19:11:49.524+0400] {logging_mixin.py:151} INFO - [2023-10-22T19:11:49.523+0400] {dagbag.py:536} INFO - Filling up the DagBag from /home/pyretttt/repos/mlops3/env/lib/python3.10/site-packages/airflow/example_dags/example_time_delta_sensor_async.py
[2023-10-22T19:11:49.526+0400] {processor.py:839} INFO - DAG(s) dict_keys(['example_time_delta_sensor_async']) retrieved from /home/pyretttt/repos/mlops3/env/lib/python3.10/site-packages/airflow/example_dags/example_time_delta_sensor_async.py
[2023-10-22T19:11:49.535+0400] {logging_mixin.py:151} INFO - [2023-10-22T19:11:49.535+0400] {dag.py:2941} INFO - Sync 1 DAGs
[2023-10-22T19:11:49.541+0400] {logging_mixin.py:151} INFO - [2023-10-22T19:11:49.541+0400] {dag.py:3722} INFO - Setting next_dagrun for example_time_delta_sensor_async to None, run_after=None
[2023-10-22T19:11:49.556+0400] {processor.py:179} INFO - Processing /home/pyretttt/repos/mlops3/env/lib/python3.10/site-packages/airflow/example_dags/example_time_delta_sensor_async.py took 0.035 seconds
[2023-10-22T19:12:24.745+0400] {processor.py:157} INFO - Started process (PID=1717) to work on /home/pyretttt/repos/mlops3/env/lib/python3.10/site-packages/airflow/example_dags/example_time_delta_sensor_async.py
[2023-10-22T19:12:24.747+0400] {processor.py:829} INFO - Processing file /home/pyretttt/repos/mlops3/env/lib/python3.10/site-packages/airflow/example_dags/example_time_delta_sensor_async.py for tasks to queue
[2023-10-22T19:12:24.749+0400] {logging_mixin.py:151} INFO - [2023-10-22T19:12:24.748+0400] {dagbag.py:536} INFO - Filling up the DagBag from /home/pyretttt/repos/mlops3/env/lib/python3.10/site-packages/airflow/example_dags/example_time_delta_sensor_async.py
[2023-10-22T19:12:24.753+0400] {processor.py:839} INFO - DAG(s) dict_keys(['example_time_delta_sensor_async']) retrieved from /home/pyretttt/repos/mlops3/env/lib/python3.10/site-packages/airflow/example_dags/example_time_delta_sensor_async.py
[2023-10-22T19:12:24.763+0400] {logging_mixin.py:151} INFO - [2023-10-22T19:12:24.763+0400] {dag.py:2941} INFO - Sync 1 DAGs
[2023-10-22T19:12:24.769+0400] {logging_mixin.py:151} INFO - [2023-10-22T19:12:24.769+0400] {dag.py:3722} INFO - Setting next_dagrun for example_time_delta_sensor_async to None, run_after=None
[2023-10-22T19:12:24.780+0400] {processor.py:179} INFO - Processing /home/pyretttt/repos/mlops3/env/lib/python3.10/site-packages/airflow/example_dags/example_time_delta_sensor_async.py took 0.038 seconds
[2023-10-22T19:13:02.370+0400] {processor.py:157} INFO - Started process (PID=1757) to work on /home/pyretttt/repos/mlops3/env/lib/python3.10/site-packages/airflow/example_dags/example_time_delta_sensor_async.py
[2023-10-22T19:13:02.372+0400] {processor.py:829} INFO - Processing file /home/pyretttt/repos/mlops3/env/lib/python3.10/site-packages/airflow/example_dags/example_time_delta_sensor_async.py for tasks to queue
[2023-10-22T19:13:02.373+0400] {logging_mixin.py:151} INFO - [2023-10-22T19:13:02.372+0400] {dagbag.py:536} INFO - Filling up the DagBag from /home/pyretttt/repos/mlops3/env/lib/python3.10/site-packages/airflow/example_dags/example_time_delta_sensor_async.py
[2023-10-22T19:13:02.379+0400] {processor.py:839} INFO - DAG(s) dict_keys(['example_time_delta_sensor_async']) retrieved from /home/pyretttt/repos/mlops3/env/lib/python3.10/site-packages/airflow/example_dags/example_time_delta_sensor_async.py
[2023-10-22T19:13:02.388+0400] {logging_mixin.py:151} INFO - [2023-10-22T19:13:02.388+0400] {dag.py:2941} INFO - Sync 1 DAGs
[2023-10-22T19:13:02.393+0400] {logging_mixin.py:151} INFO - [2023-10-22T19:13:02.393+0400] {dag.py:3722} INFO - Setting next_dagrun for example_time_delta_sensor_async to None, run_after=None
[2023-10-22T19:13:02.404+0400] {processor.py:179} INFO - Processing /home/pyretttt/repos/mlops3/env/lib/python3.10/site-packages/airflow/example_dags/example_time_delta_sensor_async.py took 0.037 seconds
[2023-10-22T19:13:48.703+0400] {processor.py:157} INFO - Started process (PID=1823) to work on /home/pyretttt/repos/mlops3/env/lib/python3.10/site-packages/airflow/example_dags/example_time_delta_sensor_async.py
[2023-10-22T19:13:48.719+0400] {processor.py:829} INFO - Processing file /home/pyretttt/repos/mlops3/env/lib/python3.10/site-packages/airflow/example_dags/example_time_delta_sensor_async.py for tasks to queue
[2023-10-22T19:13:48.721+0400] {logging_mixin.py:151} INFO - [2023-10-22T19:13:48.720+0400] {dagbag.py:536} INFO - Filling up the DagBag from /home/pyretttt/repos/mlops3/env/lib/python3.10/site-packages/airflow/example_dags/example_time_delta_sensor_async.py
[2023-10-22T19:13:48.733+0400] {processor.py:839} INFO - DAG(s) dict_keys(['example_time_delta_sensor_async']) retrieved from /home/pyretttt/repos/mlops3/env/lib/python3.10/site-packages/airflow/example_dags/example_time_delta_sensor_async.py
[2023-10-22T19:13:48.750+0400] {logging_mixin.py:151} INFO - [2023-10-22T19:13:48.750+0400] {dag.py:2941} INFO - Sync 1 DAGs
[2023-10-22T19:13:48.765+0400] {logging_mixin.py:151} INFO - [2023-10-22T19:13:48.765+0400] {dag.py:3722} INFO - Setting next_dagrun for example_time_delta_sensor_async to None, run_after=None
[2023-10-22T19:13:48.801+0400] {processor.py:179} INFO - Processing /home/pyretttt/repos/mlops3/env/lib/python3.10/site-packages/airflow/example_dags/example_time_delta_sensor_async.py took 0.110 seconds
[2023-10-22T19:14:24.873+0400] {processor.py:157} INFO - Started process (PID=1862) to work on /home/pyretttt/repos/mlops3/env/lib/python3.10/site-packages/airflow/example_dags/example_time_delta_sensor_async.py
[2023-10-22T19:14:24.874+0400] {processor.py:829} INFO - Processing file /home/pyretttt/repos/mlops3/env/lib/python3.10/site-packages/airflow/example_dags/example_time_delta_sensor_async.py for tasks to queue
[2023-10-22T19:14:24.875+0400] {logging_mixin.py:151} INFO - [2023-10-22T19:14:24.875+0400] {dagbag.py:536} INFO - Filling up the DagBag from /home/pyretttt/repos/mlops3/env/lib/python3.10/site-packages/airflow/example_dags/example_time_delta_sensor_async.py
[2023-10-22T19:14:24.879+0400] {processor.py:839} INFO - DAG(s) dict_keys(['example_time_delta_sensor_async']) retrieved from /home/pyretttt/repos/mlops3/env/lib/python3.10/site-packages/airflow/example_dags/example_time_delta_sensor_async.py
[2023-10-22T19:14:24.888+0400] {logging_mixin.py:151} INFO - [2023-10-22T19:14:24.888+0400] {dag.py:2941} INFO - Sync 1 DAGs
[2023-10-22T19:14:24.893+0400] {logging_mixin.py:151} INFO - [2023-10-22T19:14:24.893+0400] {dag.py:3722} INFO - Setting next_dagrun for example_time_delta_sensor_async to None, run_after=None
[2023-10-22T19:14:24.905+0400] {processor.py:179} INFO - Processing /home/pyretttt/repos/mlops3/env/lib/python3.10/site-packages/airflow/example_dags/example_time_delta_sensor_async.py took 0.033 seconds
[2023-10-22T19:15:00.158+0400] {processor.py:157} INFO - Started process (PID=1898) to work on /home/pyretttt/repos/mlops3/env/lib/python3.10/site-packages/airflow/example_dags/example_time_delta_sensor_async.py
[2023-10-22T19:15:00.159+0400] {processor.py:829} INFO - Processing file /home/pyretttt/repos/mlops3/env/lib/python3.10/site-packages/airflow/example_dags/example_time_delta_sensor_async.py for tasks to queue
[2023-10-22T19:15:00.162+0400] {logging_mixin.py:151} INFO - [2023-10-22T19:15:00.160+0400] {dagbag.py:536} INFO - Filling up the DagBag from /home/pyretttt/repos/mlops3/env/lib/python3.10/site-packages/airflow/example_dags/example_time_delta_sensor_async.py
[2023-10-22T19:15:00.173+0400] {processor.py:839} INFO - DAG(s) dict_keys(['example_time_delta_sensor_async']) retrieved from /home/pyretttt/repos/mlops3/env/lib/python3.10/site-packages/airflow/example_dags/example_time_delta_sensor_async.py
[2023-10-22T19:15:00.188+0400] {logging_mixin.py:151} INFO - [2023-10-22T19:15:00.188+0400] {dag.py:2941} INFO - Sync 1 DAGs
[2023-10-22T19:15:00.197+0400] {logging_mixin.py:151} INFO - [2023-10-22T19:15:00.197+0400] {dag.py:3722} INFO - Setting next_dagrun for example_time_delta_sensor_async to None, run_after=None
[2023-10-22T19:15:00.215+0400] {processor.py:179} INFO - Processing /home/pyretttt/repos/mlops3/env/lib/python3.10/site-packages/airflow/example_dags/example_time_delta_sensor_async.py took 0.061 seconds
[2023-10-22T19:15:35.765+0400] {processor.py:157} INFO - Started process (PID=1934) to work on /home/pyretttt/repos/mlops3/env/lib/python3.10/site-packages/airflow/example_dags/example_time_delta_sensor_async.py
[2023-10-22T19:15:35.766+0400] {processor.py:829} INFO - Processing file /home/pyretttt/repos/mlops3/env/lib/python3.10/site-packages/airflow/example_dags/example_time_delta_sensor_async.py for tasks to queue
[2023-10-22T19:15:35.767+0400] {logging_mixin.py:151} INFO - [2023-10-22T19:15:35.767+0400] {dagbag.py:536} INFO - Filling up the DagBag from /home/pyretttt/repos/mlops3/env/lib/python3.10/site-packages/airflow/example_dags/example_time_delta_sensor_async.py
[2023-10-22T19:15:35.770+0400] {processor.py:839} INFO - DAG(s) dict_keys(['example_time_delta_sensor_async']) retrieved from /home/pyretttt/repos/mlops3/env/lib/python3.10/site-packages/airflow/example_dags/example_time_delta_sensor_async.py
[2023-10-22T19:15:35.779+0400] {logging_mixin.py:151} INFO - [2023-10-22T19:15:35.778+0400] {dag.py:2941} INFO - Sync 1 DAGs
[2023-10-22T19:15:35.783+0400] {logging_mixin.py:151} INFO - [2023-10-22T19:15:35.783+0400] {dag.py:3722} INFO - Setting next_dagrun for example_time_delta_sensor_async to None, run_after=None
[2023-10-22T19:15:35.795+0400] {processor.py:179} INFO - Processing /home/pyretttt/repos/mlops3/env/lib/python3.10/site-packages/airflow/example_dags/example_time_delta_sensor_async.py took 0.035 seconds
[2023-10-22T19:16:13.735+0400] {processor.py:157} INFO - Started process (PID=1970) to work on /home/pyretttt/repos/mlops3/env/lib/python3.10/site-packages/airflow/example_dags/example_time_delta_sensor_async.py
[2023-10-22T19:16:13.737+0400] {processor.py:829} INFO - Processing file /home/pyretttt/repos/mlops3/env/lib/python3.10/site-packages/airflow/example_dags/example_time_delta_sensor_async.py for tasks to queue
[2023-10-22T19:16:13.738+0400] {logging_mixin.py:151} INFO - [2023-10-22T19:16:13.738+0400] {dagbag.py:536} INFO - Filling up the DagBag from /home/pyretttt/repos/mlops3/env/lib/python3.10/site-packages/airflow/example_dags/example_time_delta_sensor_async.py
[2023-10-22T19:16:13.742+0400] {processor.py:839} INFO - DAG(s) dict_keys(['example_time_delta_sensor_async']) retrieved from /home/pyretttt/repos/mlops3/env/lib/python3.10/site-packages/airflow/example_dags/example_time_delta_sensor_async.py
[2023-10-22T19:16:13.750+0400] {logging_mixin.py:151} INFO - [2023-10-22T19:16:13.750+0400] {dag.py:2941} INFO - Sync 1 DAGs
[2023-10-22T19:16:13.756+0400] {logging_mixin.py:151} INFO - [2023-10-22T19:16:13.756+0400] {dag.py:3722} INFO - Setting next_dagrun for example_time_delta_sensor_async to None, run_after=None
[2023-10-22T19:16:13.767+0400] {processor.py:179} INFO - Processing /home/pyretttt/repos/mlops3/env/lib/python3.10/site-packages/airflow/example_dags/example_time_delta_sensor_async.py took 0.035 seconds
[2023-10-22T19:16:52.014+0400] {processor.py:157} INFO - Started process (PID=2009) to work on /home/pyretttt/repos/mlops3/env/lib/python3.10/site-packages/airflow/example_dags/example_time_delta_sensor_async.py
[2023-10-22T19:16:52.016+0400] {processor.py:829} INFO - Processing file /home/pyretttt/repos/mlops3/env/lib/python3.10/site-packages/airflow/example_dags/example_time_delta_sensor_async.py for tasks to queue
[2023-10-22T19:16:52.017+0400] {logging_mixin.py:151} INFO - [2023-10-22T19:16:52.016+0400] {dagbag.py:536} INFO - Filling up the DagBag from /home/pyretttt/repos/mlops3/env/lib/python3.10/site-packages/airflow/example_dags/example_time_delta_sensor_async.py
[2023-10-22T19:16:52.021+0400] {processor.py:839} INFO - DAG(s) dict_keys(['example_time_delta_sensor_async']) retrieved from /home/pyretttt/repos/mlops3/env/lib/python3.10/site-packages/airflow/example_dags/example_time_delta_sensor_async.py
[2023-10-22T19:16:52.030+0400] {logging_mixin.py:151} INFO - [2023-10-22T19:16:52.030+0400] {dag.py:2941} INFO - Sync 1 DAGs
[2023-10-22T19:16:52.035+0400] {logging_mixin.py:151} INFO - [2023-10-22T19:16:52.035+0400] {dag.py:3722} INFO - Setting next_dagrun for example_time_delta_sensor_async to None, run_after=None
[2023-10-22T19:16:52.047+0400] {processor.py:179} INFO - Processing /home/pyretttt/repos/mlops3/env/lib/python3.10/site-packages/airflow/example_dags/example_time_delta_sensor_async.py took 0.036 seconds
[2023-10-22T19:17:30.071+0400] {processor.py:157} INFO - Started process (PID=2064) to work on /home/pyretttt/repos/mlops3/env/lib/python3.10/site-packages/airflow/example_dags/example_time_delta_sensor_async.py
[2023-10-22T19:17:30.073+0400] {processor.py:829} INFO - Processing file /home/pyretttt/repos/mlops3/env/lib/python3.10/site-packages/airflow/example_dags/example_time_delta_sensor_async.py for tasks to queue
[2023-10-22T19:17:30.074+0400] {logging_mixin.py:151} INFO - [2023-10-22T19:17:30.073+0400] {dagbag.py:536} INFO - Filling up the DagBag from /home/pyretttt/repos/mlops3/env/lib/python3.10/site-packages/airflow/example_dags/example_time_delta_sensor_async.py
[2023-10-22T19:17:30.079+0400] {processor.py:839} INFO - DAG(s) dict_keys(['example_time_delta_sensor_async']) retrieved from /home/pyretttt/repos/mlops3/env/lib/python3.10/site-packages/airflow/example_dags/example_time_delta_sensor_async.py
[2023-10-22T19:17:30.087+0400] {logging_mixin.py:151} INFO - [2023-10-22T19:17:30.087+0400] {dag.py:2941} INFO - Sync 1 DAGs
[2023-10-22T19:17:30.091+0400] {logging_mixin.py:151} INFO - [2023-10-22T19:17:30.091+0400] {dag.py:3722} INFO - Setting next_dagrun for example_time_delta_sensor_async to None, run_after=None
[2023-10-22T19:17:30.102+0400] {processor.py:179} INFO - Processing /home/pyretttt/repos/mlops3/env/lib/python3.10/site-packages/airflow/example_dags/example_time_delta_sensor_async.py took 0.034 seconds
[2023-10-22T19:18:04.969+0400] {processor.py:157} INFO - Started process (PID=2119) to work on /home/pyretttt/repos/mlops3/env/lib/python3.10/site-packages/airflow/example_dags/example_time_delta_sensor_async.py
[2023-10-22T19:18:04.970+0400] {processor.py:829} INFO - Processing file /home/pyretttt/repos/mlops3/env/lib/python3.10/site-packages/airflow/example_dags/example_time_delta_sensor_async.py for tasks to queue
[2023-10-22T19:18:04.971+0400] {logging_mixin.py:151} INFO - [2023-10-22T19:18:04.971+0400] {dagbag.py:536} INFO - Filling up the DagBag from /home/pyretttt/repos/mlops3/env/lib/python3.10/site-packages/airflow/example_dags/example_time_delta_sensor_async.py
[2023-10-22T19:18:04.976+0400] {processor.py:839} INFO - DAG(s) dict_keys(['example_time_delta_sensor_async']) retrieved from /home/pyretttt/repos/mlops3/env/lib/python3.10/site-packages/airflow/example_dags/example_time_delta_sensor_async.py
[2023-10-22T19:18:04.983+0400] {logging_mixin.py:151} INFO - [2023-10-22T19:18:04.983+0400] {dag.py:2941} INFO - Sync 1 DAGs
[2023-10-22T19:18:04.988+0400] {logging_mixin.py:151} INFO - [2023-10-22T19:18:04.987+0400] {dag.py:3722} INFO - Setting next_dagrun for example_time_delta_sensor_async to None, run_after=None
[2023-10-22T19:18:04.998+0400] {processor.py:179} INFO - Processing /home/pyretttt/repos/mlops3/env/lib/python3.10/site-packages/airflow/example_dags/example_time_delta_sensor_async.py took 0.032 seconds
[2023-10-22T19:18:42.113+0400] {processor.py:157} INFO - Started process (PID=2156) to work on /home/pyretttt/repos/mlops3/env/lib/python3.10/site-packages/airflow/example_dags/example_time_delta_sensor_async.py
[2023-10-22T19:18:42.114+0400] {processor.py:829} INFO - Processing file /home/pyretttt/repos/mlops3/env/lib/python3.10/site-packages/airflow/example_dags/example_time_delta_sensor_async.py for tasks to queue
[2023-10-22T19:18:42.116+0400] {logging_mixin.py:151} INFO - [2023-10-22T19:18:42.115+0400] {dagbag.py:536} INFO - Filling up the DagBag from /home/pyretttt/repos/mlops3/env/lib/python3.10/site-packages/airflow/example_dags/example_time_delta_sensor_async.py
[2023-10-22T19:18:42.118+0400] {processor.py:839} INFO - DAG(s) dict_keys(['example_time_delta_sensor_async']) retrieved from /home/pyretttt/repos/mlops3/env/lib/python3.10/site-packages/airflow/example_dags/example_time_delta_sensor_async.py
[2023-10-22T19:18:42.126+0400] {logging_mixin.py:151} INFO - [2023-10-22T19:18:42.126+0400] {dag.py:2941} INFO - Sync 1 DAGs
[2023-10-22T19:18:42.130+0400] {logging_mixin.py:151} INFO - [2023-10-22T19:18:42.130+0400] {dag.py:3722} INFO - Setting next_dagrun for example_time_delta_sensor_async to None, run_after=None
[2023-10-22T19:18:42.140+0400] {processor.py:179} INFO - Processing /home/pyretttt/repos/mlops3/env/lib/python3.10/site-packages/airflow/example_dags/example_time_delta_sensor_async.py took 0.030 seconds
[2023-10-22T19:19:18.474+0400] {processor.py:157} INFO - Started process (PID=2193) to work on /home/pyretttt/repos/mlops3/env/lib/python3.10/site-packages/airflow/example_dags/example_time_delta_sensor_async.py
[2023-10-22T19:19:18.475+0400] {processor.py:829} INFO - Processing file /home/pyretttt/repos/mlops3/env/lib/python3.10/site-packages/airflow/example_dags/example_time_delta_sensor_async.py for tasks to queue
[2023-10-22T19:19:18.476+0400] {logging_mixin.py:151} INFO - [2023-10-22T19:19:18.476+0400] {dagbag.py:536} INFO - Filling up the DagBag from /home/pyretttt/repos/mlops3/env/lib/python3.10/site-packages/airflow/example_dags/example_time_delta_sensor_async.py
[2023-10-22T19:19:18.481+0400] {processor.py:839} INFO - DAG(s) dict_keys(['example_time_delta_sensor_async']) retrieved from /home/pyretttt/repos/mlops3/env/lib/python3.10/site-packages/airflow/example_dags/example_time_delta_sensor_async.py
[2023-10-22T19:19:18.488+0400] {logging_mixin.py:151} INFO - [2023-10-22T19:19:18.488+0400] {dag.py:2941} INFO - Sync 1 DAGs
[2023-10-22T19:19:18.493+0400] {logging_mixin.py:151} INFO - [2023-10-22T19:19:18.493+0400] {dag.py:3722} INFO - Setting next_dagrun for example_time_delta_sensor_async to None, run_after=None
[2023-10-22T19:19:18.505+0400] {processor.py:179} INFO - Processing /home/pyretttt/repos/mlops3/env/lib/python3.10/site-packages/airflow/example_dags/example_time_delta_sensor_async.py took 0.034 seconds
[2023-10-22T19:19:52.485+0400] {processor.py:157} INFO - Started process (PID=2227) to work on /home/pyretttt/repos/mlops3/env/lib/python3.10/site-packages/airflow/example_dags/example_time_delta_sensor_async.py
[2023-10-22T19:19:52.487+0400] {processor.py:829} INFO - Processing file /home/pyretttt/repos/mlops3/env/lib/python3.10/site-packages/airflow/example_dags/example_time_delta_sensor_async.py for tasks to queue
[2023-10-22T19:19:52.488+0400] {logging_mixin.py:151} INFO - [2023-10-22T19:19:52.487+0400] {dagbag.py:536} INFO - Filling up the DagBag from /home/pyretttt/repos/mlops3/env/lib/python3.10/site-packages/airflow/example_dags/example_time_delta_sensor_async.py
[2023-10-22T19:19:52.493+0400] {processor.py:839} INFO - DAG(s) dict_keys(['example_time_delta_sensor_async']) retrieved from /home/pyretttt/repos/mlops3/env/lib/python3.10/site-packages/airflow/example_dags/example_time_delta_sensor_async.py
[2023-10-22T19:19:52.501+0400] {logging_mixin.py:151} INFO - [2023-10-22T19:19:52.501+0400] {dag.py:2941} INFO - Sync 1 DAGs
[2023-10-22T19:19:52.506+0400] {logging_mixin.py:151} INFO - [2023-10-22T19:19:52.506+0400] {dag.py:3722} INFO - Setting next_dagrun for example_time_delta_sensor_async to None, run_after=None
[2023-10-22T19:19:52.516+0400] {processor.py:179} INFO - Processing /home/pyretttt/repos/mlops3/env/lib/python3.10/site-packages/airflow/example_dags/example_time_delta_sensor_async.py took 0.034 seconds
[2023-10-22T19:20:28.521+0400] {processor.py:157} INFO - Started process (PID=2265) to work on /home/pyretttt/repos/mlops3/env/lib/python3.10/site-packages/airflow/example_dags/example_time_delta_sensor_async.py
[2023-10-22T19:20:28.522+0400] {processor.py:829} INFO - Processing file /home/pyretttt/repos/mlops3/env/lib/python3.10/site-packages/airflow/example_dags/example_time_delta_sensor_async.py for tasks to queue
[2023-10-22T19:20:28.522+0400] {logging_mixin.py:151} INFO - [2023-10-22T19:20:28.522+0400] {dagbag.py:536} INFO - Filling up the DagBag from /home/pyretttt/repos/mlops3/env/lib/python3.10/site-packages/airflow/example_dags/example_time_delta_sensor_async.py
[2023-10-22T19:20:28.525+0400] {processor.py:839} INFO - DAG(s) dict_keys(['example_time_delta_sensor_async']) retrieved from /home/pyretttt/repos/mlops3/env/lib/python3.10/site-packages/airflow/example_dags/example_time_delta_sensor_async.py
[2023-10-22T19:20:28.533+0400] {logging_mixin.py:151} INFO - [2023-10-22T19:20:28.533+0400] {dag.py:2941} INFO - Sync 1 DAGs
[2023-10-22T19:20:28.537+0400] {logging_mixin.py:151} INFO - [2023-10-22T19:20:28.537+0400] {dag.py:3722} INFO - Setting next_dagrun for example_time_delta_sensor_async to None, run_after=None
[2023-10-22T19:20:28.551+0400] {processor.py:179} INFO - Processing /home/pyretttt/repos/mlops3/env/lib/python3.10/site-packages/airflow/example_dags/example_time_delta_sensor_async.py took 0.032 seconds
