[2023-10-22T19:10:14.661+0400] {processor.py:157} INFO - Started process (PID=1395) to work on /home/pyretttt/repos/mlops3/env/lib/python3.10/site-packages/airflow/example_dags/example_trigger_target_dag.py
[2023-10-22T19:10:14.662+0400] {processor.py:829} INFO - Processing file /home/pyretttt/repos/mlops3/env/lib/python3.10/site-packages/airflow/example_dags/example_trigger_target_dag.py for tasks to queue
[2023-10-22T19:10:14.663+0400] {logging_mixin.py:151} INFO - [2023-10-22T19:10:14.663+0400] {dagbag.py:536} INFO - Filling up the DagBag from /home/pyretttt/repos/mlops3/env/lib/python3.10/site-packages/airflow/example_dags/example_trigger_target_dag.py
[2023-10-22T19:10:14.670+0400] {processor.py:839} INFO - DAG(s) dict_keys(['example_trigger_target_dag']) retrieved from /home/pyretttt/repos/mlops3/env/lib/python3.10/site-packages/airflow/example_dags/example_trigger_target_dag.py
[2023-10-22T19:10:14.714+0400] {logging_mixin.py:151} INFO - [2023-10-22T19:10:14.714+0400] {manager.py:499} INFO - Created Permission View: %s
[2023-10-22T19:10:14.719+0400] {logging_mixin.py:151} INFO - [2023-10-22T19:10:14.719+0400] {manager.py:499} INFO - Created Permission View: %s
[2023-10-22T19:10:14.724+0400] {logging_mixin.py:151} INFO - [2023-10-22T19:10:14.724+0400] {manager.py:499} INFO - Created Permission View: %s
[2023-10-22T19:10:14.724+0400] {logging_mixin.py:151} INFO - [2023-10-22T19:10:14.724+0400] {dag.py:2941} INFO - Sync 1 DAGs
[2023-10-22T19:10:14.728+0400] {logging_mixin.py:151} INFO - [2023-10-22T19:10:14.728+0400] {dag.py:2963} INFO - Creating ORM DAG for example_trigger_target_dag
[2023-10-22T19:10:14.728+0400] {logging_mixin.py:151} INFO - [2023-10-22T19:10:14.728+0400] {dag.py:3722} INFO - Setting next_dagrun for example_trigger_target_dag to None, run_after=None
[2023-10-22T19:10:14.738+0400] {processor.py:179} INFO - Processing /home/pyretttt/repos/mlops3/env/lib/python3.10/site-packages/airflow/example_dags/example_trigger_target_dag.py took 0.080 seconds
[2023-10-22T19:11:01.660+0400] {processor.py:157} INFO - Started process (PID=1457) to work on /home/pyretttt/repos/mlops3/env/lib/python3.10/site-packages/airflow/example_dags/example_trigger_target_dag.py
[2023-10-22T19:11:01.662+0400] {processor.py:829} INFO - Processing file /home/pyretttt/repos/mlops3/env/lib/python3.10/site-packages/airflow/example_dags/example_trigger_target_dag.py for tasks to queue
[2023-10-22T19:11:01.663+0400] {logging_mixin.py:151} INFO - [2023-10-22T19:11:01.662+0400] {dagbag.py:536} INFO - Filling up the DagBag from /home/pyretttt/repos/mlops3/env/lib/python3.10/site-packages/airflow/example_dags/example_trigger_target_dag.py
[2023-10-22T19:11:01.666+0400] {processor.py:839} INFO - DAG(s) dict_keys(['example_trigger_target_dag']) retrieved from /home/pyretttt/repos/mlops3/env/lib/python3.10/site-packages/airflow/example_dags/example_trigger_target_dag.py
[2023-10-22T19:11:01.674+0400] {logging_mixin.py:151} INFO - [2023-10-22T19:11:01.674+0400] {dag.py:2941} INFO - Sync 1 DAGs
[2023-10-22T19:11:01.680+0400] {logging_mixin.py:151} INFO - [2023-10-22T19:11:01.680+0400] {dag.py:3722} INFO - Setting next_dagrun for example_trigger_target_dag to None, run_after=None
[2023-10-22T19:11:01.691+0400] {processor.py:179} INFO - Processing /home/pyretttt/repos/mlops3/env/lib/python3.10/site-packages/airflow/example_dags/example_trigger_target_dag.py took 0.037 seconds
[2023-10-22T19:11:47.595+0400] {processor.py:157} INFO - Started process (PID=1679) to work on /home/pyretttt/repos/mlops3/env/lib/python3.10/site-packages/airflow/example_dags/example_trigger_target_dag.py
[2023-10-22T19:11:47.597+0400] {processor.py:829} INFO - Processing file /home/pyretttt/repos/mlops3/env/lib/python3.10/site-packages/airflow/example_dags/example_trigger_target_dag.py for tasks to queue
[2023-10-22T19:11:47.597+0400] {logging_mixin.py:151} INFO - [2023-10-22T19:11:47.597+0400] {dagbag.py:536} INFO - Filling up the DagBag from /home/pyretttt/repos/mlops3/env/lib/python3.10/site-packages/airflow/example_dags/example_trigger_target_dag.py
[2023-10-22T19:11:47.603+0400] {processor.py:839} INFO - DAG(s) dict_keys(['example_trigger_target_dag']) retrieved from /home/pyretttt/repos/mlops3/env/lib/python3.10/site-packages/airflow/example_dags/example_trigger_target_dag.py
[2023-10-22T19:11:47.623+0400] {logging_mixin.py:151} INFO - [2023-10-22T19:11:47.623+0400] {dag.py:2941} INFO - Sync 1 DAGs
[2023-10-22T19:11:47.631+0400] {logging_mixin.py:151} INFO - [2023-10-22T19:11:47.631+0400] {dag.py:3722} INFO - Setting next_dagrun for example_trigger_target_dag to None, run_after=None
[2023-10-22T19:11:47.647+0400] {processor.py:179} INFO - Processing /home/pyretttt/repos/mlops3/env/lib/python3.10/site-packages/airflow/example_dags/example_trigger_target_dag.py took 0.055 seconds
[2023-10-22T19:12:38.550+0400] {processor.py:157} INFO - Started process (PID=1731) to work on /home/pyretttt/repos/mlops3/env/lib/python3.10/site-packages/airflow/example_dags/example_trigger_target_dag.py
[2023-10-22T19:12:38.552+0400] {processor.py:829} INFO - Processing file /home/pyretttt/repos/mlops3/env/lib/python3.10/site-packages/airflow/example_dags/example_trigger_target_dag.py for tasks to queue
[2023-10-22T19:12:38.554+0400] {logging_mixin.py:151} INFO - [2023-10-22T19:12:38.553+0400] {dagbag.py:536} INFO - Filling up the DagBag from /home/pyretttt/repos/mlops3/env/lib/python3.10/site-packages/airflow/example_dags/example_trigger_target_dag.py
[2023-10-22T19:12:38.559+0400] {processor.py:839} INFO - DAG(s) dict_keys(['example_trigger_target_dag']) retrieved from /home/pyretttt/repos/mlops3/env/lib/python3.10/site-packages/airflow/example_dags/example_trigger_target_dag.py
[2023-10-22T19:12:38.569+0400] {logging_mixin.py:151} INFO - [2023-10-22T19:12:38.569+0400] {dag.py:2941} INFO - Sync 1 DAGs
[2023-10-22T19:12:38.575+0400] {logging_mixin.py:151} INFO - [2023-10-22T19:12:38.575+0400] {dag.py:3722} INFO - Setting next_dagrun for example_trigger_target_dag to None, run_after=None
[2023-10-22T19:12:38.588+0400] {processor.py:179} INFO - Processing /home/pyretttt/repos/mlops3/env/lib/python3.10/site-packages/airflow/example_dags/example_trigger_target_dag.py took 0.042 seconds
[2023-10-22T19:13:27.073+0400] {processor.py:157} INFO - Started process (PID=1782) to work on /home/pyretttt/repos/mlops3/env/lib/python3.10/site-packages/airflow/example_dags/example_trigger_target_dag.py
[2023-10-22T19:13:27.075+0400] {processor.py:829} INFO - Processing file /home/pyretttt/repos/mlops3/env/lib/python3.10/site-packages/airflow/example_dags/example_trigger_target_dag.py for tasks to queue
[2023-10-22T19:13:27.076+0400] {logging_mixin.py:151} INFO - [2023-10-22T19:13:27.075+0400] {dagbag.py:536} INFO - Filling up the DagBag from /home/pyretttt/repos/mlops3/env/lib/python3.10/site-packages/airflow/example_dags/example_trigger_target_dag.py
[2023-10-22T19:13:27.079+0400] {processor.py:839} INFO - DAG(s) dict_keys(['example_trigger_target_dag']) retrieved from /home/pyretttt/repos/mlops3/env/lib/python3.10/site-packages/airflow/example_dags/example_trigger_target_dag.py
[2023-10-22T19:13:27.086+0400] {logging_mixin.py:151} INFO - [2023-10-22T19:13:27.086+0400] {dag.py:2941} INFO - Sync 1 DAGs
[2023-10-22T19:13:27.092+0400] {logging_mixin.py:151} INFO - [2023-10-22T19:13:27.092+0400] {dag.py:3722} INFO - Setting next_dagrun for example_trigger_target_dag to None, run_after=None
[2023-10-22T19:13:27.102+0400] {processor.py:179} INFO - Processing /home/pyretttt/repos/mlops3/env/lib/python3.10/site-packages/airflow/example_dags/example_trigger_target_dag.py took 0.033 seconds
[2023-10-22T19:14:19.015+0400] {processor.py:157} INFO - Started process (PID=1855) to work on /home/pyretttt/repos/mlops3/env/lib/python3.10/site-packages/airflow/example_dags/example_trigger_target_dag.py
[2023-10-22T19:14:19.016+0400] {processor.py:829} INFO - Processing file /home/pyretttt/repos/mlops3/env/lib/python3.10/site-packages/airflow/example_dags/example_trigger_target_dag.py for tasks to queue
[2023-10-22T19:14:19.017+0400] {logging_mixin.py:151} INFO - [2023-10-22T19:14:19.017+0400] {dagbag.py:536} INFO - Filling up the DagBag from /home/pyretttt/repos/mlops3/env/lib/python3.10/site-packages/airflow/example_dags/example_trigger_target_dag.py
[2023-10-22T19:14:19.022+0400] {processor.py:839} INFO - DAG(s) dict_keys(['example_trigger_target_dag']) retrieved from /home/pyretttt/repos/mlops3/env/lib/python3.10/site-packages/airflow/example_dags/example_trigger_target_dag.py
[2023-10-22T19:14:19.029+0400] {logging_mixin.py:151} INFO - [2023-10-22T19:14:19.029+0400] {dag.py:2941} INFO - Sync 1 DAGs
[2023-10-22T19:14:19.034+0400] {logging_mixin.py:151} INFO - [2023-10-22T19:14:19.034+0400] {dag.py:3722} INFO - Setting next_dagrun for example_trigger_target_dag to None, run_after=None
[2023-10-22T19:14:19.045+0400] {processor.py:179} INFO - Processing /home/pyretttt/repos/mlops3/env/lib/python3.10/site-packages/airflow/example_dags/example_trigger_target_dag.py took 0.033 seconds
[2023-10-22T19:15:10.324+0400] {processor.py:157} INFO - Started process (PID=1908) to work on /home/pyretttt/repos/mlops3/env/lib/python3.10/site-packages/airflow/example_dags/example_trigger_target_dag.py
[2023-10-22T19:15:10.325+0400] {processor.py:829} INFO - Processing file /home/pyretttt/repos/mlops3/env/lib/python3.10/site-packages/airflow/example_dags/example_trigger_target_dag.py for tasks to queue
[2023-10-22T19:15:10.326+0400] {logging_mixin.py:151} INFO - [2023-10-22T19:15:10.326+0400] {dagbag.py:536} INFO - Filling up the DagBag from /home/pyretttt/repos/mlops3/env/lib/python3.10/site-packages/airflow/example_dags/example_trigger_target_dag.py
[2023-10-22T19:15:10.331+0400] {processor.py:839} INFO - DAG(s) dict_keys(['example_trigger_target_dag']) retrieved from /home/pyretttt/repos/mlops3/env/lib/python3.10/site-packages/airflow/example_dags/example_trigger_target_dag.py
[2023-10-22T19:15:10.339+0400] {logging_mixin.py:151} INFO - [2023-10-22T19:15:10.339+0400] {dag.py:2941} INFO - Sync 1 DAGs
[2023-10-22T19:15:10.344+0400] {logging_mixin.py:151} INFO - [2023-10-22T19:15:10.344+0400] {dag.py:3722} INFO - Setting next_dagrun for example_trigger_target_dag to None, run_after=None
[2023-10-22T19:15:10.354+0400] {processor.py:179} INFO - Processing /home/pyretttt/repos/mlops3/env/lib/python3.10/site-packages/airflow/example_dags/example_trigger_target_dag.py took 0.033 seconds
[2023-10-22T19:16:04.945+0400] {processor.py:157} INFO - Started process (PID=1962) to work on /home/pyretttt/repos/mlops3/env/lib/python3.10/site-packages/airflow/example_dags/example_trigger_target_dag.py
[2023-10-22T19:16:04.947+0400] {processor.py:829} INFO - Processing file /home/pyretttt/repos/mlops3/env/lib/python3.10/site-packages/airflow/example_dags/example_trigger_target_dag.py for tasks to queue
[2023-10-22T19:16:04.949+0400] {logging_mixin.py:151} INFO - [2023-10-22T19:16:04.948+0400] {dagbag.py:536} INFO - Filling up the DagBag from /home/pyretttt/repos/mlops3/env/lib/python3.10/site-packages/airflow/example_dags/example_trigger_target_dag.py
[2023-10-22T19:16:04.955+0400] {processor.py:839} INFO - DAG(s) dict_keys(['example_trigger_target_dag']) retrieved from /home/pyretttt/repos/mlops3/env/lib/python3.10/site-packages/airflow/example_dags/example_trigger_target_dag.py
[2023-10-22T19:16:04.962+0400] {logging_mixin.py:151} INFO - [2023-10-22T19:16:04.962+0400] {dag.py:2941} INFO - Sync 1 DAGs
[2023-10-22T19:16:04.966+0400] {logging_mixin.py:151} INFO - [2023-10-22T19:16:04.966+0400] {dag.py:3722} INFO - Setting next_dagrun for example_trigger_target_dag to None, run_after=None
[2023-10-22T19:16:04.977+0400] {processor.py:179} INFO - Processing /home/pyretttt/repos/mlops3/env/lib/python3.10/site-packages/airflow/example_dags/example_trigger_target_dag.py took 0.035 seconds
[2023-10-22T19:17:02.233+0400] {processor.py:157} INFO - Started process (PID=2036) to work on /home/pyretttt/repos/mlops3/env/lib/python3.10/site-packages/airflow/example_dags/example_trigger_target_dag.py
[2023-10-22T19:17:02.235+0400] {processor.py:829} INFO - Processing file /home/pyretttt/repos/mlops3/env/lib/python3.10/site-packages/airflow/example_dags/example_trigger_target_dag.py for tasks to queue
[2023-10-22T19:17:02.236+0400] {logging_mixin.py:151} INFO - [2023-10-22T19:17:02.235+0400] {dagbag.py:536} INFO - Filling up the DagBag from /home/pyretttt/repos/mlops3/env/lib/python3.10/site-packages/airflow/example_dags/example_trigger_target_dag.py
[2023-10-22T19:17:02.242+0400] {processor.py:839} INFO - DAG(s) dict_keys(['example_trigger_target_dag']) retrieved from /home/pyretttt/repos/mlops3/env/lib/python3.10/site-packages/airflow/example_dags/example_trigger_target_dag.py
[2023-10-22T19:17:02.250+0400] {logging_mixin.py:151} INFO - [2023-10-22T19:17:02.249+0400] {dag.py:2941} INFO - Sync 1 DAGs
[2023-10-22T19:17:02.254+0400] {logging_mixin.py:151} INFO - [2023-10-22T19:17:02.254+0400] {dag.py:3722} INFO - Setting next_dagrun for example_trigger_target_dag to None, run_after=None
[2023-10-22T19:17:02.265+0400] {processor.py:179} INFO - Processing /home/pyretttt/repos/mlops3/env/lib/python3.10/site-packages/airflow/example_dags/example_trigger_target_dag.py took 0.035 seconds
[2023-10-22T19:17:56.401+0400] {processor.py:157} INFO - Started process (PID=2111) to work on /home/pyretttt/repos/mlops3/env/lib/python3.10/site-packages/airflow/example_dags/example_trigger_target_dag.py
[2023-10-22T19:17:56.403+0400] {processor.py:829} INFO - Processing file /home/pyretttt/repos/mlops3/env/lib/python3.10/site-packages/airflow/example_dags/example_trigger_target_dag.py for tasks to queue
[2023-10-22T19:17:56.404+0400] {logging_mixin.py:151} INFO - [2023-10-22T19:17:56.403+0400] {dagbag.py:536} INFO - Filling up the DagBag from /home/pyretttt/repos/mlops3/env/lib/python3.10/site-packages/airflow/example_dags/example_trigger_target_dag.py
[2023-10-22T19:17:56.407+0400] {processor.py:839} INFO - DAG(s) dict_keys(['example_trigger_target_dag']) retrieved from /home/pyretttt/repos/mlops3/env/lib/python3.10/site-packages/airflow/example_dags/example_trigger_target_dag.py
[2023-10-22T19:17:56.416+0400] {logging_mixin.py:151} INFO - [2023-10-22T19:17:56.416+0400] {dag.py:2941} INFO - Sync 1 DAGs
[2023-10-22T19:17:56.420+0400] {logging_mixin.py:151} INFO - [2023-10-22T19:17:56.420+0400] {dag.py:3722} INFO - Setting next_dagrun for example_trigger_target_dag to None, run_after=None
[2023-10-22T19:17:56.431+0400] {processor.py:179} INFO - Processing /home/pyretttt/repos/mlops3/env/lib/python3.10/site-packages/airflow/example_dags/example_trigger_target_dag.py took 0.035 seconds
[2023-10-22T19:18:52.475+0400] {processor.py:157} INFO - Started process (PID=2166) to work on /home/pyretttt/repos/mlops3/env/lib/python3.10/site-packages/airflow/example_dags/example_trigger_target_dag.py
[2023-10-22T19:18:52.477+0400] {processor.py:829} INFO - Processing file /home/pyretttt/repos/mlops3/env/lib/python3.10/site-packages/airflow/example_dags/example_trigger_target_dag.py for tasks to queue
[2023-10-22T19:18:52.478+0400] {logging_mixin.py:151} INFO - [2023-10-22T19:18:52.477+0400] {dagbag.py:536} INFO - Filling up the DagBag from /home/pyretttt/repos/mlops3/env/lib/python3.10/site-packages/airflow/example_dags/example_trigger_target_dag.py
[2023-10-22T19:18:52.485+0400] {processor.py:839} INFO - DAG(s) dict_keys(['example_trigger_target_dag']) retrieved from /home/pyretttt/repos/mlops3/env/lib/python3.10/site-packages/airflow/example_dags/example_trigger_target_dag.py
[2023-10-22T19:18:52.493+0400] {logging_mixin.py:151} INFO - [2023-10-22T19:18:52.493+0400] {dag.py:2941} INFO - Sync 1 DAGs
[2023-10-22T19:18:52.497+0400] {logging_mixin.py:151} INFO - [2023-10-22T19:18:52.497+0400] {dag.py:3722} INFO - Setting next_dagrun for example_trigger_target_dag to None, run_after=None
[2023-10-22T19:18:52.508+0400] {processor.py:179} INFO - Processing /home/pyretttt/repos/mlops3/env/lib/python3.10/site-packages/airflow/example_dags/example_trigger_target_dag.py took 0.035 seconds
[2023-10-22T19:19:44.569+0400] {processor.py:157} INFO - Started process (PID=2219) to work on /home/pyretttt/repos/mlops3/env/lib/python3.10/site-packages/airflow/example_dags/example_trigger_target_dag.py
[2023-10-22T19:19:44.571+0400] {processor.py:829} INFO - Processing file /home/pyretttt/repos/mlops3/env/lib/python3.10/site-packages/airflow/example_dags/example_trigger_target_dag.py for tasks to queue
[2023-10-22T19:19:44.572+0400] {logging_mixin.py:151} INFO - [2023-10-22T19:19:44.571+0400] {dagbag.py:536} INFO - Filling up the DagBag from /home/pyretttt/repos/mlops3/env/lib/python3.10/site-packages/airflow/example_dags/example_trigger_target_dag.py
[2023-10-22T19:19:44.578+0400] {processor.py:839} INFO - DAG(s) dict_keys(['example_trigger_target_dag']) retrieved from /home/pyretttt/repos/mlops3/env/lib/python3.10/site-packages/airflow/example_dags/example_trigger_target_dag.py
[2023-10-22T19:19:44.586+0400] {logging_mixin.py:151} INFO - [2023-10-22T19:19:44.586+0400] {dag.py:2941} INFO - Sync 1 DAGs
[2023-10-22T19:19:44.592+0400] {logging_mixin.py:151} INFO - [2023-10-22T19:19:44.591+0400] {dag.py:3722} INFO - Setting next_dagrun for example_trigger_target_dag to None, run_after=None
[2023-10-22T19:19:44.604+0400] {processor.py:179} INFO - Processing /home/pyretttt/repos/mlops3/env/lib/python3.10/site-packages/airflow/example_dags/example_trigger_target_dag.py took 0.038 seconds
[2023-10-22T19:20:39.093+0400] {processor.py:157} INFO - Started process (PID=2283) to work on /home/pyretttt/repos/mlops3/env/lib/python3.10/site-packages/airflow/example_dags/example_trigger_target_dag.py
[2023-10-22T19:20:39.094+0400] {processor.py:829} INFO - Processing file /home/pyretttt/repos/mlops3/env/lib/python3.10/site-packages/airflow/example_dags/example_trigger_target_dag.py for tasks to queue
[2023-10-22T19:20:39.095+0400] {logging_mixin.py:151} INFO - [2023-10-22T19:20:39.095+0400] {dagbag.py:536} INFO - Filling up the DagBag from /home/pyretttt/repos/mlops3/env/lib/python3.10/site-packages/airflow/example_dags/example_trigger_target_dag.py
[2023-10-22T19:20:39.100+0400] {processor.py:839} INFO - DAG(s) dict_keys(['example_trigger_target_dag']) retrieved from /home/pyretttt/repos/mlops3/env/lib/python3.10/site-packages/airflow/example_dags/example_trigger_target_dag.py
[2023-10-22T19:20:39.107+0400] {logging_mixin.py:151} INFO - [2023-10-22T19:20:39.107+0400] {dag.py:2941} INFO - Sync 1 DAGs
[2023-10-22T19:20:39.112+0400] {logging_mixin.py:151} INFO - [2023-10-22T19:20:39.112+0400] {dag.py:3722} INFO - Setting next_dagrun for example_trigger_target_dag to None, run_after=None
[2023-10-22T19:20:39.122+0400] {processor.py:179} INFO - Processing /home/pyretttt/repos/mlops3/env/lib/python3.10/site-packages/airflow/example_dags/example_trigger_target_dag.py took 0.033 seconds
