[2023-10-22T19:10:28.517+0400] {processor.py:157} INFO - Started process (PID=1420) to work on /home/pyretttt/repos/mlops3/env/lib/python3.10/site-packages/airflow/example_dags/example_branch_datetime_operator.py
[2023-10-22T19:10:28.518+0400] {processor.py:829} INFO - Processing file /home/pyretttt/repos/mlops3/env/lib/python3.10/site-packages/airflow/example_dags/example_branch_datetime_operator.py for tasks to queue
[2023-10-22T19:10:28.519+0400] {logging_mixin.py:151} INFO - [2023-10-22T19:10:28.519+0400] {dagbag.py:536} INFO - Filling up the DagBag from /home/pyretttt/repos/mlops3/env/lib/python3.10/site-packages/airflow/example_dags/example_branch_datetime_operator.py
[2023-10-22T19:10:28.527+0400] {processor.py:839} INFO - DAG(s) dict_keys(['example_branch_datetime_operator_2', 'example_branch_datetime_operator', 'example_branch_datetime_operator_3']) retrieved from /home/pyretttt/repos/mlops3/env/lib/python3.10/site-packages/airflow/example_dags/example_branch_datetime_operator.py
[2023-10-22T19:10:28.576+0400] {logging_mixin.py:151} INFO - [2023-10-22T19:10:28.576+0400] {manager.py:499} INFO - Created Permission View: %s
[2023-10-22T19:10:28.582+0400] {logging_mixin.py:151} INFO - [2023-10-22T19:10:28.582+0400] {manager.py:499} INFO - Created Permission View: %s
[2023-10-22T19:10:28.588+0400] {logging_mixin.py:151} INFO - [2023-10-22T19:10:28.588+0400] {manager.py:499} INFO - Created Permission View: %s
[2023-10-22T19:10:28.599+0400] {logging_mixin.py:151} INFO - [2023-10-22T19:10:28.599+0400] {manager.py:499} INFO - Created Permission View: %s
[2023-10-22T19:10:28.604+0400] {logging_mixin.py:151} INFO - [2023-10-22T19:10:28.603+0400] {manager.py:499} INFO - Created Permission View: %s
[2023-10-22T19:10:28.609+0400] {logging_mixin.py:151} INFO - [2023-10-22T19:10:28.609+0400] {manager.py:499} INFO - Created Permission View: %s
[2023-10-22T19:10:28.619+0400] {logging_mixin.py:151} INFO - [2023-10-22T19:10:28.619+0400] {manager.py:499} INFO - Created Permission View: %s
[2023-10-22T19:10:28.625+0400] {logging_mixin.py:151} INFO - [2023-10-22T19:10:28.625+0400] {manager.py:499} INFO - Created Permission View: %s
[2023-10-22T19:10:28.630+0400] {logging_mixin.py:151} INFO - [2023-10-22T19:10:28.630+0400] {manager.py:499} INFO - Created Permission View: %s
[2023-10-22T19:10:28.630+0400] {logging_mixin.py:151} INFO - [2023-10-22T19:10:28.630+0400] {dag.py:2941} INFO - Sync 3 DAGs
[2023-10-22T19:10:28.634+0400] {logging_mixin.py:151} INFO - [2023-10-22T19:10:28.634+0400] {dag.py:2963} INFO - Creating ORM DAG for example_branch_datetime_operator_3
[2023-10-22T19:10:28.634+0400] {logging_mixin.py:151} INFO - [2023-10-22T19:10:28.634+0400] {dag.py:2963} INFO - Creating ORM DAG for example_branch_datetime_operator_2
[2023-10-22T19:10:28.635+0400] {logging_mixin.py:151} INFO - [2023-10-22T19:10:28.635+0400] {dag.py:2963} INFO - Creating ORM DAG for example_branch_datetime_operator
[2023-10-22T19:10:28.638+0400] {logging_mixin.py:151} INFO - [2023-10-22T19:10:28.638+0400] {dag.py:3722} INFO - Setting next_dagrun for example_branch_datetime_operator to 2023-10-21T00:00:00+00:00, run_after=2023-10-22T00:00:00+00:00
[2023-10-22T19:10:28.639+0400] {logging_mixin.py:151} INFO - [2023-10-22T19:10:28.639+0400] {dag.py:3722} INFO - Setting next_dagrun for example_branch_datetime_operator_2 to 2023-10-21T00:00:00+00:00, run_after=2023-10-22T00:00:00+00:00
[2023-10-22T19:10:28.639+0400] {logging_mixin.py:151} INFO - [2023-10-22T19:10:28.639+0400] {dag.py:3722} INFO - Setting next_dagrun for example_branch_datetime_operator_3 to 2023-10-21T00:00:00+00:00, run_after=2023-10-22T00:00:00+00:00
[2023-10-22T19:10:28.649+0400] {processor.py:179} INFO - Processing /home/pyretttt/repos/mlops3/env/lib/python3.10/site-packages/airflow/example_dags/example_branch_datetime_operator.py took 0.135 seconds
[2023-10-22T19:11:15.511+0400] {processor.py:157} INFO - Started process (PID=1478) to work on /home/pyretttt/repos/mlops3/env/lib/python3.10/site-packages/airflow/example_dags/example_branch_datetime_operator.py
[2023-10-22T19:11:15.511+0400] {processor.py:829} INFO - Processing file /home/pyretttt/repos/mlops3/env/lib/python3.10/site-packages/airflow/example_dags/example_branch_datetime_operator.py for tasks to queue
[2023-10-22T19:11:15.512+0400] {logging_mixin.py:151} INFO - [2023-10-22T19:11:15.512+0400] {dagbag.py:536} INFO - Filling up the DagBag from /home/pyretttt/repos/mlops3/env/lib/python3.10/site-packages/airflow/example_dags/example_branch_datetime_operator.py
[2023-10-22T19:11:15.518+0400] {processor.py:839} INFO - DAG(s) dict_keys(['example_branch_datetime_operator_2', 'example_branch_datetime_operator', 'example_branch_datetime_operator_3']) retrieved from /home/pyretttt/repos/mlops3/env/lib/python3.10/site-packages/airflow/example_dags/example_branch_datetime_operator.py
[2023-10-22T19:11:15.533+0400] {logging_mixin.py:151} INFO - [2023-10-22T19:11:15.533+0400] {dag.py:2941} INFO - Sync 3 DAGs
[2023-10-22T19:11:15.555+0400] {logging_mixin.py:151} INFO - [2023-10-22T19:11:15.555+0400] {dag.py:3722} INFO - Setting next_dagrun for example_branch_datetime_operator to 2023-10-21T00:00:00+00:00, run_after=2023-10-22T00:00:00+00:00
[2023-10-22T19:11:15.559+0400] {logging_mixin.py:151} INFO - [2023-10-22T19:11:15.559+0400] {dag.py:3722} INFO - Setting next_dagrun for example_branch_datetime_operator_2 to 2023-10-21T00:00:00+00:00, run_after=2023-10-22T00:00:00+00:00
[2023-10-22T19:11:15.560+0400] {logging_mixin.py:151} INFO - [2023-10-22T19:11:15.560+0400] {dag.py:3722} INFO - Setting next_dagrun for example_branch_datetime_operator_3 to 2023-10-21T00:00:00+00:00, run_after=2023-10-22T00:00:00+00:00
[2023-10-22T19:11:15.573+0400] {processor.py:179} INFO - Processing /home/pyretttt/repos/mlops3/env/lib/python3.10/site-packages/airflow/example_dags/example_branch_datetime_operator.py took 0.066 seconds
[2023-10-22T19:12:03.878+0400] {processor.py:157} INFO - Started process (PID=1696) to work on /home/pyretttt/repos/mlops3/env/lib/python3.10/site-packages/airflow/example_dags/example_branch_datetime_operator.py
[2023-10-22T19:12:03.880+0400] {processor.py:829} INFO - Processing file /home/pyretttt/repos/mlops3/env/lib/python3.10/site-packages/airflow/example_dags/example_branch_datetime_operator.py for tasks to queue
[2023-10-22T19:12:03.881+0400] {logging_mixin.py:151} INFO - [2023-10-22T19:12:03.880+0400] {dagbag.py:536} INFO - Filling up the DagBag from /home/pyretttt/repos/mlops3/env/lib/python3.10/site-packages/airflow/example_dags/example_branch_datetime_operator.py
[2023-10-22T19:12:03.890+0400] {processor.py:839} INFO - DAG(s) dict_keys(['example_branch_datetime_operator_3', 'example_branch_datetime_operator_2', 'example_branch_datetime_operator']) retrieved from /home/pyretttt/repos/mlops3/env/lib/python3.10/site-packages/airflow/example_dags/example_branch_datetime_operator.py
[2023-10-22T19:12:03.901+0400] {logging_mixin.py:151} INFO - [2023-10-22T19:12:03.901+0400] {dag.py:2941} INFO - Sync 3 DAGs
[2023-10-22T19:12:03.910+0400] {logging_mixin.py:151} INFO - [2023-10-22T19:12:03.910+0400] {dag.py:3722} INFO - Setting next_dagrun for example_branch_datetime_operator to 2023-10-21T00:00:00+00:00, run_after=2023-10-22T00:00:00+00:00
[2023-10-22T19:12:03.912+0400] {logging_mixin.py:151} INFO - [2023-10-22T19:12:03.911+0400] {dag.py:3722} INFO - Setting next_dagrun for example_branch_datetime_operator_2 to 2023-10-21T00:00:00+00:00, run_after=2023-10-22T00:00:00+00:00
[2023-10-22T19:12:03.912+0400] {logging_mixin.py:151} INFO - [2023-10-22T19:12:03.912+0400] {dag.py:3722} INFO - Setting next_dagrun for example_branch_datetime_operator_3 to 2023-10-21T00:00:00+00:00, run_after=2023-10-22T00:00:00+00:00
[2023-10-22T19:12:03.922+0400] {processor.py:179} INFO - Processing /home/pyretttt/repos/mlops3/env/lib/python3.10/site-packages/airflow/example_dags/example_branch_datetime_operator.py took 0.047 seconds
[2023-10-22T19:12:57.190+0400] {processor.py:157} INFO - Started process (PID=1751) to work on /home/pyretttt/repos/mlops3/env/lib/python3.10/site-packages/airflow/example_dags/example_branch_datetime_operator.py
[2023-10-22T19:12:57.191+0400] {processor.py:829} INFO - Processing file /home/pyretttt/repos/mlops3/env/lib/python3.10/site-packages/airflow/example_dags/example_branch_datetime_operator.py for tasks to queue
[2023-10-22T19:12:57.192+0400] {logging_mixin.py:151} INFO - [2023-10-22T19:12:57.192+0400] {dagbag.py:536} INFO - Filling up the DagBag from /home/pyretttt/repos/mlops3/env/lib/python3.10/site-packages/airflow/example_dags/example_branch_datetime_operator.py
[2023-10-22T19:12:57.198+0400] {processor.py:839} INFO - DAG(s) dict_keys(['example_branch_datetime_operator_2', 'example_branch_datetime_operator_3', 'example_branch_datetime_operator']) retrieved from /home/pyretttt/repos/mlops3/env/lib/python3.10/site-packages/airflow/example_dags/example_branch_datetime_operator.py
[2023-10-22T19:12:57.210+0400] {logging_mixin.py:151} INFO - [2023-10-22T19:12:57.210+0400] {dag.py:2941} INFO - Sync 3 DAGs
[2023-10-22T19:12:57.222+0400] {logging_mixin.py:151} INFO - [2023-10-22T19:12:57.222+0400] {dag.py:3722} INFO - Setting next_dagrun for example_branch_datetime_operator to 2023-10-21T00:00:00+00:00, run_after=2023-10-22T00:00:00+00:00
[2023-10-22T19:12:57.224+0400] {logging_mixin.py:151} INFO - [2023-10-22T19:12:57.224+0400] {dag.py:3722} INFO - Setting next_dagrun for example_branch_datetime_operator_2 to 2023-10-21T00:00:00+00:00, run_after=2023-10-22T00:00:00+00:00
[2023-10-22T19:12:57.226+0400] {logging_mixin.py:151} INFO - [2023-10-22T19:12:57.225+0400] {dag.py:3722} INFO - Setting next_dagrun for example_branch_datetime_operator_3 to 2023-10-21T00:00:00+00:00, run_after=2023-10-22T00:00:00+00:00
[2023-10-22T19:12:57.236+0400] {processor.py:179} INFO - Processing /home/pyretttt/repos/mlops3/env/lib/python3.10/site-packages/airflow/example_dags/example_branch_datetime_operator.py took 0.049 seconds
[2023-10-22T19:13:43.872+0400] {processor.py:157} INFO - Started process (PID=1800) to work on /home/pyretttt/repos/mlops3/env/lib/python3.10/site-packages/airflow/example_dags/example_branch_datetime_operator.py
[2023-10-22T19:13:43.873+0400] {processor.py:829} INFO - Processing file /home/pyretttt/repos/mlops3/env/lib/python3.10/site-packages/airflow/example_dags/example_branch_datetime_operator.py for tasks to queue
[2023-10-22T19:13:43.873+0400] {logging_mixin.py:151} INFO - [2023-10-22T19:13:43.873+0400] {dagbag.py:536} INFO - Filling up the DagBag from /home/pyretttt/repos/mlops3/env/lib/python3.10/site-packages/airflow/example_dags/example_branch_datetime_operator.py
[2023-10-22T19:13:43.878+0400] {processor.py:839} INFO - DAG(s) dict_keys(['example_branch_datetime_operator_2', 'example_branch_datetime_operator_3', 'example_branch_datetime_operator']) retrieved from /home/pyretttt/repos/mlops3/env/lib/python3.10/site-packages/airflow/example_dags/example_branch_datetime_operator.py
[2023-10-22T19:13:43.890+0400] {logging_mixin.py:151} INFO - [2023-10-22T19:13:43.890+0400] {dag.py:2941} INFO - Sync 3 DAGs
[2023-10-22T19:13:43.900+0400] {logging_mixin.py:151} INFO - [2023-10-22T19:13:43.900+0400] {dag.py:3722} INFO - Setting next_dagrun for example_branch_datetime_operator to 2023-10-21T00:00:00+00:00, run_after=2023-10-22T00:00:00+00:00
[2023-10-22T19:13:43.902+0400] {logging_mixin.py:151} INFO - [2023-10-22T19:13:43.902+0400] {dag.py:3722} INFO - Setting next_dagrun for example_branch_datetime_operator_2 to 2023-10-21T00:00:00+00:00, run_after=2023-10-22T00:00:00+00:00
[2023-10-22T19:13:43.902+0400] {logging_mixin.py:151} INFO - [2023-10-22T19:13:43.902+0400] {dag.py:3722} INFO - Setting next_dagrun for example_branch_datetime_operator_3 to 2023-10-21T00:00:00+00:00, run_after=2023-10-22T00:00:00+00:00
[2023-10-22T19:13:43.915+0400] {processor.py:179} INFO - Processing /home/pyretttt/repos/mlops3/env/lib/python3.10/site-packages/airflow/example_dags/example_branch_datetime_operator.py took 0.045 seconds
[2023-10-22T19:14:37.734+0400] {processor.py:157} INFO - Started process (PID=1876) to work on /home/pyretttt/repos/mlops3/env/lib/python3.10/site-packages/airflow/example_dags/example_branch_datetime_operator.py
[2023-10-22T19:14:37.736+0400] {processor.py:829} INFO - Processing file /home/pyretttt/repos/mlops3/env/lib/python3.10/site-packages/airflow/example_dags/example_branch_datetime_operator.py for tasks to queue
[2023-10-22T19:14:37.737+0400] {logging_mixin.py:151} INFO - [2023-10-22T19:14:37.737+0400] {dagbag.py:536} INFO - Filling up the DagBag from /home/pyretttt/repos/mlops3/env/lib/python3.10/site-packages/airflow/example_dags/example_branch_datetime_operator.py
[2023-10-22T19:14:37.747+0400] {processor.py:839} INFO - DAG(s) dict_keys(['example_branch_datetime_operator_3', 'example_branch_datetime_operator_2', 'example_branch_datetime_operator']) retrieved from /home/pyretttt/repos/mlops3/env/lib/python3.10/site-packages/airflow/example_dags/example_branch_datetime_operator.py
[2023-10-22T19:14:37.769+0400] {logging_mixin.py:151} INFO - [2023-10-22T19:14:37.768+0400] {dag.py:2941} INFO - Sync 3 DAGs
[2023-10-22T19:14:37.781+0400] {logging_mixin.py:151} INFO - [2023-10-22T19:14:37.781+0400] {dag.py:3722} INFO - Setting next_dagrun for example_branch_datetime_operator to 2023-10-21T00:00:00+00:00, run_after=2023-10-22T00:00:00+00:00
[2023-10-22T19:14:37.783+0400] {logging_mixin.py:151} INFO - [2023-10-22T19:14:37.783+0400] {dag.py:3722} INFO - Setting next_dagrun for example_branch_datetime_operator_2 to 2023-10-21T00:00:00+00:00, run_after=2023-10-22T00:00:00+00:00
[2023-10-22T19:14:37.784+0400] {logging_mixin.py:151} INFO - [2023-10-22T19:14:37.784+0400] {dag.py:3722} INFO - Setting next_dagrun for example_branch_datetime_operator_3 to 2023-10-21T00:00:00+00:00, run_after=2023-10-22T00:00:00+00:00
[2023-10-22T19:14:37.796+0400] {processor.py:179} INFO - Processing /home/pyretttt/repos/mlops3/env/lib/python3.10/site-packages/airflow/example_dags/example_branch_datetime_operator.py took 0.066 seconds
[2023-10-22T19:15:30.665+0400] {processor.py:157} INFO - Started process (PID=1929) to work on /home/pyretttt/repos/mlops3/env/lib/python3.10/site-packages/airflow/example_dags/example_branch_datetime_operator.py
[2023-10-22T19:15:30.667+0400] {processor.py:829} INFO - Processing file /home/pyretttt/repos/mlops3/env/lib/python3.10/site-packages/airflow/example_dags/example_branch_datetime_operator.py for tasks to queue
[2023-10-22T19:15:30.669+0400] {logging_mixin.py:151} INFO - [2023-10-22T19:15:30.668+0400] {dagbag.py:536} INFO - Filling up the DagBag from /home/pyretttt/repos/mlops3/env/lib/python3.10/site-packages/airflow/example_dags/example_branch_datetime_operator.py
[2023-10-22T19:15:30.675+0400] {processor.py:839} INFO - DAG(s) dict_keys(['example_branch_datetime_operator_2', 'example_branch_datetime_operator', 'example_branch_datetime_operator_3']) retrieved from /home/pyretttt/repos/mlops3/env/lib/python3.10/site-packages/airflow/example_dags/example_branch_datetime_operator.py
[2023-10-22T19:15:30.686+0400] {logging_mixin.py:151} INFO - [2023-10-22T19:15:30.686+0400] {dag.py:2941} INFO - Sync 3 DAGs
[2023-10-22T19:15:30.696+0400] {logging_mixin.py:151} INFO - [2023-10-22T19:15:30.695+0400] {dag.py:3722} INFO - Setting next_dagrun for example_branch_datetime_operator to 2023-10-21T00:00:00+00:00, run_after=2023-10-22T00:00:00+00:00
[2023-10-22T19:15:30.698+0400] {logging_mixin.py:151} INFO - [2023-10-22T19:15:30.698+0400] {dag.py:3722} INFO - Setting next_dagrun for example_branch_datetime_operator_2 to 2023-10-21T00:00:00+00:00, run_after=2023-10-22T00:00:00+00:00
[2023-10-22T19:15:30.700+0400] {logging_mixin.py:151} INFO - [2023-10-22T19:15:30.700+0400] {dag.py:3722} INFO - Setting next_dagrun for example_branch_datetime_operator_3 to 2023-10-21T00:00:00+00:00, run_after=2023-10-22T00:00:00+00:00
[2023-10-22T19:15:30.712+0400] {processor.py:179} INFO - Processing /home/pyretttt/repos/mlops3/env/lib/python3.10/site-packages/airflow/example_dags/example_branch_datetime_operator.py took 0.050 seconds
[2023-10-22T19:16:27.759+0400] {processor.py:157} INFO - Started process (PID=1986) to work on /home/pyretttt/repos/mlops3/env/lib/python3.10/site-packages/airflow/example_dags/example_branch_datetime_operator.py
[2023-10-22T19:16:27.761+0400] {processor.py:829} INFO - Processing file /home/pyretttt/repos/mlops3/env/lib/python3.10/site-packages/airflow/example_dags/example_branch_datetime_operator.py for tasks to queue
[2023-10-22T19:16:27.762+0400] {logging_mixin.py:151} INFO - [2023-10-22T19:16:27.761+0400] {dagbag.py:536} INFO - Filling up the DagBag from /home/pyretttt/repos/mlops3/env/lib/python3.10/site-packages/airflow/example_dags/example_branch_datetime_operator.py
[2023-10-22T19:16:27.771+0400] {processor.py:839} INFO - DAG(s) dict_keys(['example_branch_datetime_operator', 'example_branch_datetime_operator_3', 'example_branch_datetime_operator_2']) retrieved from /home/pyretttt/repos/mlops3/env/lib/python3.10/site-packages/airflow/example_dags/example_branch_datetime_operator.py
[2023-10-22T19:16:27.783+0400] {logging_mixin.py:151} INFO - [2023-10-22T19:16:27.783+0400] {dag.py:2941} INFO - Sync 3 DAGs
[2023-10-22T19:16:27.792+0400] {logging_mixin.py:151} INFO - [2023-10-22T19:16:27.792+0400] {dag.py:3722} INFO - Setting next_dagrun for example_branch_datetime_operator to 2023-10-21T00:00:00+00:00, run_after=2023-10-22T00:00:00+00:00
[2023-10-22T19:16:27.793+0400] {logging_mixin.py:151} INFO - [2023-10-22T19:16:27.793+0400] {dag.py:3722} INFO - Setting next_dagrun for example_branch_datetime_operator_2 to 2023-10-21T00:00:00+00:00, run_after=2023-10-22T00:00:00+00:00
[2023-10-22T19:16:27.794+0400] {logging_mixin.py:151} INFO - [2023-10-22T19:16:27.794+0400] {dag.py:3722} INFO - Setting next_dagrun for example_branch_datetime_operator_3 to 2023-10-21T00:00:00+00:00, run_after=2023-10-22T00:00:00+00:00
[2023-10-22T19:16:27.806+0400] {processor.py:179} INFO - Processing /home/pyretttt/repos/mlops3/env/lib/python3.10/site-packages/airflow/example_dags/example_branch_datetime_operator.py took 0.049 seconds
[2023-10-22T19:17:24.785+0400] {processor.py:157} INFO - Started process (PID=2059) to work on /home/pyretttt/repos/mlops3/env/lib/python3.10/site-packages/airflow/example_dags/example_branch_datetime_operator.py
[2023-10-22T19:17:24.788+0400] {processor.py:829} INFO - Processing file /home/pyretttt/repos/mlops3/env/lib/python3.10/site-packages/airflow/example_dags/example_branch_datetime_operator.py for tasks to queue
[2023-10-22T19:17:24.790+0400] {logging_mixin.py:151} INFO - [2023-10-22T19:17:24.789+0400] {dagbag.py:536} INFO - Filling up the DagBag from /home/pyretttt/repos/mlops3/env/lib/python3.10/site-packages/airflow/example_dags/example_branch_datetime_operator.py
[2023-10-22T19:17:24.799+0400] {processor.py:839} INFO - DAG(s) dict_keys(['example_branch_datetime_operator', 'example_branch_datetime_operator_3', 'example_branch_datetime_operator_2']) retrieved from /home/pyretttt/repos/mlops3/env/lib/python3.10/site-packages/airflow/example_dags/example_branch_datetime_operator.py
[2023-10-22T19:17:24.813+0400] {logging_mixin.py:151} INFO - [2023-10-22T19:17:24.813+0400] {dag.py:2941} INFO - Sync 3 DAGs
[2023-10-22T19:17:24.823+0400] {logging_mixin.py:151} INFO - [2023-10-22T19:17:24.823+0400] {dag.py:3722} INFO - Setting next_dagrun for example_branch_datetime_operator to 2023-10-21T00:00:00+00:00, run_after=2023-10-22T00:00:00+00:00
[2023-10-22T19:17:24.824+0400] {logging_mixin.py:151} INFO - [2023-10-22T19:17:24.824+0400] {dag.py:3722} INFO - Setting next_dagrun for example_branch_datetime_operator_2 to 2023-10-21T00:00:00+00:00, run_after=2023-10-22T00:00:00+00:00
[2023-10-22T19:17:24.825+0400] {logging_mixin.py:151} INFO - [2023-10-22T19:17:24.825+0400] {dag.py:3722} INFO - Setting next_dagrun for example_branch_datetime_operator_3 to 2023-10-21T00:00:00+00:00, run_after=2023-10-22T00:00:00+00:00
[2023-10-22T19:17:24.836+0400] {processor.py:179} INFO - Processing /home/pyretttt/repos/mlops3/env/lib/python3.10/site-packages/airflow/example_dags/example_branch_datetime_operator.py took 0.057 seconds
[2023-10-22T19:18:17.680+0400] {processor.py:157} INFO - Started process (PID=2133) to work on /home/pyretttt/repos/mlops3/env/lib/python3.10/site-packages/airflow/example_dags/example_branch_datetime_operator.py
[2023-10-22T19:18:17.681+0400] {processor.py:829} INFO - Processing file /home/pyretttt/repos/mlops3/env/lib/python3.10/site-packages/airflow/example_dags/example_branch_datetime_operator.py for tasks to queue
[2023-10-22T19:18:17.682+0400] {logging_mixin.py:151} INFO - [2023-10-22T19:18:17.681+0400] {dagbag.py:536} INFO - Filling up the DagBag from /home/pyretttt/repos/mlops3/env/lib/python3.10/site-packages/airflow/example_dags/example_branch_datetime_operator.py
[2023-10-22T19:18:17.687+0400] {processor.py:839} INFO - DAG(s) dict_keys(['example_branch_datetime_operator_2', 'example_branch_datetime_operator', 'example_branch_datetime_operator_3']) retrieved from /home/pyretttt/repos/mlops3/env/lib/python3.10/site-packages/airflow/example_dags/example_branch_datetime_operator.py
[2023-10-22T19:18:17.701+0400] {logging_mixin.py:151} INFO - [2023-10-22T19:18:17.701+0400] {dag.py:2941} INFO - Sync 3 DAGs
[2023-10-22T19:18:17.710+0400] {logging_mixin.py:151} INFO - [2023-10-22T19:18:17.710+0400] {dag.py:3722} INFO - Setting next_dagrun for example_branch_datetime_operator to 2023-10-21T00:00:00+00:00, run_after=2023-10-22T00:00:00+00:00
[2023-10-22T19:18:17.711+0400] {logging_mixin.py:151} INFO - [2023-10-22T19:18:17.711+0400] {dag.py:3722} INFO - Setting next_dagrun for example_branch_datetime_operator_2 to 2023-10-21T00:00:00+00:00, run_after=2023-10-22T00:00:00+00:00
[2023-10-22T19:18:17.712+0400] {logging_mixin.py:151} INFO - [2023-10-22T19:18:17.712+0400] {dag.py:3722} INFO - Setting next_dagrun for example_branch_datetime_operator_3 to 2023-10-21T00:00:00+00:00, run_after=2023-10-22T00:00:00+00:00
[2023-10-22T19:18:17.723+0400] {processor.py:179} INFO - Processing /home/pyretttt/repos/mlops3/env/lib/python3.10/site-packages/airflow/example_dags/example_branch_datetime_operator.py took 0.045 seconds
[2023-10-22T19:19:13.725+0400] {processor.py:157} INFO - Started process (PID=2188) to work on /home/pyretttt/repos/mlops3/env/lib/python3.10/site-packages/airflow/example_dags/example_branch_datetime_operator.py
[2023-10-22T19:19:13.727+0400] {processor.py:829} INFO - Processing file /home/pyretttt/repos/mlops3/env/lib/python3.10/site-packages/airflow/example_dags/example_branch_datetime_operator.py for tasks to queue
[2023-10-22T19:19:13.728+0400] {logging_mixin.py:151} INFO - [2023-10-22T19:19:13.727+0400] {dagbag.py:536} INFO - Filling up the DagBag from /home/pyretttt/repos/mlops3/env/lib/python3.10/site-packages/airflow/example_dags/example_branch_datetime_operator.py
[2023-10-22T19:19:13.737+0400] {processor.py:839} INFO - DAG(s) dict_keys(['example_branch_datetime_operator_2', 'example_branch_datetime_operator', 'example_branch_datetime_operator_3']) retrieved from /home/pyretttt/repos/mlops3/env/lib/python3.10/site-packages/airflow/example_dags/example_branch_datetime_operator.py
[2023-10-22T19:19:13.747+0400] {logging_mixin.py:151} INFO - [2023-10-22T19:19:13.747+0400] {dag.py:2941} INFO - Sync 3 DAGs
[2023-10-22T19:19:13.755+0400] {logging_mixin.py:151} INFO - [2023-10-22T19:19:13.755+0400] {dag.py:3722} INFO - Setting next_dagrun for example_branch_datetime_operator to 2023-10-21T00:00:00+00:00, run_after=2023-10-22T00:00:00+00:00
[2023-10-22T19:19:13.756+0400] {logging_mixin.py:151} INFO - [2023-10-22T19:19:13.756+0400] {dag.py:3722} INFO - Setting next_dagrun for example_branch_datetime_operator_2 to 2023-10-21T00:00:00+00:00, run_after=2023-10-22T00:00:00+00:00
[2023-10-22T19:19:13.757+0400] {logging_mixin.py:151} INFO - [2023-10-22T19:19:13.757+0400] {dag.py:3722} INFO - Setting next_dagrun for example_branch_datetime_operator_3 to 2023-10-21T00:00:00+00:00, run_after=2023-10-22T00:00:00+00:00
[2023-10-22T19:19:13.766+0400] {processor.py:179} INFO - Processing /home/pyretttt/repos/mlops3/env/lib/python3.10/site-packages/airflow/example_dags/example_branch_datetime_operator.py took 0.044 seconds
[2023-10-22T19:20:05.230+0400] {processor.py:157} INFO - Started process (PID=2240) to work on /home/pyretttt/repos/mlops3/env/lib/python3.10/site-packages/airflow/example_dags/example_branch_datetime_operator.py
[2023-10-22T19:20:05.232+0400] {processor.py:829} INFO - Processing file /home/pyretttt/repos/mlops3/env/lib/python3.10/site-packages/airflow/example_dags/example_branch_datetime_operator.py for tasks to queue
[2023-10-22T19:20:05.233+0400] {logging_mixin.py:151} INFO - [2023-10-22T19:20:05.232+0400] {dagbag.py:536} INFO - Filling up the DagBag from /home/pyretttt/repos/mlops3/env/lib/python3.10/site-packages/airflow/example_dags/example_branch_datetime_operator.py
[2023-10-22T19:20:05.239+0400] {processor.py:839} INFO - DAG(s) dict_keys(['example_branch_datetime_operator_2', 'example_branch_datetime_operator_3', 'example_branch_datetime_operator']) retrieved from /home/pyretttt/repos/mlops3/env/lib/python3.10/site-packages/airflow/example_dags/example_branch_datetime_operator.py
[2023-10-22T19:20:05.250+0400] {logging_mixin.py:151} INFO - [2023-10-22T19:20:05.249+0400] {dag.py:2941} INFO - Sync 3 DAGs
[2023-10-22T19:20:05.258+0400] {logging_mixin.py:151} INFO - [2023-10-22T19:20:05.258+0400] {dag.py:3722} INFO - Setting next_dagrun for example_branch_datetime_operator to 2023-10-21T00:00:00+00:00, run_after=2023-10-22T00:00:00+00:00
[2023-10-22T19:20:05.260+0400] {logging_mixin.py:151} INFO - [2023-10-22T19:20:05.260+0400] {dag.py:3722} INFO - Setting next_dagrun for example_branch_datetime_operator_2 to 2023-10-21T00:00:00+00:00, run_after=2023-10-22T00:00:00+00:00
[2023-10-22T19:20:05.261+0400] {logging_mixin.py:151} INFO - [2023-10-22T19:20:05.261+0400] {dag.py:3722} INFO - Setting next_dagrun for example_branch_datetime_operator_3 to 2023-10-21T00:00:00+00:00, run_after=2023-10-22T00:00:00+00:00
[2023-10-22T19:20:05.271+0400] {processor.py:179} INFO - Processing /home/pyretttt/repos/mlops3/env/lib/python3.10/site-packages/airflow/example_dags/example_branch_datetime_operator.py took 0.044 seconds
