[2023-10-22T19:10:17.106+0400] {processor.py:157} INFO - Started process (PID=1397) to work on /home/pyretttt/repos/mlops3/env/lib/python3.10/site-packages/airflow/example_dags/example_task_group_decorator.py
[2023-10-22T19:10:17.107+0400] {processor.py:829} INFO - Processing file /home/pyretttt/repos/mlops3/env/lib/python3.10/site-packages/airflow/example_dags/example_task_group_decorator.py for tasks to queue
[2023-10-22T19:10:17.108+0400] {logging_mixin.py:151} INFO - [2023-10-22T19:10:17.108+0400] {dagbag.py:536} INFO - Filling up the DagBag from /home/pyretttt/repos/mlops3/env/lib/python3.10/site-packages/airflow/example_dags/example_task_group_decorator.py
[2023-10-22T19:10:17.117+0400] {processor.py:839} INFO - DAG(s) dict_keys(['example_task_group_decorator']) retrieved from /home/pyretttt/repos/mlops3/env/lib/python3.10/site-packages/airflow/example_dags/example_task_group_decorator.py
[2023-10-22T19:10:17.165+0400] {logging_mixin.py:151} INFO - [2023-10-22T19:10:17.165+0400] {manager.py:499} INFO - Created Permission View: %s
[2023-10-22T19:10:17.172+0400] {logging_mixin.py:151} INFO - [2023-10-22T19:10:17.172+0400] {manager.py:499} INFO - Created Permission View: %s
[2023-10-22T19:10:17.176+0400] {logging_mixin.py:151} INFO - [2023-10-22T19:10:17.176+0400] {manager.py:499} INFO - Created Permission View: %s
[2023-10-22T19:10:17.176+0400] {logging_mixin.py:151} INFO - [2023-10-22T19:10:17.176+0400] {dag.py:2941} INFO - Sync 1 DAGs
[2023-10-22T19:10:17.180+0400] {logging_mixin.py:151} INFO - [2023-10-22T19:10:17.180+0400] {dag.py:2963} INFO - Creating ORM DAG for example_task_group_decorator
[2023-10-22T19:10:17.184+0400] {logging_mixin.py:151} INFO - [2023-10-22T19:10:17.184+0400] {dag.py:3722} INFO - Setting next_dagrun for example_task_group_decorator to 2023-10-21T15:10:17.184612+00:00, run_after=2023-10-22T15:10:17.184612+00:00
[2023-10-22T19:10:17.195+0400] {processor.py:179} INFO - Processing /home/pyretttt/repos/mlops3/env/lib/python3.10/site-packages/airflow/example_dags/example_task_group_decorator.py took 0.091 seconds
[2023-10-22T19:11:04.078+0400] {processor.py:157} INFO - Started process (PID=1459) to work on /home/pyretttt/repos/mlops3/env/lib/python3.10/site-packages/airflow/example_dags/example_task_group_decorator.py
[2023-10-22T19:11:04.079+0400] {processor.py:829} INFO - Processing file /home/pyretttt/repos/mlops3/env/lib/python3.10/site-packages/airflow/example_dags/example_task_group_decorator.py for tasks to queue
[2023-10-22T19:11:04.081+0400] {logging_mixin.py:151} INFO - [2023-10-22T19:11:04.080+0400] {dagbag.py:536} INFO - Filling up the DagBag from /home/pyretttt/repos/mlops3/env/lib/python3.10/site-packages/airflow/example_dags/example_task_group_decorator.py
[2023-10-22T19:11:04.092+0400] {processor.py:839} INFO - DAG(s) dict_keys(['example_task_group_decorator']) retrieved from /home/pyretttt/repos/mlops3/env/lib/python3.10/site-packages/airflow/example_dags/example_task_group_decorator.py
[2023-10-22T19:11:04.104+0400] {logging_mixin.py:151} INFO - [2023-10-22T19:11:04.104+0400] {dag.py:2941} INFO - Sync 1 DAGs
[2023-10-22T19:11:04.113+0400] {logging_mixin.py:151} INFO - [2023-10-22T19:11:04.113+0400] {dag.py:3722} INFO - Setting next_dagrun for example_task_group_decorator to 2023-10-21T15:11:04.113395+00:00, run_after=2023-10-22T15:11:04.113395+00:00
[2023-10-22T19:11:04.128+0400] {processor.py:179} INFO - Processing /home/pyretttt/repos/mlops3/env/lib/python3.10/site-packages/airflow/example_dags/example_task_group_decorator.py took 0.054 seconds
[2023-10-22T19:11:51.774+0400] {processor.py:157} INFO - Started process (PID=1683) to work on /home/pyretttt/repos/mlops3/env/lib/python3.10/site-packages/airflow/example_dags/example_task_group_decorator.py
[2023-10-22T19:11:51.775+0400] {processor.py:829} INFO - Processing file /home/pyretttt/repos/mlops3/env/lib/python3.10/site-packages/airflow/example_dags/example_task_group_decorator.py for tasks to queue
[2023-10-22T19:11:51.776+0400] {logging_mixin.py:151} INFO - [2023-10-22T19:11:51.775+0400] {dagbag.py:536} INFO - Filling up the DagBag from /home/pyretttt/repos/mlops3/env/lib/python3.10/site-packages/airflow/example_dags/example_task_group_decorator.py
[2023-10-22T19:11:51.787+0400] {processor.py:839} INFO - DAG(s) dict_keys(['example_task_group_decorator']) retrieved from /home/pyretttt/repos/mlops3/env/lib/python3.10/site-packages/airflow/example_dags/example_task_group_decorator.py
[2023-10-22T19:11:51.802+0400] {logging_mixin.py:151} INFO - [2023-10-22T19:11:51.801+0400] {dag.py:2941} INFO - Sync 1 DAGs
[2023-10-22T19:11:51.812+0400] {logging_mixin.py:151} INFO - [2023-10-22T19:11:51.812+0400] {dag.py:3722} INFO - Setting next_dagrun for example_task_group_decorator to 2023-10-21T15:11:51.812293+00:00, run_after=2023-10-22T15:11:51.812293+00:00
[2023-10-22T19:11:51.828+0400] {processor.py:179} INFO - Processing /home/pyretttt/repos/mlops3/env/lib/python3.10/site-packages/airflow/example_dags/example_task_group_decorator.py took 0.057 seconds
[2023-10-22T19:12:40.296+0400] {processor.py:157} INFO - Started process (PID=1733) to work on /home/pyretttt/repos/mlops3/env/lib/python3.10/site-packages/airflow/example_dags/example_task_group_decorator.py
[2023-10-22T19:12:40.298+0400] {processor.py:829} INFO - Processing file /home/pyretttt/repos/mlops3/env/lib/python3.10/site-packages/airflow/example_dags/example_task_group_decorator.py for tasks to queue
[2023-10-22T19:12:40.299+0400] {logging_mixin.py:151} INFO - [2023-10-22T19:12:40.298+0400] {dagbag.py:536} INFO - Filling up the DagBag from /home/pyretttt/repos/mlops3/env/lib/python3.10/site-packages/airflow/example_dags/example_task_group_decorator.py
[2023-10-22T19:12:40.308+0400] {processor.py:839} INFO - DAG(s) dict_keys(['example_task_group_decorator']) retrieved from /home/pyretttt/repos/mlops3/env/lib/python3.10/site-packages/airflow/example_dags/example_task_group_decorator.py
[2023-10-22T19:12:40.320+0400] {logging_mixin.py:151} INFO - [2023-10-22T19:12:40.320+0400] {dag.py:2941} INFO - Sync 1 DAGs
[2023-10-22T19:12:40.332+0400] {logging_mixin.py:151} INFO - [2023-10-22T19:12:40.332+0400] {dag.py:3722} INFO - Setting next_dagrun for example_task_group_decorator to 2023-10-21T15:12:40.331807+00:00, run_after=2023-10-22T15:12:40.331807+00:00
[2023-10-22T19:12:40.345+0400] {processor.py:179} INFO - Processing /home/pyretttt/repos/mlops3/env/lib/python3.10/site-packages/airflow/example_dags/example_task_group_decorator.py took 0.052 seconds
[2023-10-22T19:13:29.513+0400] {processor.py:157} INFO - Started process (PID=1784) to work on /home/pyretttt/repos/mlops3/env/lib/python3.10/site-packages/airflow/example_dags/example_task_group_decorator.py
[2023-10-22T19:13:29.516+0400] {processor.py:829} INFO - Processing file /home/pyretttt/repos/mlops3/env/lib/python3.10/site-packages/airflow/example_dags/example_task_group_decorator.py for tasks to queue
[2023-10-22T19:13:29.517+0400] {logging_mixin.py:151} INFO - [2023-10-22T19:13:29.516+0400] {dagbag.py:536} INFO - Filling up the DagBag from /home/pyretttt/repos/mlops3/env/lib/python3.10/site-packages/airflow/example_dags/example_task_group_decorator.py
[2023-10-22T19:13:29.535+0400] {processor.py:839} INFO - DAG(s) dict_keys(['example_task_group_decorator']) retrieved from /home/pyretttt/repos/mlops3/env/lib/python3.10/site-packages/airflow/example_dags/example_task_group_decorator.py
[2023-10-22T19:13:29.551+0400] {logging_mixin.py:151} INFO - [2023-10-22T19:13:29.551+0400] {dag.py:2941} INFO - Sync 1 DAGs
[2023-10-22T19:13:29.561+0400] {logging_mixin.py:151} INFO - [2023-10-22T19:13:29.561+0400] {dag.py:3722} INFO - Setting next_dagrun for example_task_group_decorator to 2023-10-21T15:13:29.561133+00:00, run_after=2023-10-22T15:13:29.561133+00:00
[2023-10-22T19:13:29.577+0400] {processor.py:179} INFO - Processing /home/pyretttt/repos/mlops3/env/lib/python3.10/site-packages/airflow/example_dags/example_task_group_decorator.py took 0.068 seconds
[2023-10-22T19:14:20.554+0400] {processor.py:157} INFO - Started process (PID=1857) to work on /home/pyretttt/repos/mlops3/env/lib/python3.10/site-packages/airflow/example_dags/example_task_group_decorator.py
[2023-10-22T19:14:20.557+0400] {processor.py:829} INFO - Processing file /home/pyretttt/repos/mlops3/env/lib/python3.10/site-packages/airflow/example_dags/example_task_group_decorator.py for tasks to queue
[2023-10-22T19:14:20.558+0400] {logging_mixin.py:151} INFO - [2023-10-22T19:14:20.558+0400] {dagbag.py:536} INFO - Filling up the DagBag from /home/pyretttt/repos/mlops3/env/lib/python3.10/site-packages/airflow/example_dags/example_task_group_decorator.py
[2023-10-22T19:14:20.565+0400] {processor.py:839} INFO - DAG(s) dict_keys(['example_task_group_decorator']) retrieved from /home/pyretttt/repos/mlops3/env/lib/python3.10/site-packages/airflow/example_dags/example_task_group_decorator.py
[2023-10-22T19:14:20.574+0400] {logging_mixin.py:151} INFO - [2023-10-22T19:14:20.574+0400] {dag.py:2941} INFO - Sync 1 DAGs
[2023-10-22T19:14:20.584+0400] {logging_mixin.py:151} INFO - [2023-10-22T19:14:20.584+0400] {dag.py:3722} INFO - Setting next_dagrun for example_task_group_decorator to 2023-10-21T15:14:20.584061+00:00, run_after=2023-10-22T15:14:20.584061+00:00
[2023-10-22T19:14:20.594+0400] {processor.py:179} INFO - Processing /home/pyretttt/repos/mlops3/env/lib/python3.10/site-packages/airflow/example_dags/example_task_group_decorator.py took 0.042 seconds
[2023-10-22T19:15:12.434+0400] {processor.py:157} INFO - Started process (PID=1910) to work on /home/pyretttt/repos/mlops3/env/lib/python3.10/site-packages/airflow/example_dags/example_task_group_decorator.py
[2023-10-22T19:15:12.436+0400] {processor.py:829} INFO - Processing file /home/pyretttt/repos/mlops3/env/lib/python3.10/site-packages/airflow/example_dags/example_task_group_decorator.py for tasks to queue
[2023-10-22T19:15:12.437+0400] {logging_mixin.py:151} INFO - [2023-10-22T19:15:12.436+0400] {dagbag.py:536} INFO - Filling up the DagBag from /home/pyretttt/repos/mlops3/env/lib/python3.10/site-packages/airflow/example_dags/example_task_group_decorator.py
[2023-10-22T19:15:12.446+0400] {processor.py:839} INFO - DAG(s) dict_keys(['example_task_group_decorator']) retrieved from /home/pyretttt/repos/mlops3/env/lib/python3.10/site-packages/airflow/example_dags/example_task_group_decorator.py
[2023-10-22T19:15:12.455+0400] {logging_mixin.py:151} INFO - [2023-10-22T19:15:12.455+0400] {dag.py:2941} INFO - Sync 1 DAGs
[2023-10-22T19:15:12.463+0400] {logging_mixin.py:151} INFO - [2023-10-22T19:15:12.463+0400] {dag.py:3722} INFO - Setting next_dagrun for example_task_group_decorator to 2023-10-21T15:15:12.463354+00:00, run_after=2023-10-22T15:15:12.463354+00:00
[2023-10-22T19:15:12.476+0400] {processor.py:179} INFO - Processing /home/pyretttt/repos/mlops3/env/lib/python3.10/site-packages/airflow/example_dags/example_task_group_decorator.py took 0.045 seconds
[2023-10-22T19:16:07.368+0400] {processor.py:157} INFO - Started process (PID=1964) to work on /home/pyretttt/repos/mlops3/env/lib/python3.10/site-packages/airflow/example_dags/example_task_group_decorator.py
[2023-10-22T19:16:07.370+0400] {processor.py:829} INFO - Processing file /home/pyretttt/repos/mlops3/env/lib/python3.10/site-packages/airflow/example_dags/example_task_group_decorator.py for tasks to queue
[2023-10-22T19:16:07.371+0400] {logging_mixin.py:151} INFO - [2023-10-22T19:16:07.370+0400] {dagbag.py:536} INFO - Filling up the DagBag from /home/pyretttt/repos/mlops3/env/lib/python3.10/site-packages/airflow/example_dags/example_task_group_decorator.py
[2023-10-22T19:16:07.378+0400] {processor.py:839} INFO - DAG(s) dict_keys(['example_task_group_decorator']) retrieved from /home/pyretttt/repos/mlops3/env/lib/python3.10/site-packages/airflow/example_dags/example_task_group_decorator.py
[2023-10-22T19:16:07.386+0400] {logging_mixin.py:151} INFO - [2023-10-22T19:16:07.386+0400] {dag.py:2941} INFO - Sync 1 DAGs
[2023-10-22T19:16:07.394+0400] {logging_mixin.py:151} INFO - [2023-10-22T19:16:07.394+0400] {dag.py:3722} INFO - Setting next_dagrun for example_task_group_decorator to 2023-10-21T15:16:07.394504+00:00, run_after=2023-10-22T15:16:07.394504+00:00
[2023-10-22T19:16:07.405+0400] {processor.py:179} INFO - Processing /home/pyretttt/repos/mlops3/env/lib/python3.10/site-packages/airflow/example_dags/example_task_group_decorator.py took 0.040 seconds
[2023-10-22T19:17:04.635+0400] {processor.py:157} INFO - Started process (PID=2038) to work on /home/pyretttt/repos/mlops3/env/lib/python3.10/site-packages/airflow/example_dags/example_task_group_decorator.py
[2023-10-22T19:17:04.637+0400] {processor.py:829} INFO - Processing file /home/pyretttt/repos/mlops3/env/lib/python3.10/site-packages/airflow/example_dags/example_task_group_decorator.py for tasks to queue
[2023-10-22T19:17:04.638+0400] {logging_mixin.py:151} INFO - [2023-10-22T19:17:04.637+0400] {dagbag.py:536} INFO - Filling up the DagBag from /home/pyretttt/repos/mlops3/env/lib/python3.10/site-packages/airflow/example_dags/example_task_group_decorator.py
[2023-10-22T19:17:04.647+0400] {processor.py:839} INFO - DAG(s) dict_keys(['example_task_group_decorator']) retrieved from /home/pyretttt/repos/mlops3/env/lib/python3.10/site-packages/airflow/example_dags/example_task_group_decorator.py
[2023-10-22T19:17:04.656+0400] {logging_mixin.py:151} INFO - [2023-10-22T19:17:04.656+0400] {dag.py:2941} INFO - Sync 1 DAGs
[2023-10-22T19:17:04.664+0400] {logging_mixin.py:151} INFO - [2023-10-22T19:17:04.664+0400] {dag.py:3722} INFO - Setting next_dagrun for example_task_group_decorator to 2023-10-21T15:17:04.664354+00:00, run_after=2023-10-22T15:17:04.664354+00:00
[2023-10-22T19:17:04.676+0400] {processor.py:179} INFO - Processing /home/pyretttt/repos/mlops3/env/lib/python3.10/site-packages/airflow/example_dags/example_task_group_decorator.py took 0.043 seconds
[2023-10-22T19:17:58.428+0400] {processor.py:157} INFO - Started process (PID=2113) to work on /home/pyretttt/repos/mlops3/env/lib/python3.10/site-packages/airflow/example_dags/example_task_group_decorator.py
[2023-10-22T19:17:58.429+0400] {processor.py:829} INFO - Processing file /home/pyretttt/repos/mlops3/env/lib/python3.10/site-packages/airflow/example_dags/example_task_group_decorator.py for tasks to queue
[2023-10-22T19:17:58.429+0400] {logging_mixin.py:151} INFO - [2023-10-22T19:17:58.429+0400] {dagbag.py:536} INFO - Filling up the DagBag from /home/pyretttt/repos/mlops3/env/lib/python3.10/site-packages/airflow/example_dags/example_task_group_decorator.py
[2023-10-22T19:17:58.436+0400] {processor.py:839} INFO - DAG(s) dict_keys(['example_task_group_decorator']) retrieved from /home/pyretttt/repos/mlops3/env/lib/python3.10/site-packages/airflow/example_dags/example_task_group_decorator.py
[2023-10-22T19:17:58.444+0400] {logging_mixin.py:151} INFO - [2023-10-22T19:17:58.444+0400] {dag.py:2941} INFO - Sync 1 DAGs
[2023-10-22T19:17:58.454+0400] {logging_mixin.py:151} INFO - [2023-10-22T19:17:58.454+0400] {dag.py:3722} INFO - Setting next_dagrun for example_task_group_decorator to 2023-10-21T15:17:58.454098+00:00, run_after=2023-10-22T15:17:58.454098+00:00
[2023-10-22T19:17:58.466+0400] {processor.py:179} INFO - Processing /home/pyretttt/repos/mlops3/env/lib/python3.10/site-packages/airflow/example_dags/example_task_group_decorator.py took 0.039 seconds
[2023-10-22T19:18:54.661+0400] {processor.py:157} INFO - Started process (PID=2168) to work on /home/pyretttt/repos/mlops3/env/lib/python3.10/site-packages/airflow/example_dags/example_task_group_decorator.py
[2023-10-22T19:18:54.662+0400] {processor.py:829} INFO - Processing file /home/pyretttt/repos/mlops3/env/lib/python3.10/site-packages/airflow/example_dags/example_task_group_decorator.py for tasks to queue
[2023-10-22T19:18:54.663+0400] {logging_mixin.py:151} INFO - [2023-10-22T19:18:54.663+0400] {dagbag.py:536} INFO - Filling up the DagBag from /home/pyretttt/repos/mlops3/env/lib/python3.10/site-packages/airflow/example_dags/example_task_group_decorator.py
[2023-10-22T19:18:54.672+0400] {processor.py:839} INFO - DAG(s) dict_keys(['example_task_group_decorator']) retrieved from /home/pyretttt/repos/mlops3/env/lib/python3.10/site-packages/airflow/example_dags/example_task_group_decorator.py
[2023-10-22T19:18:54.681+0400] {logging_mixin.py:151} INFO - [2023-10-22T19:18:54.681+0400] {dag.py:2941} INFO - Sync 1 DAGs
[2023-10-22T19:18:54.689+0400] {logging_mixin.py:151} INFO - [2023-10-22T19:18:54.689+0400] {dag.py:3722} INFO - Setting next_dagrun for example_task_group_decorator to 2023-10-21T15:18:54.688910+00:00, run_after=2023-10-22T15:18:54.688910+00:00
[2023-10-22T19:18:54.699+0400] {processor.py:179} INFO - Processing /home/pyretttt/repos/mlops3/env/lib/python3.10/site-packages/airflow/example_dags/example_task_group_decorator.py took 0.042 seconds
[2023-10-22T19:19:46.891+0400] {processor.py:157} INFO - Started process (PID=2221) to work on /home/pyretttt/repos/mlops3/env/lib/python3.10/site-packages/airflow/example_dags/example_task_group_decorator.py
[2023-10-22T19:19:46.892+0400] {processor.py:829} INFO - Processing file /home/pyretttt/repos/mlops3/env/lib/python3.10/site-packages/airflow/example_dags/example_task_group_decorator.py for tasks to queue
[2023-10-22T19:19:46.894+0400] {logging_mixin.py:151} INFO - [2023-10-22T19:19:46.893+0400] {dagbag.py:536} INFO - Filling up the DagBag from /home/pyretttt/repos/mlops3/env/lib/python3.10/site-packages/airflow/example_dags/example_task_group_decorator.py
[2023-10-22T19:19:46.907+0400] {processor.py:839} INFO - DAG(s) dict_keys(['example_task_group_decorator']) retrieved from /home/pyretttt/repos/mlops3/env/lib/python3.10/site-packages/airflow/example_dags/example_task_group_decorator.py
[2023-10-22T19:19:46.917+0400] {logging_mixin.py:151} INFO - [2023-10-22T19:19:46.917+0400] {dag.py:2941} INFO - Sync 1 DAGs
[2023-10-22T19:19:46.924+0400] {logging_mixin.py:151} INFO - [2023-10-22T19:19:46.924+0400] {dag.py:3722} INFO - Setting next_dagrun for example_task_group_decorator to 2023-10-21T15:19:46.924167+00:00, run_after=2023-10-22T15:19:46.924167+00:00
[2023-10-22T19:19:46.934+0400] {processor.py:179} INFO - Processing /home/pyretttt/repos/mlops3/env/lib/python3.10/site-packages/airflow/example_dags/example_task_group_decorator.py took 0.047 seconds
[2023-10-22T19:20:41.595+0400] {processor.py:157} INFO - Started process (PID=2295) to work on /home/pyretttt/repos/mlops3/env/lib/python3.10/site-packages/airflow/example_dags/example_task_group_decorator.py
[2023-10-22T19:20:41.597+0400] {processor.py:829} INFO - Processing file /home/pyretttt/repos/mlops3/env/lib/python3.10/site-packages/airflow/example_dags/example_task_group_decorator.py for tasks to queue
[2023-10-22T19:20:41.598+0400] {logging_mixin.py:151} INFO - [2023-10-22T19:20:41.597+0400] {dagbag.py:536} INFO - Filling up the DagBag from /home/pyretttt/repos/mlops3/env/lib/python3.10/site-packages/airflow/example_dags/example_task_group_decorator.py
[2023-10-22T19:20:41.604+0400] {processor.py:839} INFO - DAG(s) dict_keys(['example_task_group_decorator']) retrieved from /home/pyretttt/repos/mlops3/env/lib/python3.10/site-packages/airflow/example_dags/example_task_group_decorator.py
[2023-10-22T19:20:41.613+0400] {logging_mixin.py:151} INFO - [2023-10-22T19:20:41.613+0400] {dag.py:2941} INFO - Sync 1 DAGs
[2023-10-22T19:20:41.621+0400] {logging_mixin.py:151} INFO - [2023-10-22T19:20:41.621+0400] {dag.py:3722} INFO - Setting next_dagrun for example_task_group_decorator to 2023-10-21T15:20:41.621036+00:00, run_after=2023-10-22T15:20:41.621036+00:00
[2023-10-22T19:20:41.633+0400] {processor.py:179} INFO - Processing /home/pyretttt/repos/mlops3/env/lib/python3.10/site-packages/airflow/example_dags/example_task_group_decorator.py took 0.041 seconds
