[2023-10-22T19:09:29.171+0400] {processor.py:157} INFO - Started process (PID=1382) to work on /home/pyretttt/repos/mlops3/env/lib/python3.10/site-packages/airflow/example_dags/example_nested_branch_dag.py
[2023-10-22T19:09:29.172+0400] {processor.py:829} INFO - Processing file /home/pyretttt/repos/mlops3/env/lib/python3.10/site-packages/airflow/example_dags/example_nested_branch_dag.py for tasks to queue
[2023-10-22T19:09:29.173+0400] {logging_mixin.py:151} INFO - [2023-10-22T19:09:29.173+0400] {dagbag.py:536} INFO - Filling up the DagBag from /home/pyretttt/repos/mlops3/env/lib/python3.10/site-packages/airflow/example_dags/example_nested_branch_dag.py
[2023-10-22T19:09:29.179+0400] {processor.py:839} INFO - DAG(s) dict_keys(['example_nested_branch_dag']) retrieved from /home/pyretttt/repos/mlops3/env/lib/python3.10/site-packages/airflow/example_dags/example_nested_branch_dag.py
[2023-10-22T19:09:29.238+0400] {logging_mixin.py:151} INFO - [2023-10-22T19:09:29.238+0400] {manager.py:499} INFO - Created Permission View: %s
[2023-10-22T19:09:29.248+0400] {logging_mixin.py:151} INFO - [2023-10-22T19:09:29.248+0400] {manager.py:499} INFO - Created Permission View: %s
[2023-10-22T19:09:29.257+0400] {logging_mixin.py:151} INFO - [2023-10-22T19:09:29.257+0400] {manager.py:499} INFO - Created Permission View: %s
[2023-10-22T19:09:29.257+0400] {logging_mixin.py:151} INFO - [2023-10-22T19:09:29.257+0400] {dag.py:2941} INFO - Sync 1 DAGs
[2023-10-22T19:09:29.263+0400] {logging_mixin.py:151} INFO - [2023-10-22T19:09:29.263+0400] {dag.py:2963} INFO - Creating ORM DAG for example_nested_branch_dag
[2023-10-22T19:09:29.268+0400] {logging_mixin.py:151} INFO - [2023-10-22T19:09:29.268+0400] {dag.py:3722} INFO - Setting next_dagrun for example_nested_branch_dag to 2023-10-21T00:00:00+00:00, run_after=2023-10-22T00:00:00+00:00
[2023-10-22T19:09:29.280+0400] {processor.py:179} INFO - Processing /home/pyretttt/repos/mlops3/env/lib/python3.10/site-packages/airflow/example_dags/example_nested_branch_dag.py took 0.112 seconds
[2023-10-22T19:10:49.932+0400] {processor.py:157} INFO - Started process (PID=1446) to work on /home/pyretttt/repos/mlops3/env/lib/python3.10/site-packages/airflow/example_dags/example_nested_branch_dag.py
[2023-10-22T19:10:49.934+0400] {processor.py:829} INFO - Processing file /home/pyretttt/repos/mlops3/env/lib/python3.10/site-packages/airflow/example_dags/example_nested_branch_dag.py for tasks to queue
[2023-10-22T19:10:49.935+0400] {logging_mixin.py:151} INFO - [2023-10-22T19:10:49.934+0400] {dagbag.py:536} INFO - Filling up the DagBag from /home/pyretttt/repos/mlops3/env/lib/python3.10/site-packages/airflow/example_dags/example_nested_branch_dag.py
[2023-10-22T19:10:49.940+0400] {processor.py:839} INFO - DAG(s) dict_keys(['example_nested_branch_dag']) retrieved from /home/pyretttt/repos/mlops3/env/lib/python3.10/site-packages/airflow/example_dags/example_nested_branch_dag.py
[2023-10-22T19:10:49.949+0400] {logging_mixin.py:151} INFO - [2023-10-22T19:10:49.949+0400] {dag.py:2941} INFO - Sync 1 DAGs
[2023-10-22T19:10:49.957+0400] {logging_mixin.py:151} INFO - [2023-10-22T19:10:49.957+0400] {dag.py:3722} INFO - Setting next_dagrun for example_nested_branch_dag to 2023-10-21T00:00:00+00:00, run_after=2023-10-22T00:00:00+00:00
[2023-10-22T19:10:49.968+0400] {processor.py:179} INFO - Processing /home/pyretttt/repos/mlops3/env/lib/python3.10/site-packages/airflow/example_dags/example_nested_branch_dag.py took 0.039 seconds
[2023-10-22T19:11:36.297+0400] {processor.py:157} INFO - Started process (PID=1659) to work on /home/pyretttt/repos/mlops3/env/lib/python3.10/site-packages/airflow/example_dags/example_nested_branch_dag.py
[2023-10-22T19:11:36.298+0400] {processor.py:829} INFO - Processing file /home/pyretttt/repos/mlops3/env/lib/python3.10/site-packages/airflow/example_dags/example_nested_branch_dag.py for tasks to queue
[2023-10-22T19:11:36.299+0400] {logging_mixin.py:151} INFO - [2023-10-22T19:11:36.298+0400] {dagbag.py:536} INFO - Filling up the DagBag from /home/pyretttt/repos/mlops3/env/lib/python3.10/site-packages/airflow/example_dags/example_nested_branch_dag.py
[2023-10-22T19:11:36.305+0400] {processor.py:839} INFO - DAG(s) dict_keys(['example_nested_branch_dag']) retrieved from /home/pyretttt/repos/mlops3/env/lib/python3.10/site-packages/airflow/example_dags/example_nested_branch_dag.py
[2023-10-22T19:11:36.316+0400] {logging_mixin.py:151} INFO - [2023-10-22T19:11:36.316+0400] {dag.py:2941} INFO - Sync 1 DAGs
[2023-10-22T19:11:36.327+0400] {logging_mixin.py:151} INFO - [2023-10-22T19:11:36.327+0400] {dag.py:3722} INFO - Setting next_dagrun for example_nested_branch_dag to 2023-10-21T00:00:00+00:00, run_after=2023-10-22T00:00:00+00:00
[2023-10-22T19:11:36.344+0400] {processor.py:179} INFO - Processing /home/pyretttt/repos/mlops3/env/lib/python3.10/site-packages/airflow/example_dags/example_nested_branch_dag.py took 0.050 seconds
[2023-10-22T19:12:28.391+0400] {processor.py:157} INFO - Started process (PID=1720) to work on /home/pyretttt/repos/mlops3/env/lib/python3.10/site-packages/airflow/example_dags/example_nested_branch_dag.py
[2023-10-22T19:12:28.394+0400] {processor.py:829} INFO - Processing file /home/pyretttt/repos/mlops3/env/lib/python3.10/site-packages/airflow/example_dags/example_nested_branch_dag.py for tasks to queue
[2023-10-22T19:12:28.396+0400] {logging_mixin.py:151} INFO - [2023-10-22T19:12:28.395+0400] {dagbag.py:536} INFO - Filling up the DagBag from /home/pyretttt/repos/mlops3/env/lib/python3.10/site-packages/airflow/example_dags/example_nested_branch_dag.py
[2023-10-22T19:12:28.404+0400] {processor.py:839} INFO - DAG(s) dict_keys(['example_nested_branch_dag']) retrieved from /home/pyretttt/repos/mlops3/env/lib/python3.10/site-packages/airflow/example_dags/example_nested_branch_dag.py
[2023-10-22T19:12:28.413+0400] {logging_mixin.py:151} INFO - [2023-10-22T19:12:28.413+0400] {dag.py:2941} INFO - Sync 1 DAGs
[2023-10-22T19:12:28.422+0400] {logging_mixin.py:151} INFO - [2023-10-22T19:12:28.422+0400] {dag.py:3722} INFO - Setting next_dagrun for example_nested_branch_dag to 2023-10-21T00:00:00+00:00, run_after=2023-10-22T00:00:00+00:00
[2023-10-22T19:12:28.434+0400] {processor.py:179} INFO - Processing /home/pyretttt/repos/mlops3/env/lib/python3.10/site-packages/airflow/example_dags/example_nested_branch_dag.py took 0.046 seconds
[2023-10-22T19:13:06.048+0400] {processor.py:157} INFO - Started process (PID=1760) to work on /home/pyretttt/repos/mlops3/env/lib/python3.10/site-packages/airflow/example_dags/example_nested_branch_dag.py
[2023-10-22T19:13:06.049+0400] {processor.py:829} INFO - Processing file /home/pyretttt/repos/mlops3/env/lib/python3.10/site-packages/airflow/example_dags/example_nested_branch_dag.py for tasks to queue
[2023-10-22T19:13:06.050+0400] {logging_mixin.py:151} INFO - [2023-10-22T19:13:06.050+0400] {dagbag.py:536} INFO - Filling up the DagBag from /home/pyretttt/repos/mlops3/env/lib/python3.10/site-packages/airflow/example_dags/example_nested_branch_dag.py
[2023-10-22T19:13:06.058+0400] {processor.py:839} INFO - DAG(s) dict_keys(['example_nested_branch_dag']) retrieved from /home/pyretttt/repos/mlops3/env/lib/python3.10/site-packages/airflow/example_dags/example_nested_branch_dag.py
[2023-10-22T19:13:06.066+0400] {logging_mixin.py:151} INFO - [2023-10-22T19:13:06.066+0400] {dag.py:2941} INFO - Sync 1 DAGs
[2023-10-22T19:13:06.074+0400] {logging_mixin.py:151} INFO - [2023-10-22T19:13:06.074+0400] {dag.py:3722} INFO - Setting next_dagrun for example_nested_branch_dag to 2023-10-21T00:00:00+00:00, run_after=2023-10-22T00:00:00+00:00
[2023-10-22T19:13:06.085+0400] {processor.py:179} INFO - Processing /home/pyretttt/repos/mlops3/env/lib/python3.10/site-packages/airflow/example_dags/example_nested_branch_dag.py took 0.041 seconds
[2023-10-22T19:13:55.556+0400] {processor.py:157} INFO - Started process (PID=1832) to work on /home/pyretttt/repos/mlops3/env/lib/python3.10/site-packages/airflow/example_dags/example_nested_branch_dag.py
[2023-10-22T19:13:55.558+0400] {processor.py:829} INFO - Processing file /home/pyretttt/repos/mlops3/env/lib/python3.10/site-packages/airflow/example_dags/example_nested_branch_dag.py for tasks to queue
[2023-10-22T19:13:55.559+0400] {logging_mixin.py:151} INFO - [2023-10-22T19:13:55.558+0400] {dagbag.py:536} INFO - Filling up the DagBag from /home/pyretttt/repos/mlops3/env/lib/python3.10/site-packages/airflow/example_dags/example_nested_branch_dag.py
[2023-10-22T19:13:55.566+0400] {processor.py:839} INFO - DAG(s) dict_keys(['example_nested_branch_dag']) retrieved from /home/pyretttt/repos/mlops3/env/lib/python3.10/site-packages/airflow/example_dags/example_nested_branch_dag.py
[2023-10-22T19:13:55.575+0400] {logging_mixin.py:151} INFO - [2023-10-22T19:13:55.575+0400] {dag.py:2941} INFO - Sync 1 DAGs
[2023-10-22T19:13:55.583+0400] {logging_mixin.py:151} INFO - [2023-10-22T19:13:55.583+0400] {dag.py:3722} INFO - Setting next_dagrun for example_nested_branch_dag to 2023-10-21T00:00:00+00:00, run_after=2023-10-22T00:00:00+00:00
[2023-10-22T19:13:55.593+0400] {processor.py:179} INFO - Processing /home/pyretttt/repos/mlops3/env/lib/python3.10/site-packages/airflow/example_dags/example_nested_branch_dag.py took 0.040 seconds
[2023-10-22T19:14:46.318+0400] {processor.py:157} INFO - Started process (PID=1884) to work on /home/pyretttt/repos/mlops3/env/lib/python3.10/site-packages/airflow/example_dags/example_nested_branch_dag.py
[2023-10-22T19:14:46.319+0400] {processor.py:829} INFO - Processing file /home/pyretttt/repos/mlops3/env/lib/python3.10/site-packages/airflow/example_dags/example_nested_branch_dag.py for tasks to queue
[2023-10-22T19:14:46.321+0400] {logging_mixin.py:151} INFO - [2023-10-22T19:14:46.320+0400] {dagbag.py:536} INFO - Filling up the DagBag from /home/pyretttt/repos/mlops3/env/lib/python3.10/site-packages/airflow/example_dags/example_nested_branch_dag.py
[2023-10-22T19:14:46.328+0400] {processor.py:839} INFO - DAG(s) dict_keys(['example_nested_branch_dag']) retrieved from /home/pyretttt/repos/mlops3/env/lib/python3.10/site-packages/airflow/example_dags/example_nested_branch_dag.py
[2023-10-22T19:14:46.337+0400] {logging_mixin.py:151} INFO - [2023-10-22T19:14:46.337+0400] {dag.py:2941} INFO - Sync 1 DAGs
[2023-10-22T19:14:46.345+0400] {logging_mixin.py:151} INFO - [2023-10-22T19:14:46.345+0400] {dag.py:3722} INFO - Setting next_dagrun for example_nested_branch_dag to 2023-10-21T00:00:00+00:00, run_after=2023-10-22T00:00:00+00:00
[2023-10-22T19:14:46.356+0400] {processor.py:179} INFO - Processing /home/pyretttt/repos/mlops3/env/lib/python3.10/site-packages/airflow/example_dags/example_nested_branch_dag.py took 0.041 seconds
[2023-10-22T19:15:21.671+0400] {processor.py:157} INFO - Started process (PID=1919) to work on /home/pyretttt/repos/mlops3/env/lib/python3.10/site-packages/airflow/example_dags/example_nested_branch_dag.py
[2023-10-22T19:15:21.672+0400] {processor.py:829} INFO - Processing file /home/pyretttt/repos/mlops3/env/lib/python3.10/site-packages/airflow/example_dags/example_nested_branch_dag.py for tasks to queue
[2023-10-22T19:15:21.673+0400] {logging_mixin.py:151} INFO - [2023-10-22T19:15:21.672+0400] {dagbag.py:536} INFO - Filling up the DagBag from /home/pyretttt/repos/mlops3/env/lib/python3.10/site-packages/airflow/example_dags/example_nested_branch_dag.py
[2023-10-22T19:15:21.677+0400] {processor.py:839} INFO - DAG(s) dict_keys(['example_nested_branch_dag']) retrieved from /home/pyretttt/repos/mlops3/env/lib/python3.10/site-packages/airflow/example_dags/example_nested_branch_dag.py
[2023-10-22T19:15:21.687+0400] {logging_mixin.py:151} INFO - [2023-10-22T19:15:21.687+0400] {dag.py:2941} INFO - Sync 1 DAGs
[2023-10-22T19:15:21.695+0400] {logging_mixin.py:151} INFO - [2023-10-22T19:15:21.695+0400] {dag.py:3722} INFO - Setting next_dagrun for example_nested_branch_dag to 2023-10-21T00:00:00+00:00, run_after=2023-10-22T00:00:00+00:00
[2023-10-22T19:15:21.706+0400] {processor.py:179} INFO - Processing /home/pyretttt/repos/mlops3/env/lib/python3.10/site-packages/airflow/example_dags/example_nested_branch_dag.py took 0.039 seconds
[2023-10-22T19:15:59.270+0400] {processor.py:157} INFO - Started process (PID=1956) to work on /home/pyretttt/repos/mlops3/env/lib/python3.10/site-packages/airflow/example_dags/example_nested_branch_dag.py
[2023-10-22T19:15:59.273+0400] {processor.py:829} INFO - Processing file /home/pyretttt/repos/mlops3/env/lib/python3.10/site-packages/airflow/example_dags/example_nested_branch_dag.py for tasks to queue
[2023-10-22T19:15:59.274+0400] {logging_mixin.py:151} INFO - [2023-10-22T19:15:59.274+0400] {dagbag.py:536} INFO - Filling up the DagBag from /home/pyretttt/repos/mlops3/env/lib/python3.10/site-packages/airflow/example_dags/example_nested_branch_dag.py
[2023-10-22T19:15:59.280+0400] {processor.py:839} INFO - DAG(s) dict_keys(['example_nested_branch_dag']) retrieved from /home/pyretttt/repos/mlops3/env/lib/python3.10/site-packages/airflow/example_dags/example_nested_branch_dag.py
[2023-10-22T19:15:59.290+0400] {logging_mixin.py:151} INFO - [2023-10-22T19:15:59.289+0400] {dag.py:2941} INFO - Sync 1 DAGs
[2023-10-22T19:15:59.300+0400] {logging_mixin.py:151} INFO - [2023-10-22T19:15:59.300+0400] {dag.py:3722} INFO - Setting next_dagrun for example_nested_branch_dag to 2023-10-21T00:00:00+00:00, run_after=2023-10-22T00:00:00+00:00
[2023-10-22T19:15:59.311+0400] {processor.py:179} INFO - Processing /home/pyretttt/repos/mlops3/env/lib/python3.10/site-packages/airflow/example_dags/example_nested_branch_dag.py took 0.046 seconds
[2023-10-22T19:16:37.108+0400] {processor.py:157} INFO - Started process (PID=1995) to work on /home/pyretttt/repos/mlops3/env/lib/python3.10/site-packages/airflow/example_dags/example_nested_branch_dag.py
[2023-10-22T19:16:37.109+0400] {processor.py:829} INFO - Processing file /home/pyretttt/repos/mlops3/env/lib/python3.10/site-packages/airflow/example_dags/example_nested_branch_dag.py for tasks to queue
[2023-10-22T19:16:37.111+0400] {logging_mixin.py:151} INFO - [2023-10-22T19:16:37.110+0400] {dagbag.py:536} INFO - Filling up the DagBag from /home/pyretttt/repos/mlops3/env/lib/python3.10/site-packages/airflow/example_dags/example_nested_branch_dag.py
[2023-10-22T19:16:37.119+0400] {processor.py:839} INFO - DAG(s) dict_keys(['example_nested_branch_dag']) retrieved from /home/pyretttt/repos/mlops3/env/lib/python3.10/site-packages/airflow/example_dags/example_nested_branch_dag.py
[2023-10-22T19:16:37.127+0400] {logging_mixin.py:151} INFO - [2023-10-22T19:16:37.127+0400] {dag.py:2941} INFO - Sync 1 DAGs
[2023-10-22T19:16:37.137+0400] {logging_mixin.py:151} INFO - [2023-10-22T19:16:37.137+0400] {dag.py:3722} INFO - Setting next_dagrun for example_nested_branch_dag to 2023-10-21T00:00:00+00:00, run_after=2023-10-22T00:00:00+00:00
[2023-10-22T19:16:37.148+0400] {processor.py:179} INFO - Processing /home/pyretttt/repos/mlops3/env/lib/python3.10/site-packages/airflow/example_dags/example_nested_branch_dag.py took 0.043 seconds
[2023-10-22T19:17:14.875+0400] {processor.py:157} INFO - Started process (PID=2048) to work on /home/pyretttt/repos/mlops3/env/lib/python3.10/site-packages/airflow/example_dags/example_nested_branch_dag.py
[2023-10-22T19:17:14.877+0400] {processor.py:829} INFO - Processing file /home/pyretttt/repos/mlops3/env/lib/python3.10/site-packages/airflow/example_dags/example_nested_branch_dag.py for tasks to queue
[2023-10-22T19:17:14.878+0400] {logging_mixin.py:151} INFO - [2023-10-22T19:17:14.877+0400] {dagbag.py:536} INFO - Filling up the DagBag from /home/pyretttt/repos/mlops3/env/lib/python3.10/site-packages/airflow/example_dags/example_nested_branch_dag.py
[2023-10-22T19:17:14.889+0400] {processor.py:839} INFO - DAG(s) dict_keys(['example_nested_branch_dag']) retrieved from /home/pyretttt/repos/mlops3/env/lib/python3.10/site-packages/airflow/example_dags/example_nested_branch_dag.py
[2023-10-22T19:17:14.898+0400] {logging_mixin.py:151} INFO - [2023-10-22T19:17:14.898+0400] {dag.py:2941} INFO - Sync 1 DAGs
[2023-10-22T19:17:14.908+0400] {logging_mixin.py:151} INFO - [2023-10-22T19:17:14.908+0400] {dag.py:3722} INFO - Setting next_dagrun for example_nested_branch_dag to 2023-10-21T00:00:00+00:00, run_after=2023-10-22T00:00:00+00:00
[2023-10-22T19:17:14.921+0400] {processor.py:179} INFO - Processing /home/pyretttt/repos/mlops3/env/lib/python3.10/site-packages/airflow/example_dags/example_nested_branch_dag.py took 0.049 seconds
[2023-10-22T19:17:52.165+0400] {processor.py:157} INFO - Started process (PID=2106) to work on /home/pyretttt/repos/mlops3/env/lib/python3.10/site-packages/airflow/example_dags/example_nested_branch_dag.py
[2023-10-22T19:17:52.169+0400] {processor.py:829} INFO - Processing file /home/pyretttt/repos/mlops3/env/lib/python3.10/site-packages/airflow/example_dags/example_nested_branch_dag.py for tasks to queue
[2023-10-22T19:17:52.173+0400] {logging_mixin.py:151} INFO - [2023-10-22T19:17:52.172+0400] {dagbag.py:536} INFO - Filling up the DagBag from /home/pyretttt/repos/mlops3/env/lib/python3.10/site-packages/airflow/example_dags/example_nested_branch_dag.py
[2023-10-22T19:17:52.179+0400] {processor.py:839} INFO - DAG(s) dict_keys(['example_nested_branch_dag']) retrieved from /home/pyretttt/repos/mlops3/env/lib/python3.10/site-packages/airflow/example_dags/example_nested_branch_dag.py
[2023-10-22T19:17:52.189+0400] {logging_mixin.py:151} INFO - [2023-10-22T19:17:52.189+0400] {dag.py:2941} INFO - Sync 1 DAGs
[2023-10-22T19:17:52.197+0400] {logging_mixin.py:151} INFO - [2023-10-22T19:17:52.197+0400] {dag.py:3722} INFO - Setting next_dagrun for example_nested_branch_dag to 2023-10-21T00:00:00+00:00, run_after=2023-10-22T00:00:00+00:00
[2023-10-22T19:17:52.208+0400] {processor.py:179} INFO - Processing /home/pyretttt/repos/mlops3/env/lib/python3.10/site-packages/airflow/example_dags/example_nested_branch_dag.py took 0.047 seconds
[2023-10-22T19:18:26.999+0400] {processor.py:157} INFO - Started process (PID=2142) to work on /home/pyretttt/repos/mlops3/env/lib/python3.10/site-packages/airflow/example_dags/example_nested_branch_dag.py
[2023-10-22T19:18:27.000+0400] {processor.py:829} INFO - Processing file /home/pyretttt/repos/mlops3/env/lib/python3.10/site-packages/airflow/example_dags/example_nested_branch_dag.py for tasks to queue
[2023-10-22T19:18:27.002+0400] {logging_mixin.py:151} INFO - [2023-10-22T19:18:27.001+0400] {dagbag.py:536} INFO - Filling up the DagBag from /home/pyretttt/repos/mlops3/env/lib/python3.10/site-packages/airflow/example_dags/example_nested_branch_dag.py
[2023-10-22T19:18:27.009+0400] {processor.py:839} INFO - DAG(s) dict_keys(['example_nested_branch_dag']) retrieved from /home/pyretttt/repos/mlops3/env/lib/python3.10/site-packages/airflow/example_dags/example_nested_branch_dag.py
[2023-10-22T19:18:27.018+0400] {logging_mixin.py:151} INFO - [2023-10-22T19:18:27.018+0400] {dag.py:2941} INFO - Sync 1 DAGs
[2023-10-22T19:18:27.027+0400] {logging_mixin.py:151} INFO - [2023-10-22T19:18:27.027+0400] {dag.py:3722} INFO - Setting next_dagrun for example_nested_branch_dag to 2023-10-21T00:00:00+00:00, run_after=2023-10-22T00:00:00+00:00
[2023-10-22T19:18:27.040+0400] {processor.py:179} INFO - Processing /home/pyretttt/repos/mlops3/env/lib/python3.10/site-packages/airflow/example_dags/example_nested_branch_dag.py took 0.045 seconds
[2023-10-22T19:19:04.870+0400] {processor.py:157} INFO - Started process (PID=2178) to work on /home/pyretttt/repos/mlops3/env/lib/python3.10/site-packages/airflow/example_dags/example_nested_branch_dag.py
[2023-10-22T19:19:04.872+0400] {processor.py:829} INFO - Processing file /home/pyretttt/repos/mlops3/env/lib/python3.10/site-packages/airflow/example_dags/example_nested_branch_dag.py for tasks to queue
[2023-10-22T19:19:04.873+0400] {logging_mixin.py:151} INFO - [2023-10-22T19:19:04.872+0400] {dagbag.py:536} INFO - Filling up the DagBag from /home/pyretttt/repos/mlops3/env/lib/python3.10/site-packages/airflow/example_dags/example_nested_branch_dag.py
[2023-10-22T19:19:04.879+0400] {processor.py:839} INFO - DAG(s) dict_keys(['example_nested_branch_dag']) retrieved from /home/pyretttt/repos/mlops3/env/lib/python3.10/site-packages/airflow/example_dags/example_nested_branch_dag.py
[2023-10-22T19:19:04.887+0400] {logging_mixin.py:151} INFO - [2023-10-22T19:19:04.887+0400] {dag.py:2941} INFO - Sync 1 DAGs
[2023-10-22T19:19:04.895+0400] {logging_mixin.py:151} INFO - [2023-10-22T19:19:04.895+0400] {dag.py:3722} INFO - Setting next_dagrun for example_nested_branch_dag to 2023-10-21T00:00:00+00:00, run_after=2023-10-22T00:00:00+00:00
[2023-10-22T19:19:04.906+0400] {processor.py:179} INFO - Processing /home/pyretttt/repos/mlops3/env/lib/python3.10/site-packages/airflow/example_dags/example_nested_branch_dag.py took 0.039 seconds
[2023-10-22T19:19:39.350+0400] {processor.py:157} INFO - Started process (PID=2214) to work on /home/pyretttt/repos/mlops3/env/lib/python3.10/site-packages/airflow/example_dags/example_nested_branch_dag.py
[2023-10-22T19:19:39.350+0400] {processor.py:829} INFO - Processing file /home/pyretttt/repos/mlops3/env/lib/python3.10/site-packages/airflow/example_dags/example_nested_branch_dag.py for tasks to queue
[2023-10-22T19:19:39.352+0400] {logging_mixin.py:151} INFO - [2023-10-22T19:19:39.351+0400] {dagbag.py:536} INFO - Filling up the DagBag from /home/pyretttt/repos/mlops3/env/lib/python3.10/site-packages/airflow/example_dags/example_nested_branch_dag.py
[2023-10-22T19:19:39.357+0400] {processor.py:839} INFO - DAG(s) dict_keys(['example_nested_branch_dag']) retrieved from /home/pyretttt/repos/mlops3/env/lib/python3.10/site-packages/airflow/example_dags/example_nested_branch_dag.py
[2023-10-22T19:19:39.365+0400] {logging_mixin.py:151} INFO - [2023-10-22T19:19:39.365+0400] {dag.py:2941} INFO - Sync 1 DAGs
[2023-10-22T19:19:39.373+0400] {logging_mixin.py:151} INFO - [2023-10-22T19:19:39.372+0400] {dag.py:3722} INFO - Setting next_dagrun for example_nested_branch_dag to 2023-10-21T00:00:00+00:00, run_after=2023-10-22T00:00:00+00:00
[2023-10-22T19:19:39.383+0400] {processor.py:179} INFO - Processing /home/pyretttt/repos/mlops3/env/lib/python3.10/site-packages/airflow/example_dags/example_nested_branch_dag.py took 0.037 seconds
[2023-10-22T19:20:15.434+0400] {processor.py:157} INFO - Started process (PID=2251) to work on /home/pyretttt/repos/mlops3/env/lib/python3.10/site-packages/airflow/example_dags/example_nested_branch_dag.py
[2023-10-22T19:20:15.436+0400] {processor.py:829} INFO - Processing file /home/pyretttt/repos/mlops3/env/lib/python3.10/site-packages/airflow/example_dags/example_nested_branch_dag.py for tasks to queue
[2023-10-22T19:20:15.437+0400] {logging_mixin.py:151} INFO - [2023-10-22T19:20:15.436+0400] {dagbag.py:536} INFO - Filling up the DagBag from /home/pyretttt/repos/mlops3/env/lib/python3.10/site-packages/airflow/example_dags/example_nested_branch_dag.py
[2023-10-22T19:20:15.442+0400] {processor.py:839} INFO - DAG(s) dict_keys(['example_nested_branch_dag']) retrieved from /home/pyretttt/repos/mlops3/env/lib/python3.10/site-packages/airflow/example_dags/example_nested_branch_dag.py
[2023-10-22T19:20:15.452+0400] {logging_mixin.py:151} INFO - [2023-10-22T19:20:15.452+0400] {dag.py:2941} INFO - Sync 1 DAGs
[2023-10-22T19:20:15.459+0400] {logging_mixin.py:151} INFO - [2023-10-22T19:20:15.459+0400] {dag.py:3722} INFO - Setting next_dagrun for example_nested_branch_dag to 2023-10-21T00:00:00+00:00, run_after=2023-10-22T00:00:00+00:00
[2023-10-22T19:20:15.470+0400] {processor.py:179} INFO - Processing /home/pyretttt/repos/mlops3/env/lib/python3.10/site-packages/airflow/example_dags/example_nested_branch_dag.py took 0.038 seconds
