[2023-10-22T19:08:02.251+0400] {processor.py:157} INFO - Started process (PID=1373) to work on /home/pyretttt/repos/mlops3/env/lib/python3.10/site-packages/airflow/example_dags/example_sensor_decorator.py
[2023-10-22T19:08:02.252+0400] {processor.py:829} INFO - Processing file /home/pyretttt/repos/mlops3/env/lib/python3.10/site-packages/airflow/example_dags/example_sensor_decorator.py for tasks to queue
[2023-10-22T19:08:02.252+0400] {logging_mixin.py:151} INFO - [2023-10-22T19:08:02.252+0400] {dagbag.py:536} INFO - Filling up the DagBag from /home/pyretttt/repos/mlops3/env/lib/python3.10/site-packages/airflow/example_dags/example_sensor_decorator.py
[2023-10-22T19:08:02.258+0400] {processor.py:839} INFO - DAG(s) dict_keys(['example_sensor_decorator']) retrieved from /home/pyretttt/repos/mlops3/env/lib/python3.10/site-packages/airflow/example_dags/example_sensor_decorator.py
[2023-10-22T19:08:02.318+0400] {logging_mixin.py:151} INFO - [2023-10-22T19:08:02.317+0400] {manager.py:499} INFO - Created Permission View: %s
[2023-10-22T19:08:02.336+0400] {logging_mixin.py:151} INFO - [2023-10-22T19:08:02.336+0400] {manager.py:499} INFO - Created Permission View: %s
[2023-10-22T19:08:02.349+0400] {logging_mixin.py:151} INFO - [2023-10-22T19:08:02.349+0400] {manager.py:499} INFO - Created Permission View: %s
[2023-10-22T19:08:02.349+0400] {logging_mixin.py:151} INFO - [2023-10-22T19:08:02.349+0400] {dag.py:2941} INFO - Sync 1 DAGs
[2023-10-22T19:08:02.366+0400] {logging_mixin.py:151} INFO - [2023-10-22T19:08:02.365+0400] {dag.py:2963} INFO - Creating ORM DAG for example_sensor_decorator
[2023-10-22T19:08:02.366+0400] {logging_mixin.py:151} INFO - [2023-10-22T19:08:02.366+0400] {dag.py:3722} INFO - Setting next_dagrun for example_sensor_decorator to None, run_after=None
[2023-10-22T19:08:02.399+0400] {processor.py:179} INFO - Processing /home/pyretttt/repos/mlops3/env/lib/python3.10/site-packages/airflow/example_dags/example_sensor_decorator.py took 0.149 seconds
[2023-10-22T19:10:44.234+0400] {processor.py:157} INFO - Started process (PID=1440) to work on /home/pyretttt/repos/mlops3/env/lib/python3.10/site-packages/airflow/example_dags/example_sensor_decorator.py
[2023-10-22T19:10:44.235+0400] {processor.py:829} INFO - Processing file /home/pyretttt/repos/mlops3/env/lib/python3.10/site-packages/airflow/example_dags/example_sensor_decorator.py for tasks to queue
[2023-10-22T19:10:44.236+0400] {logging_mixin.py:151} INFO - [2023-10-22T19:10:44.236+0400] {dagbag.py:536} INFO - Filling up the DagBag from /home/pyretttt/repos/mlops3/env/lib/python3.10/site-packages/airflow/example_dags/example_sensor_decorator.py
[2023-10-22T19:10:44.243+0400] {processor.py:839} INFO - DAG(s) dict_keys(['example_sensor_decorator']) retrieved from /home/pyretttt/repos/mlops3/env/lib/python3.10/site-packages/airflow/example_dags/example_sensor_decorator.py
[2023-10-22T19:10:44.252+0400] {logging_mixin.py:151} INFO - [2023-10-22T19:10:44.252+0400] {dag.py:2941} INFO - Sync 1 DAGs
[2023-10-22T19:10:44.257+0400] {logging_mixin.py:151} INFO - [2023-10-22T19:10:44.257+0400] {dag.py:3722} INFO - Setting next_dagrun for example_sensor_decorator to None, run_after=None
[2023-10-22T19:10:44.269+0400] {processor.py:179} INFO - Processing /home/pyretttt/repos/mlops3/env/lib/python3.10/site-packages/airflow/example_dags/example_sensor_decorator.py took 0.038 seconds
[2023-10-22T19:11:19.447+0400] {processor.py:157} INFO - Started process (PID=1482) to work on /home/pyretttt/repos/mlops3/env/lib/python3.10/site-packages/airflow/example_dags/example_sensor_decorator.py
[2023-10-22T19:11:19.449+0400] {processor.py:829} INFO - Processing file /home/pyretttt/repos/mlops3/env/lib/python3.10/site-packages/airflow/example_dags/example_sensor_decorator.py for tasks to queue
[2023-10-22T19:11:19.450+0400] {logging_mixin.py:151} INFO - [2023-10-22T19:11:19.450+0400] {dagbag.py:536} INFO - Filling up the DagBag from /home/pyretttt/repos/mlops3/env/lib/python3.10/site-packages/airflow/example_dags/example_sensor_decorator.py
[2023-10-22T19:11:19.456+0400] {processor.py:839} INFO - DAG(s) dict_keys(['example_sensor_decorator']) retrieved from /home/pyretttt/repos/mlops3/env/lib/python3.10/site-packages/airflow/example_dags/example_sensor_decorator.py
[2023-10-22T19:11:19.469+0400] {logging_mixin.py:151} INFO - [2023-10-22T19:11:19.469+0400] {dag.py:2941} INFO - Sync 1 DAGs
[2023-10-22T19:11:19.475+0400] {logging_mixin.py:151} INFO - [2023-10-22T19:11:19.474+0400] {dag.py:3722} INFO - Setting next_dagrun for example_sensor_decorator to None, run_after=None
[2023-10-22T19:11:19.487+0400] {processor.py:179} INFO - Processing /home/pyretttt/repos/mlops3/env/lib/python3.10/site-packages/airflow/example_dags/example_sensor_decorator.py took 0.057 seconds
[2023-10-22T19:12:04.642+0400] {processor.py:157} INFO - Started process (PID=1698) to work on /home/pyretttt/repos/mlops3/env/lib/python3.10/site-packages/airflow/example_dags/example_sensor_decorator.py
[2023-10-22T19:12:04.644+0400] {processor.py:829} INFO - Processing file /home/pyretttt/repos/mlops3/env/lib/python3.10/site-packages/airflow/example_dags/example_sensor_decorator.py for tasks to queue
[2023-10-22T19:12:04.646+0400] {logging_mixin.py:151} INFO - [2023-10-22T19:12:04.645+0400] {dagbag.py:536} INFO - Filling up the DagBag from /home/pyretttt/repos/mlops3/env/lib/python3.10/site-packages/airflow/example_dags/example_sensor_decorator.py
[2023-10-22T19:12:04.653+0400] {processor.py:839} INFO - DAG(s) dict_keys(['example_sensor_decorator']) retrieved from /home/pyretttt/repos/mlops3/env/lib/python3.10/site-packages/airflow/example_dags/example_sensor_decorator.py
[2023-10-22T19:12:04.661+0400] {logging_mixin.py:151} INFO - [2023-10-22T19:12:04.661+0400] {dag.py:2941} INFO - Sync 1 DAGs
[2023-10-22T19:12:04.665+0400] {logging_mixin.py:151} INFO - [2023-10-22T19:12:04.665+0400] {dag.py:3722} INFO - Setting next_dagrun for example_sensor_decorator to None, run_after=None
[2023-10-22T19:12:04.676+0400] {processor.py:179} INFO - Processing /home/pyretttt/repos/mlops3/env/lib/python3.10/site-packages/airflow/example_dags/example_sensor_decorator.py took 0.037 seconds
[2023-10-22T19:12:45.219+0400] {processor.py:157} INFO - Started process (PID=1737) to work on /home/pyretttt/repos/mlops3/env/lib/python3.10/site-packages/airflow/example_dags/example_sensor_decorator.py
[2023-10-22T19:12:45.220+0400] {processor.py:829} INFO - Processing file /home/pyretttt/repos/mlops3/env/lib/python3.10/site-packages/airflow/example_dags/example_sensor_decorator.py for tasks to queue
[2023-10-22T19:12:45.222+0400] {logging_mixin.py:151} INFO - [2023-10-22T19:12:45.221+0400] {dagbag.py:536} INFO - Filling up the DagBag from /home/pyretttt/repos/mlops3/env/lib/python3.10/site-packages/airflow/example_dags/example_sensor_decorator.py
[2023-10-22T19:12:45.229+0400] {processor.py:839} INFO - DAG(s) dict_keys(['example_sensor_decorator']) retrieved from /home/pyretttt/repos/mlops3/env/lib/python3.10/site-packages/airflow/example_dags/example_sensor_decorator.py
[2023-10-22T19:12:45.239+0400] {logging_mixin.py:151} INFO - [2023-10-22T19:12:45.239+0400] {dag.py:2941} INFO - Sync 1 DAGs
[2023-10-22T19:12:45.244+0400] {logging_mixin.py:151} INFO - [2023-10-22T19:12:45.244+0400] {dag.py:3722} INFO - Setting next_dagrun for example_sensor_decorator to None, run_after=None
[2023-10-22T19:12:45.256+0400] {processor.py:179} INFO - Processing /home/pyretttt/repos/mlops3/env/lib/python3.10/site-packages/airflow/example_dags/example_sensor_decorator.py took 0.041 seconds
[2023-10-22T19:13:17.950+0400] {processor.py:157} INFO - Started process (PID=1772) to work on /home/pyretttt/repos/mlops3/env/lib/python3.10/site-packages/airflow/example_dags/example_sensor_decorator.py
[2023-10-22T19:13:17.951+0400] {processor.py:829} INFO - Processing file /home/pyretttt/repos/mlops3/env/lib/python3.10/site-packages/airflow/example_dags/example_sensor_decorator.py for tasks to queue
[2023-10-22T19:13:17.952+0400] {logging_mixin.py:151} INFO - [2023-10-22T19:13:17.952+0400] {dagbag.py:536} INFO - Filling up the DagBag from /home/pyretttt/repos/mlops3/env/lib/python3.10/site-packages/airflow/example_dags/example_sensor_decorator.py
[2023-10-22T19:13:17.959+0400] {processor.py:839} INFO - DAG(s) dict_keys(['example_sensor_decorator']) retrieved from /home/pyretttt/repos/mlops3/env/lib/python3.10/site-packages/airflow/example_dags/example_sensor_decorator.py
[2023-10-22T19:13:17.968+0400] {logging_mixin.py:151} INFO - [2023-10-22T19:13:17.968+0400] {dag.py:2941} INFO - Sync 1 DAGs
[2023-10-22T19:13:17.972+0400] {logging_mixin.py:151} INFO - [2023-10-22T19:13:17.972+0400] {dag.py:3722} INFO - Setting next_dagrun for example_sensor_decorator to None, run_after=None
[2023-10-22T19:13:17.983+0400] {processor.py:179} INFO - Processing /home/pyretttt/repos/mlops3/env/lib/python3.10/site-packages/airflow/example_dags/example_sensor_decorator.py took 0.037 seconds
[2023-10-22T19:13:51.077+0400] {processor.py:157} INFO - Started process (PID=1828) to work on /home/pyretttt/repos/mlops3/env/lib/python3.10/site-packages/airflow/example_dags/example_sensor_decorator.py
[2023-10-22T19:13:51.077+0400] {processor.py:829} INFO - Processing file /home/pyretttt/repos/mlops3/env/lib/python3.10/site-packages/airflow/example_dags/example_sensor_decorator.py for tasks to queue
[2023-10-22T19:13:51.078+0400] {logging_mixin.py:151} INFO - [2023-10-22T19:13:51.078+0400] {dagbag.py:536} INFO - Filling up the DagBag from /home/pyretttt/repos/mlops3/env/lib/python3.10/site-packages/airflow/example_dags/example_sensor_decorator.py
[2023-10-22T19:13:51.082+0400] {processor.py:839} INFO - DAG(s) dict_keys(['example_sensor_decorator']) retrieved from /home/pyretttt/repos/mlops3/env/lib/python3.10/site-packages/airflow/example_dags/example_sensor_decorator.py
[2023-10-22T19:13:51.093+0400] {logging_mixin.py:151} INFO - [2023-10-22T19:13:51.093+0400] {dag.py:2941} INFO - Sync 1 DAGs
[2023-10-22T19:13:51.098+0400] {logging_mixin.py:151} INFO - [2023-10-22T19:13:51.098+0400] {dag.py:3722} INFO - Setting next_dagrun for example_sensor_decorator to None, run_after=None
[2023-10-22T19:13:51.119+0400] {processor.py:179} INFO - Processing /home/pyretttt/repos/mlops3/env/lib/python3.10/site-packages/airflow/example_dags/example_sensor_decorator.py took 0.044 seconds
[2023-10-22T19:14:27.360+0400] {processor.py:157} INFO - Started process (PID=1864) to work on /home/pyretttt/repos/mlops3/env/lib/python3.10/site-packages/airflow/example_dags/example_sensor_decorator.py
[2023-10-22T19:14:27.363+0400] {processor.py:829} INFO - Processing file /home/pyretttt/repos/mlops3/env/lib/python3.10/site-packages/airflow/example_dags/example_sensor_decorator.py for tasks to queue
[2023-10-22T19:14:27.364+0400] {logging_mixin.py:151} INFO - [2023-10-22T19:14:27.364+0400] {dagbag.py:536} INFO - Filling up the DagBag from /home/pyretttt/repos/mlops3/env/lib/python3.10/site-packages/airflow/example_dags/example_sensor_decorator.py
[2023-10-22T19:14:27.369+0400] {processor.py:839} INFO - DAG(s) dict_keys(['example_sensor_decorator']) retrieved from /home/pyretttt/repos/mlops3/env/lib/python3.10/site-packages/airflow/example_dags/example_sensor_decorator.py
[2023-10-22T19:14:27.379+0400] {logging_mixin.py:151} INFO - [2023-10-22T19:14:27.378+0400] {dag.py:2941} INFO - Sync 1 DAGs
[2023-10-22T19:14:27.383+0400] {logging_mixin.py:151} INFO - [2023-10-22T19:14:27.383+0400] {dag.py:3722} INFO - Setting next_dagrun for example_sensor_decorator to None, run_after=None
[2023-10-22T19:14:27.395+0400] {processor.py:179} INFO - Processing /home/pyretttt/repos/mlops3/env/lib/python3.10/site-packages/airflow/example_dags/example_sensor_decorator.py took 0.038 seconds
[2023-10-22T19:15:01.926+0400] {processor.py:157} INFO - Started process (PID=1900) to work on /home/pyretttt/repos/mlops3/env/lib/python3.10/site-packages/airflow/example_dags/example_sensor_decorator.py
[2023-10-22T19:15:01.928+0400] {processor.py:829} INFO - Processing file /home/pyretttt/repos/mlops3/env/lib/python3.10/site-packages/airflow/example_dags/example_sensor_decorator.py for tasks to queue
[2023-10-22T19:15:01.929+0400] {logging_mixin.py:151} INFO - [2023-10-22T19:15:01.929+0400] {dagbag.py:536} INFO - Filling up the DagBag from /home/pyretttt/repos/mlops3/env/lib/python3.10/site-packages/airflow/example_dags/example_sensor_decorator.py
[2023-10-22T19:15:01.934+0400] {processor.py:839} INFO - DAG(s) dict_keys(['example_sensor_decorator']) retrieved from /home/pyretttt/repos/mlops3/env/lib/python3.10/site-packages/airflow/example_dags/example_sensor_decorator.py
[2023-10-22T19:15:01.941+0400] {logging_mixin.py:151} INFO - [2023-10-22T19:15:01.941+0400] {dag.py:2941} INFO - Sync 1 DAGs
[2023-10-22T19:15:01.947+0400] {logging_mixin.py:151} INFO - [2023-10-22T19:15:01.947+0400] {dag.py:3722} INFO - Setting next_dagrun for example_sensor_decorator to None, run_after=None
[2023-10-22T19:15:01.960+0400] {processor.py:179} INFO - Processing /home/pyretttt/repos/mlops3/env/lib/python3.10/site-packages/airflow/example_dags/example_sensor_decorator.py took 0.037 seconds
[2023-10-22T19:15:37.381+0400] {processor.py:157} INFO - Started process (PID=1936) to work on /home/pyretttt/repos/mlops3/env/lib/python3.10/site-packages/airflow/example_dags/example_sensor_decorator.py
[2023-10-22T19:15:37.383+0400] {processor.py:829} INFO - Processing file /home/pyretttt/repos/mlops3/env/lib/python3.10/site-packages/airflow/example_dags/example_sensor_decorator.py for tasks to queue
[2023-10-22T19:15:37.384+0400] {logging_mixin.py:151} INFO - [2023-10-22T19:15:37.383+0400] {dagbag.py:536} INFO - Filling up the DagBag from /home/pyretttt/repos/mlops3/env/lib/python3.10/site-packages/airflow/example_dags/example_sensor_decorator.py
[2023-10-22T19:15:37.390+0400] {processor.py:839} INFO - DAG(s) dict_keys(['example_sensor_decorator']) retrieved from /home/pyretttt/repos/mlops3/env/lib/python3.10/site-packages/airflow/example_dags/example_sensor_decorator.py
[2023-10-22T19:15:37.402+0400] {logging_mixin.py:151} INFO - [2023-10-22T19:15:37.402+0400] {dag.py:2941} INFO - Sync 1 DAGs
[2023-10-22T19:15:37.412+0400] {logging_mixin.py:151} INFO - [2023-10-22T19:15:37.412+0400] {dag.py:3722} INFO - Setting next_dagrun for example_sensor_decorator to None, run_after=None
[2023-10-22T19:15:37.444+0400] {processor.py:179} INFO - Processing /home/pyretttt/repos/mlops3/env/lib/python3.10/site-packages/airflow/example_dags/example_sensor_decorator.py took 0.067 seconds
[2023-10-22T19:16:16.174+0400] {processor.py:157} INFO - Started process (PID=1972) to work on /home/pyretttt/repos/mlops3/env/lib/python3.10/site-packages/airflow/example_dags/example_sensor_decorator.py
[2023-10-22T19:16:16.175+0400] {processor.py:829} INFO - Processing file /home/pyretttt/repos/mlops3/env/lib/python3.10/site-packages/airflow/example_dags/example_sensor_decorator.py for tasks to queue
[2023-10-22T19:16:16.176+0400] {logging_mixin.py:151} INFO - [2023-10-22T19:16:16.175+0400] {dagbag.py:536} INFO - Filling up the DagBag from /home/pyretttt/repos/mlops3/env/lib/python3.10/site-packages/airflow/example_dags/example_sensor_decorator.py
[2023-10-22T19:16:16.179+0400] {processor.py:839} INFO - DAG(s) dict_keys(['example_sensor_decorator']) retrieved from /home/pyretttt/repos/mlops3/env/lib/python3.10/site-packages/airflow/example_dags/example_sensor_decorator.py
[2023-10-22T19:16:16.191+0400] {logging_mixin.py:151} INFO - [2023-10-22T19:16:16.190+0400] {dag.py:2941} INFO - Sync 1 DAGs
[2023-10-22T19:16:16.197+0400] {logging_mixin.py:151} INFO - [2023-10-22T19:16:16.197+0400] {dag.py:3722} INFO - Setting next_dagrun for example_sensor_decorator to None, run_after=None
[2023-10-22T19:16:16.209+0400] {processor.py:179} INFO - Processing /home/pyretttt/repos/mlops3/env/lib/python3.10/site-packages/airflow/example_dags/example_sensor_decorator.py took 0.044 seconds
[2023-10-22T19:16:54.387+0400] {processor.py:157} INFO - Started process (PID=2011) to work on /home/pyretttt/repos/mlops3/env/lib/python3.10/site-packages/airflow/example_dags/example_sensor_decorator.py
[2023-10-22T19:16:54.389+0400] {processor.py:829} INFO - Processing file /home/pyretttt/repos/mlops3/env/lib/python3.10/site-packages/airflow/example_dags/example_sensor_decorator.py for tasks to queue
[2023-10-22T19:16:54.390+0400] {logging_mixin.py:151} INFO - [2023-10-22T19:16:54.390+0400] {dagbag.py:536} INFO - Filling up the DagBag from /home/pyretttt/repos/mlops3/env/lib/python3.10/site-packages/airflow/example_dags/example_sensor_decorator.py
[2023-10-22T19:16:54.397+0400] {processor.py:839} INFO - DAG(s) dict_keys(['example_sensor_decorator']) retrieved from /home/pyretttt/repos/mlops3/env/lib/python3.10/site-packages/airflow/example_dags/example_sensor_decorator.py
[2023-10-22T19:16:54.405+0400] {logging_mixin.py:151} INFO - [2023-10-22T19:16:54.405+0400] {dag.py:2941} INFO - Sync 1 DAGs
[2023-10-22T19:16:54.409+0400] {logging_mixin.py:151} INFO - [2023-10-22T19:16:54.409+0400] {dag.py:3722} INFO - Setting next_dagrun for example_sensor_decorator to None, run_after=None
[2023-10-22T19:16:54.420+0400] {processor.py:179} INFO - Processing /home/pyretttt/repos/mlops3/env/lib/python3.10/site-packages/airflow/example_dags/example_sensor_decorator.py took 0.035 seconds
[2023-10-22T19:17:31.631+0400] {processor.py:157} INFO - Started process (PID=2066) to work on /home/pyretttt/repos/mlops3/env/lib/python3.10/site-packages/airflow/example_dags/example_sensor_decorator.py
[2023-10-22T19:17:31.633+0400] {processor.py:829} INFO - Processing file /home/pyretttt/repos/mlops3/env/lib/python3.10/site-packages/airflow/example_dags/example_sensor_decorator.py for tasks to queue
[2023-10-22T19:17:31.634+0400] {logging_mixin.py:151} INFO - [2023-10-22T19:17:31.634+0400] {dagbag.py:536} INFO - Filling up the DagBag from /home/pyretttt/repos/mlops3/env/lib/python3.10/site-packages/airflow/example_dags/example_sensor_decorator.py
[2023-10-22T19:17:31.639+0400] {processor.py:839} INFO - DAG(s) dict_keys(['example_sensor_decorator']) retrieved from /home/pyretttt/repos/mlops3/env/lib/python3.10/site-packages/airflow/example_dags/example_sensor_decorator.py
[2023-10-22T19:17:31.647+0400] {logging_mixin.py:151} INFO - [2023-10-22T19:17:31.647+0400] {dag.py:2941} INFO - Sync 1 DAGs
[2023-10-22T19:17:31.651+0400] {logging_mixin.py:151} INFO - [2023-10-22T19:17:31.651+0400] {dag.py:3722} INFO - Setting next_dagrun for example_sensor_decorator to None, run_after=None
[2023-10-22T19:17:31.663+0400] {processor.py:179} INFO - Processing /home/pyretttt/repos/mlops3/env/lib/python3.10/site-packages/airflow/example_dags/example_sensor_decorator.py took 0.037 seconds
[2023-10-22T19:18:07.478+0400] {processor.py:157} INFO - Started process (PID=2121) to work on /home/pyretttt/repos/mlops3/env/lib/python3.10/site-packages/airflow/example_dags/example_sensor_decorator.py
[2023-10-22T19:18:07.480+0400] {processor.py:829} INFO - Processing file /home/pyretttt/repos/mlops3/env/lib/python3.10/site-packages/airflow/example_dags/example_sensor_decorator.py for tasks to queue
[2023-10-22T19:18:07.480+0400] {logging_mixin.py:151} INFO - [2023-10-22T19:18:07.480+0400] {dagbag.py:536} INFO - Filling up the DagBag from /home/pyretttt/repos/mlops3/env/lib/python3.10/site-packages/airflow/example_dags/example_sensor_decorator.py
[2023-10-22T19:18:07.483+0400] {processor.py:839} INFO - DAG(s) dict_keys(['example_sensor_decorator']) retrieved from /home/pyretttt/repos/mlops3/env/lib/python3.10/site-packages/airflow/example_dags/example_sensor_decorator.py
[2023-10-22T19:18:07.492+0400] {logging_mixin.py:151} INFO - [2023-10-22T19:18:07.492+0400] {dag.py:2941} INFO - Sync 1 DAGs
[2023-10-22T19:18:07.497+0400] {logging_mixin.py:151} INFO - [2023-10-22T19:18:07.497+0400] {dag.py:3722} INFO - Setting next_dagrun for example_sensor_decorator to None, run_after=None
[2023-10-22T19:18:07.510+0400] {processor.py:179} INFO - Processing /home/pyretttt/repos/mlops3/env/lib/python3.10/site-packages/airflow/example_dags/example_sensor_decorator.py took 0.035 seconds
[2023-10-22T19:18:44.378+0400] {processor.py:157} INFO - Started process (PID=2158) to work on /home/pyretttt/repos/mlops3/env/lib/python3.10/site-packages/airflow/example_dags/example_sensor_decorator.py
[2023-10-22T19:18:44.379+0400] {processor.py:829} INFO - Processing file /home/pyretttt/repos/mlops3/env/lib/python3.10/site-packages/airflow/example_dags/example_sensor_decorator.py for tasks to queue
[2023-10-22T19:18:44.379+0400] {logging_mixin.py:151} INFO - [2023-10-22T19:18:44.379+0400] {dagbag.py:536} INFO - Filling up the DagBag from /home/pyretttt/repos/mlops3/env/lib/python3.10/site-packages/airflow/example_dags/example_sensor_decorator.py
[2023-10-22T19:18:44.382+0400] {processor.py:839} INFO - DAG(s) dict_keys(['example_sensor_decorator']) retrieved from /home/pyretttt/repos/mlops3/env/lib/python3.10/site-packages/airflow/example_dags/example_sensor_decorator.py
[2023-10-22T19:18:44.392+0400] {logging_mixin.py:151} INFO - [2023-10-22T19:18:44.392+0400] {dag.py:2941} INFO - Sync 1 DAGs
[2023-10-22T19:18:44.398+0400] {logging_mixin.py:151} INFO - [2023-10-22T19:18:44.397+0400] {dag.py:3722} INFO - Setting next_dagrun for example_sensor_decorator to None, run_after=None
[2023-10-22T19:18:44.411+0400] {processor.py:179} INFO - Processing /home/pyretttt/repos/mlops3/env/lib/python3.10/site-packages/airflow/example_dags/example_sensor_decorator.py took 0.036 seconds
[2023-10-22T19:19:20.923+0400] {processor.py:157} INFO - Started process (PID=2195) to work on /home/pyretttt/repos/mlops3/env/lib/python3.10/site-packages/airflow/example_dags/example_sensor_decorator.py
[2023-10-22T19:19:20.925+0400] {processor.py:829} INFO - Processing file /home/pyretttt/repos/mlops3/env/lib/python3.10/site-packages/airflow/example_dags/example_sensor_decorator.py for tasks to queue
[2023-10-22T19:19:20.926+0400] {logging_mixin.py:151} INFO - [2023-10-22T19:19:20.925+0400] {dagbag.py:536} INFO - Filling up the DagBag from /home/pyretttt/repos/mlops3/env/lib/python3.10/site-packages/airflow/example_dags/example_sensor_decorator.py
[2023-10-22T19:19:20.933+0400] {processor.py:839} INFO - DAG(s) dict_keys(['example_sensor_decorator']) retrieved from /home/pyretttt/repos/mlops3/env/lib/python3.10/site-packages/airflow/example_dags/example_sensor_decorator.py
[2023-10-22T19:19:20.941+0400] {logging_mixin.py:151} INFO - [2023-10-22T19:19:20.941+0400] {dag.py:2941} INFO - Sync 1 DAGs
[2023-10-22T19:19:20.946+0400] {logging_mixin.py:151} INFO - [2023-10-22T19:19:20.946+0400] {dag.py:3722} INFO - Setting next_dagrun for example_sensor_decorator to None, run_after=None
[2023-10-22T19:19:20.956+0400] {processor.py:179} INFO - Processing /home/pyretttt/repos/mlops3/env/lib/python3.10/site-packages/airflow/example_dags/example_sensor_decorator.py took 0.036 seconds
[2023-10-22T19:19:54.951+0400] {processor.py:157} INFO - Started process (PID=2229) to work on /home/pyretttt/repos/mlops3/env/lib/python3.10/site-packages/airflow/example_dags/example_sensor_decorator.py
[2023-10-22T19:19:54.952+0400] {processor.py:829} INFO - Processing file /home/pyretttt/repos/mlops3/env/lib/python3.10/site-packages/airflow/example_dags/example_sensor_decorator.py for tasks to queue
[2023-10-22T19:19:54.952+0400] {logging_mixin.py:151} INFO - [2023-10-22T19:19:54.952+0400] {dagbag.py:536} INFO - Filling up the DagBag from /home/pyretttt/repos/mlops3/env/lib/python3.10/site-packages/airflow/example_dags/example_sensor_decorator.py
[2023-10-22T19:19:54.956+0400] {processor.py:839} INFO - DAG(s) dict_keys(['example_sensor_decorator']) retrieved from /home/pyretttt/repos/mlops3/env/lib/python3.10/site-packages/airflow/example_dags/example_sensor_decorator.py
[2023-10-22T19:19:54.965+0400] {logging_mixin.py:151} INFO - [2023-10-22T19:19:54.965+0400] {dag.py:2941} INFO - Sync 1 DAGs
[2023-10-22T19:19:54.972+0400] {logging_mixin.py:151} INFO - [2023-10-22T19:19:54.972+0400] {dag.py:3722} INFO - Setting next_dagrun for example_sensor_decorator to None, run_after=None
[2023-10-22T19:19:54.988+0400] {processor.py:179} INFO - Processing /home/pyretttt/repos/mlops3/env/lib/python3.10/site-packages/airflow/example_dags/example_sensor_decorator.py took 0.042 seconds
[2023-10-22T19:20:30.017+0400] {processor.py:157} INFO - Started process (PID=2268) to work on /home/pyretttt/repos/mlops3/env/lib/python3.10/site-packages/airflow/example_dags/example_sensor_decorator.py
[2023-10-22T19:20:30.017+0400] {processor.py:829} INFO - Processing file /home/pyretttt/repos/mlops3/env/lib/python3.10/site-packages/airflow/example_dags/example_sensor_decorator.py for tasks to queue
[2023-10-22T19:20:30.018+0400] {logging_mixin.py:151} INFO - [2023-10-22T19:20:30.018+0400] {dagbag.py:536} INFO - Filling up the DagBag from /home/pyretttt/repos/mlops3/env/lib/python3.10/site-packages/airflow/example_dags/example_sensor_decorator.py
[2023-10-22T19:20:30.021+0400] {processor.py:839} INFO - DAG(s) dict_keys(['example_sensor_decorator']) retrieved from /home/pyretttt/repos/mlops3/env/lib/python3.10/site-packages/airflow/example_dags/example_sensor_decorator.py
[2023-10-22T19:20:30.030+0400] {logging_mixin.py:151} INFO - [2023-10-22T19:20:30.030+0400] {dag.py:2941} INFO - Sync 1 DAGs
[2023-10-22T19:20:30.035+0400] {logging_mixin.py:151} INFO - [2023-10-22T19:20:30.035+0400] {dag.py:3722} INFO - Setting next_dagrun for example_sensor_decorator to None, run_after=None
[2023-10-22T19:20:30.047+0400] {processor.py:179} INFO - Processing /home/pyretttt/repos/mlops3/env/lib/python3.10/site-packages/airflow/example_dags/example_sensor_decorator.py took 0.032 seconds
