[2023-10-22T19:10:31.324+0400] {processor.py:157} INFO - Started process (PID=1423) to work on /home/pyretttt/repos/mlops3/env/lib/python3.10/site-packages/airflow/example_dags/example_branch_operator_decorator.py
[2023-10-22T19:10:31.325+0400] {processor.py:829} INFO - Processing file /home/pyretttt/repos/mlops3/env/lib/python3.10/site-packages/airflow/example_dags/example_branch_operator_decorator.py for tasks to queue
[2023-10-22T19:10:31.326+0400] {logging_mixin.py:151} INFO - [2023-10-22T19:10:31.326+0400] {dagbag.py:536} INFO - Filling up the DagBag from /home/pyretttt/repos/mlops3/env/lib/python3.10/site-packages/airflow/example_dags/example_branch_operator_decorator.py
[2023-10-22T19:10:31.336+0400] {processor.py:839} INFO - DAG(s) dict_keys(['example_branch_python_operator_decorator']) retrieved from /home/pyretttt/repos/mlops3/env/lib/python3.10/site-packages/airflow/example_dags/example_branch_operator_decorator.py
[2023-10-22T19:10:31.383+0400] {logging_mixin.py:151} INFO - [2023-10-22T19:10:31.383+0400] {manager.py:499} INFO - Created Permission View: %s
[2023-10-22T19:10:31.389+0400] {logging_mixin.py:151} INFO - [2023-10-22T19:10:31.389+0400] {manager.py:499} INFO - Created Permission View: %s
[2023-10-22T19:10:31.393+0400] {logging_mixin.py:151} INFO - [2023-10-22T19:10:31.393+0400] {manager.py:499} INFO - Created Permission View: %s
[2023-10-22T19:10:31.394+0400] {logging_mixin.py:151} INFO - [2023-10-22T19:10:31.394+0400] {dag.py:2941} INFO - Sync 1 DAGs
[2023-10-22T19:10:31.397+0400] {logging_mixin.py:151} INFO - [2023-10-22T19:10:31.397+0400] {dag.py:2963} INFO - Creating ORM DAG for example_branch_python_operator_decorator
[2023-10-22T19:10:31.401+0400] {logging_mixin.py:151} INFO - [2023-10-22T19:10:31.401+0400] {dag.py:3722} INFO - Setting next_dagrun for example_branch_python_operator_decorator to 2023-10-21T00:00:00+00:00, run_after=2023-10-22T00:00:00+00:00
[2023-10-22T19:10:31.411+0400] {processor.py:179} INFO - Processing /home/pyretttt/repos/mlops3/env/lib/python3.10/site-packages/airflow/example_dags/example_branch_operator_decorator.py took 0.090 seconds
[2023-10-22T19:11:23.556+0400] {processor.py:157} INFO - Started process (PID=1488) to work on /home/pyretttt/repos/mlops3/env/lib/python3.10/site-packages/airflow/example_dags/example_branch_operator_decorator.py
[2023-10-22T19:11:23.557+0400] {processor.py:829} INFO - Processing file /home/pyretttt/repos/mlops3/env/lib/python3.10/site-packages/airflow/example_dags/example_branch_operator_decorator.py for tasks to queue
[2023-10-22T19:11:23.557+0400] {logging_mixin.py:151} INFO - [2023-10-22T19:11:23.557+0400] {dagbag.py:536} INFO - Filling up the DagBag from /home/pyretttt/repos/mlops3/env/lib/python3.10/site-packages/airflow/example_dags/example_branch_operator_decorator.py
[2023-10-22T19:11:23.562+0400] {processor.py:839} INFO - DAG(s) dict_keys(['example_branch_python_operator_decorator']) retrieved from /home/pyretttt/repos/mlops3/env/lib/python3.10/site-packages/airflow/example_dags/example_branch_operator_decorator.py
[2023-10-22T19:11:23.577+0400] {logging_mixin.py:151} INFO - [2023-10-22T19:11:23.577+0400] {dag.py:2941} INFO - Sync 1 DAGs
[2023-10-22T19:11:23.589+0400] {logging_mixin.py:151} INFO - [2023-10-22T19:11:23.589+0400] {dag.py:3722} INFO - Setting next_dagrun for example_branch_python_operator_decorator to 2023-10-21T00:00:00+00:00, run_after=2023-10-22T00:00:00+00:00
[2023-10-22T19:11:23.601+0400] {processor.py:179} INFO - Processing /home/pyretttt/repos/mlops3/env/lib/python3.10/site-packages/airflow/example_dags/example_branch_operator_decorator.py took 0.046 seconds
[2023-10-22T19:12:11.672+0400] {processor.py:157} INFO - Started process (PID=1704) to work on /home/pyretttt/repos/mlops3/env/lib/python3.10/site-packages/airflow/example_dags/example_branch_operator_decorator.py
[2023-10-22T19:12:11.673+0400] {processor.py:829} INFO - Processing file /home/pyretttt/repos/mlops3/env/lib/python3.10/site-packages/airflow/example_dags/example_branch_operator_decorator.py for tasks to queue
[2023-10-22T19:12:11.674+0400] {logging_mixin.py:151} INFO - [2023-10-22T19:12:11.674+0400] {dagbag.py:536} INFO - Filling up the DagBag from /home/pyretttt/repos/mlops3/env/lib/python3.10/site-packages/airflow/example_dags/example_branch_operator_decorator.py
[2023-10-22T19:12:11.683+0400] {processor.py:839} INFO - DAG(s) dict_keys(['example_branch_python_operator_decorator']) retrieved from /home/pyretttt/repos/mlops3/env/lib/python3.10/site-packages/airflow/example_dags/example_branch_operator_decorator.py
[2023-10-22T19:12:11.691+0400] {logging_mixin.py:151} INFO - [2023-10-22T19:12:11.691+0400] {dag.py:2941} INFO - Sync 1 DAGs
[2023-10-22T19:12:11.701+0400] {logging_mixin.py:151} INFO - [2023-10-22T19:12:11.701+0400] {dag.py:3722} INFO - Setting next_dagrun for example_branch_python_operator_decorator to 2023-10-21T00:00:00+00:00, run_after=2023-10-22T00:00:00+00:00
[2023-10-22T19:12:11.715+0400] {processor.py:179} INFO - Processing /home/pyretttt/repos/mlops3/env/lib/python3.10/site-packages/airflow/example_dags/example_branch_operator_decorator.py took 0.046 seconds
[2023-10-22T19:12:59.415+0400] {processor.py:157} INFO - Started process (PID=1754) to work on /home/pyretttt/repos/mlops3/env/lib/python3.10/site-packages/airflow/example_dags/example_branch_operator_decorator.py
[2023-10-22T19:12:59.417+0400] {processor.py:829} INFO - Processing file /home/pyretttt/repos/mlops3/env/lib/python3.10/site-packages/airflow/example_dags/example_branch_operator_decorator.py for tasks to queue
[2023-10-22T19:12:59.418+0400] {logging_mixin.py:151} INFO - [2023-10-22T19:12:59.417+0400] {dagbag.py:536} INFO - Filling up the DagBag from /home/pyretttt/repos/mlops3/env/lib/python3.10/site-packages/airflow/example_dags/example_branch_operator_decorator.py
[2023-10-22T19:12:59.425+0400] {processor.py:839} INFO - DAG(s) dict_keys(['example_branch_python_operator_decorator']) retrieved from /home/pyretttt/repos/mlops3/env/lib/python3.10/site-packages/airflow/example_dags/example_branch_operator_decorator.py
[2023-10-22T19:12:59.435+0400] {logging_mixin.py:151} INFO - [2023-10-22T19:12:59.435+0400] {dag.py:2941} INFO - Sync 1 DAGs
[2023-10-22T19:12:59.445+0400] {logging_mixin.py:151} INFO - [2023-10-22T19:12:59.445+0400] {dag.py:3722} INFO - Setting next_dagrun for example_branch_python_operator_decorator to 2023-10-21T00:00:00+00:00, run_after=2023-10-22T00:00:00+00:00
[2023-10-22T19:12:59.457+0400] {processor.py:179} INFO - Processing /home/pyretttt/repos/mlops3/env/lib/python3.10/site-packages/airflow/example_dags/example_branch_operator_decorator.py took 0.048 seconds
[2023-10-22T19:13:47.566+0400] {processor.py:157} INFO - Started process (PID=1807) to work on /home/pyretttt/repos/mlops3/env/lib/python3.10/site-packages/airflow/example_dags/example_branch_operator_decorator.py
[2023-10-22T19:13:47.567+0400] {processor.py:829} INFO - Processing file /home/pyretttt/repos/mlops3/env/lib/python3.10/site-packages/airflow/example_dags/example_branch_operator_decorator.py for tasks to queue
[2023-10-22T19:13:47.567+0400] {logging_mixin.py:151} INFO - [2023-10-22T19:13:47.567+0400] {dagbag.py:536} INFO - Filling up the DagBag from /home/pyretttt/repos/mlops3/env/lib/python3.10/site-packages/airflow/example_dags/example_branch_operator_decorator.py
[2023-10-22T19:13:47.586+0400] {processor.py:839} INFO - DAG(s) dict_keys(['example_branch_python_operator_decorator']) retrieved from /home/pyretttt/repos/mlops3/env/lib/python3.10/site-packages/airflow/example_dags/example_branch_operator_decorator.py
[2023-10-22T19:13:47.599+0400] {logging_mixin.py:151} INFO - [2023-10-22T19:13:47.598+0400] {dag.py:2941} INFO - Sync 1 DAGs
[2023-10-22T19:13:47.610+0400] {logging_mixin.py:151} INFO - [2023-10-22T19:13:47.610+0400] {dag.py:3722} INFO - Setting next_dagrun for example_branch_python_operator_decorator to 2023-10-21T00:00:00+00:00, run_after=2023-10-22T00:00:00+00:00
[2023-10-22T19:13:47.622+0400] {processor.py:179} INFO - Processing /home/pyretttt/repos/mlops3/env/lib/python3.10/site-packages/airflow/example_dags/example_branch_operator_decorator.py took 0.059 seconds
[2023-10-22T19:14:41.028+0400] {processor.py:157} INFO - Started process (PID=1879) to work on /home/pyretttt/repos/mlops3/env/lib/python3.10/site-packages/airflow/example_dags/example_branch_operator_decorator.py
[2023-10-22T19:14:41.031+0400] {processor.py:829} INFO - Processing file /home/pyretttt/repos/mlops3/env/lib/python3.10/site-packages/airflow/example_dags/example_branch_operator_decorator.py for tasks to queue
[2023-10-22T19:14:41.032+0400] {logging_mixin.py:151} INFO - [2023-10-22T19:14:41.032+0400] {dagbag.py:536} INFO - Filling up the DagBag from /home/pyretttt/repos/mlops3/env/lib/python3.10/site-packages/airflow/example_dags/example_branch_operator_decorator.py
[2023-10-22T19:14:41.046+0400] {processor.py:839} INFO - DAG(s) dict_keys(['example_branch_python_operator_decorator']) retrieved from /home/pyretttt/repos/mlops3/env/lib/python3.10/site-packages/airflow/example_dags/example_branch_operator_decorator.py
[2023-10-22T19:14:41.056+0400] {logging_mixin.py:151} INFO - [2023-10-22T19:14:41.056+0400] {dag.py:2941} INFO - Sync 1 DAGs
[2023-10-22T19:14:41.068+0400] {logging_mixin.py:151} INFO - [2023-10-22T19:14:41.068+0400] {dag.py:3722} INFO - Setting next_dagrun for example_branch_python_operator_decorator to 2023-10-21T00:00:00+00:00, run_after=2023-10-22T00:00:00+00:00
[2023-10-22T19:14:41.078+0400] {processor.py:179} INFO - Processing /home/pyretttt/repos/mlops3/env/lib/python3.10/site-packages/airflow/example_dags/example_branch_operator_decorator.py took 0.053 seconds
[2023-10-22T19:15:33.387+0400] {processor.py:157} INFO - Started process (PID=1932) to work on /home/pyretttt/repos/mlops3/env/lib/python3.10/site-packages/airflow/example_dags/example_branch_operator_decorator.py
[2023-10-22T19:15:33.389+0400] {processor.py:829} INFO - Processing file /home/pyretttt/repos/mlops3/env/lib/python3.10/site-packages/airflow/example_dags/example_branch_operator_decorator.py for tasks to queue
[2023-10-22T19:15:33.390+0400] {logging_mixin.py:151} INFO - [2023-10-22T19:15:33.390+0400] {dagbag.py:536} INFO - Filling up the DagBag from /home/pyretttt/repos/mlops3/env/lib/python3.10/site-packages/airflow/example_dags/example_branch_operator_decorator.py
[2023-10-22T19:15:33.398+0400] {processor.py:839} INFO - DAG(s) dict_keys(['example_branch_python_operator_decorator']) retrieved from /home/pyretttt/repos/mlops3/env/lib/python3.10/site-packages/airflow/example_dags/example_branch_operator_decorator.py
[2023-10-22T19:15:33.406+0400] {logging_mixin.py:151} INFO - [2023-10-22T19:15:33.406+0400] {dag.py:2941} INFO - Sync 1 DAGs
[2023-10-22T19:15:33.417+0400] {logging_mixin.py:151} INFO - [2023-10-22T19:15:33.417+0400] {dag.py:3722} INFO - Setting next_dagrun for example_branch_python_operator_decorator to 2023-10-21T00:00:00+00:00, run_after=2023-10-22T00:00:00+00:00
[2023-10-22T19:15:33.427+0400] {processor.py:179} INFO - Processing /home/pyretttt/repos/mlops3/env/lib/python3.10/site-packages/airflow/example_dags/example_branch_operator_decorator.py took 0.044 seconds
[2023-10-22T19:16:30.671+0400] {processor.py:157} INFO - Started process (PID=1989) to work on /home/pyretttt/repos/mlops3/env/lib/python3.10/site-packages/airflow/example_dags/example_branch_operator_decorator.py
[2023-10-22T19:16:30.672+0400] {processor.py:829} INFO - Processing file /home/pyretttt/repos/mlops3/env/lib/python3.10/site-packages/airflow/example_dags/example_branch_operator_decorator.py for tasks to queue
[2023-10-22T19:16:30.672+0400] {logging_mixin.py:151} INFO - [2023-10-22T19:16:30.672+0400] {dagbag.py:536} INFO - Filling up the DagBag from /home/pyretttt/repos/mlops3/env/lib/python3.10/site-packages/airflow/example_dags/example_branch_operator_decorator.py
[2023-10-22T19:16:30.678+0400] {processor.py:839} INFO - DAG(s) dict_keys(['example_branch_python_operator_decorator']) retrieved from /home/pyretttt/repos/mlops3/env/lib/python3.10/site-packages/airflow/example_dags/example_branch_operator_decorator.py
[2023-10-22T19:16:30.688+0400] {logging_mixin.py:151} INFO - [2023-10-22T19:16:30.688+0400] {dag.py:2941} INFO - Sync 1 DAGs
[2023-10-22T19:16:30.696+0400] {logging_mixin.py:151} INFO - [2023-10-22T19:16:30.696+0400] {dag.py:3722} INFO - Setting next_dagrun for example_branch_python_operator_decorator to 2023-10-21T00:00:00+00:00, run_after=2023-10-22T00:00:00+00:00
[2023-10-22T19:16:30.706+0400] {processor.py:179} INFO - Processing /home/pyretttt/repos/mlops3/env/lib/python3.10/site-packages/airflow/example_dags/example_branch_operator_decorator.py took 0.037 seconds
[2023-10-22T19:17:27.667+0400] {processor.py:157} INFO - Started process (PID=2062) to work on /home/pyretttt/repos/mlops3/env/lib/python3.10/site-packages/airflow/example_dags/example_branch_operator_decorator.py
[2023-10-22T19:17:27.668+0400] {processor.py:829} INFO - Processing file /home/pyretttt/repos/mlops3/env/lib/python3.10/site-packages/airflow/example_dags/example_branch_operator_decorator.py for tasks to queue
[2023-10-22T19:17:27.669+0400] {logging_mixin.py:151} INFO - [2023-10-22T19:17:27.669+0400] {dagbag.py:536} INFO - Filling up the DagBag from /home/pyretttt/repos/mlops3/env/lib/python3.10/site-packages/airflow/example_dags/example_branch_operator_decorator.py
[2023-10-22T19:17:27.676+0400] {processor.py:839} INFO - DAG(s) dict_keys(['example_branch_python_operator_decorator']) retrieved from /home/pyretttt/repos/mlops3/env/lib/python3.10/site-packages/airflow/example_dags/example_branch_operator_decorator.py
[2023-10-22T19:17:27.685+0400] {logging_mixin.py:151} INFO - [2023-10-22T19:17:27.685+0400] {dag.py:2941} INFO - Sync 1 DAGs
[2023-10-22T19:17:27.693+0400] {logging_mixin.py:151} INFO - [2023-10-22T19:17:27.693+0400] {dag.py:3722} INFO - Setting next_dagrun for example_branch_python_operator_decorator to 2023-10-21T00:00:00+00:00, run_after=2023-10-22T00:00:00+00:00
[2023-10-22T19:17:27.704+0400] {processor.py:179} INFO - Processing /home/pyretttt/repos/mlops3/env/lib/python3.10/site-packages/airflow/example_dags/example_branch_operator_decorator.py took 0.040 seconds
[2023-10-22T19:18:21.183+0400] {processor.py:157} INFO - Started process (PID=2136) to work on /home/pyretttt/repos/mlops3/env/lib/python3.10/site-packages/airflow/example_dags/example_branch_operator_decorator.py
[2023-10-22T19:18:21.183+0400] {processor.py:829} INFO - Processing file /home/pyretttt/repos/mlops3/env/lib/python3.10/site-packages/airflow/example_dags/example_branch_operator_decorator.py for tasks to queue
[2023-10-22T19:18:21.184+0400] {logging_mixin.py:151} INFO - [2023-10-22T19:18:21.184+0400] {dagbag.py:536} INFO - Filling up the DagBag from /home/pyretttt/repos/mlops3/env/lib/python3.10/site-packages/airflow/example_dags/example_branch_operator_decorator.py
[2023-10-22T19:18:21.190+0400] {processor.py:839} INFO - DAG(s) dict_keys(['example_branch_python_operator_decorator']) retrieved from /home/pyretttt/repos/mlops3/env/lib/python3.10/site-packages/airflow/example_dags/example_branch_operator_decorator.py
[2023-10-22T19:18:21.198+0400] {logging_mixin.py:151} INFO - [2023-10-22T19:18:21.198+0400] {dag.py:2941} INFO - Sync 1 DAGs
[2023-10-22T19:18:21.206+0400] {logging_mixin.py:151} INFO - [2023-10-22T19:18:21.206+0400] {dag.py:3722} INFO - Setting next_dagrun for example_branch_python_operator_decorator to 2023-10-21T00:00:00+00:00, run_after=2023-10-22T00:00:00+00:00
[2023-10-22T19:18:21.217+0400] {processor.py:179} INFO - Processing /home/pyretttt/repos/mlops3/env/lib/python3.10/site-packages/airflow/example_dags/example_branch_operator_decorator.py took 0.037 seconds
[2023-10-22T19:19:16.059+0400] {processor.py:157} INFO - Started process (PID=2191) to work on /home/pyretttt/repos/mlops3/env/lib/python3.10/site-packages/airflow/example_dags/example_branch_operator_decorator.py
[2023-10-22T19:19:16.061+0400] {processor.py:829} INFO - Processing file /home/pyretttt/repos/mlops3/env/lib/python3.10/site-packages/airflow/example_dags/example_branch_operator_decorator.py for tasks to queue
[2023-10-22T19:19:16.062+0400] {logging_mixin.py:151} INFO - [2023-10-22T19:19:16.061+0400] {dagbag.py:536} INFO - Filling up the DagBag from /home/pyretttt/repos/mlops3/env/lib/python3.10/site-packages/airflow/example_dags/example_branch_operator_decorator.py
[2023-10-22T19:19:16.069+0400] {processor.py:839} INFO - DAG(s) dict_keys(['example_branch_python_operator_decorator']) retrieved from /home/pyretttt/repos/mlops3/env/lib/python3.10/site-packages/airflow/example_dags/example_branch_operator_decorator.py
[2023-10-22T19:19:16.077+0400] {logging_mixin.py:151} INFO - [2023-10-22T19:19:16.077+0400] {dag.py:2941} INFO - Sync 1 DAGs
[2023-10-22T19:19:16.085+0400] {logging_mixin.py:151} INFO - [2023-10-22T19:19:16.085+0400] {dag.py:3722} INFO - Setting next_dagrun for example_branch_python_operator_decorator to 2023-10-21T00:00:00+00:00, run_after=2023-10-22T00:00:00+00:00
[2023-10-22T19:19:16.095+0400] {processor.py:179} INFO - Processing /home/pyretttt/repos/mlops3/env/lib/python3.10/site-packages/airflow/example_dags/example_branch_operator_decorator.py took 0.039 seconds
[2023-10-22T19:20:07.923+0400] {processor.py:157} INFO - Started process (PID=2243) to work on /home/pyretttt/repos/mlops3/env/lib/python3.10/site-packages/airflow/example_dags/example_branch_operator_decorator.py
[2023-10-22T19:20:07.924+0400] {processor.py:829} INFO - Processing file /home/pyretttt/repos/mlops3/env/lib/python3.10/site-packages/airflow/example_dags/example_branch_operator_decorator.py for tasks to queue
[2023-10-22T19:20:07.925+0400] {logging_mixin.py:151} INFO - [2023-10-22T19:20:07.925+0400] {dagbag.py:536} INFO - Filling up the DagBag from /home/pyretttt/repos/mlops3/env/lib/python3.10/site-packages/airflow/example_dags/example_branch_operator_decorator.py
[2023-10-22T19:20:07.935+0400] {processor.py:839} INFO - DAG(s) dict_keys(['example_branch_python_operator_decorator']) retrieved from /home/pyretttt/repos/mlops3/env/lib/python3.10/site-packages/airflow/example_dags/example_branch_operator_decorator.py
[2023-10-22T19:20:07.945+0400] {logging_mixin.py:151} INFO - [2023-10-22T19:20:07.945+0400] {dag.py:2941} INFO - Sync 1 DAGs
[2023-10-22T19:20:07.956+0400] {logging_mixin.py:151} INFO - [2023-10-22T19:20:07.956+0400] {dag.py:3722} INFO - Setting next_dagrun for example_branch_python_operator_decorator to 2023-10-21T00:00:00+00:00, run_after=2023-10-22T00:00:00+00:00
[2023-10-22T19:20:07.968+0400] {processor.py:179} INFO - Processing /home/pyretttt/repos/mlops3/env/lib/python3.10/site-packages/airflow/example_dags/example_branch_operator_decorator.py took 0.049 seconds
