[2023-10-22T19:10:37.822+0400] {processor.py:157} INFO - Started process (PID=1434) to work on /home/pyretttt/repos/mlops3/env/lib/python3.10/site-packages/airflow/example_dags/example_kubernetes_executor.py
[2023-10-22T19:10:37.823+0400] {processor.py:829} INFO - Processing file /home/pyretttt/repos/mlops3/env/lib/python3.10/site-packages/airflow/example_dags/example_kubernetes_executor.py for tasks to queue
[2023-10-22T19:10:37.824+0400] {logging_mixin.py:151} INFO - [2023-10-22T19:10:37.823+0400] {dagbag.py:536} INFO - Filling up the DagBag from /home/pyretttt/repos/mlops3/env/lib/python3.10/site-packages/airflow/example_dags/example_kubernetes_executor.py
[2023-10-22T19:10:37.827+0400] {logging_mixin.py:151} INFO - [2023-10-22T19:10:37.827+0400] {example_kubernetes_executor.py:38} WARNING - The example_kubernetes_executor example DAG requires the kubernetes provider. Please install it with: pip install apache-airflow[cncf.kubernetes]
[2023-10-22T19:10:37.827+0400] {processor.py:841} WARNING - No viable dags retrieved from /home/pyretttt/repos/mlops3/env/lib/python3.10/site-packages/airflow/example_dags/example_kubernetes_executor.py
[2023-10-22T19:10:37.833+0400] {processor.py:179} INFO - Processing /home/pyretttt/repos/mlops3/env/lib/python3.10/site-packages/airflow/example_dags/example_kubernetes_executor.py took 0.014 seconds
[2023-10-22T19:11:30.002+0400] {processor.py:157} INFO - Started process (PID=1652) to work on /home/pyretttt/repos/mlops3/env/lib/python3.10/site-packages/airflow/example_dags/example_kubernetes_executor.py
[2023-10-22T19:11:30.004+0400] {processor.py:829} INFO - Processing file /home/pyretttt/repos/mlops3/env/lib/python3.10/site-packages/airflow/example_dags/example_kubernetes_executor.py for tasks to queue
[2023-10-22T19:11:30.005+0400] {logging_mixin.py:151} INFO - [2023-10-22T19:11:30.004+0400] {dagbag.py:536} INFO - Filling up the DagBag from /home/pyretttt/repos/mlops3/env/lib/python3.10/site-packages/airflow/example_dags/example_kubernetes_executor.py
[2023-10-22T19:11:30.007+0400] {logging_mixin.py:151} INFO - [2023-10-22T19:11:30.007+0400] {example_kubernetes_executor.py:38} WARNING - The example_kubernetes_executor example DAG requires the kubernetes provider. Please install it with: pip install apache-airflow[cncf.kubernetes]
[2023-10-22T19:11:30.007+0400] {processor.py:841} WARNING - No viable dags retrieved from /home/pyretttt/repos/mlops3/env/lib/python3.10/site-packages/airflow/example_dags/example_kubernetes_executor.py
[2023-10-22T19:11:30.013+0400] {processor.py:179} INFO - Processing /home/pyretttt/repos/mlops3/env/lib/python3.10/site-packages/airflow/example_dags/example_kubernetes_executor.py took 0.013 seconds
[2023-10-22T19:12:20.809+0400] {processor.py:157} INFO - Started process (PID=1712) to work on /home/pyretttt/repos/mlops3/env/lib/python3.10/site-packages/airflow/example_dags/example_kubernetes_executor.py
[2023-10-22T19:12:20.811+0400] {processor.py:829} INFO - Processing file /home/pyretttt/repos/mlops3/env/lib/python3.10/site-packages/airflow/example_dags/example_kubernetes_executor.py for tasks to queue
[2023-10-22T19:12:20.812+0400] {logging_mixin.py:151} INFO - [2023-10-22T19:12:20.811+0400] {dagbag.py:536} INFO - Filling up the DagBag from /home/pyretttt/repos/mlops3/env/lib/python3.10/site-packages/airflow/example_dags/example_kubernetes_executor.py
[2023-10-22T19:12:20.816+0400] {logging_mixin.py:151} INFO - [2023-10-22T19:12:20.816+0400] {example_kubernetes_executor.py:38} WARNING - The example_kubernetes_executor example DAG requires the kubernetes provider. Please install it with: pip install apache-airflow[cncf.kubernetes]
[2023-10-22T19:12:20.816+0400] {processor.py:841} WARNING - No viable dags retrieved from /home/pyretttt/repos/mlops3/env/lib/python3.10/site-packages/airflow/example_dags/example_kubernetes_executor.py
[2023-10-22T19:12:20.826+0400] {processor.py:179} INFO - Processing /home/pyretttt/repos/mlops3/env/lib/python3.10/site-packages/airflow/example_dags/example_kubernetes_executor.py took 0.021 seconds
[2023-10-22T19:13:14.026+0400] {processor.py:157} INFO - Started process (PID=1768) to work on /home/pyretttt/repos/mlops3/env/lib/python3.10/site-packages/airflow/example_dags/example_kubernetes_executor.py
[2023-10-22T19:13:14.028+0400] {processor.py:829} INFO - Processing file /home/pyretttt/repos/mlops3/env/lib/python3.10/site-packages/airflow/example_dags/example_kubernetes_executor.py for tasks to queue
[2023-10-22T19:13:14.029+0400] {logging_mixin.py:151} INFO - [2023-10-22T19:13:14.028+0400] {dagbag.py:536} INFO - Filling up the DagBag from /home/pyretttt/repos/mlops3/env/lib/python3.10/site-packages/airflow/example_dags/example_kubernetes_executor.py
[2023-10-22T19:13:14.031+0400] {logging_mixin.py:151} INFO - [2023-10-22T19:13:14.031+0400] {example_kubernetes_executor.py:38} WARNING - The example_kubernetes_executor example DAG requires the kubernetes provider. Please install it with: pip install apache-airflow[cncf.kubernetes]
[2023-10-22T19:13:14.031+0400] {processor.py:841} WARNING - No viable dags retrieved from /home/pyretttt/repos/mlops3/env/lib/python3.10/site-packages/airflow/example_dags/example_kubernetes_executor.py
[2023-10-22T19:13:14.036+0400] {processor.py:179} INFO - Processing /home/pyretttt/repos/mlops3/env/lib/python3.10/site-packages/airflow/example_dags/example_kubernetes_executor.py took 0.013 seconds
[2023-10-22T19:14:03.501+0400] {processor.py:157} INFO - Started process (PID=1840) to work on /home/pyretttt/repos/mlops3/env/lib/python3.10/site-packages/airflow/example_dags/example_kubernetes_executor.py
[2023-10-22T19:14:03.502+0400] {processor.py:829} INFO - Processing file /home/pyretttt/repos/mlops3/env/lib/python3.10/site-packages/airflow/example_dags/example_kubernetes_executor.py for tasks to queue
[2023-10-22T19:14:03.503+0400] {logging_mixin.py:151} INFO - [2023-10-22T19:14:03.503+0400] {dagbag.py:536} INFO - Filling up the DagBag from /home/pyretttt/repos/mlops3/env/lib/python3.10/site-packages/airflow/example_dags/example_kubernetes_executor.py
[2023-10-22T19:14:03.507+0400] {logging_mixin.py:151} INFO - [2023-10-22T19:14:03.507+0400] {example_kubernetes_executor.py:38} WARNING - The example_kubernetes_executor example DAG requires the kubernetes provider. Please install it with: pip install apache-airflow[cncf.kubernetes]
[2023-10-22T19:14:03.508+0400] {processor.py:841} WARNING - No viable dags retrieved from /home/pyretttt/repos/mlops3/env/lib/python3.10/site-packages/airflow/example_dags/example_kubernetes_executor.py
[2023-10-22T19:14:03.513+0400] {processor.py:179} INFO - Processing /home/pyretttt/repos/mlops3/env/lib/python3.10/site-packages/airflow/example_dags/example_kubernetes_executor.py took 0.015 seconds
[2023-10-22T19:14:56.650+0400] {processor.py:157} INFO - Started process (PID=1895) to work on /home/pyretttt/repos/mlops3/env/lib/python3.10/site-packages/airflow/example_dags/example_kubernetes_executor.py
[2023-10-22T19:14:56.652+0400] {processor.py:829} INFO - Processing file /home/pyretttt/repos/mlops3/env/lib/python3.10/site-packages/airflow/example_dags/example_kubernetes_executor.py for tasks to queue
[2023-10-22T19:14:56.653+0400] {logging_mixin.py:151} INFO - [2023-10-22T19:14:56.652+0400] {dagbag.py:536} INFO - Filling up the DagBag from /home/pyretttt/repos/mlops3/env/lib/python3.10/site-packages/airflow/example_dags/example_kubernetes_executor.py
[2023-10-22T19:14:56.657+0400] {logging_mixin.py:151} INFO - [2023-10-22T19:14:56.657+0400] {example_kubernetes_executor.py:38} WARNING - The example_kubernetes_executor example DAG requires the kubernetes provider. Please install it with: pip install apache-airflow[cncf.kubernetes]
[2023-10-22T19:14:56.657+0400] {processor.py:841} WARNING - No viable dags retrieved from /home/pyretttt/repos/mlops3/env/lib/python3.10/site-packages/airflow/example_dags/example_kubernetes_executor.py
[2023-10-22T19:14:56.663+0400] {processor.py:179} INFO - Processing /home/pyretttt/repos/mlops3/env/lib/python3.10/site-packages/airflow/example_dags/example_kubernetes_executor.py took 0.016 seconds
[2023-10-22T19:15:52.193+0400] {processor.py:157} INFO - Started process (PID=1949) to work on /home/pyretttt/repos/mlops3/env/lib/python3.10/site-packages/airflow/example_dags/example_kubernetes_executor.py
[2023-10-22T19:15:52.194+0400] {processor.py:829} INFO - Processing file /home/pyretttt/repos/mlops3/env/lib/python3.10/site-packages/airflow/example_dags/example_kubernetes_executor.py for tasks to queue
[2023-10-22T19:15:52.195+0400] {logging_mixin.py:151} INFO - [2023-10-22T19:15:52.195+0400] {dagbag.py:536} INFO - Filling up the DagBag from /home/pyretttt/repos/mlops3/env/lib/python3.10/site-packages/airflow/example_dags/example_kubernetes_executor.py
[2023-10-22T19:15:52.199+0400] {logging_mixin.py:151} INFO - [2023-10-22T19:15:52.199+0400] {example_kubernetes_executor.py:38} WARNING - The example_kubernetes_executor example DAG requires the kubernetes provider. Please install it with: pip install apache-airflow[cncf.kubernetes]
[2023-10-22T19:15:52.199+0400] {processor.py:841} WARNING - No viable dags retrieved from /home/pyretttt/repos/mlops3/env/lib/python3.10/site-packages/airflow/example_dags/example_kubernetes_executor.py
[2023-10-22T19:15:52.204+0400] {processor.py:179} INFO - Processing /home/pyretttt/repos/mlops3/env/lib/python3.10/site-packages/airflow/example_dags/example_kubernetes_executor.py took 0.013 seconds
[2023-10-22T19:16:48.754+0400] {processor.py:157} INFO - Started process (PID=2006) to work on /home/pyretttt/repos/mlops3/env/lib/python3.10/site-packages/airflow/example_dags/example_kubernetes_executor.py
[2023-10-22T19:16:48.756+0400] {processor.py:829} INFO - Processing file /home/pyretttt/repos/mlops3/env/lib/python3.10/site-packages/airflow/example_dags/example_kubernetes_executor.py for tasks to queue
[2023-10-22T19:16:48.757+0400] {logging_mixin.py:151} INFO - [2023-10-22T19:16:48.757+0400] {dagbag.py:536} INFO - Filling up the DagBag from /home/pyretttt/repos/mlops3/env/lib/python3.10/site-packages/airflow/example_dags/example_kubernetes_executor.py
[2023-10-22T19:16:48.761+0400] {logging_mixin.py:151} INFO - [2023-10-22T19:16:48.761+0400] {example_kubernetes_executor.py:38} WARNING - The example_kubernetes_executor example DAG requires the kubernetes provider. Please install it with: pip install apache-airflow[cncf.kubernetes]
[2023-10-22T19:16:48.761+0400] {processor.py:841} WARNING - No viable dags retrieved from /home/pyretttt/repos/mlops3/env/lib/python3.10/site-packages/airflow/example_dags/example_kubernetes_executor.py
[2023-10-22T19:16:48.766+0400] {processor.py:179} INFO - Processing /home/pyretttt/repos/mlops3/env/lib/python3.10/site-packages/airflow/example_dags/example_kubernetes_executor.py took 0.017 seconds
[2023-10-22T19:17:44.415+0400] {processor.py:157} INFO - Started process (PID=2099) to work on /home/pyretttt/repos/mlops3/env/lib/python3.10/site-packages/airflow/example_dags/example_kubernetes_executor.py
[2023-10-22T19:17:44.416+0400] {processor.py:829} INFO - Processing file /home/pyretttt/repos/mlops3/env/lib/python3.10/site-packages/airflow/example_dags/example_kubernetes_executor.py for tasks to queue
[2023-10-22T19:17:44.417+0400] {logging_mixin.py:151} INFO - [2023-10-22T19:17:44.417+0400] {dagbag.py:536} INFO - Filling up the DagBag from /home/pyretttt/repos/mlops3/env/lib/python3.10/site-packages/airflow/example_dags/example_kubernetes_executor.py
[2023-10-22T19:17:44.420+0400] {logging_mixin.py:151} INFO - [2023-10-22T19:17:44.420+0400] {example_kubernetes_executor.py:38} WARNING - The example_kubernetes_executor example DAG requires the kubernetes provider. Please install it with: pip install apache-airflow[cncf.kubernetes]
[2023-10-22T19:17:44.420+0400] {processor.py:841} WARNING - No viable dags retrieved from /home/pyretttt/repos/mlops3/env/lib/python3.10/site-packages/airflow/example_dags/example_kubernetes_executor.py
[2023-10-22T19:17:44.424+0400] {processor.py:179} INFO - Processing /home/pyretttt/repos/mlops3/env/lib/python3.10/site-packages/airflow/example_dags/example_kubernetes_executor.py took 0.013 seconds
[2023-10-22T19:18:39.290+0400] {processor.py:157} INFO - Started process (PID=2153) to work on /home/pyretttt/repos/mlops3/env/lib/python3.10/site-packages/airflow/example_dags/example_kubernetes_executor.py
[2023-10-22T19:18:39.291+0400] {processor.py:829} INFO - Processing file /home/pyretttt/repos/mlops3/env/lib/python3.10/site-packages/airflow/example_dags/example_kubernetes_executor.py for tasks to queue
[2023-10-22T19:18:39.292+0400] {logging_mixin.py:151} INFO - [2023-10-22T19:18:39.291+0400] {dagbag.py:536} INFO - Filling up the DagBag from /home/pyretttt/repos/mlops3/env/lib/python3.10/site-packages/airflow/example_dags/example_kubernetes_executor.py
[2023-10-22T19:18:39.294+0400] {logging_mixin.py:151} INFO - [2023-10-22T19:18:39.293+0400] {example_kubernetes_executor.py:38} WARNING - The example_kubernetes_executor example DAG requires the kubernetes provider. Please install it with: pip install apache-airflow[cncf.kubernetes]
[2023-10-22T19:18:39.294+0400] {processor.py:841} WARNING - No viable dags retrieved from /home/pyretttt/repos/mlops3/env/lib/python3.10/site-packages/airflow/example_dags/example_kubernetes_executor.py
[2023-10-22T19:18:39.298+0400] {processor.py:179} INFO - Processing /home/pyretttt/repos/mlops3/env/lib/python3.10/site-packages/airflow/example_dags/example_kubernetes_executor.py took 0.011 seconds
[2023-10-22T19:19:31.613+0400] {processor.py:157} INFO - Started process (PID=2207) to work on /home/pyretttt/repos/mlops3/env/lib/python3.10/site-packages/airflow/example_dags/example_kubernetes_executor.py
[2023-10-22T19:19:31.615+0400] {processor.py:829} INFO - Processing file /home/pyretttt/repos/mlops3/env/lib/python3.10/site-packages/airflow/example_dags/example_kubernetes_executor.py for tasks to queue
[2023-10-22T19:19:31.616+0400] {logging_mixin.py:151} INFO - [2023-10-22T19:19:31.615+0400] {dagbag.py:536} INFO - Filling up the DagBag from /home/pyretttt/repos/mlops3/env/lib/python3.10/site-packages/airflow/example_dags/example_kubernetes_executor.py
[2023-10-22T19:19:31.619+0400] {logging_mixin.py:151} INFO - [2023-10-22T19:19:31.619+0400] {example_kubernetes_executor.py:38} WARNING - The example_kubernetes_executor example DAG requires the kubernetes provider. Please install it with: pip install apache-airflow[cncf.kubernetes]
[2023-10-22T19:19:31.619+0400] {processor.py:841} WARNING - No viable dags retrieved from /home/pyretttt/repos/mlops3/env/lib/python3.10/site-packages/airflow/example_dags/example_kubernetes_executor.py
[2023-10-22T19:19:31.624+0400] {processor.py:179} INFO - Processing /home/pyretttt/repos/mlops3/env/lib/python3.10/site-packages/airflow/example_dags/example_kubernetes_executor.py took 0.016 seconds
[2023-10-22T19:20:26.073+0400] {processor.py:157} INFO - Started process (PID=2262) to work on /home/pyretttt/repos/mlops3/env/lib/python3.10/site-packages/airflow/example_dags/example_kubernetes_executor.py
[2023-10-22T19:20:26.074+0400] {processor.py:829} INFO - Processing file /home/pyretttt/repos/mlops3/env/lib/python3.10/site-packages/airflow/example_dags/example_kubernetes_executor.py for tasks to queue
[2023-10-22T19:20:26.075+0400] {logging_mixin.py:151} INFO - [2023-10-22T19:20:26.075+0400] {dagbag.py:536} INFO - Filling up the DagBag from /home/pyretttt/repos/mlops3/env/lib/python3.10/site-packages/airflow/example_dags/example_kubernetes_executor.py
[2023-10-22T19:20:26.082+0400] {logging_mixin.py:151} INFO - [2023-10-22T19:20:26.082+0400] {example_kubernetes_executor.py:38} WARNING - The example_kubernetes_executor example DAG requires the kubernetes provider. Please install it with: pip install apache-airflow[cncf.kubernetes]
[2023-10-22T19:20:26.082+0400] {processor.py:841} WARNING - No viable dags retrieved from /home/pyretttt/repos/mlops3/env/lib/python3.10/site-packages/airflow/example_dags/example_kubernetes_executor.py
[2023-10-22T19:20:26.088+0400] {processor.py:179} INFO - Processing /home/pyretttt/repos/mlops3/env/lib/python3.10/site-packages/airflow/example_dags/example_kubernetes_executor.py took 0.018 seconds
