[2023-10-22T19:10:36.618+0400] {processor.py:157} INFO - Started process (PID=1429) to work on /home/pyretttt/repos/mlops3/env/lib/python3.10/site-packages/airflow/example_dags/example_branch_python_dop_operator_3.py
[2023-10-22T19:10:36.619+0400] {processor.py:829} INFO - Processing file /home/pyretttt/repos/mlops3/env/lib/python3.10/site-packages/airflow/example_dags/example_branch_python_dop_operator_3.py for tasks to queue
[2023-10-22T19:10:36.620+0400] {logging_mixin.py:151} INFO - [2023-10-22T19:10:36.620+0400] {dagbag.py:536} INFO - Filling up the DagBag from /home/pyretttt/repos/mlops3/env/lib/python3.10/site-packages/airflow/example_dags/example_branch_python_dop_operator_3.py
[2023-10-22T19:10:36.629+0400] {processor.py:839} INFO - DAG(s) dict_keys(['example_branch_dop_operator_v3']) retrieved from /home/pyretttt/repos/mlops3/env/lib/python3.10/site-packages/airflow/example_dags/example_branch_python_dop_operator_3.py
[2023-10-22T19:10:36.677+0400] {logging_mixin.py:151} INFO - [2023-10-22T19:10:36.677+0400] {manager.py:499} INFO - Created Permission View: %s
[2023-10-22T19:10:36.683+0400] {logging_mixin.py:151} INFO - [2023-10-22T19:10:36.683+0400] {manager.py:499} INFO - Created Permission View: %s
[2023-10-22T19:10:36.688+0400] {logging_mixin.py:151} INFO - [2023-10-22T19:10:36.688+0400] {manager.py:499} INFO - Created Permission View: %s
[2023-10-22T19:10:36.688+0400] {logging_mixin.py:151} INFO - [2023-10-22T19:10:36.688+0400] {dag.py:2941} INFO - Sync 1 DAGs
[2023-10-22T19:10:36.693+0400] {logging_mixin.py:151} INFO - [2023-10-22T19:10:36.693+0400] {dag.py:2963} INFO - Creating ORM DAG for example_branch_dop_operator_v3
[2023-10-22T19:10:36.699+0400] {logging_mixin.py:151} INFO - [2023-10-22T19:10:36.699+0400] {dag.py:3722} INFO - Setting next_dagrun for example_branch_dop_operator_v3 to 2023-10-22T15:09:00+00:00, run_after=2023-10-22T15:10:00+00:00
[2023-10-22T19:10:36.710+0400] {processor.py:179} INFO - Processing /home/pyretttt/repos/mlops3/env/lib/python3.10/site-packages/airflow/example_dags/example_branch_python_dop_operator_3.py took 0.095 seconds
[2023-10-22T19:11:28.855+0400] {processor.py:157} INFO - Started process (PID=1649) to work on /home/pyretttt/repos/mlops3/env/lib/python3.10/site-packages/airflow/example_dags/example_branch_python_dop_operator_3.py
[2023-10-22T19:11:28.856+0400] {processor.py:829} INFO - Processing file /home/pyretttt/repos/mlops3/env/lib/python3.10/site-packages/airflow/example_dags/example_branch_python_dop_operator_3.py for tasks to queue
[2023-10-22T19:11:28.857+0400] {logging_mixin.py:151} INFO - [2023-10-22T19:11:28.857+0400] {dagbag.py:536} INFO - Filling up the DagBag from /home/pyretttt/repos/mlops3/env/lib/python3.10/site-packages/airflow/example_dags/example_branch_python_dop_operator_3.py
[2023-10-22T19:11:28.865+0400] {processor.py:839} INFO - DAG(s) dict_keys(['example_branch_dop_operator_v3']) retrieved from /home/pyretttt/repos/mlops3/env/lib/python3.10/site-packages/airflow/example_dags/example_branch_python_dop_operator_3.py
[2023-10-22T19:11:28.884+0400] {logging_mixin.py:151} INFO - [2023-10-22T19:11:28.884+0400] {dag.py:2941} INFO - Sync 1 DAGs
[2023-10-22T19:11:28.899+0400] {logging_mixin.py:151} INFO - [2023-10-22T19:11:28.898+0400] {dag.py:3722} INFO - Setting next_dagrun for example_branch_dop_operator_v3 to 2023-10-22T15:10:00+00:00, run_after=2023-10-22T15:11:00+00:00
[2023-10-22T19:11:28.913+0400] {processor.py:179} INFO - Processing /home/pyretttt/repos/mlops3/env/lib/python3.10/site-packages/airflow/example_dags/example_branch_python_dop_operator_3.py took 0.062 seconds
[2023-10-22T19:12:19.572+0400] {processor.py:157} INFO - Started process (PID=1711) to work on /home/pyretttt/repos/mlops3/env/lib/python3.10/site-packages/airflow/example_dags/example_branch_python_dop_operator_3.py
[2023-10-22T19:12:19.573+0400] {processor.py:829} INFO - Processing file /home/pyretttt/repos/mlops3/env/lib/python3.10/site-packages/airflow/example_dags/example_branch_python_dop_operator_3.py for tasks to queue
[2023-10-22T19:12:19.574+0400] {logging_mixin.py:151} INFO - [2023-10-22T19:12:19.574+0400] {dagbag.py:536} INFO - Filling up the DagBag from /home/pyretttt/repos/mlops3/env/lib/python3.10/site-packages/airflow/example_dags/example_branch_python_dop_operator_3.py
[2023-10-22T19:12:19.579+0400] {processor.py:839} INFO - DAG(s) dict_keys(['example_branch_dop_operator_v3']) retrieved from /home/pyretttt/repos/mlops3/env/lib/python3.10/site-packages/airflow/example_dags/example_branch_python_dop_operator_3.py
[2023-10-22T19:12:19.590+0400] {logging_mixin.py:151} INFO - [2023-10-22T19:12:19.590+0400] {dag.py:2941} INFO - Sync 1 DAGs
[2023-10-22T19:12:19.603+0400] {logging_mixin.py:151} INFO - [2023-10-22T19:12:19.603+0400] {dag.py:3722} INFO - Setting next_dagrun for example_branch_dop_operator_v3 to 2023-10-22T15:11:00+00:00, run_after=2023-10-22T15:12:00+00:00
[2023-10-22T19:12:19.617+0400] {processor.py:179} INFO - Processing /home/pyretttt/repos/mlops3/env/lib/python3.10/site-packages/airflow/example_dags/example_branch_python_dop_operator_3.py took 0.050 seconds
[2023-10-22T19:13:12.746+0400] {processor.py:157} INFO - Started process (PID=1767) to work on /home/pyretttt/repos/mlops3/env/lib/python3.10/site-packages/airflow/example_dags/example_branch_python_dop_operator_3.py
[2023-10-22T19:13:12.747+0400] {processor.py:829} INFO - Processing file /home/pyretttt/repos/mlops3/env/lib/python3.10/site-packages/airflow/example_dags/example_branch_python_dop_operator_3.py for tasks to queue
[2023-10-22T19:13:12.748+0400] {logging_mixin.py:151} INFO - [2023-10-22T19:13:12.748+0400] {dagbag.py:536} INFO - Filling up the DagBag from /home/pyretttt/repos/mlops3/env/lib/python3.10/site-packages/airflow/example_dags/example_branch_python_dop_operator_3.py
[2023-10-22T19:13:12.755+0400] {processor.py:839} INFO - DAG(s) dict_keys(['example_branch_dop_operator_v3']) retrieved from /home/pyretttt/repos/mlops3/env/lib/python3.10/site-packages/airflow/example_dags/example_branch_python_dop_operator_3.py
[2023-10-22T19:13:12.763+0400] {logging_mixin.py:151} INFO - [2023-10-22T19:13:12.763+0400] {dag.py:2941} INFO - Sync 1 DAGs
[2023-10-22T19:13:12.773+0400] {logging_mixin.py:151} INFO - [2023-10-22T19:13:12.773+0400] {dag.py:3722} INFO - Setting next_dagrun for example_branch_dop_operator_v3 to 2023-10-22T15:12:00+00:00, run_after=2023-10-22T15:13:00+00:00
[2023-10-22T19:13:12.784+0400] {processor.py:179} INFO - Processing /home/pyretttt/repos/mlops3/env/lib/python3.10/site-packages/airflow/example_dags/example_branch_python_dop_operator_3.py took 0.041 seconds
[2023-10-22T19:14:02.479+0400] {processor.py:157} INFO - Started process (PID=1839) to work on /home/pyretttt/repos/mlops3/env/lib/python3.10/site-packages/airflow/example_dags/example_branch_python_dop_operator_3.py
[2023-10-22T19:14:02.481+0400] {processor.py:829} INFO - Processing file /home/pyretttt/repos/mlops3/env/lib/python3.10/site-packages/airflow/example_dags/example_branch_python_dop_operator_3.py for tasks to queue
[2023-10-22T19:14:02.482+0400] {logging_mixin.py:151} INFO - [2023-10-22T19:14:02.481+0400] {dagbag.py:536} INFO - Filling up the DagBag from /home/pyretttt/repos/mlops3/env/lib/python3.10/site-packages/airflow/example_dags/example_branch_python_dop_operator_3.py
[2023-10-22T19:14:02.489+0400] {processor.py:839} INFO - DAG(s) dict_keys(['example_branch_dop_operator_v3']) retrieved from /home/pyretttt/repos/mlops3/env/lib/python3.10/site-packages/airflow/example_dags/example_branch_python_dop_operator_3.py
[2023-10-22T19:14:02.497+0400] {logging_mixin.py:151} INFO - [2023-10-22T19:14:02.497+0400] {dag.py:2941} INFO - Sync 1 DAGs
[2023-10-22T19:14:02.506+0400] {logging_mixin.py:151} INFO - [2023-10-22T19:14:02.506+0400] {dag.py:3722} INFO - Setting next_dagrun for example_branch_dop_operator_v3 to 2023-10-22T15:13:00+00:00, run_after=2023-10-22T15:14:00+00:00
[2023-10-22T19:14:02.517+0400] {processor.py:179} INFO - Processing /home/pyretttt/repos/mlops3/env/lib/python3.10/site-packages/airflow/example_dags/example_branch_python_dop_operator_3.py took 0.041 seconds
[2023-10-22T19:14:55.479+0400] {processor.py:157} INFO - Started process (PID=1894) to work on /home/pyretttt/repos/mlops3/env/lib/python3.10/site-packages/airflow/example_dags/example_branch_python_dop_operator_3.py
[2023-10-22T19:14:55.481+0400] {processor.py:829} INFO - Processing file /home/pyretttt/repos/mlops3/env/lib/python3.10/site-packages/airflow/example_dags/example_branch_python_dop_operator_3.py for tasks to queue
[2023-10-22T19:14:55.482+0400] {logging_mixin.py:151} INFO - [2023-10-22T19:14:55.481+0400] {dagbag.py:536} INFO - Filling up the DagBag from /home/pyretttt/repos/mlops3/env/lib/python3.10/site-packages/airflow/example_dags/example_branch_python_dop_operator_3.py
[2023-10-22T19:14:55.488+0400] {processor.py:839} INFO - DAG(s) dict_keys(['example_branch_dop_operator_v3']) retrieved from /home/pyretttt/repos/mlops3/env/lib/python3.10/site-packages/airflow/example_dags/example_branch_python_dop_operator_3.py
[2023-10-22T19:14:55.495+0400] {logging_mixin.py:151} INFO - [2023-10-22T19:14:55.495+0400] {dag.py:2941} INFO - Sync 1 DAGs
[2023-10-22T19:14:55.505+0400] {logging_mixin.py:151} INFO - [2023-10-22T19:14:55.505+0400] {dag.py:3722} INFO - Setting next_dagrun for example_branch_dop_operator_v3 to 2023-10-22T15:13:00+00:00, run_after=2023-10-22T15:14:00+00:00
[2023-10-22T19:14:55.517+0400] {processor.py:179} INFO - Processing /home/pyretttt/repos/mlops3/env/lib/python3.10/site-packages/airflow/example_dags/example_branch_python_dop_operator_3.py took 0.040 seconds
[2023-10-22T19:15:50.915+0400] {processor.py:157} INFO - Started process (PID=1948) to work on /home/pyretttt/repos/mlops3/env/lib/python3.10/site-packages/airflow/example_dags/example_branch_python_dop_operator_3.py
[2023-10-22T19:15:50.916+0400] {processor.py:829} INFO - Processing file /home/pyretttt/repos/mlops3/env/lib/python3.10/site-packages/airflow/example_dags/example_branch_python_dop_operator_3.py for tasks to queue
[2023-10-22T19:15:50.917+0400] {logging_mixin.py:151} INFO - [2023-10-22T19:15:50.917+0400] {dagbag.py:536} INFO - Filling up the DagBag from /home/pyretttt/repos/mlops3/env/lib/python3.10/site-packages/airflow/example_dags/example_branch_python_dop_operator_3.py
[2023-10-22T19:15:50.926+0400] {processor.py:839} INFO - DAG(s) dict_keys(['example_branch_dop_operator_v3']) retrieved from /home/pyretttt/repos/mlops3/env/lib/python3.10/site-packages/airflow/example_dags/example_branch_python_dop_operator_3.py
[2023-10-22T19:15:50.935+0400] {logging_mixin.py:151} INFO - [2023-10-22T19:15:50.935+0400] {dag.py:2941} INFO - Sync 1 DAGs
[2023-10-22T19:15:50.945+0400] {logging_mixin.py:151} INFO - [2023-10-22T19:15:50.945+0400] {dag.py:3722} INFO - Setting next_dagrun for example_branch_dop_operator_v3 to 2023-10-22T15:14:00+00:00, run_after=2023-10-22T15:15:00+00:00
[2023-10-22T19:15:50.956+0400] {processor.py:179} INFO - Processing /home/pyretttt/repos/mlops3/env/lib/python3.10/site-packages/airflow/example_dags/example_branch_python_dop_operator_3.py took 0.044 seconds
[2023-10-22T19:16:47.469+0400] {processor.py:157} INFO - Started process (PID=2005) to work on /home/pyretttt/repos/mlops3/env/lib/python3.10/site-packages/airflow/example_dags/example_branch_python_dop_operator_3.py
[2023-10-22T19:16:47.476+0400] {processor.py:829} INFO - Processing file /home/pyretttt/repos/mlops3/env/lib/python3.10/site-packages/airflow/example_dags/example_branch_python_dop_operator_3.py for tasks to queue
[2023-10-22T19:16:47.477+0400] {logging_mixin.py:151} INFO - [2023-10-22T19:16:47.477+0400] {dagbag.py:536} INFO - Filling up the DagBag from /home/pyretttt/repos/mlops3/env/lib/python3.10/site-packages/airflow/example_dags/example_branch_python_dop_operator_3.py
[2023-10-22T19:16:47.484+0400] {processor.py:839} INFO - DAG(s) dict_keys(['example_branch_dop_operator_v3']) retrieved from /home/pyretttt/repos/mlops3/env/lib/python3.10/site-packages/airflow/example_dags/example_branch_python_dop_operator_3.py
[2023-10-22T19:16:47.520+0400] {logging_mixin.py:151} INFO - [2023-10-22T19:16:47.520+0400] {dag.py:2941} INFO - Sync 1 DAGs
[2023-10-22T19:16:47.555+0400] {logging_mixin.py:151} INFO - [2023-10-22T19:16:47.555+0400] {dag.py:3722} INFO - Setting next_dagrun for example_branch_dop_operator_v3 to 2023-10-22T15:15:00+00:00, run_after=2023-10-22T15:16:00+00:00
[2023-10-22T19:16:47.594+0400] {processor.py:179} INFO - Processing /home/pyretttt/repos/mlops3/env/lib/python3.10/site-packages/airflow/example_dags/example_branch_python_dop_operator_3.py took 0.133 seconds
[2023-10-22T19:17:43.095+0400] {processor.py:157} INFO - Started process (PID=2098) to work on /home/pyretttt/repos/mlops3/env/lib/python3.10/site-packages/airflow/example_dags/example_branch_python_dop_operator_3.py
[2023-10-22T19:17:43.097+0400] {processor.py:829} INFO - Processing file /home/pyretttt/repos/mlops3/env/lib/python3.10/site-packages/airflow/example_dags/example_branch_python_dop_operator_3.py for tasks to queue
[2023-10-22T19:17:43.098+0400] {logging_mixin.py:151} INFO - [2023-10-22T19:17:43.097+0400] {dagbag.py:536} INFO - Filling up the DagBag from /home/pyretttt/repos/mlops3/env/lib/python3.10/site-packages/airflow/example_dags/example_branch_python_dop_operator_3.py
[2023-10-22T19:17:43.186+0400] {processor.py:839} INFO - DAG(s) dict_keys(['example_branch_dop_operator_v3']) retrieved from /home/pyretttt/repos/mlops3/env/lib/python3.10/site-packages/airflow/example_dags/example_branch_python_dop_operator_3.py
[2023-10-22T19:17:43.199+0400] {logging_mixin.py:151} INFO - [2023-10-22T19:17:43.198+0400] {dag.py:2941} INFO - Sync 1 DAGs
[2023-10-22T19:17:43.231+0400] {logging_mixin.py:151} INFO - [2023-10-22T19:17:43.231+0400] {dag.py:3722} INFO - Setting next_dagrun for example_branch_dop_operator_v3 to 2023-10-22T15:16:00+00:00, run_after=2023-10-22T15:17:00+00:00
[2023-10-22T19:17:43.249+0400] {processor.py:179} INFO - Processing /home/pyretttt/repos/mlops3/env/lib/python3.10/site-packages/airflow/example_dags/example_branch_python_dop_operator_3.py took 0.156 seconds
[2023-10-22T19:18:38.090+0400] {processor.py:157} INFO - Started process (PID=2152) to work on /home/pyretttt/repos/mlops3/env/lib/python3.10/site-packages/airflow/example_dags/example_branch_python_dop_operator_3.py
[2023-10-22T19:18:38.092+0400] {processor.py:829} INFO - Processing file /home/pyretttt/repos/mlops3/env/lib/python3.10/site-packages/airflow/example_dags/example_branch_python_dop_operator_3.py for tasks to queue
[2023-10-22T19:18:38.093+0400] {logging_mixin.py:151} INFO - [2023-10-22T19:18:38.092+0400] {dagbag.py:536} INFO - Filling up the DagBag from /home/pyretttt/repos/mlops3/env/lib/python3.10/site-packages/airflow/example_dags/example_branch_python_dop_operator_3.py
[2023-10-22T19:18:38.099+0400] {processor.py:839} INFO - DAG(s) dict_keys(['example_branch_dop_operator_v3']) retrieved from /home/pyretttt/repos/mlops3/env/lib/python3.10/site-packages/airflow/example_dags/example_branch_python_dop_operator_3.py
[2023-10-22T19:18:38.109+0400] {logging_mixin.py:151} INFO - [2023-10-22T19:18:38.109+0400] {dag.py:2941} INFO - Sync 1 DAGs
[2023-10-22T19:18:38.120+0400] {logging_mixin.py:151} INFO - [2023-10-22T19:18:38.120+0400] {dag.py:3722} INFO - Setting next_dagrun for example_branch_dop_operator_v3 to 2023-10-22T15:17:00+00:00, run_after=2023-10-22T15:18:00+00:00
[2023-10-22T19:18:38.131+0400] {processor.py:179} INFO - Processing /home/pyretttt/repos/mlops3/env/lib/python3.10/site-packages/airflow/example_dags/example_branch_python_dop_operator_3.py took 0.044 seconds
[2023-10-22T19:19:31.234+0400] {processor.py:157} INFO - Started process (PID=2206) to work on /home/pyretttt/repos/mlops3/env/lib/python3.10/site-packages/airflow/example_dags/example_branch_python_dop_operator_3.py
[2023-10-22T19:19:31.235+0400] {processor.py:829} INFO - Processing file /home/pyretttt/repos/mlops3/env/lib/python3.10/site-packages/airflow/example_dags/example_branch_python_dop_operator_3.py for tasks to queue
[2023-10-22T19:19:31.236+0400] {logging_mixin.py:151} INFO - [2023-10-22T19:19:31.236+0400] {dagbag.py:536} INFO - Filling up the DagBag from /home/pyretttt/repos/mlops3/env/lib/python3.10/site-packages/airflow/example_dags/example_branch_python_dop_operator_3.py
[2023-10-22T19:19:31.244+0400] {processor.py:839} INFO - DAG(s) dict_keys(['example_branch_dop_operator_v3']) retrieved from /home/pyretttt/repos/mlops3/env/lib/python3.10/site-packages/airflow/example_dags/example_branch_python_dop_operator_3.py
[2023-10-22T19:19:31.253+0400] {logging_mixin.py:151} INFO - [2023-10-22T19:19:31.253+0400] {dag.py:2941} INFO - Sync 1 DAGs
[2023-10-22T19:19:31.263+0400] {logging_mixin.py:151} INFO - [2023-10-22T19:19:31.263+0400] {dag.py:3722} INFO - Setting next_dagrun for example_branch_dop_operator_v3 to 2023-10-22T15:18:00+00:00, run_after=2023-10-22T15:19:00+00:00
[2023-10-22T19:19:31.273+0400] {processor.py:179} INFO - Processing /home/pyretttt/repos/mlops3/env/lib/python3.10/site-packages/airflow/example_dags/example_branch_python_dop_operator_3.py took 0.043 seconds
[2023-10-22T19:20:24.862+0400] {processor.py:157} INFO - Started process (PID=2261) to work on /home/pyretttt/repos/mlops3/env/lib/python3.10/site-packages/airflow/example_dags/example_branch_python_dop_operator_3.py
[2023-10-22T19:20:24.863+0400] {processor.py:829} INFO - Processing file /home/pyretttt/repos/mlops3/env/lib/python3.10/site-packages/airflow/example_dags/example_branch_python_dop_operator_3.py for tasks to queue
[2023-10-22T19:20:24.865+0400] {logging_mixin.py:151} INFO - [2023-10-22T19:20:24.864+0400] {dagbag.py:536} INFO - Filling up the DagBag from /home/pyretttt/repos/mlops3/env/lib/python3.10/site-packages/airflow/example_dags/example_branch_python_dop_operator_3.py
[2023-10-22T19:20:24.873+0400] {processor.py:839} INFO - DAG(s) dict_keys(['example_branch_dop_operator_v3']) retrieved from /home/pyretttt/repos/mlops3/env/lib/python3.10/site-packages/airflow/example_dags/example_branch_python_dop_operator_3.py
[2023-10-22T19:20:24.880+0400] {logging_mixin.py:151} INFO - [2023-10-22T19:20:24.880+0400] {dag.py:2941} INFO - Sync 1 DAGs
[2023-10-22T19:20:24.891+0400] {logging_mixin.py:151} INFO - [2023-10-22T19:20:24.890+0400] {dag.py:3722} INFO - Setting next_dagrun for example_branch_dop_operator_v3 to 2023-10-22T15:19:00+00:00, run_after=2023-10-22T15:20:00+00:00
[2023-10-22T19:20:24.901+0400] {processor.py:179} INFO - Processing /home/pyretttt/repos/mlops3/env/lib/python3.10/site-packages/airflow/example_dags/example_branch_python_dop_operator_3.py took 0.042 seconds
