[2023-10-22T19:10:09.313+0400] {processor.py:157} INFO - Started process (PID=1390) to work on /home/pyretttt/repos/mlops3/env/lib/python3.10/site-packages/airflow/example_dags/example_short_circuit_operator.py
[2023-10-22T19:10:09.314+0400] {processor.py:829} INFO - Processing file /home/pyretttt/repos/mlops3/env/lib/python3.10/site-packages/airflow/example_dags/example_short_circuit_operator.py for tasks to queue
[2023-10-22T19:10:09.315+0400] {logging_mixin.py:151} INFO - [2023-10-22T19:10:09.314+0400] {dagbag.py:536} INFO - Filling up the DagBag from /home/pyretttt/repos/mlops3/env/lib/python3.10/site-packages/airflow/example_dags/example_short_circuit_operator.py
[2023-10-22T19:10:09.323+0400] {processor.py:839} INFO - DAG(s) dict_keys(['example_short_circuit_operator']) retrieved from /home/pyretttt/repos/mlops3/env/lib/python3.10/site-packages/airflow/example_dags/example_short_circuit_operator.py
[2023-10-22T19:10:09.370+0400] {logging_mixin.py:151} INFO - [2023-10-22T19:10:09.370+0400] {manager.py:499} INFO - Created Permission View: %s
[2023-10-22T19:10:09.377+0400] {logging_mixin.py:151} INFO - [2023-10-22T19:10:09.376+0400] {manager.py:499} INFO - Created Permission View: %s
[2023-10-22T19:10:09.382+0400] {logging_mixin.py:151} INFO - [2023-10-22T19:10:09.382+0400] {manager.py:499} INFO - Created Permission View: %s
[2023-10-22T19:10:09.382+0400] {logging_mixin.py:151} INFO - [2023-10-22T19:10:09.382+0400] {dag.py:2941} INFO - Sync 1 DAGs
[2023-10-22T19:10:09.386+0400] {logging_mixin.py:151} INFO - [2023-10-22T19:10:09.386+0400] {dag.py:2963} INFO - Creating ORM DAG for example_short_circuit_operator
[2023-10-22T19:10:09.390+0400] {logging_mixin.py:151} INFO - [2023-10-22T19:10:09.390+0400] {dag.py:3722} INFO - Setting next_dagrun for example_short_circuit_operator to 2023-10-21T15:10:09.389227+00:00, run_after=2023-10-22T15:10:09.389227+00:00
[2023-10-22T19:10:09.400+0400] {processor.py:179} INFO - Processing /home/pyretttt/repos/mlops3/env/lib/python3.10/site-packages/airflow/example_dags/example_short_circuit_operator.py took 0.090 seconds
[2023-10-22T19:10:56.351+0400] {processor.py:157} INFO - Started process (PID=1452) to work on /home/pyretttt/repos/mlops3/env/lib/python3.10/site-packages/airflow/example_dags/example_short_circuit_operator.py
[2023-10-22T19:10:56.352+0400] {processor.py:829} INFO - Processing file /home/pyretttt/repos/mlops3/env/lib/python3.10/site-packages/airflow/example_dags/example_short_circuit_operator.py for tasks to queue
[2023-10-22T19:10:56.353+0400] {logging_mixin.py:151} INFO - [2023-10-22T19:10:56.353+0400] {dagbag.py:536} INFO - Filling up the DagBag from /home/pyretttt/repos/mlops3/env/lib/python3.10/site-packages/airflow/example_dags/example_short_circuit_operator.py
[2023-10-22T19:10:56.360+0400] {processor.py:839} INFO - DAG(s) dict_keys(['example_short_circuit_operator']) retrieved from /home/pyretttt/repos/mlops3/env/lib/python3.10/site-packages/airflow/example_dags/example_short_circuit_operator.py
[2023-10-22T19:10:56.374+0400] {logging_mixin.py:151} INFO - [2023-10-22T19:10:56.374+0400] {dag.py:2941} INFO - Sync 1 DAGs
[2023-10-22T19:10:56.385+0400] {logging_mixin.py:151} INFO - [2023-10-22T19:10:56.384+0400] {dag.py:3722} INFO - Setting next_dagrun for example_short_circuit_operator to 2023-10-21T15:10:56.384605+00:00, run_after=2023-10-22T15:10:56.384605+00:00
[2023-10-22T19:10:56.396+0400] {processor.py:179} INFO - Processing /home/pyretttt/repos/mlops3/env/lib/python3.10/site-packages/airflow/example_dags/example_short_circuit_operator.py took 0.048 seconds
[2023-10-22T19:11:42.706+0400] {processor.py:157} INFO - Started process (PID=1671) to work on /home/pyretttt/repos/mlops3/env/lib/python3.10/site-packages/airflow/example_dags/example_short_circuit_operator.py
[2023-10-22T19:11:42.709+0400] {processor.py:829} INFO - Processing file /home/pyretttt/repos/mlops3/env/lib/python3.10/site-packages/airflow/example_dags/example_short_circuit_operator.py for tasks to queue
[2023-10-22T19:11:42.710+0400] {logging_mixin.py:151} INFO - [2023-10-22T19:11:42.709+0400] {dagbag.py:536} INFO - Filling up the DagBag from /home/pyretttt/repos/mlops3/env/lib/python3.10/site-packages/airflow/example_dags/example_short_circuit_operator.py
[2023-10-22T19:11:42.715+0400] {processor.py:839} INFO - DAG(s) dict_keys(['example_short_circuit_operator']) retrieved from /home/pyretttt/repos/mlops3/env/lib/python3.10/site-packages/airflow/example_dags/example_short_circuit_operator.py
[2023-10-22T19:11:42.730+0400] {logging_mixin.py:151} INFO - [2023-10-22T19:11:42.730+0400] {dag.py:2941} INFO - Sync 1 DAGs
[2023-10-22T19:11:42.745+0400] {logging_mixin.py:151} INFO - [2023-10-22T19:11:42.744+0400] {dag.py:3722} INFO - Setting next_dagrun for example_short_circuit_operator to 2023-10-21T15:11:42.744769+00:00, run_after=2023-10-22T15:11:42.744769+00:00
[2023-10-22T19:11:42.786+0400] {processor.py:179} INFO - Processing /home/pyretttt/repos/mlops3/env/lib/python3.10/site-packages/airflow/example_dags/example_short_circuit_operator.py took 0.084 seconds
[2023-10-22T19:12:34.727+0400] {processor.py:157} INFO - Started process (PID=1726) to work on /home/pyretttt/repos/mlops3/env/lib/python3.10/site-packages/airflow/example_dags/example_short_circuit_operator.py
[2023-10-22T19:12:34.728+0400] {processor.py:829} INFO - Processing file /home/pyretttt/repos/mlops3/env/lib/python3.10/site-packages/airflow/example_dags/example_short_circuit_operator.py for tasks to queue
[2023-10-22T19:12:34.729+0400] {logging_mixin.py:151} INFO - [2023-10-22T19:12:34.729+0400] {dagbag.py:536} INFO - Filling up the DagBag from /home/pyretttt/repos/mlops3/env/lib/python3.10/site-packages/airflow/example_dags/example_short_circuit_operator.py
[2023-10-22T19:12:34.737+0400] {processor.py:839} INFO - DAG(s) dict_keys(['example_short_circuit_operator']) retrieved from /home/pyretttt/repos/mlops3/env/lib/python3.10/site-packages/airflow/example_dags/example_short_circuit_operator.py
[2023-10-22T19:12:34.747+0400] {logging_mixin.py:151} INFO - [2023-10-22T19:12:34.747+0400] {dag.py:2941} INFO - Sync 1 DAGs
[2023-10-22T19:12:34.756+0400] {logging_mixin.py:151} INFO - [2023-10-22T19:12:34.756+0400] {dag.py:3722} INFO - Setting next_dagrun for example_short_circuit_operator to 2023-10-21T15:12:34.756075+00:00, run_after=2023-10-22T15:12:34.756075+00:00
[2023-10-22T19:12:34.767+0400] {processor.py:179} INFO - Processing /home/pyretttt/repos/mlops3/env/lib/python3.10/site-packages/airflow/example_dags/example_short_circuit_operator.py took 0.044 seconds
[2023-10-22T19:13:22.023+0400] {processor.py:157} INFO - Started process (PID=1777) to work on /home/pyretttt/repos/mlops3/env/lib/python3.10/site-packages/airflow/example_dags/example_short_circuit_operator.py
[2023-10-22T19:13:22.025+0400] {processor.py:829} INFO - Processing file /home/pyretttt/repos/mlops3/env/lib/python3.10/site-packages/airflow/example_dags/example_short_circuit_operator.py for tasks to queue
[2023-10-22T19:13:22.026+0400] {logging_mixin.py:151} INFO - [2023-10-22T19:13:22.025+0400] {dagbag.py:536} INFO - Filling up the DagBag from /home/pyretttt/repos/mlops3/env/lib/python3.10/site-packages/airflow/example_dags/example_short_circuit_operator.py
[2023-10-22T19:13:22.036+0400] {processor.py:839} INFO - DAG(s) dict_keys(['example_short_circuit_operator']) retrieved from /home/pyretttt/repos/mlops3/env/lib/python3.10/site-packages/airflow/example_dags/example_short_circuit_operator.py
[2023-10-22T19:13:22.050+0400] {logging_mixin.py:151} INFO - [2023-10-22T19:13:22.050+0400] {dag.py:2941} INFO - Sync 1 DAGs
[2023-10-22T19:13:22.061+0400] {logging_mixin.py:151} INFO - [2023-10-22T19:13:22.061+0400] {dag.py:3722} INFO - Setting next_dagrun for example_short_circuit_operator to 2023-10-21T15:13:22.061488+00:00, run_after=2023-10-22T15:13:22.061488+00:00
[2023-10-22T19:13:22.079+0400] {processor.py:179} INFO - Processing /home/pyretttt/repos/mlops3/env/lib/python3.10/site-packages/airflow/example_dags/example_short_circuit_operator.py took 0.059 seconds
[2023-10-22T19:14:13.859+0400] {processor.py:157} INFO - Started process (PID=1850) to work on /home/pyretttt/repos/mlops3/env/lib/python3.10/site-packages/airflow/example_dags/example_short_circuit_operator.py
[2023-10-22T19:14:13.860+0400] {processor.py:829} INFO - Processing file /home/pyretttt/repos/mlops3/env/lib/python3.10/site-packages/airflow/example_dags/example_short_circuit_operator.py for tasks to queue
[2023-10-22T19:14:13.861+0400] {logging_mixin.py:151} INFO - [2023-10-22T19:14:13.861+0400] {dagbag.py:536} INFO - Filling up the DagBag from /home/pyretttt/repos/mlops3/env/lib/python3.10/site-packages/airflow/example_dags/example_short_circuit_operator.py
[2023-10-22T19:14:13.868+0400] {processor.py:839} INFO - DAG(s) dict_keys(['example_short_circuit_operator']) retrieved from /home/pyretttt/repos/mlops3/env/lib/python3.10/site-packages/airflow/example_dags/example_short_circuit_operator.py
[2023-10-22T19:14:13.884+0400] {logging_mixin.py:151} INFO - [2023-10-22T19:14:13.884+0400] {dag.py:2941} INFO - Sync 1 DAGs
[2023-10-22T19:14:13.901+0400] {logging_mixin.py:151} INFO - [2023-10-22T19:14:13.901+0400] {dag.py:3722} INFO - Setting next_dagrun for example_short_circuit_operator to 2023-10-21T15:14:13.901553+00:00, run_after=2023-10-22T15:14:13.901553+00:00
[2023-10-22T19:14:13.916+0400] {processor.py:179} INFO - Processing /home/pyretttt/repos/mlops3/env/lib/python3.10/site-packages/airflow/example_dags/example_short_circuit_operator.py took 0.064 seconds
[2023-10-22T19:15:05.599+0400] {processor.py:157} INFO - Started process (PID=1903) to work on /home/pyretttt/repos/mlops3/env/lib/python3.10/site-packages/airflow/example_dags/example_short_circuit_operator.py
[2023-10-22T19:15:05.602+0400] {processor.py:829} INFO - Processing file /home/pyretttt/repos/mlops3/env/lib/python3.10/site-packages/airflow/example_dags/example_short_circuit_operator.py for tasks to queue
[2023-10-22T19:15:05.603+0400] {logging_mixin.py:151} INFO - [2023-10-22T19:15:05.602+0400] {dagbag.py:536} INFO - Filling up the DagBag from /home/pyretttt/repos/mlops3/env/lib/python3.10/site-packages/airflow/example_dags/example_short_circuit_operator.py
[2023-10-22T19:15:05.612+0400] {processor.py:839} INFO - DAG(s) dict_keys(['example_short_circuit_operator']) retrieved from /home/pyretttt/repos/mlops3/env/lib/python3.10/site-packages/airflow/example_dags/example_short_circuit_operator.py
[2023-10-22T19:15:05.628+0400] {logging_mixin.py:151} INFO - [2023-10-22T19:15:05.628+0400] {dag.py:2941} INFO - Sync 1 DAGs
[2023-10-22T19:15:05.637+0400] {logging_mixin.py:151} INFO - [2023-10-22T19:15:05.637+0400] {dag.py:3722} INFO - Setting next_dagrun for example_short_circuit_operator to 2023-10-21T15:15:05.637509+00:00, run_after=2023-10-22T15:15:05.637509+00:00
[2023-10-22T19:15:05.647+0400] {processor.py:179} INFO - Processing /home/pyretttt/repos/mlops3/env/lib/python3.10/site-packages/airflow/example_dags/example_short_circuit_operator.py took 0.051 seconds
[2023-10-22T19:15:45.163+0400] {processor.py:157} INFO - Started process (PID=1943) to work on /home/pyretttt/repos/mlops3/env/lib/python3.10/site-packages/airflow/example_dags/example_short_circuit_operator.py
[2023-10-22T19:15:45.164+0400] {processor.py:829} INFO - Processing file /home/pyretttt/repos/mlops3/env/lib/python3.10/site-packages/airflow/example_dags/example_short_circuit_operator.py for tasks to queue
[2023-10-22T19:15:45.165+0400] {logging_mixin.py:151} INFO - [2023-10-22T19:15:45.165+0400] {dagbag.py:536} INFO - Filling up the DagBag from /home/pyretttt/repos/mlops3/env/lib/python3.10/site-packages/airflow/example_dags/example_short_circuit_operator.py
[2023-10-22T19:15:45.173+0400] {processor.py:839} INFO - DAG(s) dict_keys(['example_short_circuit_operator']) retrieved from /home/pyretttt/repos/mlops3/env/lib/python3.10/site-packages/airflow/example_dags/example_short_circuit_operator.py
[2023-10-22T19:15:45.181+0400] {logging_mixin.py:151} INFO - [2023-10-22T19:15:45.181+0400] {dag.py:2941} INFO - Sync 1 DAGs
[2023-10-22T19:15:45.189+0400] {logging_mixin.py:151} INFO - [2023-10-22T19:15:45.189+0400] {dag.py:3722} INFO - Setting next_dagrun for example_short_circuit_operator to 2023-10-21T15:15:45.189039+00:00, run_after=2023-10-22T15:15:45.189039+00:00
[2023-10-22T19:15:45.202+0400] {processor.py:179} INFO - Processing /home/pyretttt/repos/mlops3/env/lib/python3.10/site-packages/airflow/example_dags/example_short_circuit_operator.py took 0.042 seconds
[2023-10-22T19:16:39.857+0400] {processor.py:157} INFO - Started process (PID=1998) to work on /home/pyretttt/repos/mlops3/env/lib/python3.10/site-packages/airflow/example_dags/example_short_circuit_operator.py
[2023-10-22T19:16:39.858+0400] {processor.py:829} INFO - Processing file /home/pyretttt/repos/mlops3/env/lib/python3.10/site-packages/airflow/example_dags/example_short_circuit_operator.py for tasks to queue
[2023-10-22T19:16:39.860+0400] {logging_mixin.py:151} INFO - [2023-10-22T19:16:39.859+0400] {dagbag.py:536} INFO - Filling up the DagBag from /home/pyretttt/repos/mlops3/env/lib/python3.10/site-packages/airflow/example_dags/example_short_circuit_operator.py
[2023-10-22T19:16:39.869+0400] {processor.py:839} INFO - DAG(s) dict_keys(['example_short_circuit_operator']) retrieved from /home/pyretttt/repos/mlops3/env/lib/python3.10/site-packages/airflow/example_dags/example_short_circuit_operator.py
[2023-10-22T19:16:39.878+0400] {logging_mixin.py:151} INFO - [2023-10-22T19:16:39.878+0400] {dag.py:2941} INFO - Sync 1 DAGs
[2023-10-22T19:16:39.886+0400] {logging_mixin.py:151} INFO - [2023-10-22T19:16:39.886+0400] {dag.py:3722} INFO - Setting next_dagrun for example_short_circuit_operator to 2023-10-21T15:16:39.886440+00:00, run_after=2023-10-22T15:16:39.886440+00:00
[2023-10-22T19:16:39.897+0400] {processor.py:179} INFO - Processing /home/pyretttt/repos/mlops3/env/lib/python3.10/site-packages/airflow/example_dags/example_short_circuit_operator.py took 0.043 seconds
[2023-10-22T19:17:18.408+0400] {processor.py:157} INFO - Started process (PID=2051) to work on /home/pyretttt/repos/mlops3/env/lib/python3.10/site-packages/airflow/example_dags/example_short_circuit_operator.py
[2023-10-22T19:17:18.410+0400] {processor.py:829} INFO - Processing file /home/pyretttt/repos/mlops3/env/lib/python3.10/site-packages/airflow/example_dags/example_short_circuit_operator.py for tasks to queue
[2023-10-22T19:17:18.411+0400] {logging_mixin.py:151} INFO - [2023-10-22T19:17:18.411+0400] {dagbag.py:536} INFO - Filling up the DagBag from /home/pyretttt/repos/mlops3/env/lib/python3.10/site-packages/airflow/example_dags/example_short_circuit_operator.py
[2023-10-22T19:17:18.418+0400] {processor.py:839} INFO - DAG(s) dict_keys(['example_short_circuit_operator']) retrieved from /home/pyretttt/repos/mlops3/env/lib/python3.10/site-packages/airflow/example_dags/example_short_circuit_operator.py
[2023-10-22T19:17:18.427+0400] {logging_mixin.py:151} INFO - [2023-10-22T19:17:18.427+0400] {dag.py:2941} INFO - Sync 1 DAGs
[2023-10-22T19:17:18.435+0400] {logging_mixin.py:151} INFO - [2023-10-22T19:17:18.435+0400] {dag.py:3722} INFO - Setting next_dagrun for example_short_circuit_operator to 2023-10-21T15:17:18.435737+00:00, run_after=2023-10-22T15:17:18.435737+00:00
[2023-10-22T19:17:18.452+0400] {processor.py:179} INFO - Processing /home/pyretttt/repos/mlops3/env/lib/python3.10/site-packages/airflow/example_dags/example_short_circuit_operator.py took 0.048 seconds
[2023-10-22T19:18:11.625+0400] {processor.py:157} INFO - Started process (PID=2125) to work on /home/pyretttt/repos/mlops3/env/lib/python3.10/site-packages/airflow/example_dags/example_short_circuit_operator.py
[2023-10-22T19:18:11.626+0400] {processor.py:829} INFO - Processing file /home/pyretttt/repos/mlops3/env/lib/python3.10/site-packages/airflow/example_dags/example_short_circuit_operator.py for tasks to queue
[2023-10-22T19:18:11.627+0400] {logging_mixin.py:151} INFO - [2023-10-22T19:18:11.627+0400] {dagbag.py:536} INFO - Filling up the DagBag from /home/pyretttt/repos/mlops3/env/lib/python3.10/site-packages/airflow/example_dags/example_short_circuit_operator.py
[2023-10-22T19:18:11.633+0400] {processor.py:839} INFO - DAG(s) dict_keys(['example_short_circuit_operator']) retrieved from /home/pyretttt/repos/mlops3/env/lib/python3.10/site-packages/airflow/example_dags/example_short_circuit_operator.py
[2023-10-22T19:18:11.643+0400] {logging_mixin.py:151} INFO - [2023-10-22T19:18:11.643+0400] {dag.py:2941} INFO - Sync 1 DAGs
[2023-10-22T19:18:11.654+0400] {logging_mixin.py:151} INFO - [2023-10-22T19:18:11.654+0400] {dag.py:3722} INFO - Setting next_dagrun for example_short_circuit_operator to 2023-10-21T15:18:11.654405+00:00, run_after=2023-10-22T15:18:11.654405+00:00
[2023-10-22T19:18:11.667+0400] {processor.py:179} INFO - Processing /home/pyretttt/repos/mlops3/env/lib/python3.10/site-packages/airflow/example_dags/example_short_circuit_operator.py took 0.046 seconds
[2023-10-22T19:18:49.878+0400] {processor.py:157} INFO - Started process (PID=2163) to work on /home/pyretttt/repos/mlops3/env/lib/python3.10/site-packages/airflow/example_dags/example_short_circuit_operator.py
[2023-10-22T19:18:49.880+0400] {processor.py:829} INFO - Processing file /home/pyretttt/repos/mlops3/env/lib/python3.10/site-packages/airflow/example_dags/example_short_circuit_operator.py for tasks to queue
[2023-10-22T19:18:49.881+0400] {logging_mixin.py:151} INFO - [2023-10-22T19:18:49.880+0400] {dagbag.py:536} INFO - Filling up the DagBag from /home/pyretttt/repos/mlops3/env/lib/python3.10/site-packages/airflow/example_dags/example_short_circuit_operator.py
[2023-10-22T19:18:49.886+0400] {processor.py:839} INFO - DAG(s) dict_keys(['example_short_circuit_operator']) retrieved from /home/pyretttt/repos/mlops3/env/lib/python3.10/site-packages/airflow/example_dags/example_short_circuit_operator.py
[2023-10-22T19:18:49.897+0400] {logging_mixin.py:151} INFO - [2023-10-22T19:18:49.896+0400] {dag.py:2941} INFO - Sync 1 DAGs
[2023-10-22T19:18:49.906+0400] {logging_mixin.py:151} INFO - [2023-10-22T19:18:49.906+0400] {dag.py:3722} INFO - Setting next_dagrun for example_short_circuit_operator to 2023-10-21T15:18:49.906053+00:00, run_after=2023-10-22T15:18:49.906053+00:00
[2023-10-22T19:18:49.920+0400] {processor.py:179} INFO - Processing /home/pyretttt/repos/mlops3/env/lib/python3.10/site-packages/airflow/example_dags/example_short_circuit_operator.py took 0.045 seconds
[2023-10-22T19:19:41.656+0400] {processor.py:157} INFO - Started process (PID=2216) to work on /home/pyretttt/repos/mlops3/env/lib/python3.10/site-packages/airflow/example_dags/example_short_circuit_operator.py
[2023-10-22T19:19:41.658+0400] {processor.py:829} INFO - Processing file /home/pyretttt/repos/mlops3/env/lib/python3.10/site-packages/airflow/example_dags/example_short_circuit_operator.py for tasks to queue
[2023-10-22T19:19:41.659+0400] {logging_mixin.py:151} INFO - [2023-10-22T19:19:41.658+0400] {dagbag.py:536} INFO - Filling up the DagBag from /home/pyretttt/repos/mlops3/env/lib/python3.10/site-packages/airflow/example_dags/example_short_circuit_operator.py
[2023-10-22T19:19:41.667+0400] {processor.py:839} INFO - DAG(s) dict_keys(['example_short_circuit_operator']) retrieved from /home/pyretttt/repos/mlops3/env/lib/python3.10/site-packages/airflow/example_dags/example_short_circuit_operator.py
[2023-10-22T19:19:41.676+0400] {logging_mixin.py:151} INFO - [2023-10-22T19:19:41.676+0400] {dag.py:2941} INFO - Sync 1 DAGs
[2023-10-22T19:19:41.684+0400] {logging_mixin.py:151} INFO - [2023-10-22T19:19:41.684+0400] {dag.py:3722} INFO - Setting next_dagrun for example_short_circuit_operator to 2023-10-21T15:19:41.684779+00:00, run_after=2023-10-22T15:19:41.684779+00:00
[2023-10-22T19:19:41.696+0400] {processor.py:179} INFO - Processing /home/pyretttt/repos/mlops3/env/lib/python3.10/site-packages/airflow/example_dags/example_short_circuit_operator.py took 0.043 seconds
[2023-10-22T19:20:35.362+0400] {processor.py:157} INFO - Started process (PID=2274) to work on /home/pyretttt/repos/mlops3/env/lib/python3.10/site-packages/airflow/example_dags/example_short_circuit_operator.py
[2023-10-22T19:20:35.364+0400] {processor.py:829} INFO - Processing file /home/pyretttt/repos/mlops3/env/lib/python3.10/site-packages/airflow/example_dags/example_short_circuit_operator.py for tasks to queue
[2023-10-22T19:20:35.365+0400] {logging_mixin.py:151} INFO - [2023-10-22T19:20:35.365+0400] {dagbag.py:536} INFO - Filling up the DagBag from /home/pyretttt/repos/mlops3/env/lib/python3.10/site-packages/airflow/example_dags/example_short_circuit_operator.py
[2023-10-22T19:20:35.374+0400] {processor.py:839} INFO - DAG(s) dict_keys(['example_short_circuit_operator']) retrieved from /home/pyretttt/repos/mlops3/env/lib/python3.10/site-packages/airflow/example_dags/example_short_circuit_operator.py
[2023-10-22T19:20:35.383+0400] {logging_mixin.py:151} INFO - [2023-10-22T19:20:35.383+0400] {dag.py:2941} INFO - Sync 1 DAGs
[2023-10-22T19:20:35.393+0400] {logging_mixin.py:151} INFO - [2023-10-22T19:20:35.393+0400] {dag.py:3722} INFO - Setting next_dagrun for example_short_circuit_operator to 2023-10-21T15:20:35.393700+00:00, run_after=2023-10-22T15:20:35.393700+00:00
[2023-10-22T19:20:35.404+0400] {processor.py:179} INFO - Processing /home/pyretttt/repos/mlops3/env/lib/python3.10/site-packages/airflow/example_dags/example_short_circuit_operator.py took 0.045 seconds
