[2023-10-22T19:10:15.886+0400] {processor.py:157} INFO - Started process (PID=1396) to work on /home/pyretttt/repos/mlops3/env/lib/python3.10/site-packages/airflow/example_dags/example_sla_dag.py
[2023-10-22T19:10:15.887+0400] {processor.py:829} INFO - Processing file /home/pyretttt/repos/mlops3/env/lib/python3.10/site-packages/airflow/example_dags/example_sla_dag.py for tasks to queue
[2023-10-22T19:10:15.888+0400] {logging_mixin.py:151} INFO - [2023-10-22T19:10:15.888+0400] {dagbag.py:536} INFO - Filling up the DagBag from /home/pyretttt/repos/mlops3/env/lib/python3.10/site-packages/airflow/example_dags/example_sla_dag.py
[2023-10-22T19:10:15.899+0400] {processor.py:839} INFO - DAG(s) dict_keys(['example_sla_dag']) retrieved from /home/pyretttt/repos/mlops3/env/lib/python3.10/site-packages/airflow/example_dags/example_sla_dag.py
[2023-10-22T19:10:15.946+0400] {logging_mixin.py:151} INFO - [2023-10-22T19:10:15.946+0400] {manager.py:499} INFO - Created Permission View: %s
[2023-10-22T19:10:15.952+0400] {logging_mixin.py:151} INFO - [2023-10-22T19:10:15.952+0400] {manager.py:499} INFO - Created Permission View: %s
[2023-10-22T19:10:15.957+0400] {logging_mixin.py:151} INFO - [2023-10-22T19:10:15.957+0400] {manager.py:499} INFO - Created Permission View: %s
[2023-10-22T19:10:15.957+0400] {logging_mixin.py:151} INFO - [2023-10-22T19:10:15.957+0400] {dag.py:2941} INFO - Sync 1 DAGs
[2023-10-22T19:10:15.961+0400] {logging_mixin.py:151} INFO - [2023-10-22T19:10:15.961+0400] {dag.py:2963} INFO - Creating ORM DAG for example_sla_dag
[2023-10-22T19:10:15.966+0400] {logging_mixin.py:151} INFO - [2023-10-22T19:10:15.966+0400] {dag.py:3722} INFO - Setting next_dagrun for example_sla_dag to 2023-10-22T15:08:00+00:00, run_after=2023-10-22T15:10:00+00:00
[2023-10-22T19:10:15.975+0400] {processor.py:179} INFO - Processing /home/pyretttt/repos/mlops3/env/lib/python3.10/site-packages/airflow/example_dags/example_sla_dag.py took 0.092 seconds
[2023-10-22T19:11:02.901+0400] {processor.py:157} INFO - Started process (PID=1458) to work on /home/pyretttt/repos/mlops3/env/lib/python3.10/site-packages/airflow/example_dags/example_sla_dag.py
[2023-10-22T19:11:02.904+0400] {processor.py:829} INFO - Processing file /home/pyretttt/repos/mlops3/env/lib/python3.10/site-packages/airflow/example_dags/example_sla_dag.py for tasks to queue
[2023-10-22T19:11:02.905+0400] {logging_mixin.py:151} INFO - [2023-10-22T19:11:02.905+0400] {dagbag.py:536} INFO - Filling up the DagBag from /home/pyretttt/repos/mlops3/env/lib/python3.10/site-packages/airflow/example_dags/example_sla_dag.py
[2023-10-22T19:11:02.911+0400] {processor.py:839} INFO - DAG(s) dict_keys(['example_sla_dag']) retrieved from /home/pyretttt/repos/mlops3/env/lib/python3.10/site-packages/airflow/example_dags/example_sla_dag.py
[2023-10-22T19:11:02.919+0400] {logging_mixin.py:151} INFO - [2023-10-22T19:11:02.919+0400] {dag.py:2941} INFO - Sync 1 DAGs
[2023-10-22T19:11:02.930+0400] {logging_mixin.py:151} INFO - [2023-10-22T19:11:02.930+0400] {dag.py:3722} INFO - Setting next_dagrun for example_sla_dag to 2023-10-22T15:08:00+00:00, run_after=2023-10-22T15:10:00+00:00
[2023-10-22T19:11:02.944+0400] {processor.py:179} INFO - Processing /home/pyretttt/repos/mlops3/env/lib/python3.10/site-packages/airflow/example_dags/example_sla_dag.py took 0.046 seconds
[2023-10-22T19:11:50.622+0400] {processor.py:157} INFO - Started process (PID=1682) to work on /home/pyretttt/repos/mlops3/env/lib/python3.10/site-packages/airflow/example_dags/example_sla_dag.py
[2023-10-22T19:11:50.623+0400] {processor.py:829} INFO - Processing file /home/pyretttt/repos/mlops3/env/lib/python3.10/site-packages/airflow/example_dags/example_sla_dag.py for tasks to queue
[2023-10-22T19:11:50.624+0400] {logging_mixin.py:151} INFO - [2023-10-22T19:11:50.623+0400] {dagbag.py:536} INFO - Filling up the DagBag from /home/pyretttt/repos/mlops3/env/lib/python3.10/site-packages/airflow/example_dags/example_sla_dag.py
[2023-10-22T19:11:50.629+0400] {processor.py:839} INFO - DAG(s) dict_keys(['example_sla_dag']) retrieved from /home/pyretttt/repos/mlops3/env/lib/python3.10/site-packages/airflow/example_dags/example_sla_dag.py
[2023-10-22T19:11:50.640+0400] {logging_mixin.py:151} INFO - [2023-10-22T19:11:50.640+0400] {dag.py:2941} INFO - Sync 1 DAGs
[2023-10-22T19:11:50.651+0400] {logging_mixin.py:151} INFO - [2023-10-22T19:11:50.651+0400] {dag.py:3722} INFO - Setting next_dagrun for example_sla_dag to 2023-10-22T15:08:00+00:00, run_after=2023-10-22T15:10:00+00:00
[2023-10-22T19:11:50.665+0400] {processor.py:179} INFO - Processing /home/pyretttt/repos/mlops3/env/lib/python3.10/site-packages/airflow/example_dags/example_sla_dag.py took 0.045 seconds
[2023-10-22T19:12:39.734+0400] {processor.py:157} INFO - Started process (PID=1732) to work on /home/pyretttt/repos/mlops3/env/lib/python3.10/site-packages/airflow/example_dags/example_sla_dag.py
[2023-10-22T19:12:39.737+0400] {processor.py:829} INFO - Processing file /home/pyretttt/repos/mlops3/env/lib/python3.10/site-packages/airflow/example_dags/example_sla_dag.py for tasks to queue
[2023-10-22T19:12:39.738+0400] {logging_mixin.py:151} INFO - [2023-10-22T19:12:39.737+0400] {dagbag.py:536} INFO - Filling up the DagBag from /home/pyretttt/repos/mlops3/env/lib/python3.10/site-packages/airflow/example_dags/example_sla_dag.py
[2023-10-22T19:12:39.743+0400] {processor.py:839} INFO - DAG(s) dict_keys(['example_sla_dag']) retrieved from /home/pyretttt/repos/mlops3/env/lib/python3.10/site-packages/airflow/example_dags/example_sla_dag.py
[2023-10-22T19:12:39.751+0400] {logging_mixin.py:151} INFO - [2023-10-22T19:12:39.751+0400] {dag.py:2941} INFO - Sync 1 DAGs
[2023-10-22T19:12:39.763+0400] {logging_mixin.py:151} INFO - [2023-10-22T19:12:39.763+0400] {dag.py:3722} INFO - Setting next_dagrun for example_sla_dag to 2023-10-22T15:10:00+00:00, run_after=2023-10-22T15:12:00+00:00
[2023-10-22T19:12:39.782+0400] {processor.py:179} INFO - Processing /home/pyretttt/repos/mlops3/env/lib/python3.10/site-packages/airflow/example_dags/example_sla_dag.py took 0.051 seconds
[2023-10-22T19:13:28.320+0400] {processor.py:157} INFO - Started process (PID=1783) to work on /home/pyretttt/repos/mlops3/env/lib/python3.10/site-packages/airflow/example_dags/example_sla_dag.py
[2023-10-22T19:13:28.322+0400] {processor.py:829} INFO - Processing file /home/pyretttt/repos/mlops3/env/lib/python3.10/site-packages/airflow/example_dags/example_sla_dag.py for tasks to queue
[2023-10-22T19:13:28.323+0400] {logging_mixin.py:151} INFO - [2023-10-22T19:13:28.323+0400] {dagbag.py:536} INFO - Filling up the DagBag from /home/pyretttt/repos/mlops3/env/lib/python3.10/site-packages/airflow/example_dags/example_sla_dag.py
[2023-10-22T19:13:28.328+0400] {processor.py:839} INFO - DAG(s) dict_keys(['example_sla_dag']) retrieved from /home/pyretttt/repos/mlops3/env/lib/python3.10/site-packages/airflow/example_dags/example_sla_dag.py
[2023-10-22T19:13:28.339+0400] {logging_mixin.py:151} INFO - [2023-10-22T19:13:28.338+0400] {dag.py:2941} INFO - Sync 1 DAGs
[2023-10-22T19:13:28.351+0400] {logging_mixin.py:151} INFO - [2023-10-22T19:13:28.350+0400] {dag.py:3722} INFO - Setting next_dagrun for example_sla_dag to 2023-10-22T15:10:00+00:00, run_after=2023-10-22T15:12:00+00:00
[2023-10-22T19:13:28.366+0400] {processor.py:179} INFO - Processing /home/pyretttt/repos/mlops3/env/lib/python3.10/site-packages/airflow/example_dags/example_sla_dag.py took 0.050 seconds
[2023-10-22T19:14:19.388+0400] {processor.py:157} INFO - Started process (PID=1856) to work on /home/pyretttt/repos/mlops3/env/lib/python3.10/site-packages/airflow/example_dags/example_sla_dag.py
[2023-10-22T19:14:19.390+0400] {processor.py:829} INFO - Processing file /home/pyretttt/repos/mlops3/env/lib/python3.10/site-packages/airflow/example_dags/example_sla_dag.py for tasks to queue
[2023-10-22T19:14:19.391+0400] {logging_mixin.py:151} INFO - [2023-10-22T19:14:19.390+0400] {dagbag.py:536} INFO - Filling up the DagBag from /home/pyretttt/repos/mlops3/env/lib/python3.10/site-packages/airflow/example_dags/example_sla_dag.py
[2023-10-22T19:14:19.396+0400] {processor.py:839} INFO - DAG(s) dict_keys(['example_sla_dag']) retrieved from /home/pyretttt/repos/mlops3/env/lib/python3.10/site-packages/airflow/example_dags/example_sla_dag.py
[2023-10-22T19:14:19.406+0400] {logging_mixin.py:151} INFO - [2023-10-22T19:14:19.406+0400] {dag.py:2941} INFO - Sync 1 DAGs
[2023-10-22T19:14:19.418+0400] {logging_mixin.py:151} INFO - [2023-10-22T19:14:19.418+0400] {dag.py:3722} INFO - Setting next_dagrun for example_sla_dag to 2023-10-22T15:12:00+00:00, run_after=2023-10-22T15:14:00+00:00
[2023-10-22T19:14:19.431+0400] {processor.py:179} INFO - Processing /home/pyretttt/repos/mlops3/env/lib/python3.10/site-packages/airflow/example_dags/example_sla_dag.py took 0.047 seconds
[2023-10-22T19:15:11.188+0400] {processor.py:157} INFO - Started process (PID=1909) to work on /home/pyretttt/repos/mlops3/env/lib/python3.10/site-packages/airflow/example_dags/example_sla_dag.py
[2023-10-22T19:15:11.190+0400] {processor.py:829} INFO - Processing file /home/pyretttt/repos/mlops3/env/lib/python3.10/site-packages/airflow/example_dags/example_sla_dag.py for tasks to queue
[2023-10-22T19:15:11.191+0400] {logging_mixin.py:151} INFO - [2023-10-22T19:15:11.190+0400] {dagbag.py:536} INFO - Filling up the DagBag from /home/pyretttt/repos/mlops3/env/lib/python3.10/site-packages/airflow/example_dags/example_sla_dag.py
[2023-10-22T19:15:11.197+0400] {processor.py:839} INFO - DAG(s) dict_keys(['example_sla_dag']) retrieved from /home/pyretttt/repos/mlops3/env/lib/python3.10/site-packages/airflow/example_dags/example_sla_dag.py
[2023-10-22T19:15:11.204+0400] {logging_mixin.py:151} INFO - [2023-10-22T19:15:11.204+0400] {dag.py:2941} INFO - Sync 1 DAGs
[2023-10-22T19:15:11.214+0400] {logging_mixin.py:151} INFO - [2023-10-22T19:15:11.214+0400] {dag.py:3722} INFO - Setting next_dagrun for example_sla_dag to 2023-10-22T15:12:00+00:00, run_after=2023-10-22T15:14:00+00:00
[2023-10-22T19:15:11.224+0400] {processor.py:179} INFO - Processing /home/pyretttt/repos/mlops3/env/lib/python3.10/site-packages/airflow/example_dags/example_sla_dag.py took 0.039 seconds
[2023-10-22T19:16:06.148+0400] {processor.py:157} INFO - Started process (PID=1963) to work on /home/pyretttt/repos/mlops3/env/lib/python3.10/site-packages/airflow/example_dags/example_sla_dag.py
[2023-10-22T19:16:06.150+0400] {processor.py:829} INFO - Processing file /home/pyretttt/repos/mlops3/env/lib/python3.10/site-packages/airflow/example_dags/example_sla_dag.py for tasks to queue
[2023-10-22T19:16:06.151+0400] {logging_mixin.py:151} INFO - [2023-10-22T19:16:06.150+0400] {dagbag.py:536} INFO - Filling up the DagBag from /home/pyretttt/repos/mlops3/env/lib/python3.10/site-packages/airflow/example_dags/example_sla_dag.py
[2023-10-22T19:16:06.158+0400] {processor.py:839} INFO - DAG(s) dict_keys(['example_sla_dag']) retrieved from /home/pyretttt/repos/mlops3/env/lib/python3.10/site-packages/airflow/example_dags/example_sla_dag.py
[2023-10-22T19:16:06.166+0400] {logging_mixin.py:151} INFO - [2023-10-22T19:16:06.166+0400] {dag.py:2941} INFO - Sync 1 DAGs
[2023-10-22T19:16:06.178+0400] {logging_mixin.py:151} INFO - [2023-10-22T19:16:06.178+0400] {dag.py:3722} INFO - Setting next_dagrun for example_sla_dag to 2023-10-22T15:14:00+00:00, run_after=2023-10-22T15:16:00+00:00
[2023-10-22T19:16:06.190+0400] {processor.py:179} INFO - Processing /home/pyretttt/repos/mlops3/env/lib/python3.10/site-packages/airflow/example_dags/example_sla_dag.py took 0.044 seconds
[2023-10-22T19:17:03.426+0400] {processor.py:157} INFO - Started process (PID=2037) to work on /home/pyretttt/repos/mlops3/env/lib/python3.10/site-packages/airflow/example_dags/example_sla_dag.py
[2023-10-22T19:17:03.427+0400] {processor.py:829} INFO - Processing file /home/pyretttt/repos/mlops3/env/lib/python3.10/site-packages/airflow/example_dags/example_sla_dag.py for tasks to queue
[2023-10-22T19:17:03.429+0400] {logging_mixin.py:151} INFO - [2023-10-22T19:17:03.428+0400] {dagbag.py:536} INFO - Filling up the DagBag from /home/pyretttt/repos/mlops3/env/lib/python3.10/site-packages/airflow/example_dags/example_sla_dag.py
[2023-10-22T19:17:03.437+0400] {processor.py:839} INFO - DAG(s) dict_keys(['example_sla_dag']) retrieved from /home/pyretttt/repos/mlops3/env/lib/python3.10/site-packages/airflow/example_dags/example_sla_dag.py
[2023-10-22T19:17:03.446+0400] {logging_mixin.py:151} INFO - [2023-10-22T19:17:03.446+0400] {dag.py:2941} INFO - Sync 1 DAGs
[2023-10-22T19:17:03.458+0400] {logging_mixin.py:151} INFO - [2023-10-22T19:17:03.458+0400] {dag.py:3722} INFO - Setting next_dagrun for example_sla_dag to 2023-10-22T15:14:00+00:00, run_after=2023-10-22T15:16:00+00:00
[2023-10-22T19:17:03.470+0400] {processor.py:179} INFO - Processing /home/pyretttt/repos/mlops3/env/lib/python3.10/site-packages/airflow/example_dags/example_sla_dag.py took 0.048 seconds
[2023-10-22T19:17:57.689+0400] {processor.py:157} INFO - Started process (PID=2112) to work on /home/pyretttt/repos/mlops3/env/lib/python3.10/site-packages/airflow/example_dags/example_sla_dag.py
[2023-10-22T19:17:57.692+0400] {processor.py:829} INFO - Processing file /home/pyretttt/repos/mlops3/env/lib/python3.10/site-packages/airflow/example_dags/example_sla_dag.py for tasks to queue
[2023-10-22T19:17:57.693+0400] {logging_mixin.py:151} INFO - [2023-10-22T19:17:57.692+0400] {dagbag.py:536} INFO - Filling up the DagBag from /home/pyretttt/repos/mlops3/env/lib/python3.10/site-packages/airflow/example_dags/example_sla_dag.py
[2023-10-22T19:17:57.700+0400] {processor.py:839} INFO - DAG(s) dict_keys(['example_sla_dag']) retrieved from /home/pyretttt/repos/mlops3/env/lib/python3.10/site-packages/airflow/example_dags/example_sla_dag.py
[2023-10-22T19:17:57.708+0400] {logging_mixin.py:151} INFO - [2023-10-22T19:17:57.708+0400] {dag.py:2941} INFO - Sync 1 DAGs
[2023-10-22T19:17:57.720+0400] {logging_mixin.py:151} INFO - [2023-10-22T19:17:57.719+0400] {dag.py:3722} INFO - Setting next_dagrun for example_sla_dag to 2023-10-22T15:14:00+00:00, run_after=2023-10-22T15:16:00+00:00
[2023-10-22T19:17:57.733+0400] {processor.py:179} INFO - Processing /home/pyretttt/repos/mlops3/env/lib/python3.10/site-packages/airflow/example_dags/example_sla_dag.py took 0.049 seconds
[2023-10-22T19:18:53.715+0400] {processor.py:157} INFO - Started process (PID=2167) to work on /home/pyretttt/repos/mlops3/env/lib/python3.10/site-packages/airflow/example_dags/example_sla_dag.py
[2023-10-22T19:18:53.716+0400] {processor.py:829} INFO - Processing file /home/pyretttt/repos/mlops3/env/lib/python3.10/site-packages/airflow/example_dags/example_sla_dag.py for tasks to queue
[2023-10-22T19:18:53.717+0400] {logging_mixin.py:151} INFO - [2023-10-22T19:18:53.717+0400] {dagbag.py:536} INFO - Filling up the DagBag from /home/pyretttt/repos/mlops3/env/lib/python3.10/site-packages/airflow/example_dags/example_sla_dag.py
[2023-10-22T19:18:53.724+0400] {processor.py:839} INFO - DAG(s) dict_keys(['example_sla_dag']) retrieved from /home/pyretttt/repos/mlops3/env/lib/python3.10/site-packages/airflow/example_dags/example_sla_dag.py
[2023-10-22T19:18:53.732+0400] {logging_mixin.py:151} INFO - [2023-10-22T19:18:53.731+0400] {dag.py:2941} INFO - Sync 1 DAGs
[2023-10-22T19:18:53.740+0400] {logging_mixin.py:151} INFO - [2023-10-22T19:18:53.740+0400] {dag.py:3722} INFO - Setting next_dagrun for example_sla_dag to 2023-10-22T15:16:00+00:00, run_after=2023-10-22T15:18:00+00:00
[2023-10-22T19:18:53.750+0400] {processor.py:179} INFO - Processing /home/pyretttt/repos/mlops3/env/lib/python3.10/site-packages/airflow/example_dags/example_sla_dag.py took 0.039 seconds
[2023-10-22T19:19:45.610+0400] {processor.py:157} INFO - Started process (PID=2220) to work on /home/pyretttt/repos/mlops3/env/lib/python3.10/site-packages/airflow/example_dags/example_sla_dag.py
[2023-10-22T19:19:45.612+0400] {processor.py:829} INFO - Processing file /home/pyretttt/repos/mlops3/env/lib/python3.10/site-packages/airflow/example_dags/example_sla_dag.py for tasks to queue
[2023-10-22T19:19:45.613+0400] {logging_mixin.py:151} INFO - [2023-10-22T19:19:45.612+0400] {dagbag.py:536} INFO - Filling up the DagBag from /home/pyretttt/repos/mlops3/env/lib/python3.10/site-packages/airflow/example_dags/example_sla_dag.py
[2023-10-22T19:19:45.618+0400] {processor.py:839} INFO - DAG(s) dict_keys(['example_sla_dag']) retrieved from /home/pyretttt/repos/mlops3/env/lib/python3.10/site-packages/airflow/example_dags/example_sla_dag.py
[2023-10-22T19:19:45.626+0400] {logging_mixin.py:151} INFO - [2023-10-22T19:19:45.625+0400] {dag.py:2941} INFO - Sync 1 DAGs
[2023-10-22T19:19:45.634+0400] {logging_mixin.py:151} INFO - [2023-10-22T19:19:45.634+0400] {dag.py:3722} INFO - Setting next_dagrun for example_sla_dag to 2023-10-22T15:16:00+00:00, run_after=2023-10-22T15:18:00+00:00
[2023-10-22T19:19:45.645+0400] {processor.py:179} INFO - Processing /home/pyretttt/repos/mlops3/env/lib/python3.10/site-packages/airflow/example_dags/example_sla_dag.py took 0.038 seconds
[2023-10-22T19:20:40.362+0400] {processor.py:157} INFO - Started process (PID=2289) to work on /home/pyretttt/repos/mlops3/env/lib/python3.10/site-packages/airflow/example_dags/example_sla_dag.py
[2023-10-22T19:20:40.364+0400] {processor.py:829} INFO - Processing file /home/pyretttt/repos/mlops3/env/lib/python3.10/site-packages/airflow/example_dags/example_sla_dag.py for tasks to queue
[2023-10-22T19:20:40.365+0400] {logging_mixin.py:151} INFO - [2023-10-22T19:20:40.365+0400] {dagbag.py:536} INFO - Filling up the DagBag from /home/pyretttt/repos/mlops3/env/lib/python3.10/site-packages/airflow/example_dags/example_sla_dag.py
[2023-10-22T19:20:40.372+0400] {processor.py:839} INFO - DAG(s) dict_keys(['example_sla_dag']) retrieved from /home/pyretttt/repos/mlops3/env/lib/python3.10/site-packages/airflow/example_dags/example_sla_dag.py
[2023-10-22T19:20:40.380+0400] {logging_mixin.py:151} INFO - [2023-10-22T19:20:40.380+0400] {dag.py:2941} INFO - Sync 1 DAGs
[2023-10-22T19:20:40.389+0400] {logging_mixin.py:151} INFO - [2023-10-22T19:20:40.389+0400] {dag.py:3722} INFO - Setting next_dagrun for example_sla_dag to 2023-10-22T15:18:00+00:00, run_after=2023-10-22T15:20:00+00:00
[2023-10-22T19:20:40.400+0400] {processor.py:179} INFO - Processing /home/pyretttt/repos/mlops3/env/lib/python3.10/site-packages/airflow/example_dags/example_sla_dag.py took 0.041 seconds
