[2023-10-22T19:10:33.879+0400] {processor.py:157} INFO - Started process (PID=1425) to work on /home/pyretttt/repos/mlops3/env/lib/python3.10/site-packages/airflow/example_dags/example_external_task_marker_dag.py
[2023-10-22T19:10:33.880+0400] {processor.py:829} INFO - Processing file /home/pyretttt/repos/mlops3/env/lib/python3.10/site-packages/airflow/example_dags/example_external_task_marker_dag.py for tasks to queue
[2023-10-22T19:10:33.881+0400] {logging_mixin.py:151} INFO - [2023-10-22T19:10:33.881+0400] {dagbag.py:536} INFO - Filling up the DagBag from /home/pyretttt/repos/mlops3/env/lib/python3.10/site-packages/airflow/example_dags/example_external_task_marker_dag.py
[2023-10-22T19:10:33.888+0400] {processor.py:839} INFO - DAG(s) dict_keys(['example_external_task_marker_child', 'example_external_task_marker_parent']) retrieved from /home/pyretttt/repos/mlops3/env/lib/python3.10/site-packages/airflow/example_dags/example_external_task_marker_dag.py
[2023-10-22T19:10:33.942+0400] {logging_mixin.py:151} INFO - [2023-10-22T19:10:33.942+0400] {manager.py:499} INFO - Created Permission View: %s
[2023-10-22T19:10:33.950+0400] {logging_mixin.py:151} INFO - [2023-10-22T19:10:33.950+0400] {manager.py:499} INFO - Created Permission View: %s
[2023-10-22T19:10:33.954+0400] {logging_mixin.py:151} INFO - [2023-10-22T19:10:33.954+0400] {manager.py:499} INFO - Created Permission View: %s
[2023-10-22T19:10:33.965+0400] {logging_mixin.py:151} INFO - [2023-10-22T19:10:33.965+0400] {manager.py:499} INFO - Created Permission View: %s
[2023-10-22T19:10:33.970+0400] {logging_mixin.py:151} INFO - [2023-10-22T19:10:33.969+0400] {manager.py:499} INFO - Created Permission View: %s
[2023-10-22T19:10:33.974+0400] {logging_mixin.py:151} INFO - [2023-10-22T19:10:33.974+0400] {manager.py:499} INFO - Created Permission View: %s
[2023-10-22T19:10:33.974+0400] {logging_mixin.py:151} INFO - [2023-10-22T19:10:33.974+0400] {dag.py:2941} INFO - Sync 2 DAGs
[2023-10-22T19:10:33.978+0400] {logging_mixin.py:151} INFO - [2023-10-22T19:10:33.978+0400] {dag.py:2963} INFO - Creating ORM DAG for example_external_task_marker_child
[2023-10-22T19:10:33.978+0400] {logging_mixin.py:151} INFO - [2023-10-22T19:10:33.978+0400] {dag.py:2963} INFO - Creating ORM DAG for example_external_task_marker_parent
[2023-10-22T19:10:33.978+0400] {logging_mixin.py:151} INFO - [2023-10-22T19:10:33.978+0400] {dag.py:3722} INFO - Setting next_dagrun for example_external_task_marker_child to None, run_after=None
[2023-10-22T19:10:33.979+0400] {logging_mixin.py:151} INFO - [2023-10-22T19:10:33.979+0400] {dag.py:3722} INFO - Setting next_dagrun for example_external_task_marker_parent to None, run_after=None
[2023-10-22T19:10:33.988+0400] {processor.py:179} INFO - Processing /home/pyretttt/repos/mlops3/env/lib/python3.10/site-packages/airflow/example_dags/example_external_task_marker_dag.py took 0.112 seconds
[2023-10-22T19:11:25.419+0400] {processor.py:157} INFO - Started process (PID=1645) to work on /home/pyretttt/repos/mlops3/env/lib/python3.10/site-packages/airflow/example_dags/example_external_task_marker_dag.py
[2023-10-22T19:11:25.420+0400] {processor.py:829} INFO - Processing file /home/pyretttt/repos/mlops3/env/lib/python3.10/site-packages/airflow/example_dags/example_external_task_marker_dag.py for tasks to queue
[2023-10-22T19:11:25.420+0400] {logging_mixin.py:151} INFO - [2023-10-22T19:11:25.420+0400] {dagbag.py:536} INFO - Filling up the DagBag from /home/pyretttt/repos/mlops3/env/lib/python3.10/site-packages/airflow/example_dags/example_external_task_marker_dag.py
[2023-10-22T19:11:25.423+0400] {processor.py:839} INFO - DAG(s) dict_keys(['example_external_task_marker_child', 'example_external_task_marker_parent']) retrieved from /home/pyretttt/repos/mlops3/env/lib/python3.10/site-packages/airflow/example_dags/example_external_task_marker_dag.py
[2023-10-22T19:11:25.433+0400] {logging_mixin.py:151} INFO - [2023-10-22T19:11:25.433+0400] {dag.py:2941} INFO - Sync 2 DAGs
[2023-10-22T19:11:25.439+0400] {logging_mixin.py:151} INFO - [2023-10-22T19:11:25.439+0400] {dag.py:3722} INFO - Setting next_dagrun for example_external_task_marker_child to None, run_after=None
[2023-10-22T19:11:25.440+0400] {logging_mixin.py:151} INFO - [2023-10-22T19:11:25.440+0400] {dag.py:3722} INFO - Setting next_dagrun for example_external_task_marker_parent to None, run_after=None
[2023-10-22T19:11:25.454+0400] {processor.py:179} INFO - Processing /home/pyretttt/repos/mlops3/env/lib/python3.10/site-packages/airflow/example_dags/example_external_task_marker_dag.py took 0.037 seconds
[2023-10-22T19:12:14.468+0400] {processor.py:157} INFO - Started process (PID=1707) to work on /home/pyretttt/repos/mlops3/env/lib/python3.10/site-packages/airflow/example_dags/example_external_task_marker_dag.py
[2023-10-22T19:12:14.469+0400] {processor.py:829} INFO - Processing file /home/pyretttt/repos/mlops3/env/lib/python3.10/site-packages/airflow/example_dags/example_external_task_marker_dag.py for tasks to queue
[2023-10-22T19:12:14.470+0400] {logging_mixin.py:151} INFO - [2023-10-22T19:12:14.470+0400] {dagbag.py:536} INFO - Filling up the DagBag from /home/pyretttt/repos/mlops3/env/lib/python3.10/site-packages/airflow/example_dags/example_external_task_marker_dag.py
[2023-10-22T19:12:14.474+0400] {processor.py:839} INFO - DAG(s) dict_keys(['example_external_task_marker_parent', 'example_external_task_marker_child']) retrieved from /home/pyretttt/repos/mlops3/env/lib/python3.10/site-packages/airflow/example_dags/example_external_task_marker_dag.py
[2023-10-22T19:12:14.484+0400] {logging_mixin.py:151} INFO - [2023-10-22T19:12:14.484+0400] {dag.py:2941} INFO - Sync 2 DAGs
[2023-10-22T19:12:14.489+0400] {logging_mixin.py:151} INFO - [2023-10-22T19:12:14.489+0400] {dag.py:3722} INFO - Setting next_dagrun for example_external_task_marker_child to None, run_after=None
[2023-10-22T19:12:14.490+0400] {logging_mixin.py:151} INFO - [2023-10-22T19:12:14.490+0400] {dag.py:3722} INFO - Setting next_dagrun for example_external_task_marker_parent to None, run_after=None
[2023-10-22T19:12:14.501+0400] {processor.py:179} INFO - Processing /home/pyretttt/repos/mlops3/env/lib/python3.10/site-packages/airflow/example_dags/example_external_task_marker_dag.py took 0.038 seconds
[2023-10-22T19:13:08.013+0400] {processor.py:157} INFO - Started process (PID=1763) to work on /home/pyretttt/repos/mlops3/env/lib/python3.10/site-packages/airflow/example_dags/example_external_task_marker_dag.py
[2023-10-22T19:13:08.014+0400] {processor.py:829} INFO - Processing file /home/pyretttt/repos/mlops3/env/lib/python3.10/site-packages/airflow/example_dags/example_external_task_marker_dag.py for tasks to queue
[2023-10-22T19:13:08.015+0400] {logging_mixin.py:151} INFO - [2023-10-22T19:13:08.015+0400] {dagbag.py:536} INFO - Filling up the DagBag from /home/pyretttt/repos/mlops3/env/lib/python3.10/site-packages/airflow/example_dags/example_external_task_marker_dag.py
[2023-10-22T19:13:08.020+0400] {processor.py:839} INFO - DAG(s) dict_keys(['example_external_task_marker_child', 'example_external_task_marker_parent']) retrieved from /home/pyretttt/repos/mlops3/env/lib/python3.10/site-packages/airflow/example_dags/example_external_task_marker_dag.py
[2023-10-22T19:13:08.029+0400] {logging_mixin.py:151} INFO - [2023-10-22T19:13:08.029+0400] {dag.py:2941} INFO - Sync 2 DAGs
[2023-10-22T19:13:08.034+0400] {logging_mixin.py:151} INFO - [2023-10-22T19:13:08.034+0400] {dag.py:3722} INFO - Setting next_dagrun for example_external_task_marker_child to None, run_after=None
[2023-10-22T19:13:08.035+0400] {logging_mixin.py:151} INFO - [2023-10-22T19:13:08.035+0400] {dag.py:3722} INFO - Setting next_dagrun for example_external_task_marker_parent to None, run_after=None
[2023-10-22T19:13:08.045+0400] {processor.py:179} INFO - Processing /home/pyretttt/repos/mlops3/env/lib/python3.10/site-packages/airflow/example_dags/example_external_task_marker_dag.py took 0.035 seconds
[2023-10-22T19:13:58.351+0400] {processor.py:157} INFO - Started process (PID=1835) to work on /home/pyretttt/repos/mlops3/env/lib/python3.10/site-packages/airflow/example_dags/example_external_task_marker_dag.py
[2023-10-22T19:13:58.352+0400] {processor.py:829} INFO - Processing file /home/pyretttt/repos/mlops3/env/lib/python3.10/site-packages/airflow/example_dags/example_external_task_marker_dag.py for tasks to queue
[2023-10-22T19:13:58.353+0400] {logging_mixin.py:151} INFO - [2023-10-22T19:13:58.353+0400] {dagbag.py:536} INFO - Filling up the DagBag from /home/pyretttt/repos/mlops3/env/lib/python3.10/site-packages/airflow/example_dags/example_external_task_marker_dag.py
[2023-10-22T19:13:58.358+0400] {processor.py:839} INFO - DAG(s) dict_keys(['example_external_task_marker_child', 'example_external_task_marker_parent']) retrieved from /home/pyretttt/repos/mlops3/env/lib/python3.10/site-packages/airflow/example_dags/example_external_task_marker_dag.py
[2023-10-22T19:13:58.370+0400] {logging_mixin.py:151} INFO - [2023-10-22T19:13:58.370+0400] {dag.py:2941} INFO - Sync 2 DAGs
[2023-10-22T19:13:58.377+0400] {logging_mixin.py:151} INFO - [2023-10-22T19:13:58.377+0400] {dag.py:3722} INFO - Setting next_dagrun for example_external_task_marker_child to None, run_after=None
[2023-10-22T19:13:58.379+0400] {logging_mixin.py:151} INFO - [2023-10-22T19:13:58.379+0400] {dag.py:3722} INFO - Setting next_dagrun for example_external_task_marker_parent to None, run_after=None
[2023-10-22T19:13:58.389+0400] {processor.py:179} INFO - Processing /home/pyretttt/repos/mlops3/env/lib/python3.10/site-packages/airflow/example_dags/example_external_task_marker_dag.py took 0.041 seconds
[2023-10-22T19:14:51.462+0400] {processor.py:157} INFO - Started process (PID=1890) to work on /home/pyretttt/repos/mlops3/env/lib/python3.10/site-packages/airflow/example_dags/example_external_task_marker_dag.py
[2023-10-22T19:14:51.463+0400] {processor.py:829} INFO - Processing file /home/pyretttt/repos/mlops3/env/lib/python3.10/site-packages/airflow/example_dags/example_external_task_marker_dag.py for tasks to queue
[2023-10-22T19:14:51.465+0400] {logging_mixin.py:151} INFO - [2023-10-22T19:14:51.464+0400] {dagbag.py:536} INFO - Filling up the DagBag from /home/pyretttt/repos/mlops3/env/lib/python3.10/site-packages/airflow/example_dags/example_external_task_marker_dag.py
[2023-10-22T19:14:51.469+0400] {processor.py:839} INFO - DAG(s) dict_keys(['example_external_task_marker_parent', 'example_external_task_marker_child']) retrieved from /home/pyretttt/repos/mlops3/env/lib/python3.10/site-packages/airflow/example_dags/example_external_task_marker_dag.py
[2023-10-22T19:14:51.478+0400] {logging_mixin.py:151} INFO - [2023-10-22T19:14:51.478+0400] {dag.py:2941} INFO - Sync 2 DAGs
[2023-10-22T19:14:51.486+0400] {logging_mixin.py:151} INFO - [2023-10-22T19:14:51.486+0400] {dag.py:3722} INFO - Setting next_dagrun for example_external_task_marker_child to None, run_after=None
[2023-10-22T19:14:51.487+0400] {logging_mixin.py:151} INFO - [2023-10-22T19:14:51.487+0400] {dag.py:3722} INFO - Setting next_dagrun for example_external_task_marker_parent to None, run_after=None
[2023-10-22T19:14:51.499+0400] {processor.py:179} INFO - Processing /home/pyretttt/repos/mlops3/env/lib/python3.10/site-packages/airflow/example_dags/example_external_task_marker_dag.py took 0.041 seconds
[2023-10-22T19:15:46.450+0400] {processor.py:157} INFO - Started process (PID=1944) to work on /home/pyretttt/repos/mlops3/env/lib/python3.10/site-packages/airflow/example_dags/example_external_task_marker_dag.py
[2023-10-22T19:15:46.451+0400] {processor.py:829} INFO - Processing file /home/pyretttt/repos/mlops3/env/lib/python3.10/site-packages/airflow/example_dags/example_external_task_marker_dag.py for tasks to queue
[2023-10-22T19:15:46.453+0400] {logging_mixin.py:151} INFO - [2023-10-22T19:15:46.452+0400] {dagbag.py:536} INFO - Filling up the DagBag from /home/pyretttt/repos/mlops3/env/lib/python3.10/site-packages/airflow/example_dags/example_external_task_marker_dag.py
[2023-10-22T19:15:46.458+0400] {processor.py:839} INFO - DAG(s) dict_keys(['example_external_task_marker_child', 'example_external_task_marker_parent']) retrieved from /home/pyretttt/repos/mlops3/env/lib/python3.10/site-packages/airflow/example_dags/example_external_task_marker_dag.py
[2023-10-22T19:15:46.467+0400] {logging_mixin.py:151} INFO - [2023-10-22T19:15:46.467+0400] {dag.py:2941} INFO - Sync 2 DAGs
[2023-10-22T19:15:46.472+0400] {logging_mixin.py:151} INFO - [2023-10-22T19:15:46.471+0400] {dag.py:3722} INFO - Setting next_dagrun for example_external_task_marker_child to None, run_after=None
[2023-10-22T19:15:46.473+0400] {logging_mixin.py:151} INFO - [2023-10-22T19:15:46.473+0400] {dag.py:3722} INFO - Setting next_dagrun for example_external_task_marker_parent to None, run_after=None
[2023-10-22T19:15:46.484+0400] {processor.py:179} INFO - Processing /home/pyretttt/repos/mlops3/env/lib/python3.10/site-packages/airflow/example_dags/example_external_task_marker_dag.py took 0.038 seconds
[2023-10-22T19:16:43.013+0400] {processor.py:157} INFO - Started process (PID=2001) to work on /home/pyretttt/repos/mlops3/env/lib/python3.10/site-packages/airflow/example_dags/example_external_task_marker_dag.py
[2023-10-22T19:16:43.014+0400] {processor.py:829} INFO - Processing file /home/pyretttt/repos/mlops3/env/lib/python3.10/site-packages/airflow/example_dags/example_external_task_marker_dag.py for tasks to queue
[2023-10-22T19:16:43.016+0400] {logging_mixin.py:151} INFO - [2023-10-22T19:16:43.015+0400] {dagbag.py:536} INFO - Filling up the DagBag from /home/pyretttt/repos/mlops3/env/lib/python3.10/site-packages/airflow/example_dags/example_external_task_marker_dag.py
[2023-10-22T19:16:43.019+0400] {processor.py:839} INFO - DAG(s) dict_keys(['example_external_task_marker_child', 'example_external_task_marker_parent']) retrieved from /home/pyretttt/repos/mlops3/env/lib/python3.10/site-packages/airflow/example_dags/example_external_task_marker_dag.py
[2023-10-22T19:16:43.028+0400] {logging_mixin.py:151} INFO - [2023-10-22T19:16:43.028+0400] {dag.py:2941} INFO - Sync 2 DAGs
[2023-10-22T19:16:43.032+0400] {logging_mixin.py:151} INFO - [2023-10-22T19:16:43.032+0400] {dag.py:3722} INFO - Setting next_dagrun for example_external_task_marker_child to None, run_after=None
[2023-10-22T19:16:43.033+0400] {logging_mixin.py:151} INFO - [2023-10-22T19:16:43.033+0400] {dag.py:3722} INFO - Setting next_dagrun for example_external_task_marker_parent to None, run_after=None
[2023-10-22T19:16:43.043+0400] {processor.py:179} INFO - Processing /home/pyretttt/repos/mlops3/env/lib/python3.10/site-packages/airflow/example_dags/example_external_task_marker_dag.py took 0.033 seconds
[2023-10-22T19:17:39.165+0400] {processor.py:157} INFO - Started process (PID=2094) to work on /home/pyretttt/repos/mlops3/env/lib/python3.10/site-packages/airflow/example_dags/example_external_task_marker_dag.py
[2023-10-22T19:17:39.176+0400] {processor.py:829} INFO - Processing file /home/pyretttt/repos/mlops3/env/lib/python3.10/site-packages/airflow/example_dags/example_external_task_marker_dag.py for tasks to queue
[2023-10-22T19:17:39.177+0400] {logging_mixin.py:151} INFO - [2023-10-22T19:17:39.177+0400] {dagbag.py:536} INFO - Filling up the DagBag from /home/pyretttt/repos/mlops3/env/lib/python3.10/site-packages/airflow/example_dags/example_external_task_marker_dag.py
[2023-10-22T19:17:39.181+0400] {processor.py:839} INFO - DAG(s) dict_keys(['example_external_task_marker_parent', 'example_external_task_marker_child']) retrieved from /home/pyretttt/repos/mlops3/env/lib/python3.10/site-packages/airflow/example_dags/example_external_task_marker_dag.py
[2023-10-22T19:17:39.218+0400] {logging_mixin.py:151} INFO - [2023-10-22T19:17:39.218+0400] {dag.py:2941} INFO - Sync 2 DAGs
[2023-10-22T19:17:39.243+0400] {logging_mixin.py:151} INFO - [2023-10-22T19:17:39.243+0400] {dag.py:3722} INFO - Setting next_dagrun for example_external_task_marker_child to None, run_after=None
[2023-10-22T19:17:39.244+0400] {logging_mixin.py:151} INFO - [2023-10-22T19:17:39.244+0400] {dag.py:3722} INFO - Setting next_dagrun for example_external_task_marker_parent to None, run_after=None
[2023-10-22T19:17:39.265+0400] {processor.py:179} INFO - Processing /home/pyretttt/repos/mlops3/env/lib/python3.10/site-packages/airflow/example_dags/example_external_task_marker_dag.py took 0.102 seconds
[2023-10-22T19:18:34.105+0400] {processor.py:157} INFO - Started process (PID=2148) to work on /home/pyretttt/repos/mlops3/env/lib/python3.10/site-packages/airflow/example_dags/example_external_task_marker_dag.py
[2023-10-22T19:18:34.106+0400] {processor.py:829} INFO - Processing file /home/pyretttt/repos/mlops3/env/lib/python3.10/site-packages/airflow/example_dags/example_external_task_marker_dag.py for tasks to queue
[2023-10-22T19:18:34.107+0400] {logging_mixin.py:151} INFO - [2023-10-22T19:18:34.106+0400] {dagbag.py:536} INFO - Filling up the DagBag from /home/pyretttt/repos/mlops3/env/lib/python3.10/site-packages/airflow/example_dags/example_external_task_marker_dag.py
[2023-10-22T19:18:34.110+0400] {processor.py:839} INFO - DAG(s) dict_keys(['example_external_task_marker_child', 'example_external_task_marker_parent']) retrieved from /home/pyretttt/repos/mlops3/env/lib/python3.10/site-packages/airflow/example_dags/example_external_task_marker_dag.py
[2023-10-22T19:18:34.122+0400] {logging_mixin.py:151} INFO - [2023-10-22T19:18:34.122+0400] {dag.py:2941} INFO - Sync 2 DAGs
[2023-10-22T19:18:34.130+0400] {logging_mixin.py:151} INFO - [2023-10-22T19:18:34.130+0400] {dag.py:3722} INFO - Setting next_dagrun for example_external_task_marker_child to None, run_after=None
[2023-10-22T19:18:34.131+0400] {logging_mixin.py:151} INFO - [2023-10-22T19:18:34.131+0400] {dag.py:3722} INFO - Setting next_dagrun for example_external_task_marker_parent to None, run_after=None
[2023-10-22T19:18:34.144+0400] {processor.py:179} INFO - Processing /home/pyretttt/repos/mlops3/env/lib/python3.10/site-packages/airflow/example_dags/example_external_task_marker_dag.py took 0.043 seconds
[2023-10-22T19:19:26.427+0400] {processor.py:157} INFO - Started process (PID=2202) to work on /home/pyretttt/repos/mlops3/env/lib/python3.10/site-packages/airflow/example_dags/example_external_task_marker_dag.py
[2023-10-22T19:19:26.428+0400] {processor.py:829} INFO - Processing file /home/pyretttt/repos/mlops3/env/lib/python3.10/site-packages/airflow/example_dags/example_external_task_marker_dag.py for tasks to queue
[2023-10-22T19:19:26.430+0400] {logging_mixin.py:151} INFO - [2023-10-22T19:19:26.429+0400] {dagbag.py:536} INFO - Filling up the DagBag from /home/pyretttt/repos/mlops3/env/lib/python3.10/site-packages/airflow/example_dags/example_external_task_marker_dag.py
[2023-10-22T19:19:26.435+0400] {processor.py:839} INFO - DAG(s) dict_keys(['example_external_task_marker_child', 'example_external_task_marker_parent']) retrieved from /home/pyretttt/repos/mlops3/env/lib/python3.10/site-packages/airflow/example_dags/example_external_task_marker_dag.py
[2023-10-22T19:19:26.444+0400] {logging_mixin.py:151} INFO - [2023-10-22T19:19:26.444+0400] {dag.py:2941} INFO - Sync 2 DAGs
[2023-10-22T19:19:26.448+0400] {logging_mixin.py:151} INFO - [2023-10-22T19:19:26.448+0400] {dag.py:3722} INFO - Setting next_dagrun for example_external_task_marker_child to None, run_after=None
[2023-10-22T19:19:26.449+0400] {logging_mixin.py:151} INFO - [2023-10-22T19:19:26.449+0400] {dag.py:3722} INFO - Setting next_dagrun for example_external_task_marker_parent to None, run_after=None
[2023-10-22T19:19:26.462+0400] {processor.py:179} INFO - Processing /home/pyretttt/repos/mlops3/env/lib/python3.10/site-packages/airflow/example_dags/example_external_task_marker_dag.py took 0.038 seconds
[2023-10-22T19:20:20.743+0400] {processor.py:157} INFO - Started process (PID=2256) to work on /home/pyretttt/repos/mlops3/env/lib/python3.10/site-packages/airflow/example_dags/example_external_task_marker_dag.py
[2023-10-22T19:20:20.744+0400] {processor.py:829} INFO - Processing file /home/pyretttt/repos/mlops3/env/lib/python3.10/site-packages/airflow/example_dags/example_external_task_marker_dag.py for tasks to queue
[2023-10-22T19:20:20.745+0400] {logging_mixin.py:151} INFO - [2023-10-22T19:20:20.745+0400] {dagbag.py:536} INFO - Filling up the DagBag from /home/pyretttt/repos/mlops3/env/lib/python3.10/site-packages/airflow/example_dags/example_external_task_marker_dag.py
[2023-10-22T19:20:20.751+0400] {processor.py:839} INFO - DAG(s) dict_keys(['example_external_task_marker_parent', 'example_external_task_marker_child']) retrieved from /home/pyretttt/repos/mlops3/env/lib/python3.10/site-packages/airflow/example_dags/example_external_task_marker_dag.py
[2023-10-22T19:20:20.760+0400] {logging_mixin.py:151} INFO - [2023-10-22T19:20:20.760+0400] {dag.py:2941} INFO - Sync 2 DAGs
[2023-10-22T19:20:20.764+0400] {logging_mixin.py:151} INFO - [2023-10-22T19:20:20.764+0400] {dag.py:3722} INFO - Setting next_dagrun for example_external_task_marker_child to None, run_after=None
[2023-10-22T19:20:20.765+0400] {logging_mixin.py:151} INFO - [2023-10-22T19:20:20.765+0400] {dag.py:3722} INFO - Setting next_dagrun for example_external_task_marker_parent to None, run_after=None
[2023-10-22T19:20:20.777+0400] {processor.py:179} INFO - Processing /home/pyretttt/repos/mlops3/env/lib/python3.10/site-packages/airflow/example_dags/example_external_task_marker_dag.py took 0.038 seconds
