[2023-10-22T19:07:58.133+0400] {processor.py:157} INFO - Started process (PID=1370) to work on /home/pyretttt/repos/mlops3/env/lib/python3.10/site-packages/airflow/example_dags/example_setup_teardown.py
[2023-10-22T19:07:58.135+0400] {processor.py:829} INFO - Processing file /home/pyretttt/repos/mlops3/env/lib/python3.10/site-packages/airflow/example_dags/example_setup_teardown.py for tasks to queue
[2023-10-22T19:07:58.136+0400] {logging_mixin.py:151} INFO - [2023-10-22T19:07:58.135+0400] {dagbag.py:536} INFO - Filling up the DagBag from /home/pyretttt/repos/mlops3/env/lib/python3.10/site-packages/airflow/example_dags/example_setup_teardown.py
[2023-10-22T19:07:58.161+0400] {processor.py:839} INFO - DAG(s) dict_keys(['example_setup_teardown']) retrieved from /home/pyretttt/repos/mlops3/env/lib/python3.10/site-packages/airflow/example_dags/example_setup_teardown.py
[2023-10-22T19:07:58.318+0400] {logging_mixin.py:151} INFO - [2023-10-22T19:07:58.317+0400] {manager.py:499} INFO - Created Permission View: %s
[2023-10-22T19:07:58.334+0400] {logging_mixin.py:151} INFO - [2023-10-22T19:07:58.333+0400] {manager.py:499} INFO - Created Permission View: %s
[2023-10-22T19:07:58.347+0400] {logging_mixin.py:151} INFO - [2023-10-22T19:07:58.347+0400] {manager.py:499} INFO - Created Permission View: %s
[2023-10-22T19:07:58.348+0400] {logging_mixin.py:151} INFO - [2023-10-22T19:07:58.347+0400] {dag.py:2941} INFO - Sync 1 DAGs
[2023-10-22T19:07:58.365+0400] {logging_mixin.py:151} INFO - [2023-10-22T19:07:58.365+0400] {dag.py:2963} INFO - Creating ORM DAG for example_setup_teardown
[2023-10-22T19:07:58.375+0400] {logging_mixin.py:151} INFO - [2023-10-22T19:07:58.375+0400] {dag.py:3722} INFO - Setting next_dagrun for example_setup_teardown to 2023-10-21T15:07:58.374534+00:00, run_after=2023-10-22T15:07:58.374534+00:00
[2023-10-22T19:07:58.396+0400] {processor.py:179} INFO - Processing /home/pyretttt/repos/mlops3/env/lib/python3.10/site-packages/airflow/example_dags/example_setup_teardown.py took 0.270 seconds
[2023-10-22T19:10:40.562+0400] {processor.py:157} INFO - Started process (PID=1437) to work on /home/pyretttt/repos/mlops3/env/lib/python3.10/site-packages/airflow/example_dags/example_setup_teardown.py
[2023-10-22T19:10:40.563+0400] {processor.py:829} INFO - Processing file /home/pyretttt/repos/mlops3/env/lib/python3.10/site-packages/airflow/example_dags/example_setup_teardown.py for tasks to queue
[2023-10-22T19:10:40.563+0400] {logging_mixin.py:151} INFO - [2023-10-22T19:10:40.563+0400] {dagbag.py:536} INFO - Filling up the DagBag from /home/pyretttt/repos/mlops3/env/lib/python3.10/site-packages/airflow/example_dags/example_setup_teardown.py
[2023-10-22T19:10:40.567+0400] {processor.py:839} INFO - DAG(s) dict_keys(['example_setup_teardown']) retrieved from /home/pyretttt/repos/mlops3/env/lib/python3.10/site-packages/airflow/example_dags/example_setup_teardown.py
[2023-10-22T19:10:40.574+0400] {logging_mixin.py:151} INFO - [2023-10-22T19:10:40.574+0400] {dag.py:2941} INFO - Sync 1 DAGs
[2023-10-22T19:10:40.583+0400] {logging_mixin.py:151} INFO - [2023-10-22T19:10:40.582+0400] {dag.py:3722} INFO - Setting next_dagrun for example_setup_teardown to 2023-10-21T15:10:40.582721+00:00, run_after=2023-10-22T15:10:40.582721+00:00
[2023-10-22T19:10:40.596+0400] {processor.py:179} INFO - Processing /home/pyretttt/repos/mlops3/env/lib/python3.10/site-packages/airflow/example_dags/example_setup_teardown.py took 0.035 seconds
[2023-10-22T19:11:15.988+0400] {processor.py:157} INFO - Started process (PID=1479) to work on /home/pyretttt/repos/mlops3/env/lib/python3.10/site-packages/airflow/example_dags/example_setup_teardown.py
[2023-10-22T19:11:15.989+0400] {processor.py:829} INFO - Processing file /home/pyretttt/repos/mlops3/env/lib/python3.10/site-packages/airflow/example_dags/example_setup_teardown.py for tasks to queue
[2023-10-22T19:11:15.990+0400] {logging_mixin.py:151} INFO - [2023-10-22T19:11:15.989+0400] {dagbag.py:536} INFO - Filling up the DagBag from /home/pyretttt/repos/mlops3/env/lib/python3.10/site-packages/airflow/example_dags/example_setup_teardown.py
[2023-10-22T19:11:15.993+0400] {processor.py:839} INFO - DAG(s) dict_keys(['example_setup_teardown']) retrieved from /home/pyretttt/repos/mlops3/env/lib/python3.10/site-packages/airflow/example_dags/example_setup_teardown.py
[2023-10-22T19:11:16.002+0400] {logging_mixin.py:151} INFO - [2023-10-22T19:11:16.001+0400] {dag.py:2941} INFO - Sync 1 DAGs
[2023-10-22T19:11:16.013+0400] {logging_mixin.py:151} INFO - [2023-10-22T19:11:16.013+0400] {dag.py:3722} INFO - Setting next_dagrun for example_setup_teardown to 2023-10-21T15:11:16.012961+00:00, run_after=2023-10-22T15:11:16.012961+00:00
[2023-10-22T19:11:16.028+0400] {processor.py:179} INFO - Processing /home/pyretttt/repos/mlops3/env/lib/python3.10/site-packages/airflow/example_dags/example_setup_teardown.py took 0.041 seconds
[2023-10-22T19:11:48.362+0400] {processor.py:157} INFO - Started process (PID=1680) to work on /home/pyretttt/repos/mlops3/env/lib/python3.10/site-packages/airflow/example_dags/example_setup_teardown.py
[2023-10-22T19:11:48.363+0400] {processor.py:829} INFO - Processing file /home/pyretttt/repos/mlops3/env/lib/python3.10/site-packages/airflow/example_dags/example_setup_teardown.py for tasks to queue
[2023-10-22T19:11:48.363+0400] {logging_mixin.py:151} INFO - [2023-10-22T19:11:48.363+0400] {dagbag.py:536} INFO - Filling up the DagBag from /home/pyretttt/repos/mlops3/env/lib/python3.10/site-packages/airflow/example_dags/example_setup_teardown.py
[2023-10-22T19:11:48.367+0400] {processor.py:839} INFO - DAG(s) dict_keys(['example_setup_teardown']) retrieved from /home/pyretttt/repos/mlops3/env/lib/python3.10/site-packages/airflow/example_dags/example_setup_teardown.py
[2023-10-22T19:11:48.375+0400] {logging_mixin.py:151} INFO - [2023-10-22T19:11:48.375+0400] {dag.py:2941} INFO - Sync 1 DAGs
[2023-10-22T19:11:48.384+0400] {logging_mixin.py:151} INFO - [2023-10-22T19:11:48.384+0400] {dag.py:3722} INFO - Setting next_dagrun for example_setup_teardown to 2023-10-21T15:11:48.384408+00:00, run_after=2023-10-22T15:11:48.384408+00:00
[2023-10-22T19:11:48.403+0400] {processor.py:179} INFO - Processing /home/pyretttt/repos/mlops3/env/lib/python3.10/site-packages/airflow/example_dags/example_setup_teardown.py took 0.042 seconds
[2023-10-22T19:12:24.420+0400] {processor.py:157} INFO - Started process (PID=1715) to work on /home/pyretttt/repos/mlops3/env/lib/python3.10/site-packages/airflow/example_dags/example_setup_teardown.py
[2023-10-22T19:12:24.421+0400] {processor.py:829} INFO - Processing file /home/pyretttt/repos/mlops3/env/lib/python3.10/site-packages/airflow/example_dags/example_setup_teardown.py for tasks to queue
[2023-10-22T19:12:24.422+0400] {logging_mixin.py:151} INFO - [2023-10-22T19:12:24.422+0400] {dagbag.py:536} INFO - Filling up the DagBag from /home/pyretttt/repos/mlops3/env/lib/python3.10/site-packages/airflow/example_dags/example_setup_teardown.py
[2023-10-22T19:12:24.427+0400] {processor.py:839} INFO - DAG(s) dict_keys(['example_setup_teardown']) retrieved from /home/pyretttt/repos/mlops3/env/lib/python3.10/site-packages/airflow/example_dags/example_setup_teardown.py
[2023-10-22T19:12:24.435+0400] {logging_mixin.py:151} INFO - [2023-10-22T19:12:24.435+0400] {dag.py:2941} INFO - Sync 1 DAGs
[2023-10-22T19:12:24.447+0400] {logging_mixin.py:151} INFO - [2023-10-22T19:12:24.447+0400] {dag.py:3722} INFO - Setting next_dagrun for example_setup_teardown to 2023-10-21T15:12:24.447106+00:00, run_after=2023-10-22T15:12:24.447106+00:00
[2023-10-22T19:12:24.486+0400] {processor.py:179} INFO - Processing /home/pyretttt/repos/mlops3/env/lib/python3.10/site-packages/airflow/example_dags/example_setup_teardown.py took 0.068 seconds
[2023-10-22T19:13:01.157+0400] {processor.py:157} INFO - Started process (PID=1756) to work on /home/pyretttt/repos/mlops3/env/lib/python3.10/site-packages/airflow/example_dags/example_setup_teardown.py
[2023-10-22T19:13:01.158+0400] {processor.py:829} INFO - Processing file /home/pyretttt/repos/mlops3/env/lib/python3.10/site-packages/airflow/example_dags/example_setup_teardown.py for tasks to queue
[2023-10-22T19:13:01.160+0400] {logging_mixin.py:151} INFO - [2023-10-22T19:13:01.159+0400] {dagbag.py:536} INFO - Filling up the DagBag from /home/pyretttt/repos/mlops3/env/lib/python3.10/site-packages/airflow/example_dags/example_setup_teardown.py
[2023-10-22T19:13:01.166+0400] {processor.py:839} INFO - DAG(s) dict_keys(['example_setup_teardown']) retrieved from /home/pyretttt/repos/mlops3/env/lib/python3.10/site-packages/airflow/example_dags/example_setup_teardown.py
[2023-10-22T19:13:01.174+0400] {logging_mixin.py:151} INFO - [2023-10-22T19:13:01.174+0400] {dag.py:2941} INFO - Sync 1 DAGs
[2023-10-22T19:13:01.183+0400] {logging_mixin.py:151} INFO - [2023-10-22T19:13:01.183+0400] {dag.py:3722} INFO - Setting next_dagrun for example_setup_teardown to 2023-10-21T15:13:01.183494+00:00, run_after=2023-10-22T15:13:01.183494+00:00
[2023-10-22T19:13:01.194+0400] {processor.py:179} INFO - Processing /home/pyretttt/repos/mlops3/env/lib/python3.10/site-packages/airflow/example_dags/example_setup_teardown.py took 0.043 seconds
[2023-10-22T19:13:32.343+0400] {processor.py:157} INFO - Started process (PID=1787) to work on /home/pyretttt/repos/mlops3/env/lib/python3.10/site-packages/airflow/example_dags/example_setup_teardown.py
[2023-10-22T19:13:32.343+0400] {processor.py:829} INFO - Processing file /home/pyretttt/repos/mlops3/env/lib/python3.10/site-packages/airflow/example_dags/example_setup_teardown.py for tasks to queue
[2023-10-22T19:13:32.344+0400] {logging_mixin.py:151} INFO - [2023-10-22T19:13:32.344+0400] {dagbag.py:536} INFO - Filling up the DagBag from /home/pyretttt/repos/mlops3/env/lib/python3.10/site-packages/airflow/example_dags/example_setup_teardown.py
[2023-10-22T19:13:32.350+0400] {processor.py:839} INFO - DAG(s) dict_keys(['example_setup_teardown']) retrieved from /home/pyretttt/repos/mlops3/env/lib/python3.10/site-packages/airflow/example_dags/example_setup_teardown.py
[2023-10-22T19:13:32.358+0400] {logging_mixin.py:151} INFO - [2023-10-22T19:13:32.358+0400] {dag.py:2941} INFO - Sync 1 DAGs
[2023-10-22T19:13:32.366+0400] {logging_mixin.py:151} INFO - [2023-10-22T19:13:32.366+0400] {dag.py:3722} INFO - Setting next_dagrun for example_setup_teardown to 2023-10-21T15:13:32.365937+00:00, run_after=2023-10-22T15:13:32.365937+00:00
[2023-10-22T19:13:32.377+0400] {processor.py:179} INFO - Processing /home/pyretttt/repos/mlops3/env/lib/python3.10/site-packages/airflow/example_dags/example_setup_teardown.py took 0.038 seconds
[2023-10-22T19:14:07.267+0400] {processor.py:157} INFO - Started process (PID=1843) to work on /home/pyretttt/repos/mlops3/env/lib/python3.10/site-packages/airflow/example_dags/example_setup_teardown.py
[2023-10-22T19:14:07.268+0400] {processor.py:829} INFO - Processing file /home/pyretttt/repos/mlops3/env/lib/python3.10/site-packages/airflow/example_dags/example_setup_teardown.py for tasks to queue
[2023-10-22T19:14:07.269+0400] {logging_mixin.py:151} INFO - [2023-10-22T19:14:07.269+0400] {dagbag.py:536} INFO - Filling up the DagBag from /home/pyretttt/repos/mlops3/env/lib/python3.10/site-packages/airflow/example_dags/example_setup_teardown.py
[2023-10-22T19:14:07.275+0400] {processor.py:839} INFO - DAG(s) dict_keys(['example_setup_teardown']) retrieved from /home/pyretttt/repos/mlops3/env/lib/python3.10/site-packages/airflow/example_dags/example_setup_teardown.py
[2023-10-22T19:14:07.284+0400] {logging_mixin.py:151} INFO - [2023-10-22T19:14:07.284+0400] {dag.py:2941} INFO - Sync 1 DAGs
[2023-10-22T19:14:07.294+0400] {logging_mixin.py:151} INFO - [2023-10-22T19:14:07.294+0400] {dag.py:3722} INFO - Setting next_dagrun for example_setup_teardown to 2023-10-21T15:14:07.294272+00:00, run_after=2023-10-22T15:14:07.294272+00:00
[2023-10-22T19:14:07.308+0400] {processor.py:179} INFO - Processing /home/pyretttt/repos/mlops3/env/lib/python3.10/site-packages/airflow/example_dags/example_setup_teardown.py took 0.045 seconds
[2023-10-22T19:14:43.472+0400] {processor.py:157} INFO - Started process (PID=1881) to work on /home/pyretttt/repos/mlops3/env/lib/python3.10/site-packages/airflow/example_dags/example_setup_teardown.py
[2023-10-22T19:14:43.474+0400] {processor.py:829} INFO - Processing file /home/pyretttt/repos/mlops3/env/lib/python3.10/site-packages/airflow/example_dags/example_setup_teardown.py for tasks to queue
[2023-10-22T19:14:43.475+0400] {logging_mixin.py:151} INFO - [2023-10-22T19:14:43.474+0400] {dagbag.py:536} INFO - Filling up the DagBag from /home/pyretttt/repos/mlops3/env/lib/python3.10/site-packages/airflow/example_dags/example_setup_teardown.py
[2023-10-22T19:14:43.480+0400] {processor.py:839} INFO - DAG(s) dict_keys(['example_setup_teardown']) retrieved from /home/pyretttt/repos/mlops3/env/lib/python3.10/site-packages/airflow/example_dags/example_setup_teardown.py
[2023-10-22T19:14:43.487+0400] {logging_mixin.py:151} INFO - [2023-10-22T19:14:43.487+0400] {dag.py:2941} INFO - Sync 1 DAGs
[2023-10-22T19:14:43.494+0400] {logging_mixin.py:151} INFO - [2023-10-22T19:14:43.494+0400] {dag.py:3722} INFO - Setting next_dagrun for example_setup_teardown to 2023-10-21T15:14:43.494762+00:00, run_after=2023-10-22T15:14:43.494762+00:00
[2023-10-22T19:14:43.505+0400] {processor.py:179} INFO - Processing /home/pyretttt/repos/mlops3/env/lib/python3.10/site-packages/airflow/example_dags/example_setup_teardown.py took 0.036 seconds
[2023-10-22T19:15:17.678+0400] {processor.py:157} INFO - Started process (PID=1915) to work on /home/pyretttt/repos/mlops3/env/lib/python3.10/site-packages/airflow/example_dags/example_setup_teardown.py
[2023-10-22T19:15:17.679+0400] {processor.py:829} INFO - Processing file /home/pyretttt/repos/mlops3/env/lib/python3.10/site-packages/airflow/example_dags/example_setup_teardown.py for tasks to queue
[2023-10-22T19:15:17.681+0400] {logging_mixin.py:151} INFO - [2023-10-22T19:15:17.680+0400] {dagbag.py:536} INFO - Filling up the DagBag from /home/pyretttt/repos/mlops3/env/lib/python3.10/site-packages/airflow/example_dags/example_setup_teardown.py
[2023-10-22T19:15:17.688+0400] {processor.py:839} INFO - DAG(s) dict_keys(['example_setup_teardown']) retrieved from /home/pyretttt/repos/mlops3/env/lib/python3.10/site-packages/airflow/example_dags/example_setup_teardown.py
[2023-10-22T19:15:17.696+0400] {logging_mixin.py:151} INFO - [2023-10-22T19:15:17.696+0400] {dag.py:2941} INFO - Sync 1 DAGs
[2023-10-22T19:15:17.705+0400] {logging_mixin.py:151} INFO - [2023-10-22T19:15:17.705+0400] {dag.py:3722} INFO - Setting next_dagrun for example_setup_teardown to 2023-10-21T15:15:17.704882+00:00, run_after=2023-10-22T15:15:17.704882+00:00
[2023-10-22T19:15:17.716+0400] {processor.py:179} INFO - Processing /home/pyretttt/repos/mlops3/env/lib/python3.10/site-packages/airflow/example_dags/example_setup_teardown.py took 0.043 seconds
[2023-10-22T19:15:54.674+0400] {processor.py:157} INFO - Started process (PID=1952) to work on /home/pyretttt/repos/mlops3/env/lib/python3.10/site-packages/airflow/example_dags/example_setup_teardown.py
[2023-10-22T19:15:54.675+0400] {processor.py:829} INFO - Processing file /home/pyretttt/repos/mlops3/env/lib/python3.10/site-packages/airflow/example_dags/example_setup_teardown.py for tasks to queue
[2023-10-22T19:15:54.676+0400] {logging_mixin.py:151} INFO - [2023-10-22T19:15:54.676+0400] {dagbag.py:536} INFO - Filling up the DagBag from /home/pyretttt/repos/mlops3/env/lib/python3.10/site-packages/airflow/example_dags/example_setup_teardown.py
[2023-10-22T19:15:54.680+0400] {processor.py:839} INFO - DAG(s) dict_keys(['example_setup_teardown']) retrieved from /home/pyretttt/repos/mlops3/env/lib/python3.10/site-packages/airflow/example_dags/example_setup_teardown.py
[2023-10-22T19:15:54.688+0400] {logging_mixin.py:151} INFO - [2023-10-22T19:15:54.688+0400] {dag.py:2941} INFO - Sync 1 DAGs
[2023-10-22T19:15:54.697+0400] {logging_mixin.py:151} INFO - [2023-10-22T19:15:54.697+0400] {dag.py:3722} INFO - Setting next_dagrun for example_setup_teardown to 2023-10-21T15:15:54.697239+00:00, run_after=2023-10-22T15:15:54.697239+00:00
[2023-10-22T19:15:54.708+0400] {processor.py:179} INFO - Processing /home/pyretttt/repos/mlops3/env/lib/python3.10/site-packages/airflow/example_dags/example_setup_teardown.py took 0.037 seconds
[2023-10-22T19:16:32.867+0400] {processor.py:157} INFO - Started process (PID=1991) to work on /home/pyretttt/repos/mlops3/env/lib/python3.10/site-packages/airflow/example_dags/example_setup_teardown.py
[2023-10-22T19:16:32.868+0400] {processor.py:829} INFO - Processing file /home/pyretttt/repos/mlops3/env/lib/python3.10/site-packages/airflow/example_dags/example_setup_teardown.py for tasks to queue
[2023-10-22T19:16:32.869+0400] {logging_mixin.py:151} INFO - [2023-10-22T19:16:32.869+0400] {dagbag.py:536} INFO - Filling up the DagBag from /home/pyretttt/repos/mlops3/env/lib/python3.10/site-packages/airflow/example_dags/example_setup_teardown.py
[2023-10-22T19:16:32.877+0400] {processor.py:839} INFO - DAG(s) dict_keys(['example_setup_teardown']) retrieved from /home/pyretttt/repos/mlops3/env/lib/python3.10/site-packages/airflow/example_dags/example_setup_teardown.py
[2023-10-22T19:16:32.886+0400] {logging_mixin.py:151} INFO - [2023-10-22T19:16:32.885+0400] {dag.py:2941} INFO - Sync 1 DAGs
[2023-10-22T19:16:32.895+0400] {logging_mixin.py:151} INFO - [2023-10-22T19:16:32.895+0400] {dag.py:3722} INFO - Setting next_dagrun for example_setup_teardown to 2023-10-21T15:16:32.895414+00:00, run_after=2023-10-22T15:16:32.895414+00:00
[2023-10-22T19:16:32.908+0400] {processor.py:179} INFO - Processing /home/pyretttt/repos/mlops3/env/lib/python3.10/site-packages/airflow/example_dags/example_setup_teardown.py took 0.044 seconds
[2023-10-22T19:17:10.713+0400] {processor.py:157} INFO - Started process (PID=2044) to work on /home/pyretttt/repos/mlops3/env/lib/python3.10/site-packages/airflow/example_dags/example_setup_teardown.py
[2023-10-22T19:17:10.714+0400] {processor.py:829} INFO - Processing file /home/pyretttt/repos/mlops3/env/lib/python3.10/site-packages/airflow/example_dags/example_setup_teardown.py for tasks to queue
[2023-10-22T19:17:10.714+0400] {logging_mixin.py:151} INFO - [2023-10-22T19:17:10.714+0400] {dagbag.py:536} INFO - Filling up the DagBag from /home/pyretttt/repos/mlops3/env/lib/python3.10/site-packages/airflow/example_dags/example_setup_teardown.py
[2023-10-22T19:17:10.718+0400] {processor.py:839} INFO - DAG(s) dict_keys(['example_setup_teardown']) retrieved from /home/pyretttt/repos/mlops3/env/lib/python3.10/site-packages/airflow/example_dags/example_setup_teardown.py
[2023-10-22T19:17:10.727+0400] {logging_mixin.py:151} INFO - [2023-10-22T19:17:10.727+0400] {dag.py:2941} INFO - Sync 1 DAGs
[2023-10-22T19:17:10.735+0400] {logging_mixin.py:151} INFO - [2023-10-22T19:17:10.735+0400] {dag.py:3722} INFO - Setting next_dagrun for example_setup_teardown to 2023-10-21T15:17:10.734924+00:00, run_after=2023-10-22T15:17:10.734924+00:00
[2023-10-22T19:17:10.748+0400] {processor.py:179} INFO - Processing /home/pyretttt/repos/mlops3/env/lib/python3.10/site-packages/airflow/example_dags/example_setup_teardown.py took 0.038 seconds
[2023-10-22T19:17:47.228+0400] {processor.py:157} INFO - Started process (PID=2102) to work on /home/pyretttt/repos/mlops3/env/lib/python3.10/site-packages/airflow/example_dags/example_setup_teardown.py
[2023-10-22T19:17:47.229+0400] {processor.py:829} INFO - Processing file /home/pyretttt/repos/mlops3/env/lib/python3.10/site-packages/airflow/example_dags/example_setup_teardown.py for tasks to queue
[2023-10-22T19:17:47.230+0400] {logging_mixin.py:151} INFO - [2023-10-22T19:17:47.230+0400] {dagbag.py:536} INFO - Filling up the DagBag from /home/pyretttt/repos/mlops3/env/lib/python3.10/site-packages/airflow/example_dags/example_setup_teardown.py
[2023-10-22T19:17:47.236+0400] {processor.py:839} INFO - DAG(s) dict_keys(['example_setup_teardown']) retrieved from /home/pyretttt/repos/mlops3/env/lib/python3.10/site-packages/airflow/example_dags/example_setup_teardown.py
[2023-10-22T19:17:47.244+0400] {logging_mixin.py:151} INFO - [2023-10-22T19:17:47.244+0400] {dag.py:2941} INFO - Sync 1 DAGs
[2023-10-22T19:17:47.252+0400] {logging_mixin.py:151} INFO - [2023-10-22T19:17:47.252+0400] {dag.py:3722} INFO - Setting next_dagrun for example_setup_teardown to 2023-10-21T15:17:47.252064+00:00, run_after=2023-10-22T15:17:47.252064+00:00
[2023-10-22T19:17:47.263+0400] {processor.py:179} INFO - Processing /home/pyretttt/repos/mlops3/env/lib/python3.10/site-packages/airflow/example_dags/example_setup_teardown.py took 0.038 seconds
[2023-10-22T19:18:23.618+0400] {processor.py:157} INFO - Started process (PID=2138) to work on /home/pyretttt/repos/mlops3/env/lib/python3.10/site-packages/airflow/example_dags/example_setup_teardown.py
[2023-10-22T19:18:23.619+0400] {processor.py:829} INFO - Processing file /home/pyretttt/repos/mlops3/env/lib/python3.10/site-packages/airflow/example_dags/example_setup_teardown.py for tasks to queue
[2023-10-22T19:18:23.621+0400] {logging_mixin.py:151} INFO - [2023-10-22T19:18:23.620+0400] {dagbag.py:536} INFO - Filling up the DagBag from /home/pyretttt/repos/mlops3/env/lib/python3.10/site-packages/airflow/example_dags/example_setup_teardown.py
[2023-10-22T19:18:23.626+0400] {processor.py:839} INFO - DAG(s) dict_keys(['example_setup_teardown']) retrieved from /home/pyretttt/repos/mlops3/env/lib/python3.10/site-packages/airflow/example_dags/example_setup_teardown.py
[2023-10-22T19:18:23.633+0400] {logging_mixin.py:151} INFO - [2023-10-22T19:18:23.633+0400] {dag.py:2941} INFO - Sync 1 DAGs
[2023-10-22T19:18:23.641+0400] {logging_mixin.py:151} INFO - [2023-10-22T19:18:23.641+0400] {dag.py:3722} INFO - Setting next_dagrun for example_setup_teardown to 2023-10-21T15:18:23.641220+00:00, run_after=2023-10-22T15:18:23.641220+00:00
[2023-10-22T19:18:23.653+0400] {processor.py:179} INFO - Processing /home/pyretttt/repos/mlops3/env/lib/python3.10/site-packages/airflow/example_dags/example_setup_teardown.py took 0.038 seconds
[2023-10-22T19:19:00.450+0400] {processor.py:157} INFO - Started process (PID=2174) to work on /home/pyretttt/repos/mlops3/env/lib/python3.10/site-packages/airflow/example_dags/example_setup_teardown.py
[2023-10-22T19:19:00.452+0400] {processor.py:829} INFO - Processing file /home/pyretttt/repos/mlops3/env/lib/python3.10/site-packages/airflow/example_dags/example_setup_teardown.py for tasks to queue
[2023-10-22T19:19:00.453+0400] {logging_mixin.py:151} INFO - [2023-10-22T19:19:00.452+0400] {dagbag.py:536} INFO - Filling up the DagBag from /home/pyretttt/repos/mlops3/env/lib/python3.10/site-packages/airflow/example_dags/example_setup_teardown.py
[2023-10-22T19:19:00.459+0400] {processor.py:839} INFO - DAG(s) dict_keys(['example_setup_teardown']) retrieved from /home/pyretttt/repos/mlops3/env/lib/python3.10/site-packages/airflow/example_dags/example_setup_teardown.py
[2023-10-22T19:19:00.467+0400] {logging_mixin.py:151} INFO - [2023-10-22T19:19:00.466+0400] {dag.py:2941} INFO - Sync 1 DAGs
[2023-10-22T19:19:00.475+0400] {logging_mixin.py:151} INFO - [2023-10-22T19:19:00.475+0400] {dag.py:3722} INFO - Setting next_dagrun for example_setup_teardown to 2023-10-21T15:19:00.475652+00:00, run_after=2023-10-22T15:19:00.475652+00:00
[2023-10-22T19:19:00.488+0400] {processor.py:179} INFO - Processing /home/pyretttt/repos/mlops3/env/lib/python3.10/site-packages/airflow/example_dags/example_setup_teardown.py took 0.041 seconds
[2023-10-22T19:19:35.341+0400] {processor.py:157} INFO - Started process (PID=2210) to work on /home/pyretttt/repos/mlops3/env/lib/python3.10/site-packages/airflow/example_dags/example_setup_teardown.py
[2023-10-22T19:19:35.342+0400] {processor.py:829} INFO - Processing file /home/pyretttt/repos/mlops3/env/lib/python3.10/site-packages/airflow/example_dags/example_setup_teardown.py for tasks to queue
[2023-10-22T19:19:35.343+0400] {logging_mixin.py:151} INFO - [2023-10-22T19:19:35.343+0400] {dagbag.py:536} INFO - Filling up the DagBag from /home/pyretttt/repos/mlops3/env/lib/python3.10/site-packages/airflow/example_dags/example_setup_teardown.py
[2023-10-22T19:19:35.350+0400] {processor.py:839} INFO - DAG(s) dict_keys(['example_setup_teardown']) retrieved from /home/pyretttt/repos/mlops3/env/lib/python3.10/site-packages/airflow/example_dags/example_setup_teardown.py
[2023-10-22T19:19:35.358+0400] {logging_mixin.py:151} INFO - [2023-10-22T19:19:35.358+0400] {dag.py:2941} INFO - Sync 1 DAGs
[2023-10-22T19:19:35.365+0400] {logging_mixin.py:151} INFO - [2023-10-22T19:19:35.365+0400] {dag.py:3722} INFO - Setting next_dagrun for example_setup_teardown to 2023-10-21T15:19:35.365666+00:00, run_after=2023-10-22T15:19:35.365666+00:00
[2023-10-22T19:19:35.376+0400] {processor.py:179} INFO - Processing /home/pyretttt/repos/mlops3/env/lib/python3.10/site-packages/airflow/example_dags/example_setup_teardown.py took 0.038 seconds
[2023-10-22T19:20:10.361+0400] {processor.py:157} INFO - Started process (PID=2245) to work on /home/pyretttt/repos/mlops3/env/lib/python3.10/site-packages/airflow/example_dags/example_setup_teardown.py
[2023-10-22T19:20:10.362+0400] {processor.py:829} INFO - Processing file /home/pyretttt/repos/mlops3/env/lib/python3.10/site-packages/airflow/example_dags/example_setup_teardown.py for tasks to queue
[2023-10-22T19:20:10.363+0400] {logging_mixin.py:151} INFO - [2023-10-22T19:20:10.363+0400] {dagbag.py:536} INFO - Filling up the DagBag from /home/pyretttt/repos/mlops3/env/lib/python3.10/site-packages/airflow/example_dags/example_setup_teardown.py
[2023-10-22T19:20:10.368+0400] {processor.py:839} INFO - DAG(s) dict_keys(['example_setup_teardown']) retrieved from /home/pyretttt/repos/mlops3/env/lib/python3.10/site-packages/airflow/example_dags/example_setup_teardown.py
[2023-10-22T19:20:10.376+0400] {logging_mixin.py:151} INFO - [2023-10-22T19:20:10.376+0400] {dag.py:2941} INFO - Sync 1 DAGs
[2023-10-22T19:20:10.384+0400] {logging_mixin.py:151} INFO - [2023-10-22T19:20:10.384+0400] {dag.py:3722} INFO - Setting next_dagrun for example_setup_teardown to 2023-10-21T15:20:10.384258+00:00, run_after=2023-10-22T15:20:10.384258+00:00
[2023-10-22T19:20:10.403+0400] {processor.py:179} INFO - Processing /home/pyretttt/repos/mlops3/env/lib/python3.10/site-packages/airflow/example_dags/example_setup_teardown.py took 0.045 seconds
