[2023-10-22T19:10:39.069+0400] {processor.py:157} INFO - Started process (PID=1435) to work on /home/pyretttt/repos/mlops3/env/lib/python3.10/site-packages/airflow/example_dags/example_branch_labels.py
[2023-10-22T19:10:39.070+0400] {processor.py:829} INFO - Processing file /home/pyretttt/repos/mlops3/env/lib/python3.10/site-packages/airflow/example_dags/example_branch_labels.py for tasks to queue
[2023-10-22T19:10:39.071+0400] {logging_mixin.py:151} INFO - [2023-10-22T19:10:39.070+0400] {dagbag.py:536} INFO - Filling up the DagBag from /home/pyretttt/repos/mlops3/env/lib/python3.10/site-packages/airflow/example_dags/example_branch_labels.py
[2023-10-22T19:10:39.076+0400] {processor.py:839} INFO - DAG(s) dict_keys(['example_branch_labels']) retrieved from /home/pyretttt/repos/mlops3/env/lib/python3.10/site-packages/airflow/example_dags/example_branch_labels.py
[2023-10-22T19:10:39.131+0400] {logging_mixin.py:151} INFO - [2023-10-22T19:10:39.130+0400] {manager.py:499} INFO - Created Permission View: %s
[2023-10-22T19:10:39.138+0400] {logging_mixin.py:151} INFO - [2023-10-22T19:10:39.138+0400] {manager.py:499} INFO - Created Permission View: %s
[2023-10-22T19:10:39.143+0400] {logging_mixin.py:151} INFO - [2023-10-22T19:10:39.143+0400] {manager.py:499} INFO - Created Permission View: %s
[2023-10-22T19:10:39.143+0400] {logging_mixin.py:151} INFO - [2023-10-22T19:10:39.143+0400] {dag.py:2941} INFO - Sync 1 DAGs
[2023-10-22T19:10:39.147+0400] {logging_mixin.py:151} INFO - [2023-10-22T19:10:39.147+0400] {dag.py:2963} INFO - Creating ORM DAG for example_branch_labels
[2023-10-22T19:10:39.151+0400] {logging_mixin.py:151} INFO - [2023-10-22T19:10:39.151+0400] {dag.py:3722} INFO - Setting next_dagrun for example_branch_labels to 2023-10-21T00:00:00+00:00, run_after=2023-10-22T00:00:00+00:00
[2023-10-22T19:10:39.159+0400] {processor.py:179} INFO - Processing /home/pyretttt/repos/mlops3/env/lib/python3.10/site-packages/airflow/example_dags/example_branch_labels.py took 0.093 seconds
[2023-10-22T19:11:31.143+0400] {processor.py:157} INFO - Started process (PID=1653) to work on /home/pyretttt/repos/mlops3/env/lib/python3.10/site-packages/airflow/example_dags/example_branch_labels.py
[2023-10-22T19:11:31.144+0400] {processor.py:829} INFO - Processing file /home/pyretttt/repos/mlops3/env/lib/python3.10/site-packages/airflow/example_dags/example_branch_labels.py for tasks to queue
[2023-10-22T19:11:31.144+0400] {logging_mixin.py:151} INFO - [2023-10-22T19:11:31.144+0400] {dagbag.py:536} INFO - Filling up the DagBag from /home/pyretttt/repos/mlops3/env/lib/python3.10/site-packages/airflow/example_dags/example_branch_labels.py
[2023-10-22T19:11:31.148+0400] {processor.py:839} INFO - DAG(s) dict_keys(['example_branch_labels']) retrieved from /home/pyretttt/repos/mlops3/env/lib/python3.10/site-packages/airflow/example_dags/example_branch_labels.py
[2023-10-22T19:11:31.158+0400] {logging_mixin.py:151} INFO - [2023-10-22T19:11:31.158+0400] {dag.py:2941} INFO - Sync 1 DAGs
[2023-10-22T19:11:31.167+0400] {logging_mixin.py:151} INFO - [2023-10-22T19:11:31.167+0400] {dag.py:3722} INFO - Setting next_dagrun for example_branch_labels to 2023-10-21T00:00:00+00:00, run_after=2023-10-22T00:00:00+00:00
[2023-10-22T19:11:31.183+0400] {processor.py:179} INFO - Processing /home/pyretttt/repos/mlops3/env/lib/python3.10/site-packages/airflow/example_dags/example_branch_labels.py took 0.043 seconds
[2023-10-22T19:12:22.043+0400] {processor.py:157} INFO - Started process (PID=1713) to work on /home/pyretttt/repos/mlops3/env/lib/python3.10/site-packages/airflow/example_dags/example_branch_labels.py
[2023-10-22T19:12:22.045+0400] {processor.py:829} INFO - Processing file /home/pyretttt/repos/mlops3/env/lib/python3.10/site-packages/airflow/example_dags/example_branch_labels.py for tasks to queue
[2023-10-22T19:12:22.046+0400] {logging_mixin.py:151} INFO - [2023-10-22T19:12:22.045+0400] {dagbag.py:536} INFO - Filling up the DagBag from /home/pyretttt/repos/mlops3/env/lib/python3.10/site-packages/airflow/example_dags/example_branch_labels.py
[2023-10-22T19:12:22.052+0400] {processor.py:839} INFO - DAG(s) dict_keys(['example_branch_labels']) retrieved from /home/pyretttt/repos/mlops3/env/lib/python3.10/site-packages/airflow/example_dags/example_branch_labels.py
[2023-10-22T19:12:22.061+0400] {logging_mixin.py:151} INFO - [2023-10-22T19:12:22.061+0400] {dag.py:2941} INFO - Sync 1 DAGs
[2023-10-22T19:12:22.069+0400] {logging_mixin.py:151} INFO - [2023-10-22T19:12:22.069+0400] {dag.py:3722} INFO - Setting next_dagrun for example_branch_labels to 2023-10-21T00:00:00+00:00, run_after=2023-10-22T00:00:00+00:00
[2023-10-22T19:12:22.080+0400] {processor.py:179} INFO - Processing /home/pyretttt/repos/mlops3/env/lib/python3.10/site-packages/airflow/example_dags/example_branch_labels.py took 0.040 seconds
[2023-10-22T19:13:15.257+0400] {processor.py:157} INFO - Started process (PID=1769) to work on /home/pyretttt/repos/mlops3/env/lib/python3.10/site-packages/airflow/example_dags/example_branch_labels.py
[2023-10-22T19:13:15.261+0400] {processor.py:829} INFO - Processing file /home/pyretttt/repos/mlops3/env/lib/python3.10/site-packages/airflow/example_dags/example_branch_labels.py for tasks to queue
[2023-10-22T19:13:15.263+0400] {logging_mixin.py:151} INFO - [2023-10-22T19:13:15.263+0400] {dagbag.py:536} INFO - Filling up the DagBag from /home/pyretttt/repos/mlops3/env/lib/python3.10/site-packages/airflow/example_dags/example_branch_labels.py
[2023-10-22T19:13:15.268+0400] {processor.py:839} INFO - DAG(s) dict_keys(['example_branch_labels']) retrieved from /home/pyretttt/repos/mlops3/env/lib/python3.10/site-packages/airflow/example_dags/example_branch_labels.py
[2023-10-22T19:13:15.276+0400] {logging_mixin.py:151} INFO - [2023-10-22T19:13:15.276+0400] {dag.py:2941} INFO - Sync 1 DAGs
[2023-10-22T19:13:15.285+0400] {logging_mixin.py:151} INFO - [2023-10-22T19:13:15.285+0400] {dag.py:3722} INFO - Setting next_dagrun for example_branch_labels to 2023-10-21T00:00:00+00:00, run_after=2023-10-22T00:00:00+00:00
[2023-10-22T19:13:15.296+0400] {processor.py:179} INFO - Processing /home/pyretttt/repos/mlops3/env/lib/python3.10/site-packages/airflow/example_dags/example_branch_labels.py took 0.042 seconds
[2023-10-22T19:14:04.788+0400] {processor.py:157} INFO - Started process (PID=1841) to work on /home/pyretttt/repos/mlops3/env/lib/python3.10/site-packages/airflow/example_dags/example_branch_labels.py
[2023-10-22T19:14:04.790+0400] {processor.py:829} INFO - Processing file /home/pyretttt/repos/mlops3/env/lib/python3.10/site-packages/airflow/example_dags/example_branch_labels.py for tasks to queue
[2023-10-22T19:14:04.791+0400] {logging_mixin.py:151} INFO - [2023-10-22T19:14:04.791+0400] {dagbag.py:536} INFO - Filling up the DagBag from /home/pyretttt/repos/mlops3/env/lib/python3.10/site-packages/airflow/example_dags/example_branch_labels.py
[2023-10-22T19:14:04.797+0400] {processor.py:839} INFO - DAG(s) dict_keys(['example_branch_labels']) retrieved from /home/pyretttt/repos/mlops3/env/lib/python3.10/site-packages/airflow/example_dags/example_branch_labels.py
[2023-10-22T19:14:04.805+0400] {logging_mixin.py:151} INFO - [2023-10-22T19:14:04.805+0400] {dag.py:2941} INFO - Sync 1 DAGs
[2023-10-22T19:14:04.814+0400] {logging_mixin.py:151} INFO - [2023-10-22T19:14:04.814+0400] {dag.py:3722} INFO - Setting next_dagrun for example_branch_labels to 2023-10-21T00:00:00+00:00, run_after=2023-10-22T00:00:00+00:00
[2023-10-22T19:14:04.824+0400] {processor.py:179} INFO - Processing /home/pyretttt/repos/mlops3/env/lib/python3.10/site-packages/airflow/example_dags/example_branch_labels.py took 0.041 seconds
[2023-10-22T19:14:57.922+0400] {processor.py:157} INFO - Started process (PID=1896) to work on /home/pyretttt/repos/mlops3/env/lib/python3.10/site-packages/airflow/example_dags/example_branch_labels.py
[2023-10-22T19:14:57.924+0400] {processor.py:829} INFO - Processing file /home/pyretttt/repos/mlops3/env/lib/python3.10/site-packages/airflow/example_dags/example_branch_labels.py for tasks to queue
[2023-10-22T19:14:57.925+0400] {logging_mixin.py:151} INFO - [2023-10-22T19:14:57.924+0400] {dagbag.py:536} INFO - Filling up the DagBag from /home/pyretttt/repos/mlops3/env/lib/python3.10/site-packages/airflow/example_dags/example_branch_labels.py
[2023-10-22T19:14:57.929+0400] {processor.py:839} INFO - DAG(s) dict_keys(['example_branch_labels']) retrieved from /home/pyretttt/repos/mlops3/env/lib/python3.10/site-packages/airflow/example_dags/example_branch_labels.py
[2023-10-22T19:14:57.938+0400] {logging_mixin.py:151} INFO - [2023-10-22T19:14:57.938+0400] {dag.py:2941} INFO - Sync 1 DAGs
[2023-10-22T19:14:57.946+0400] {logging_mixin.py:151} INFO - [2023-10-22T19:14:57.946+0400] {dag.py:3722} INFO - Setting next_dagrun for example_branch_labels to 2023-10-21T00:00:00+00:00, run_after=2023-10-22T00:00:00+00:00
[2023-10-22T19:14:57.957+0400] {processor.py:179} INFO - Processing /home/pyretttt/repos/mlops3/env/lib/python3.10/site-packages/airflow/example_dags/example_branch_labels.py took 0.038 seconds
[2023-10-22T19:15:52.944+0400] {processor.py:157} INFO - Started process (PID=1950) to work on /home/pyretttt/repos/mlops3/env/lib/python3.10/site-packages/airflow/example_dags/example_branch_labels.py
[2023-10-22T19:15:52.946+0400] {processor.py:829} INFO - Processing file /home/pyretttt/repos/mlops3/env/lib/python3.10/site-packages/airflow/example_dags/example_branch_labels.py for tasks to queue
[2023-10-22T19:15:52.947+0400] {logging_mixin.py:151} INFO - [2023-10-22T19:15:52.946+0400] {dagbag.py:536} INFO - Filling up the DagBag from /home/pyretttt/repos/mlops3/env/lib/python3.10/site-packages/airflow/example_dags/example_branch_labels.py
[2023-10-22T19:15:52.951+0400] {processor.py:839} INFO - DAG(s) dict_keys(['example_branch_labels']) retrieved from /home/pyretttt/repos/mlops3/env/lib/python3.10/site-packages/airflow/example_dags/example_branch_labels.py
[2023-10-22T19:15:52.961+0400] {logging_mixin.py:151} INFO - [2023-10-22T19:15:52.961+0400] {dag.py:2941} INFO - Sync 1 DAGs
[2023-10-22T19:15:52.970+0400] {logging_mixin.py:151} INFO - [2023-10-22T19:15:52.970+0400] {dag.py:3722} INFO - Setting next_dagrun for example_branch_labels to 2023-10-21T00:00:00+00:00, run_after=2023-10-22T00:00:00+00:00
[2023-10-22T19:15:52.981+0400] {processor.py:179} INFO - Processing /home/pyretttt/repos/mlops3/env/lib/python3.10/site-packages/airflow/example_dags/example_branch_labels.py took 0.040 seconds
[2023-10-22T19:16:50.017+0400] {processor.py:157} INFO - Started process (PID=2007) to work on /home/pyretttt/repos/mlops3/env/lib/python3.10/site-packages/airflow/example_dags/example_branch_labels.py
[2023-10-22T19:16:50.019+0400] {processor.py:829} INFO - Processing file /home/pyretttt/repos/mlops3/env/lib/python3.10/site-packages/airflow/example_dags/example_branch_labels.py for tasks to queue
[2023-10-22T19:16:50.020+0400] {logging_mixin.py:151} INFO - [2023-10-22T19:16:50.019+0400] {dagbag.py:536} INFO - Filling up the DagBag from /home/pyretttt/repos/mlops3/env/lib/python3.10/site-packages/airflow/example_dags/example_branch_labels.py
[2023-10-22T19:16:50.027+0400] {processor.py:839} INFO - DAG(s) dict_keys(['example_branch_labels']) retrieved from /home/pyretttt/repos/mlops3/env/lib/python3.10/site-packages/airflow/example_dags/example_branch_labels.py
[2023-10-22T19:16:50.035+0400] {logging_mixin.py:151} INFO - [2023-10-22T19:16:50.035+0400] {dag.py:2941} INFO - Sync 1 DAGs
[2023-10-22T19:16:50.043+0400] {logging_mixin.py:151} INFO - [2023-10-22T19:16:50.043+0400] {dag.py:3722} INFO - Setting next_dagrun for example_branch_labels to 2023-10-21T00:00:00+00:00, run_after=2023-10-22T00:00:00+00:00
[2023-10-22T19:16:50.053+0400] {processor.py:179} INFO - Processing /home/pyretttt/repos/mlops3/env/lib/python3.10/site-packages/airflow/example_dags/example_branch_labels.py took 0.039 seconds
[2023-10-22T19:17:45.696+0400] {processor.py:157} INFO - Started process (PID=2100) to work on /home/pyretttt/repos/mlops3/env/lib/python3.10/site-packages/airflow/example_dags/example_branch_labels.py
[2023-10-22T19:17:45.698+0400] {processor.py:829} INFO - Processing file /home/pyretttt/repos/mlops3/env/lib/python3.10/site-packages/airflow/example_dags/example_branch_labels.py for tasks to queue
[2023-10-22T19:17:45.699+0400] {logging_mixin.py:151} INFO - [2023-10-22T19:17:45.698+0400] {dagbag.py:536} INFO - Filling up the DagBag from /home/pyretttt/repos/mlops3/env/lib/python3.10/site-packages/airflow/example_dags/example_branch_labels.py
[2023-10-22T19:17:45.707+0400] {processor.py:839} INFO - DAG(s) dict_keys(['example_branch_labels']) retrieved from /home/pyretttt/repos/mlops3/env/lib/python3.10/site-packages/airflow/example_dags/example_branch_labels.py
[2023-10-22T19:17:45.720+0400] {logging_mixin.py:151} INFO - [2023-10-22T19:17:45.720+0400] {dag.py:2941} INFO - Sync 1 DAGs
[2023-10-22T19:17:45.731+0400] {logging_mixin.py:151} INFO - [2023-10-22T19:17:45.731+0400] {dag.py:3722} INFO - Setting next_dagrun for example_branch_labels to 2023-10-21T00:00:00+00:00, run_after=2023-10-22T00:00:00+00:00
[2023-10-22T19:17:45.742+0400] {processor.py:179} INFO - Processing /home/pyretttt/repos/mlops3/env/lib/python3.10/site-packages/airflow/example_dags/example_branch_labels.py took 0.048 seconds
[2023-10-22T19:18:39.669+0400] {processor.py:157} INFO - Started process (PID=2154) to work on /home/pyretttt/repos/mlops3/env/lib/python3.10/site-packages/airflow/example_dags/example_branch_labels.py
[2023-10-22T19:18:39.671+0400] {processor.py:829} INFO - Processing file /home/pyretttt/repos/mlops3/env/lib/python3.10/site-packages/airflow/example_dags/example_branch_labels.py for tasks to queue
[2023-10-22T19:18:39.672+0400] {logging_mixin.py:151} INFO - [2023-10-22T19:18:39.671+0400] {dagbag.py:536} INFO - Filling up the DagBag from /home/pyretttt/repos/mlops3/env/lib/python3.10/site-packages/airflow/example_dags/example_branch_labels.py
[2023-10-22T19:18:39.676+0400] {processor.py:839} INFO - DAG(s) dict_keys(['example_branch_labels']) retrieved from /home/pyretttt/repos/mlops3/env/lib/python3.10/site-packages/airflow/example_dags/example_branch_labels.py
[2023-10-22T19:18:39.686+0400] {logging_mixin.py:151} INFO - [2023-10-22T19:18:39.686+0400] {dag.py:2941} INFO - Sync 1 DAGs
[2023-10-22T19:18:39.697+0400] {logging_mixin.py:151} INFO - [2023-10-22T19:18:39.697+0400] {dag.py:3722} INFO - Setting next_dagrun for example_branch_labels to 2023-10-21T00:00:00+00:00, run_after=2023-10-22T00:00:00+00:00
[2023-10-22T19:18:39.708+0400] {processor.py:179} INFO - Processing /home/pyretttt/repos/mlops3/env/lib/python3.10/site-packages/airflow/example_dags/example_branch_labels.py took 0.044 seconds
[2023-10-22T19:19:32.919+0400] {processor.py:157} INFO - Started process (PID=2208) to work on /home/pyretttt/repos/mlops3/env/lib/python3.10/site-packages/airflow/example_dags/example_branch_labels.py
[2023-10-22T19:19:32.921+0400] {processor.py:829} INFO - Processing file /home/pyretttt/repos/mlops3/env/lib/python3.10/site-packages/airflow/example_dags/example_branch_labels.py for tasks to queue
[2023-10-22T19:19:32.922+0400] {logging_mixin.py:151} INFO - [2023-10-22T19:19:32.922+0400] {dagbag.py:536} INFO - Filling up the DagBag from /home/pyretttt/repos/mlops3/env/lib/python3.10/site-packages/airflow/example_dags/example_branch_labels.py
[2023-10-22T19:19:32.931+0400] {processor.py:839} INFO - DAG(s) dict_keys(['example_branch_labels']) retrieved from /home/pyretttt/repos/mlops3/env/lib/python3.10/site-packages/airflow/example_dags/example_branch_labels.py
[2023-10-22T19:19:32.940+0400] {logging_mixin.py:151} INFO - [2023-10-22T19:19:32.939+0400] {dag.py:2941} INFO - Sync 1 DAGs
[2023-10-22T19:19:32.947+0400] {logging_mixin.py:151} INFO - [2023-10-22T19:19:32.947+0400] {dag.py:3722} INFO - Setting next_dagrun for example_branch_labels to 2023-10-21T00:00:00+00:00, run_after=2023-10-22T00:00:00+00:00
[2023-10-22T19:19:32.957+0400] {processor.py:179} INFO - Processing /home/pyretttt/repos/mlops3/env/lib/python3.10/site-packages/airflow/example_dags/example_branch_labels.py took 0.041 seconds
[2023-10-22T19:20:26.468+0400] {processor.py:157} INFO - Started process (PID=2263) to work on /home/pyretttt/repos/mlops3/env/lib/python3.10/site-packages/airflow/example_dags/example_branch_labels.py
[2023-10-22T19:20:26.470+0400] {processor.py:829} INFO - Processing file /home/pyretttt/repos/mlops3/env/lib/python3.10/site-packages/airflow/example_dags/example_branch_labels.py for tasks to queue
[2023-10-22T19:20:26.471+0400] {logging_mixin.py:151} INFO - [2023-10-22T19:20:26.471+0400] {dagbag.py:536} INFO - Filling up the DagBag from /home/pyretttt/repos/mlops3/env/lib/python3.10/site-packages/airflow/example_dags/example_branch_labels.py
[2023-10-22T19:20:26.481+0400] {processor.py:839} INFO - DAG(s) dict_keys(['example_branch_labels']) retrieved from /home/pyretttt/repos/mlops3/env/lib/python3.10/site-packages/airflow/example_dags/example_branch_labels.py
[2023-10-22T19:20:26.490+0400] {logging_mixin.py:151} INFO - [2023-10-22T19:20:26.490+0400] {dag.py:2941} INFO - Sync 1 DAGs
[2023-10-22T19:20:26.498+0400] {logging_mixin.py:151} INFO - [2023-10-22T19:20:26.498+0400] {dag.py:3722} INFO - Setting next_dagrun for example_branch_labels to 2023-10-21T00:00:00+00:00, run_after=2023-10-22T00:00:00+00:00
[2023-10-22T19:20:26.510+0400] {processor.py:179} INFO - Processing /home/pyretttt/repos/mlops3/env/lib/python3.10/site-packages/airflow/example_dags/example_branch_labels.py took 0.044 seconds
