[2023-10-22T19:08:00.947+0400] {processor.py:157} INFO - Started process (PID=1372) to work on /home/pyretttt/repos/mlops3/env/lib/python3.10/site-packages/airflow/example_dags/example_latest_only_with_trigger.py
[2023-10-22T19:08:00.948+0400] {processor.py:829} INFO - Processing file /home/pyretttt/repos/mlops3/env/lib/python3.10/site-packages/airflow/example_dags/example_latest_only_with_trigger.py for tasks to queue
[2023-10-22T19:08:00.949+0400] {logging_mixin.py:151} INFO - [2023-10-22T19:08:00.949+0400] {dagbag.py:536} INFO - Filling up the DagBag from /home/pyretttt/repos/mlops3/env/lib/python3.10/site-packages/airflow/example_dags/example_latest_only_with_trigger.py
[2023-10-22T19:08:00.969+0400] {processor.py:839} INFO - DAG(s) dict_keys(['latest_only_with_trigger']) retrieved from /home/pyretttt/repos/mlops3/env/lib/python3.10/site-packages/airflow/example_dags/example_latest_only_with_trigger.py
[2023-10-22T19:08:01.109+0400] {logging_mixin.py:151} INFO - [2023-10-22T19:08:01.109+0400] {manager.py:499} INFO - Created Permission View: %s
[2023-10-22T19:08:01.117+0400] {logging_mixin.py:151} INFO - [2023-10-22T19:08:01.117+0400] {manager.py:499} INFO - Created Permission View: %s
[2023-10-22T19:08:01.125+0400] {logging_mixin.py:151} INFO - [2023-10-22T19:08:01.125+0400] {manager.py:499} INFO - Created Permission View: %s
[2023-10-22T19:08:01.125+0400] {logging_mixin.py:151} INFO - [2023-10-22T19:08:01.125+0400] {dag.py:2941} INFO - Sync 1 DAGs
[2023-10-22T19:08:01.130+0400] {logging_mixin.py:151} INFO - [2023-10-22T19:08:01.130+0400] {dag.py:2963} INFO - Creating ORM DAG for latest_only_with_trigger
[2023-10-22T19:08:01.133+0400] {logging_mixin.py:151} INFO - [2023-10-22T19:08:01.133+0400] {dag.py:3722} INFO - Setting next_dagrun for latest_only_with_trigger to 2023-10-22T11:08:01.133276+00:00, run_after=2023-10-22T15:08:01.133276+00:00
[2023-10-22T19:08:01.145+0400] {processor.py:179} INFO - Processing /home/pyretttt/repos/mlops3/env/lib/python3.10/site-packages/airflow/example_dags/example_latest_only_with_trigger.py took 0.202 seconds
[2023-10-22T19:10:43.024+0400] {processor.py:157} INFO - Started process (PID=1439) to work on /home/pyretttt/repos/mlops3/env/lib/python3.10/site-packages/airflow/example_dags/example_latest_only_with_trigger.py
[2023-10-22T19:10:43.027+0400] {processor.py:829} INFO - Processing file /home/pyretttt/repos/mlops3/env/lib/python3.10/site-packages/airflow/example_dags/example_latest_only_with_trigger.py for tasks to queue
[2023-10-22T19:10:43.028+0400] {logging_mixin.py:151} INFO - [2023-10-22T19:10:43.027+0400] {dagbag.py:536} INFO - Filling up the DagBag from /home/pyretttt/repos/mlops3/env/lib/python3.10/site-packages/airflow/example_dags/example_latest_only_with_trigger.py
[2023-10-22T19:10:43.035+0400] {processor.py:839} INFO - DAG(s) dict_keys(['latest_only_with_trigger']) retrieved from /home/pyretttt/repos/mlops3/env/lib/python3.10/site-packages/airflow/example_dags/example_latest_only_with_trigger.py
[2023-10-22T19:10:43.045+0400] {logging_mixin.py:151} INFO - [2023-10-22T19:10:43.045+0400] {dag.py:2941} INFO - Sync 1 DAGs
[2023-10-22T19:10:43.052+0400] {logging_mixin.py:151} INFO - [2023-10-22T19:10:43.052+0400] {dag.py:3722} INFO - Setting next_dagrun for latest_only_with_trigger to 2023-10-22T11:10:43.052285+00:00, run_after=2023-10-22T15:10:43.052285+00:00
[2023-10-22T19:10:43.062+0400] {processor.py:179} INFO - Processing /home/pyretttt/repos/mlops3/env/lib/python3.10/site-packages/airflow/example_dags/example_latest_only_with_trigger.py took 0.041 seconds
[2023-10-22T19:11:18.296+0400] {processor.py:157} INFO - Started process (PID=1481) to work on /home/pyretttt/repos/mlops3/env/lib/python3.10/site-packages/airflow/example_dags/example_latest_only_with_trigger.py
[2023-10-22T19:11:18.297+0400] {processor.py:829} INFO - Processing file /home/pyretttt/repos/mlops3/env/lib/python3.10/site-packages/airflow/example_dags/example_latest_only_with_trigger.py for tasks to queue
[2023-10-22T19:11:18.297+0400] {logging_mixin.py:151} INFO - [2023-10-22T19:11:18.297+0400] {dagbag.py:536} INFO - Filling up the DagBag from /home/pyretttt/repos/mlops3/env/lib/python3.10/site-packages/airflow/example_dags/example_latest_only_with_trigger.py
[2023-10-22T19:11:18.301+0400] {processor.py:839} INFO - DAG(s) dict_keys(['latest_only_with_trigger']) retrieved from /home/pyretttt/repos/mlops3/env/lib/python3.10/site-packages/airflow/example_dags/example_latest_only_with_trigger.py
[2023-10-22T19:11:18.310+0400] {logging_mixin.py:151} INFO - [2023-10-22T19:11:18.310+0400] {dag.py:2941} INFO - Sync 1 DAGs
[2023-10-22T19:11:18.323+0400] {logging_mixin.py:151} INFO - [2023-10-22T19:11:18.323+0400] {dag.py:3722} INFO - Setting next_dagrun for latest_only_with_trigger to 2023-10-22T11:11:18.323629+00:00, run_after=2023-10-22T15:11:18.323629+00:00
[2023-10-22T19:11:18.340+0400] {processor.py:179} INFO - Processing /home/pyretttt/repos/mlops3/env/lib/python3.10/site-packages/airflow/example_dags/example_latest_only_with_trigger.py took 0.047 seconds
[2023-10-22T19:12:04.159+0400] {processor.py:157} INFO - Started process (PID=1697) to work on /home/pyretttt/repos/mlops3/env/lib/python3.10/site-packages/airflow/example_dags/example_latest_only_with_trigger.py
[2023-10-22T19:12:04.161+0400] {processor.py:829} INFO - Processing file /home/pyretttt/repos/mlops3/env/lib/python3.10/site-packages/airflow/example_dags/example_latest_only_with_trigger.py for tasks to queue
[2023-10-22T19:12:04.162+0400] {logging_mixin.py:151} INFO - [2023-10-22T19:12:04.161+0400] {dagbag.py:536} INFO - Filling up the DagBag from /home/pyretttt/repos/mlops3/env/lib/python3.10/site-packages/airflow/example_dags/example_latest_only_with_trigger.py
[2023-10-22T19:12:04.167+0400] {processor.py:839} INFO - DAG(s) dict_keys(['latest_only_with_trigger']) retrieved from /home/pyretttt/repos/mlops3/env/lib/python3.10/site-packages/airflow/example_dags/example_latest_only_with_trigger.py
[2023-10-22T19:12:04.174+0400] {logging_mixin.py:151} INFO - [2023-10-22T19:12:04.174+0400] {dag.py:2941} INFO - Sync 1 DAGs
[2023-10-22T19:12:04.183+0400] {logging_mixin.py:151} INFO - [2023-10-22T19:12:04.183+0400] {dag.py:3722} INFO - Setting next_dagrun for latest_only_with_trigger to 2023-10-22T11:12:04.183166+00:00, run_after=2023-10-22T15:12:04.183166+00:00
[2023-10-22T19:12:04.193+0400] {processor.py:179} INFO - Processing /home/pyretttt/repos/mlops3/env/lib/python3.10/site-packages/airflow/example_dags/example_latest_only_with_trigger.py took 0.037 seconds
[2023-10-22T19:12:44.008+0400] {processor.py:157} INFO - Started process (PID=1736) to work on /home/pyretttt/repos/mlops3/env/lib/python3.10/site-packages/airflow/example_dags/example_latest_only_with_trigger.py
[2023-10-22T19:12:44.009+0400] {processor.py:829} INFO - Processing file /home/pyretttt/repos/mlops3/env/lib/python3.10/site-packages/airflow/example_dags/example_latest_only_with_trigger.py for tasks to queue
[2023-10-22T19:12:44.011+0400] {logging_mixin.py:151} INFO - [2023-10-22T19:12:44.010+0400] {dagbag.py:536} INFO - Filling up the DagBag from /home/pyretttt/repos/mlops3/env/lib/python3.10/site-packages/airflow/example_dags/example_latest_only_with_trigger.py
[2023-10-22T19:12:44.017+0400] {processor.py:839} INFO - DAG(s) dict_keys(['latest_only_with_trigger']) retrieved from /home/pyretttt/repos/mlops3/env/lib/python3.10/site-packages/airflow/example_dags/example_latest_only_with_trigger.py
[2023-10-22T19:12:44.027+0400] {logging_mixin.py:151} INFO - [2023-10-22T19:12:44.027+0400] {dag.py:2941} INFO - Sync 1 DAGs
[2023-10-22T19:12:44.039+0400] {logging_mixin.py:151} INFO - [2023-10-22T19:12:44.039+0400] {dag.py:3722} INFO - Setting next_dagrun for latest_only_with_trigger to 2023-10-22T11:12:44.038907+00:00, run_after=2023-10-22T15:12:44.038907+00:00
[2023-10-22T19:12:44.052+0400] {processor.py:179} INFO - Processing /home/pyretttt/repos/mlops3/env/lib/python3.10/site-packages/airflow/example_dags/example_latest_only_with_trigger.py took 0.047 seconds
[2023-10-22T19:13:16.773+0400] {processor.py:157} INFO - Started process (PID=1771) to work on /home/pyretttt/repos/mlops3/env/lib/python3.10/site-packages/airflow/example_dags/example_latest_only_with_trigger.py
[2023-10-22T19:13:16.775+0400] {processor.py:829} INFO - Processing file /home/pyretttt/repos/mlops3/env/lib/python3.10/site-packages/airflow/example_dags/example_latest_only_with_trigger.py for tasks to queue
[2023-10-22T19:13:16.776+0400] {logging_mixin.py:151} INFO - [2023-10-22T19:13:16.775+0400] {dagbag.py:536} INFO - Filling up the DagBag from /home/pyretttt/repos/mlops3/env/lib/python3.10/site-packages/airflow/example_dags/example_latest_only_with_trigger.py
[2023-10-22T19:13:16.782+0400] {processor.py:839} INFO - DAG(s) dict_keys(['latest_only_with_trigger']) retrieved from /home/pyretttt/repos/mlops3/env/lib/python3.10/site-packages/airflow/example_dags/example_latest_only_with_trigger.py
[2023-10-22T19:13:16.790+0400] {logging_mixin.py:151} INFO - [2023-10-22T19:13:16.790+0400] {dag.py:2941} INFO - Sync 1 DAGs
[2023-10-22T19:13:16.798+0400] {logging_mixin.py:151} INFO - [2023-10-22T19:13:16.798+0400] {dag.py:3722} INFO - Setting next_dagrun for latest_only_with_trigger to 2023-10-22T11:13:16.797987+00:00, run_after=2023-10-22T15:13:16.797987+00:00
[2023-10-22T19:13:16.808+0400] {processor.py:179} INFO - Processing /home/pyretttt/repos/mlops3/env/lib/python3.10/site-packages/airflow/example_dags/example_latest_only_with_trigger.py took 0.038 seconds
[2023-10-22T19:13:49.914+0400] {processor.py:157} INFO - Started process (PID=1827) to work on /home/pyretttt/repos/mlops3/env/lib/python3.10/site-packages/airflow/example_dags/example_latest_only_with_trigger.py
[2023-10-22T19:13:49.915+0400] {processor.py:829} INFO - Processing file /home/pyretttt/repos/mlops3/env/lib/python3.10/site-packages/airflow/example_dags/example_latest_only_with_trigger.py for tasks to queue
[2023-10-22T19:13:49.916+0400] {logging_mixin.py:151} INFO - [2023-10-22T19:13:49.915+0400] {dagbag.py:536} INFO - Filling up the DagBag from /home/pyretttt/repos/mlops3/env/lib/python3.10/site-packages/airflow/example_dags/example_latest_only_with_trigger.py
[2023-10-22T19:13:49.921+0400] {processor.py:839} INFO - DAG(s) dict_keys(['latest_only_with_trigger']) retrieved from /home/pyretttt/repos/mlops3/env/lib/python3.10/site-packages/airflow/example_dags/example_latest_only_with_trigger.py
[2023-10-22T19:13:49.932+0400] {logging_mixin.py:151} INFO - [2023-10-22T19:13:49.932+0400] {dag.py:2941} INFO - Sync 1 DAGs
[2023-10-22T19:13:49.941+0400] {logging_mixin.py:151} INFO - [2023-10-22T19:13:49.941+0400] {dag.py:3722} INFO - Setting next_dagrun for latest_only_with_trigger to 2023-10-22T11:13:49.941542+00:00, run_after=2023-10-22T15:13:49.941542+00:00
[2023-10-22T19:13:49.954+0400] {processor.py:179} INFO - Processing /home/pyretttt/repos/mlops3/env/lib/python3.10/site-packages/airflow/example_dags/example_latest_only_with_trigger.py took 0.044 seconds
[2023-10-22T19:14:26.147+0400] {processor.py:157} INFO - Started process (PID=1863) to work on /home/pyretttt/repos/mlops3/env/lib/python3.10/site-packages/airflow/example_dags/example_latest_only_with_trigger.py
[2023-10-22T19:14:26.149+0400] {processor.py:829} INFO - Processing file /home/pyretttt/repos/mlops3/env/lib/python3.10/site-packages/airflow/example_dags/example_latest_only_with_trigger.py for tasks to queue
[2023-10-22T19:14:26.151+0400] {logging_mixin.py:151} INFO - [2023-10-22T19:14:26.150+0400] {dagbag.py:536} INFO - Filling up the DagBag from /home/pyretttt/repos/mlops3/env/lib/python3.10/site-packages/airflow/example_dags/example_latest_only_with_trigger.py
[2023-10-22T19:14:26.161+0400] {processor.py:839} INFO - DAG(s) dict_keys(['latest_only_with_trigger']) retrieved from /home/pyretttt/repos/mlops3/env/lib/python3.10/site-packages/airflow/example_dags/example_latest_only_with_trigger.py
[2023-10-22T19:14:26.176+0400] {logging_mixin.py:151} INFO - [2023-10-22T19:14:26.176+0400] {dag.py:2941} INFO - Sync 1 DAGs
[2023-10-22T19:14:26.186+0400] {logging_mixin.py:151} INFO - [2023-10-22T19:14:26.186+0400] {dag.py:3722} INFO - Setting next_dagrun for latest_only_with_trigger to 2023-10-22T11:14:26.186004+00:00, run_after=2023-10-22T15:14:26.186004+00:00
[2023-10-22T19:14:26.199+0400] {processor.py:179} INFO - Processing /home/pyretttt/repos/mlops3/env/lib/python3.10/site-packages/airflow/example_dags/example_latest_only_with_trigger.py took 0.055 seconds
[2023-10-22T19:15:00.626+0400] {processor.py:157} INFO - Started process (PID=1899) to work on /home/pyretttt/repos/mlops3/env/lib/python3.10/site-packages/airflow/example_dags/example_latest_only_with_trigger.py
[2023-10-22T19:15:00.628+0400] {processor.py:829} INFO - Processing file /home/pyretttt/repos/mlops3/env/lib/python3.10/site-packages/airflow/example_dags/example_latest_only_with_trigger.py for tasks to queue
[2023-10-22T19:15:00.629+0400] {logging_mixin.py:151} INFO - [2023-10-22T19:15:00.629+0400] {dagbag.py:536} INFO - Filling up the DagBag from /home/pyretttt/repos/mlops3/env/lib/python3.10/site-packages/airflow/example_dags/example_latest_only_with_trigger.py
[2023-10-22T19:15:00.633+0400] {processor.py:839} INFO - DAG(s) dict_keys(['latest_only_with_trigger']) retrieved from /home/pyretttt/repos/mlops3/env/lib/python3.10/site-packages/airflow/example_dags/example_latest_only_with_trigger.py
[2023-10-22T19:15:00.640+0400] {logging_mixin.py:151} INFO - [2023-10-22T19:15:00.640+0400] {dag.py:2941} INFO - Sync 1 DAGs
[2023-10-22T19:15:00.651+0400] {logging_mixin.py:151} INFO - [2023-10-22T19:15:00.650+0400] {dag.py:3722} INFO - Setting next_dagrun for latest_only_with_trigger to 2023-10-22T11:15:00.650761+00:00, run_after=2023-10-22T15:15:00.650761+00:00
[2023-10-22T19:15:00.663+0400] {processor.py:179} INFO - Processing /home/pyretttt/repos/mlops3/env/lib/python3.10/site-packages/airflow/example_dags/example_latest_only_with_trigger.py took 0.039 seconds
[2023-10-22T19:15:37.013+0400] {processor.py:157} INFO - Started process (PID=1935) to work on /home/pyretttt/repos/mlops3/env/lib/python3.10/site-packages/airflow/example_dags/example_latest_only_with_trigger.py
[2023-10-22T19:15:37.015+0400] {processor.py:829} INFO - Processing file /home/pyretttt/repos/mlops3/env/lib/python3.10/site-packages/airflow/example_dags/example_latest_only_with_trigger.py for tasks to queue
[2023-10-22T19:15:37.016+0400] {logging_mixin.py:151} INFO - [2023-10-22T19:15:37.015+0400] {dagbag.py:536} INFO - Filling up the DagBag from /home/pyretttt/repos/mlops3/env/lib/python3.10/site-packages/airflow/example_dags/example_latest_only_with_trigger.py
[2023-10-22T19:15:37.020+0400] {processor.py:839} INFO - DAG(s) dict_keys(['latest_only_with_trigger']) retrieved from /home/pyretttt/repos/mlops3/env/lib/python3.10/site-packages/airflow/example_dags/example_latest_only_with_trigger.py
[2023-10-22T19:15:37.029+0400] {logging_mixin.py:151} INFO - [2023-10-22T19:15:37.029+0400] {dag.py:2941} INFO - Sync 1 DAGs
[2023-10-22T19:15:37.037+0400] {logging_mixin.py:151} INFO - [2023-10-22T19:15:37.037+0400] {dag.py:3722} INFO - Setting next_dagrun for latest_only_with_trigger to 2023-10-22T11:15:37.037660+00:00, run_after=2023-10-22T15:15:37.037660+00:00
[2023-10-22T19:15:37.053+0400] {processor.py:179} INFO - Processing /home/pyretttt/repos/mlops3/env/lib/python3.10/site-packages/airflow/example_dags/example_latest_only_with_trigger.py took 0.043 seconds
[2023-10-22T19:16:14.988+0400] {processor.py:157} INFO - Started process (PID=1971) to work on /home/pyretttt/repos/mlops3/env/lib/python3.10/site-packages/airflow/example_dags/example_latest_only_with_trigger.py
[2023-10-22T19:16:14.989+0400] {processor.py:829} INFO - Processing file /home/pyretttt/repos/mlops3/env/lib/python3.10/site-packages/airflow/example_dags/example_latest_only_with_trigger.py for tasks to queue
[2023-10-22T19:16:14.990+0400] {logging_mixin.py:151} INFO - [2023-10-22T19:16:14.990+0400] {dagbag.py:536} INFO - Filling up the DagBag from /home/pyretttt/repos/mlops3/env/lib/python3.10/site-packages/airflow/example_dags/example_latest_only_with_trigger.py
[2023-10-22T19:16:14.994+0400] {processor.py:839} INFO - DAG(s) dict_keys(['latest_only_with_trigger']) retrieved from /home/pyretttt/repos/mlops3/env/lib/python3.10/site-packages/airflow/example_dags/example_latest_only_with_trigger.py
[2023-10-22T19:16:15.002+0400] {logging_mixin.py:151} INFO - [2023-10-22T19:16:15.002+0400] {dag.py:2941} INFO - Sync 1 DAGs
[2023-10-22T19:16:15.009+0400] {logging_mixin.py:151} INFO - [2023-10-22T19:16:15.009+0400] {dag.py:3722} INFO - Setting next_dagrun for latest_only_with_trigger to 2023-10-22T11:16:15.009703+00:00, run_after=2023-10-22T15:16:15.009703+00:00
[2023-10-22T19:16:15.021+0400] {processor.py:179} INFO - Processing /home/pyretttt/repos/mlops3/env/lib/python3.10/site-packages/airflow/example_dags/example_latest_only_with_trigger.py took 0.036 seconds
[2023-10-22T19:16:53.207+0400] {processor.py:157} INFO - Started process (PID=2010) to work on /home/pyretttt/repos/mlops3/env/lib/python3.10/site-packages/airflow/example_dags/example_latest_only_with_trigger.py
[2023-10-22T19:16:53.209+0400] {processor.py:829} INFO - Processing file /home/pyretttt/repos/mlops3/env/lib/python3.10/site-packages/airflow/example_dags/example_latest_only_with_trigger.py for tasks to queue
[2023-10-22T19:16:53.210+0400] {logging_mixin.py:151} INFO - [2023-10-22T19:16:53.210+0400] {dagbag.py:536} INFO - Filling up the DagBag from /home/pyretttt/repos/mlops3/env/lib/python3.10/site-packages/airflow/example_dags/example_latest_only_with_trigger.py
[2023-10-22T19:16:53.216+0400] {processor.py:839} INFO - DAG(s) dict_keys(['latest_only_with_trigger']) retrieved from /home/pyretttt/repos/mlops3/env/lib/python3.10/site-packages/airflow/example_dags/example_latest_only_with_trigger.py
[2023-10-22T19:16:53.224+0400] {logging_mixin.py:151} INFO - [2023-10-22T19:16:53.224+0400] {dag.py:2941} INFO - Sync 1 DAGs
[2023-10-22T19:16:53.236+0400] {logging_mixin.py:151} INFO - [2023-10-22T19:16:53.236+0400] {dag.py:3722} INFO - Setting next_dagrun for latest_only_with_trigger to 2023-10-22T11:16:53.235893+00:00, run_after=2023-10-22T15:16:53.235893+00:00
[2023-10-22T19:16:53.247+0400] {processor.py:179} INFO - Processing /home/pyretttt/repos/mlops3/env/lib/python3.10/site-packages/airflow/example_dags/example_latest_only_with_trigger.py took 0.045 seconds
[2023-10-22T19:17:31.312+0400] {processor.py:157} INFO - Started process (PID=2065) to work on /home/pyretttt/repos/mlops3/env/lib/python3.10/site-packages/airflow/example_dags/example_latest_only_with_trigger.py
[2023-10-22T19:17:31.313+0400] {processor.py:829} INFO - Processing file /home/pyretttt/repos/mlops3/env/lib/python3.10/site-packages/airflow/example_dags/example_latest_only_with_trigger.py for tasks to queue
[2023-10-22T19:17:31.314+0400] {logging_mixin.py:151} INFO - [2023-10-22T19:17:31.313+0400] {dagbag.py:536} INFO - Filling up the DagBag from /home/pyretttt/repos/mlops3/env/lib/python3.10/site-packages/airflow/example_dags/example_latest_only_with_trigger.py
[2023-10-22T19:17:31.317+0400] {processor.py:839} INFO - DAG(s) dict_keys(['latest_only_with_trigger']) retrieved from /home/pyretttt/repos/mlops3/env/lib/python3.10/site-packages/airflow/example_dags/example_latest_only_with_trigger.py
[2023-10-22T19:17:31.324+0400] {logging_mixin.py:151} INFO - [2023-10-22T19:17:31.324+0400] {dag.py:2941} INFO - Sync 1 DAGs
[2023-10-22T19:17:31.338+0400] {logging_mixin.py:151} INFO - [2023-10-22T19:17:31.338+0400] {dag.py:3722} INFO - Setting next_dagrun for latest_only_with_trigger to 2023-10-22T11:17:31.338399+00:00, run_after=2023-10-22T15:17:31.338399+00:00
[2023-10-22T19:17:31.351+0400] {processor.py:179} INFO - Processing /home/pyretttt/repos/mlops3/env/lib/python3.10/site-packages/airflow/example_dags/example_latest_only_with_trigger.py took 0.043 seconds
[2023-10-22T19:18:06.229+0400] {processor.py:157} INFO - Started process (PID=2120) to work on /home/pyretttt/repos/mlops3/env/lib/python3.10/site-packages/airflow/example_dags/example_latest_only_with_trigger.py
[2023-10-22T19:18:06.230+0400] {processor.py:829} INFO - Processing file /home/pyretttt/repos/mlops3/env/lib/python3.10/site-packages/airflow/example_dags/example_latest_only_with_trigger.py for tasks to queue
[2023-10-22T19:18:06.230+0400] {logging_mixin.py:151} INFO - [2023-10-22T19:18:06.230+0400] {dagbag.py:536} INFO - Filling up the DagBag from /home/pyretttt/repos/mlops3/env/lib/python3.10/site-packages/airflow/example_dags/example_latest_only_with_trigger.py
[2023-10-22T19:18:06.234+0400] {processor.py:839} INFO - DAG(s) dict_keys(['latest_only_with_trigger']) retrieved from /home/pyretttt/repos/mlops3/env/lib/python3.10/site-packages/airflow/example_dags/example_latest_only_with_trigger.py
[2023-10-22T19:18:06.242+0400] {logging_mixin.py:151} INFO - [2023-10-22T19:18:06.242+0400] {dag.py:2941} INFO - Sync 1 DAGs
[2023-10-22T19:18:06.249+0400] {logging_mixin.py:151} INFO - [2023-10-22T19:18:06.249+0400] {dag.py:3722} INFO - Setting next_dagrun for latest_only_with_trigger to 2023-10-22T11:18:06.249590+00:00, run_after=2023-10-22T15:18:06.249590+00:00
[2023-10-22T19:18:06.263+0400] {processor.py:179} INFO - Processing /home/pyretttt/repos/mlops3/env/lib/python3.10/site-packages/airflow/example_dags/example_latest_only_with_trigger.py took 0.037 seconds
[2023-10-22T19:18:43.370+0400] {processor.py:157} INFO - Started process (PID=2157) to work on /home/pyretttt/repos/mlops3/env/lib/python3.10/site-packages/airflow/example_dags/example_latest_only_with_trigger.py
[2023-10-22T19:18:43.373+0400] {processor.py:829} INFO - Processing file /home/pyretttt/repos/mlops3/env/lib/python3.10/site-packages/airflow/example_dags/example_latest_only_with_trigger.py for tasks to queue
[2023-10-22T19:18:43.373+0400] {logging_mixin.py:151} INFO - [2023-10-22T19:18:43.373+0400] {dagbag.py:536} INFO - Filling up the DagBag from /home/pyretttt/repos/mlops3/env/lib/python3.10/site-packages/airflow/example_dags/example_latest_only_with_trigger.py
[2023-10-22T19:18:43.377+0400] {processor.py:839} INFO - DAG(s) dict_keys(['latest_only_with_trigger']) retrieved from /home/pyretttt/repos/mlops3/env/lib/python3.10/site-packages/airflow/example_dags/example_latest_only_with_trigger.py
[2023-10-22T19:18:43.385+0400] {logging_mixin.py:151} INFO - [2023-10-22T19:18:43.385+0400] {dag.py:2941} INFO - Sync 1 DAGs
[2023-10-22T19:18:43.393+0400] {logging_mixin.py:151} INFO - [2023-10-22T19:18:43.393+0400] {dag.py:3722} INFO - Setting next_dagrun for latest_only_with_trigger to 2023-10-22T11:18:43.393641+00:00, run_after=2023-10-22T15:18:43.393641+00:00
[2023-10-22T19:18:43.407+0400] {processor.py:179} INFO - Processing /home/pyretttt/repos/mlops3/env/lib/python3.10/site-packages/airflow/example_dags/example_latest_only_with_trigger.py took 0.040 seconds
[2023-10-22T19:19:19.727+0400] {processor.py:157} INFO - Started process (PID=2194) to work on /home/pyretttt/repos/mlops3/env/lib/python3.10/site-packages/airflow/example_dags/example_latest_only_with_trigger.py
[2023-10-22T19:19:19.729+0400] {processor.py:829} INFO - Processing file /home/pyretttt/repos/mlops3/env/lib/python3.10/site-packages/airflow/example_dags/example_latest_only_with_trigger.py for tasks to queue
[2023-10-22T19:19:19.730+0400] {logging_mixin.py:151} INFO - [2023-10-22T19:19:19.729+0400] {dagbag.py:536} INFO - Filling up the DagBag from /home/pyretttt/repos/mlops3/env/lib/python3.10/site-packages/airflow/example_dags/example_latest_only_with_trigger.py
[2023-10-22T19:19:19.737+0400] {processor.py:839} INFO - DAG(s) dict_keys(['latest_only_with_trigger']) retrieved from /home/pyretttt/repos/mlops3/env/lib/python3.10/site-packages/airflow/example_dags/example_latest_only_with_trigger.py
[2023-10-22T19:19:19.746+0400] {logging_mixin.py:151} INFO - [2023-10-22T19:19:19.746+0400] {dag.py:2941} INFO - Sync 1 DAGs
[2023-10-22T19:19:19.754+0400] {logging_mixin.py:151} INFO - [2023-10-22T19:19:19.754+0400] {dag.py:3722} INFO - Setting next_dagrun for latest_only_with_trigger to 2023-10-22T11:19:19.754168+00:00, run_after=2023-10-22T15:19:19.754168+00:00
[2023-10-22T19:19:19.765+0400] {processor.py:179} INFO - Processing /home/pyretttt/repos/mlops3/env/lib/python3.10/site-packages/airflow/example_dags/example_latest_only_with_trigger.py took 0.041 seconds
[2023-10-22T19:19:53.727+0400] {processor.py:157} INFO - Started process (PID=2228) to work on /home/pyretttt/repos/mlops3/env/lib/python3.10/site-packages/airflow/example_dags/example_latest_only_with_trigger.py
[2023-10-22T19:19:53.728+0400] {processor.py:829} INFO - Processing file /home/pyretttt/repos/mlops3/env/lib/python3.10/site-packages/airflow/example_dags/example_latest_only_with_trigger.py for tasks to queue
[2023-10-22T19:19:53.728+0400] {logging_mixin.py:151} INFO - [2023-10-22T19:19:53.728+0400] {dagbag.py:536} INFO - Filling up the DagBag from /home/pyretttt/repos/mlops3/env/lib/python3.10/site-packages/airflow/example_dags/example_latest_only_with_trigger.py
[2023-10-22T19:19:53.733+0400] {processor.py:839} INFO - DAG(s) dict_keys(['latest_only_with_trigger']) retrieved from /home/pyretttt/repos/mlops3/env/lib/python3.10/site-packages/airflow/example_dags/example_latest_only_with_trigger.py
[2023-10-22T19:19:53.742+0400] {logging_mixin.py:151} INFO - [2023-10-22T19:19:53.742+0400] {dag.py:2941} INFO - Sync 1 DAGs
[2023-10-22T19:19:53.753+0400] {logging_mixin.py:151} INFO - [2023-10-22T19:19:53.753+0400] {dag.py:3722} INFO - Setting next_dagrun for latest_only_with_trigger to 2023-10-22T11:19:53.752885+00:00, run_after=2023-10-22T15:19:53.752885+00:00
[2023-10-22T19:19:53.769+0400] {processor.py:179} INFO - Processing /home/pyretttt/repos/mlops3/env/lib/python3.10/site-packages/airflow/example_dags/example_latest_only_with_trigger.py took 0.044 seconds
[2023-10-22T19:20:28.854+0400] {processor.py:157} INFO - Started process (PID=2266) to work on /home/pyretttt/repos/mlops3/env/lib/python3.10/site-packages/airflow/example_dags/example_latest_only_with_trigger.py
[2023-10-22T19:20:28.856+0400] {processor.py:829} INFO - Processing file /home/pyretttt/repos/mlops3/env/lib/python3.10/site-packages/airflow/example_dags/example_latest_only_with_trigger.py for tasks to queue
[2023-10-22T19:20:28.857+0400] {logging_mixin.py:151} INFO - [2023-10-22T19:20:28.856+0400] {dagbag.py:536} INFO - Filling up the DagBag from /home/pyretttt/repos/mlops3/env/lib/python3.10/site-packages/airflow/example_dags/example_latest_only_with_trigger.py
[2023-10-22T19:20:28.860+0400] {processor.py:839} INFO - DAG(s) dict_keys(['latest_only_with_trigger']) retrieved from /home/pyretttt/repos/mlops3/env/lib/python3.10/site-packages/airflow/example_dags/example_latest_only_with_trigger.py
[2023-10-22T19:20:28.868+0400] {logging_mixin.py:151} INFO - [2023-10-22T19:20:28.868+0400] {dag.py:2941} INFO - Sync 1 DAGs
[2023-10-22T19:20:28.876+0400] {logging_mixin.py:151} INFO - [2023-10-22T19:20:28.875+0400] {dag.py:3722} INFO - Setting next_dagrun for latest_only_with_trigger to 2023-10-22T11:20:28.875781+00:00, run_after=2023-10-22T15:20:28.875781+00:00
[2023-10-22T19:20:28.887+0400] {processor.py:179} INFO - Processing /home/pyretttt/repos/mlops3/env/lib/python3.10/site-packages/airflow/example_dags/example_latest_only_with_trigger.py took 0.036 seconds
