[2023-10-22T19:10:35.126+0400] {processor.py:157} INFO - Started process (PID=1427) to work on /home/pyretttt/repos/mlops3/env/lib/python3.10/site-packages/airflow/example_dags/example_branch_operator.py
[2023-10-22T19:10:35.127+0400] {processor.py:829} INFO - Processing file /home/pyretttt/repos/mlops3/env/lib/python3.10/site-packages/airflow/example_dags/example_branch_operator.py for tasks to queue
[2023-10-22T19:10:35.128+0400] {logging_mixin.py:151} INFO - [2023-10-22T19:10:35.127+0400] {dagbag.py:536} INFO - Filling up the DagBag from /home/pyretttt/repos/mlops3/env/lib/python3.10/site-packages/airflow/example_dags/example_branch_operator.py
[2023-10-22T19:10:35.137+0400] {processor.py:839} INFO - DAG(s) dict_keys(['example_branch_operator']) retrieved from /home/pyretttt/repos/mlops3/env/lib/python3.10/site-packages/airflow/example_dags/example_branch_operator.py
[2023-10-22T19:10:35.186+0400] {logging_mixin.py:151} INFO - [2023-10-22T19:10:35.186+0400] {manager.py:499} INFO - Created Permission View: %s
[2023-10-22T19:10:35.193+0400] {logging_mixin.py:151} INFO - [2023-10-22T19:10:35.193+0400] {manager.py:499} INFO - Created Permission View: %s
[2023-10-22T19:10:35.198+0400] {logging_mixin.py:151} INFO - [2023-10-22T19:10:35.198+0400] {manager.py:499} INFO - Created Permission View: %s
[2023-10-22T19:10:35.198+0400] {logging_mixin.py:151} INFO - [2023-10-22T19:10:35.198+0400] {dag.py:2941} INFO - Sync 1 DAGs
[2023-10-22T19:10:35.202+0400] {logging_mixin.py:151} INFO - [2023-10-22T19:10:35.202+0400] {dag.py:2963} INFO - Creating ORM DAG for example_branch_operator
[2023-10-22T19:10:35.206+0400] {logging_mixin.py:151} INFO - [2023-10-22T19:10:35.205+0400] {dag.py:3722} INFO - Setting next_dagrun for example_branch_operator to 2023-10-21T00:00:00+00:00, run_after=2023-10-22T00:00:00+00:00
[2023-10-22T19:10:35.216+0400] {processor.py:179} INFO - Processing /home/pyretttt/repos/mlops3/env/lib/python3.10/site-packages/airflow/example_dags/example_branch_operator.py took 0.093 seconds
[2023-10-22T19:11:27.294+0400] {processor.py:157} INFO - Started process (PID=1647) to work on /home/pyretttt/repos/mlops3/env/lib/python3.10/site-packages/airflow/example_dags/example_branch_operator.py
[2023-10-22T19:11:27.295+0400] {processor.py:829} INFO - Processing file /home/pyretttt/repos/mlops3/env/lib/python3.10/site-packages/airflow/example_dags/example_branch_operator.py for tasks to queue
[2023-10-22T19:11:27.296+0400] {logging_mixin.py:151} INFO - [2023-10-22T19:11:27.295+0400] {dagbag.py:536} INFO - Filling up the DagBag from /home/pyretttt/repos/mlops3/env/lib/python3.10/site-packages/airflow/example_dags/example_branch_operator.py
[2023-10-22T19:11:27.303+0400] {processor.py:839} INFO - DAG(s) dict_keys(['example_branch_operator']) retrieved from /home/pyretttt/repos/mlops3/env/lib/python3.10/site-packages/airflow/example_dags/example_branch_operator.py
[2023-10-22T19:11:27.330+0400] {logging_mixin.py:151} INFO - [2023-10-22T19:11:27.330+0400] {dag.py:2941} INFO - Sync 1 DAGs
[2023-10-22T19:11:27.342+0400] {logging_mixin.py:151} INFO - [2023-10-22T19:11:27.342+0400] {dag.py:3722} INFO - Setting next_dagrun for example_branch_operator to 2023-10-21T00:00:00+00:00, run_after=2023-10-22T00:00:00+00:00
[2023-10-22T19:11:27.354+0400] {processor.py:179} INFO - Processing /home/pyretttt/repos/mlops3/env/lib/python3.10/site-packages/airflow/example_dags/example_branch_operator.py took 0.066 seconds
[2023-10-22T19:12:17.029+0400] {processor.py:157} INFO - Started process (PID=1709) to work on /home/pyretttt/repos/mlops3/env/lib/python3.10/site-packages/airflow/example_dags/example_branch_operator.py
[2023-10-22T19:12:17.032+0400] {processor.py:829} INFO - Processing file /home/pyretttt/repos/mlops3/env/lib/python3.10/site-packages/airflow/example_dags/example_branch_operator.py for tasks to queue
[2023-10-22T19:12:17.033+0400] {logging_mixin.py:151} INFO - [2023-10-22T19:12:17.033+0400] {dagbag.py:536} INFO - Filling up the DagBag from /home/pyretttt/repos/mlops3/env/lib/python3.10/site-packages/airflow/example_dags/example_branch_operator.py
[2023-10-22T19:12:17.045+0400] {processor.py:839} INFO - DAG(s) dict_keys(['example_branch_operator']) retrieved from /home/pyretttt/repos/mlops3/env/lib/python3.10/site-packages/airflow/example_dags/example_branch_operator.py
[2023-10-22T19:12:17.064+0400] {logging_mixin.py:151} INFO - [2023-10-22T19:12:17.064+0400] {dag.py:2941} INFO - Sync 1 DAGs
[2023-10-22T19:12:17.077+0400] {logging_mixin.py:151} INFO - [2023-10-22T19:12:17.077+0400] {dag.py:3722} INFO - Setting next_dagrun for example_branch_operator to 2023-10-21T00:00:00+00:00, run_after=2023-10-22T00:00:00+00:00
[2023-10-22T19:12:17.088+0400] {processor.py:179} INFO - Processing /home/pyretttt/repos/mlops3/env/lib/python3.10/site-packages/airflow/example_dags/example_branch_operator.py took 0.063 seconds
[2023-10-22T19:13:10.392+0400] {processor.py:157} INFO - Started process (PID=1765) to work on /home/pyretttt/repos/mlops3/env/lib/python3.10/site-packages/airflow/example_dags/example_branch_operator.py
[2023-10-22T19:13:10.393+0400] {processor.py:829} INFO - Processing file /home/pyretttt/repos/mlops3/env/lib/python3.10/site-packages/airflow/example_dags/example_branch_operator.py for tasks to queue
[2023-10-22T19:13:10.394+0400] {logging_mixin.py:151} INFO - [2023-10-22T19:13:10.394+0400] {dagbag.py:536} INFO - Filling up the DagBag from /home/pyretttt/repos/mlops3/env/lib/python3.10/site-packages/airflow/example_dags/example_branch_operator.py
[2023-10-22T19:13:10.401+0400] {processor.py:839} INFO - DAG(s) dict_keys(['example_branch_operator']) retrieved from /home/pyretttt/repos/mlops3/env/lib/python3.10/site-packages/airflow/example_dags/example_branch_operator.py
[2023-10-22T19:13:10.410+0400] {logging_mixin.py:151} INFO - [2023-10-22T19:13:10.410+0400] {dag.py:2941} INFO - Sync 1 DAGs
[2023-10-22T19:13:10.418+0400] {logging_mixin.py:151} INFO - [2023-10-22T19:13:10.418+0400] {dag.py:3722} INFO - Setting next_dagrun for example_branch_operator to 2023-10-21T00:00:00+00:00, run_after=2023-10-22T00:00:00+00:00
[2023-10-22T19:13:10.430+0400] {processor.py:179} INFO - Processing /home/pyretttt/repos/mlops3/env/lib/python3.10/site-packages/airflow/example_dags/example_branch_operator.py took 0.041 seconds
[2023-10-22T19:14:00.140+0400] {processor.py:157} INFO - Started process (PID=1837) to work on /home/pyretttt/repos/mlops3/env/lib/python3.10/site-packages/airflow/example_dags/example_branch_operator.py
[2023-10-22T19:14:00.141+0400] {processor.py:829} INFO - Processing file /home/pyretttt/repos/mlops3/env/lib/python3.10/site-packages/airflow/example_dags/example_branch_operator.py for tasks to queue
[2023-10-22T19:14:00.141+0400] {logging_mixin.py:151} INFO - [2023-10-22T19:14:00.141+0400] {dagbag.py:536} INFO - Filling up the DagBag from /home/pyretttt/repos/mlops3/env/lib/python3.10/site-packages/airflow/example_dags/example_branch_operator.py
[2023-10-22T19:14:00.145+0400] {processor.py:839} INFO - DAG(s) dict_keys(['example_branch_operator']) retrieved from /home/pyretttt/repos/mlops3/env/lib/python3.10/site-packages/airflow/example_dags/example_branch_operator.py
[2023-10-22T19:14:00.155+0400] {logging_mixin.py:151} INFO - [2023-10-22T19:14:00.155+0400] {dag.py:2941} INFO - Sync 1 DAGs
[2023-10-22T19:14:00.164+0400] {logging_mixin.py:151} INFO - [2023-10-22T19:14:00.164+0400] {dag.py:3722} INFO - Setting next_dagrun for example_branch_operator to 2023-10-21T00:00:00+00:00, run_after=2023-10-22T00:00:00+00:00
[2023-10-22T19:14:00.175+0400] {processor.py:179} INFO - Processing /home/pyretttt/repos/mlops3/env/lib/python3.10/site-packages/airflow/example_dags/example_branch_operator.py took 0.038 seconds
[2023-10-22T19:14:53.894+0400] {processor.py:157} INFO - Started process (PID=1892) to work on /home/pyretttt/repos/mlops3/env/lib/python3.10/site-packages/airflow/example_dags/example_branch_operator.py
[2023-10-22T19:14:53.896+0400] {processor.py:829} INFO - Processing file /home/pyretttt/repos/mlops3/env/lib/python3.10/site-packages/airflow/example_dags/example_branch_operator.py for tasks to queue
[2023-10-22T19:14:53.897+0400] {logging_mixin.py:151} INFO - [2023-10-22T19:14:53.896+0400] {dagbag.py:536} INFO - Filling up the DagBag from /home/pyretttt/repos/mlops3/env/lib/python3.10/site-packages/airflow/example_dags/example_branch_operator.py
[2023-10-22T19:14:53.904+0400] {processor.py:839} INFO - DAG(s) dict_keys(['example_branch_operator']) retrieved from /home/pyretttt/repos/mlops3/env/lib/python3.10/site-packages/airflow/example_dags/example_branch_operator.py
[2023-10-22T19:14:53.913+0400] {logging_mixin.py:151} INFO - [2023-10-22T19:14:53.912+0400] {dag.py:2941} INFO - Sync 1 DAGs
[2023-10-22T19:14:53.920+0400] {logging_mixin.py:151} INFO - [2023-10-22T19:14:53.920+0400] {dag.py:3722} INFO - Setting next_dagrun for example_branch_operator to 2023-10-21T00:00:00+00:00, run_after=2023-10-22T00:00:00+00:00
[2023-10-22T19:14:53.930+0400] {processor.py:179} INFO - Processing /home/pyretttt/repos/mlops3/env/lib/python3.10/site-packages/airflow/example_dags/example_branch_operator.py took 0.040 seconds
[2023-10-22T19:15:48.904+0400] {processor.py:157} INFO - Started process (PID=1946) to work on /home/pyretttt/repos/mlops3/env/lib/python3.10/site-packages/airflow/example_dags/example_branch_operator.py
[2023-10-22T19:15:48.905+0400] {processor.py:829} INFO - Processing file /home/pyretttt/repos/mlops3/env/lib/python3.10/site-packages/airflow/example_dags/example_branch_operator.py for tasks to queue
[2023-10-22T19:15:48.906+0400] {logging_mixin.py:151} INFO - [2023-10-22T19:15:48.906+0400] {dagbag.py:536} INFO - Filling up the DagBag from /home/pyretttt/repos/mlops3/env/lib/python3.10/site-packages/airflow/example_dags/example_branch_operator.py
[2023-10-22T19:15:48.914+0400] {processor.py:839} INFO - DAG(s) dict_keys(['example_branch_operator']) retrieved from /home/pyretttt/repos/mlops3/env/lib/python3.10/site-packages/airflow/example_dags/example_branch_operator.py
[2023-10-22T19:15:48.923+0400] {logging_mixin.py:151} INFO - [2023-10-22T19:15:48.923+0400] {dag.py:2941} INFO - Sync 1 DAGs
[2023-10-22T19:15:48.933+0400] {logging_mixin.py:151} INFO - [2023-10-22T19:15:48.933+0400] {dag.py:3722} INFO - Setting next_dagrun for example_branch_operator to 2023-10-21T00:00:00+00:00, run_after=2023-10-22T00:00:00+00:00
[2023-10-22T19:15:48.944+0400] {processor.py:179} INFO - Processing /home/pyretttt/repos/mlops3/env/lib/python3.10/site-packages/airflow/example_dags/example_branch_operator.py took 0.043 seconds
[2023-10-22T19:16:45.088+0400] {processor.py:157} INFO - Started process (PID=2003) to work on /home/pyretttt/repos/mlops3/env/lib/python3.10/site-packages/airflow/example_dags/example_branch_operator.py
[2023-10-22T19:16:45.089+0400] {processor.py:829} INFO - Processing file /home/pyretttt/repos/mlops3/env/lib/python3.10/site-packages/airflow/example_dags/example_branch_operator.py for tasks to queue
[2023-10-22T19:16:45.090+0400] {logging_mixin.py:151} INFO - [2023-10-22T19:16:45.090+0400] {dagbag.py:536} INFO - Filling up the DagBag from /home/pyretttt/repos/mlops3/env/lib/python3.10/site-packages/airflow/example_dags/example_branch_operator.py
[2023-10-22T19:16:45.095+0400] {processor.py:839} INFO - DAG(s) dict_keys(['example_branch_operator']) retrieved from /home/pyretttt/repos/mlops3/env/lib/python3.10/site-packages/airflow/example_dags/example_branch_operator.py
[2023-10-22T19:16:45.105+0400] {logging_mixin.py:151} INFO - [2023-10-22T19:16:45.105+0400] {dag.py:2941} INFO - Sync 1 DAGs
[2023-10-22T19:16:45.113+0400] {logging_mixin.py:151} INFO - [2023-10-22T19:16:45.113+0400] {dag.py:3722} INFO - Setting next_dagrun for example_branch_operator to 2023-10-21T00:00:00+00:00, run_after=2023-10-22T00:00:00+00:00
[2023-10-22T19:16:45.124+0400] {processor.py:179} INFO - Processing /home/pyretttt/repos/mlops3/env/lib/python3.10/site-packages/airflow/example_dags/example_branch_operator.py took 0.039 seconds
[2023-10-22T19:17:41.163+0400] {processor.py:157} INFO - Started process (PID=2096) to work on /home/pyretttt/repos/mlops3/env/lib/python3.10/site-packages/airflow/example_dags/example_branch_operator.py
[2023-10-22T19:17:41.166+0400] {processor.py:829} INFO - Processing file /home/pyretttt/repos/mlops3/env/lib/python3.10/site-packages/airflow/example_dags/example_branch_operator.py for tasks to queue
[2023-10-22T19:17:41.167+0400] {logging_mixin.py:151} INFO - [2023-10-22T19:17:41.167+0400] {dagbag.py:536} INFO - Filling up the DagBag from /home/pyretttt/repos/mlops3/env/lib/python3.10/site-packages/airflow/example_dags/example_branch_operator.py
[2023-10-22T19:17:41.173+0400] {processor.py:839} INFO - DAG(s) dict_keys(['example_branch_operator']) retrieved from /home/pyretttt/repos/mlops3/env/lib/python3.10/site-packages/airflow/example_dags/example_branch_operator.py
[2023-10-22T19:17:41.182+0400] {logging_mixin.py:151} INFO - [2023-10-22T19:17:41.182+0400] {dag.py:2941} INFO - Sync 1 DAGs
[2023-10-22T19:17:41.193+0400] {logging_mixin.py:151} INFO - [2023-10-22T19:17:41.192+0400] {dag.py:3722} INFO - Setting next_dagrun for example_branch_operator to 2023-10-21T00:00:00+00:00, run_after=2023-10-22T00:00:00+00:00
[2023-10-22T19:17:41.203+0400] {processor.py:179} INFO - Processing /home/pyretttt/repos/mlops3/env/lib/python3.10/site-packages/airflow/example_dags/example_branch_operator.py took 0.044 seconds
[2023-10-22T19:18:35.622+0400] {processor.py:157} INFO - Started process (PID=2150) to work on /home/pyretttt/repos/mlops3/env/lib/python3.10/site-packages/airflow/example_dags/example_branch_operator.py
[2023-10-22T19:18:35.623+0400] {processor.py:829} INFO - Processing file /home/pyretttt/repos/mlops3/env/lib/python3.10/site-packages/airflow/example_dags/example_branch_operator.py for tasks to queue
[2023-10-22T19:18:35.623+0400] {logging_mixin.py:151} INFO - [2023-10-22T19:18:35.623+0400] {dagbag.py:536} INFO - Filling up the DagBag from /home/pyretttt/repos/mlops3/env/lib/python3.10/site-packages/airflow/example_dags/example_branch_operator.py
[2023-10-22T19:18:35.629+0400] {processor.py:839} INFO - DAG(s) dict_keys(['example_branch_operator']) retrieved from /home/pyretttt/repos/mlops3/env/lib/python3.10/site-packages/airflow/example_dags/example_branch_operator.py
[2023-10-22T19:18:35.640+0400] {logging_mixin.py:151} INFO - [2023-10-22T19:18:35.640+0400] {dag.py:2941} INFO - Sync 1 DAGs
[2023-10-22T19:18:35.651+0400] {logging_mixin.py:151} INFO - [2023-10-22T19:18:35.650+0400] {dag.py:3722} INFO - Setting next_dagrun for example_branch_operator to 2023-10-21T00:00:00+00:00, run_after=2023-10-22T00:00:00+00:00
[2023-10-22T19:18:35.667+0400] {processor.py:179} INFO - Processing /home/pyretttt/repos/mlops3/env/lib/python3.10/site-packages/airflow/example_dags/example_branch_operator.py took 0.048 seconds
[2023-10-22T19:19:28.839+0400] {processor.py:157} INFO - Started process (PID=2204) to work on /home/pyretttt/repos/mlops3/env/lib/python3.10/site-packages/airflow/example_dags/example_branch_operator.py
[2023-10-22T19:19:28.841+0400] {processor.py:829} INFO - Processing file /home/pyretttt/repos/mlops3/env/lib/python3.10/site-packages/airflow/example_dags/example_branch_operator.py for tasks to queue
[2023-10-22T19:19:28.842+0400] {logging_mixin.py:151} INFO - [2023-10-22T19:19:28.841+0400] {dagbag.py:536} INFO - Filling up the DagBag from /home/pyretttt/repos/mlops3/env/lib/python3.10/site-packages/airflow/example_dags/example_branch_operator.py
[2023-10-22T19:19:28.847+0400] {processor.py:839} INFO - DAG(s) dict_keys(['example_branch_operator']) retrieved from /home/pyretttt/repos/mlops3/env/lib/python3.10/site-packages/airflow/example_dags/example_branch_operator.py
[2023-10-22T19:19:28.857+0400] {logging_mixin.py:151} INFO - [2023-10-22T19:19:28.857+0400] {dag.py:2941} INFO - Sync 1 DAGs
[2023-10-22T19:19:28.865+0400] {logging_mixin.py:151} INFO - [2023-10-22T19:19:28.865+0400] {dag.py:3722} INFO - Setting next_dagrun for example_branch_operator to 2023-10-21T00:00:00+00:00, run_after=2023-10-22T00:00:00+00:00
[2023-10-22T19:19:28.878+0400] {processor.py:179} INFO - Processing /home/pyretttt/repos/mlops3/env/lib/python3.10/site-packages/airflow/example_dags/example_branch_operator.py took 0.042 seconds
[2023-10-22T19:20:23.216+0400] {processor.py:157} INFO - Started process (PID=2258) to work on /home/pyretttt/repos/mlops3/env/lib/python3.10/site-packages/airflow/example_dags/example_branch_operator.py
[2023-10-22T19:20:23.218+0400] {processor.py:829} INFO - Processing file /home/pyretttt/repos/mlops3/env/lib/python3.10/site-packages/airflow/example_dags/example_branch_operator.py for tasks to queue
[2023-10-22T19:20:23.219+0400] {logging_mixin.py:151} INFO - [2023-10-22T19:20:23.218+0400] {dagbag.py:536} INFO - Filling up the DagBag from /home/pyretttt/repos/mlops3/env/lib/python3.10/site-packages/airflow/example_dags/example_branch_operator.py
[2023-10-22T19:20:23.228+0400] {processor.py:839} INFO - DAG(s) dict_keys(['example_branch_operator']) retrieved from /home/pyretttt/repos/mlops3/env/lib/python3.10/site-packages/airflow/example_dags/example_branch_operator.py
[2023-10-22T19:20:23.236+0400] {logging_mixin.py:151} INFO - [2023-10-22T19:20:23.236+0400] {dag.py:2941} INFO - Sync 1 DAGs
[2023-10-22T19:20:23.245+0400] {logging_mixin.py:151} INFO - [2023-10-22T19:20:23.245+0400] {dag.py:3722} INFO - Setting next_dagrun for example_branch_operator to 2023-10-21T00:00:00+00:00, run_after=2023-10-22T00:00:00+00:00
[2023-10-22T19:20:23.256+0400] {processor.py:179} INFO - Processing /home/pyretttt/repos/mlops3/env/lib/python3.10/site-packages/airflow/example_dags/example_branch_operator.py took 0.043 seconds
