[2023-10-22T19:10:29.862+0400] {processor.py:157} INFO - Started process (PID=1421) to work on /home/pyretttt/repos/mlops3/env/lib/python3.10/site-packages/airflow/example_dags/example_dynamic_task_mapping_with_no_taskflow_operators.py
[2023-10-22T19:10:29.863+0400] {processor.py:829} INFO - Processing file /home/pyretttt/repos/mlops3/env/lib/python3.10/site-packages/airflow/example_dags/example_dynamic_task_mapping_with_no_taskflow_operators.py for tasks to queue
[2023-10-22T19:10:29.864+0400] {logging_mixin.py:151} INFO - [2023-10-22T19:10:29.864+0400] {dagbag.py:536} INFO - Filling up the DagBag from /home/pyretttt/repos/mlops3/env/lib/python3.10/site-packages/airflow/example_dags/example_dynamic_task_mapping_with_no_taskflow_operators.py
[2023-10-22T19:10:29.871+0400] {processor.py:839} INFO - DAG(s) dict_keys(['example_dynamic_task_mapping_with_no_taskflow_operators']) retrieved from /home/pyretttt/repos/mlops3/env/lib/python3.10/site-packages/airflow/example_dags/example_dynamic_task_mapping_with_no_taskflow_operators.py
[2023-10-22T19:10:29.918+0400] {logging_mixin.py:151} INFO - [2023-10-22T19:10:29.918+0400] {manager.py:499} INFO - Created Permission View: %s
[2023-10-22T19:10:29.926+0400] {logging_mixin.py:151} INFO - [2023-10-22T19:10:29.926+0400] {manager.py:499} INFO - Created Permission View: %s
[2023-10-22T19:10:29.932+0400] {logging_mixin.py:151} INFO - [2023-10-22T19:10:29.932+0400] {manager.py:499} INFO - Created Permission View: %s
[2023-10-22T19:10:29.932+0400] {logging_mixin.py:151} INFO - [2023-10-22T19:10:29.932+0400] {dag.py:2941} INFO - Sync 1 DAGs
[2023-10-22T19:10:29.937+0400] {logging_mixin.py:151} INFO - [2023-10-22T19:10:29.937+0400] {dag.py:2963} INFO - Creating ORM DAG for example_dynamic_task_mapping_with_no_taskflow_operators
[2023-10-22T19:10:29.940+0400] {logging_mixin.py:151} INFO - [2023-10-22T19:10:29.940+0400] {dag.py:3722} INFO - Setting next_dagrun for example_dynamic_task_mapping_with_no_taskflow_operators to 2023-10-21T15:10:29.940082+00:00, run_after=2023-10-22T15:10:29.940082+00:00
[2023-10-22T19:10:29.951+0400] {processor.py:179} INFO - Processing /home/pyretttt/repos/mlops3/env/lib/python3.10/site-packages/airflow/example_dags/example_dynamic_task_mapping_with_no_taskflow_operators.py took 0.091 seconds
[2023-10-22T19:11:21.472+0400] {processor.py:157} INFO - Started process (PID=1486) to work on /home/pyretttt/repos/mlops3/env/lib/python3.10/site-packages/airflow/example_dags/example_dynamic_task_mapping_with_no_taskflow_operators.py
[2023-10-22T19:11:21.473+0400] {processor.py:829} INFO - Processing file /home/pyretttt/repos/mlops3/env/lib/python3.10/site-packages/airflow/example_dags/example_dynamic_task_mapping_with_no_taskflow_operators.py for tasks to queue
[2023-10-22T19:11:21.473+0400] {logging_mixin.py:151} INFO - [2023-10-22T19:11:21.473+0400] {dagbag.py:536} INFO - Filling up the DagBag from /home/pyretttt/repos/mlops3/env/lib/python3.10/site-packages/airflow/example_dags/example_dynamic_task_mapping_with_no_taskflow_operators.py
[2023-10-22T19:11:21.479+0400] {processor.py:839} INFO - DAG(s) dict_keys(['example_dynamic_task_mapping_with_no_taskflow_operators']) retrieved from /home/pyretttt/repos/mlops3/env/lib/python3.10/site-packages/airflow/example_dags/example_dynamic_task_mapping_with_no_taskflow_operators.py
[2023-10-22T19:11:21.488+0400] {logging_mixin.py:151} INFO - [2023-10-22T19:11:21.488+0400] {dag.py:2941} INFO - Sync 1 DAGs
[2023-10-22T19:11:21.497+0400] {logging_mixin.py:151} INFO - [2023-10-22T19:11:21.497+0400] {dag.py:3722} INFO - Setting next_dagrun for example_dynamic_task_mapping_with_no_taskflow_operators to 2023-10-21T15:11:21.496886+00:00, run_after=2023-10-22T15:11:21.496886+00:00
[2023-10-22T19:11:21.511+0400] {processor.py:179} INFO - Processing /home/pyretttt/repos/mlops3/env/lib/python3.10/site-packages/airflow/example_dags/example_dynamic_task_mapping_with_no_taskflow_operators.py took 0.043 seconds
[2023-10-22T19:12:09.248+0400] {processor.py:157} INFO - Started process (PID=1702) to work on /home/pyretttt/repos/mlops3/env/lib/python3.10/site-packages/airflow/example_dags/example_dynamic_task_mapping_with_no_taskflow_operators.py
[2023-10-22T19:12:09.250+0400] {processor.py:829} INFO - Processing file /home/pyretttt/repos/mlops3/env/lib/python3.10/site-packages/airflow/example_dags/example_dynamic_task_mapping_with_no_taskflow_operators.py for tasks to queue
[2023-10-22T19:12:09.252+0400] {logging_mixin.py:151} INFO - [2023-10-22T19:12:09.251+0400] {dagbag.py:536} INFO - Filling up the DagBag from /home/pyretttt/repos/mlops3/env/lib/python3.10/site-packages/airflow/example_dags/example_dynamic_task_mapping_with_no_taskflow_operators.py
[2023-10-22T19:12:09.257+0400] {processor.py:839} INFO - DAG(s) dict_keys(['example_dynamic_task_mapping_with_no_taskflow_operators']) retrieved from /home/pyretttt/repos/mlops3/env/lib/python3.10/site-packages/airflow/example_dags/example_dynamic_task_mapping_with_no_taskflow_operators.py
[2023-10-22T19:12:09.267+0400] {logging_mixin.py:151} INFO - [2023-10-22T19:12:09.267+0400] {dag.py:2941} INFO - Sync 1 DAGs
[2023-10-22T19:12:09.275+0400] {logging_mixin.py:151} INFO - [2023-10-22T19:12:09.275+0400] {dag.py:3722} INFO - Setting next_dagrun for example_dynamic_task_mapping_with_no_taskflow_operators to 2023-10-21T15:12:09.275318+00:00, run_after=2023-10-22T15:12:09.275318+00:00
[2023-10-22T19:12:09.288+0400] {processor.py:179} INFO - Processing /home/pyretttt/repos/mlops3/env/lib/python3.10/site-packages/airflow/example_dags/example_dynamic_task_mapping_with_no_taskflow_operators.py took 0.045 seconds
[2023-10-22T19:12:57.762+0400] {processor.py:157} INFO - Started process (PID=1752) to work on /home/pyretttt/repos/mlops3/env/lib/python3.10/site-packages/airflow/example_dags/example_dynamic_task_mapping_with_no_taskflow_operators.py
[2023-10-22T19:12:57.765+0400] {processor.py:829} INFO - Processing file /home/pyretttt/repos/mlops3/env/lib/python3.10/site-packages/airflow/example_dags/example_dynamic_task_mapping_with_no_taskflow_operators.py for tasks to queue
[2023-10-22T19:12:57.766+0400] {logging_mixin.py:151} INFO - [2023-10-22T19:12:57.765+0400] {dagbag.py:536} INFO - Filling up the DagBag from /home/pyretttt/repos/mlops3/env/lib/python3.10/site-packages/airflow/example_dags/example_dynamic_task_mapping_with_no_taskflow_operators.py
[2023-10-22T19:12:57.770+0400] {processor.py:839} INFO - DAG(s) dict_keys(['example_dynamic_task_mapping_with_no_taskflow_operators']) retrieved from /home/pyretttt/repos/mlops3/env/lib/python3.10/site-packages/airflow/example_dags/example_dynamic_task_mapping_with_no_taskflow_operators.py
[2023-10-22T19:12:57.778+0400] {logging_mixin.py:151} INFO - [2023-10-22T19:12:57.778+0400] {dag.py:2941} INFO - Sync 1 DAGs
[2023-10-22T19:12:57.788+0400] {logging_mixin.py:151} INFO - [2023-10-22T19:12:57.788+0400] {dag.py:3722} INFO - Setting next_dagrun for example_dynamic_task_mapping_with_no_taskflow_operators to 2023-10-21T15:12:57.788480+00:00, run_after=2023-10-22T15:12:57.788480+00:00
[2023-10-22T19:12:57.802+0400] {processor.py:179} INFO - Processing /home/pyretttt/repos/mlops3/env/lib/python3.10/site-packages/airflow/example_dags/example_dynamic_task_mapping_with_no_taskflow_operators.py took 0.044 seconds
[2023-10-22T19:13:45.163+0400] {processor.py:157} INFO - Started process (PID=1801) to work on /home/pyretttt/repos/mlops3/env/lib/python3.10/site-packages/airflow/example_dags/example_dynamic_task_mapping_with_no_taskflow_operators.py
[2023-10-22T19:13:45.164+0400] {processor.py:829} INFO - Processing file /home/pyretttt/repos/mlops3/env/lib/python3.10/site-packages/airflow/example_dags/example_dynamic_task_mapping_with_no_taskflow_operators.py for tasks to queue
[2023-10-22T19:13:45.165+0400] {logging_mixin.py:151} INFO - [2023-10-22T19:13:45.164+0400] {dagbag.py:536} INFO - Filling up the DagBag from /home/pyretttt/repos/mlops3/env/lib/python3.10/site-packages/airflow/example_dags/example_dynamic_task_mapping_with_no_taskflow_operators.py
[2023-10-22T19:13:45.168+0400] {processor.py:839} INFO - DAG(s) dict_keys(['example_dynamic_task_mapping_with_no_taskflow_operators']) retrieved from /home/pyretttt/repos/mlops3/env/lib/python3.10/site-packages/airflow/example_dags/example_dynamic_task_mapping_with_no_taskflow_operators.py
[2023-10-22T19:13:45.176+0400] {logging_mixin.py:151} INFO - [2023-10-22T19:13:45.176+0400] {dag.py:2941} INFO - Sync 1 DAGs
[2023-10-22T19:13:45.184+0400] {logging_mixin.py:151} INFO - [2023-10-22T19:13:45.184+0400] {dag.py:3722} INFO - Setting next_dagrun for example_dynamic_task_mapping_with_no_taskflow_operators to 2023-10-21T15:13:45.184301+00:00, run_after=2023-10-22T15:13:45.184301+00:00
[2023-10-22T19:13:45.194+0400] {processor.py:179} INFO - Processing /home/pyretttt/repos/mlops3/env/lib/python3.10/site-packages/airflow/example_dags/example_dynamic_task_mapping_with_no_taskflow_operators.py took 0.035 seconds
[2023-10-22T19:14:38.930+0400] {processor.py:157} INFO - Started process (PID=1877) to work on /home/pyretttt/repos/mlops3/env/lib/python3.10/site-packages/airflow/example_dags/example_dynamic_task_mapping_with_no_taskflow_operators.py
[2023-10-22T19:14:38.931+0400] {processor.py:829} INFO - Processing file /home/pyretttt/repos/mlops3/env/lib/python3.10/site-packages/airflow/example_dags/example_dynamic_task_mapping_with_no_taskflow_operators.py for tasks to queue
[2023-10-22T19:14:38.931+0400] {logging_mixin.py:151} INFO - [2023-10-22T19:14:38.931+0400] {dagbag.py:536} INFO - Filling up the DagBag from /home/pyretttt/repos/mlops3/env/lib/python3.10/site-packages/airflow/example_dags/example_dynamic_task_mapping_with_no_taskflow_operators.py
[2023-10-22T19:14:38.936+0400] {processor.py:839} INFO - DAG(s) dict_keys(['example_dynamic_task_mapping_with_no_taskflow_operators']) retrieved from /home/pyretttt/repos/mlops3/env/lib/python3.10/site-packages/airflow/example_dags/example_dynamic_task_mapping_with_no_taskflow_operators.py
[2023-10-22T19:14:38.945+0400] {logging_mixin.py:151} INFO - [2023-10-22T19:14:38.944+0400] {dag.py:2941} INFO - Sync 1 DAGs
[2023-10-22T19:14:38.953+0400] {logging_mixin.py:151} INFO - [2023-10-22T19:14:38.952+0400] {dag.py:3722} INFO - Setting next_dagrun for example_dynamic_task_mapping_with_no_taskflow_operators to 2023-10-21T15:14:38.952835+00:00, run_after=2023-10-22T15:14:38.952835+00:00
[2023-10-22T19:14:38.964+0400] {processor.py:179} INFO - Processing /home/pyretttt/repos/mlops3/env/lib/python3.10/site-packages/airflow/example_dags/example_dynamic_task_mapping_with_no_taskflow_operators.py took 0.037 seconds
[2023-10-22T19:15:31.853+0400] {processor.py:157} INFO - Started process (PID=1930) to work on /home/pyretttt/repos/mlops3/env/lib/python3.10/site-packages/airflow/example_dags/example_dynamic_task_mapping_with_no_taskflow_operators.py
[2023-10-22T19:15:31.854+0400] {processor.py:829} INFO - Processing file /home/pyretttt/repos/mlops3/env/lib/python3.10/site-packages/airflow/example_dags/example_dynamic_task_mapping_with_no_taskflow_operators.py for tasks to queue
[2023-10-22T19:15:31.855+0400] {logging_mixin.py:151} INFO - [2023-10-22T19:15:31.855+0400] {dagbag.py:536} INFO - Filling up the DagBag from /home/pyretttt/repos/mlops3/env/lib/python3.10/site-packages/airflow/example_dags/example_dynamic_task_mapping_with_no_taskflow_operators.py
[2023-10-22T19:15:31.860+0400] {processor.py:839} INFO - DAG(s) dict_keys(['example_dynamic_task_mapping_with_no_taskflow_operators']) retrieved from /home/pyretttt/repos/mlops3/env/lib/python3.10/site-packages/airflow/example_dags/example_dynamic_task_mapping_with_no_taskflow_operators.py
[2023-10-22T19:15:31.867+0400] {logging_mixin.py:151} INFO - [2023-10-22T19:15:31.867+0400] {dag.py:2941} INFO - Sync 1 DAGs
[2023-10-22T19:15:31.877+0400] {logging_mixin.py:151} INFO - [2023-10-22T19:15:31.877+0400] {dag.py:3722} INFO - Setting next_dagrun for example_dynamic_task_mapping_with_no_taskflow_operators to 2023-10-21T15:15:31.877628+00:00, run_after=2023-10-22T15:15:31.877628+00:00
[2023-10-22T19:15:31.890+0400] {processor.py:179} INFO - Processing /home/pyretttt/repos/mlops3/env/lib/python3.10/site-packages/airflow/example_dags/example_dynamic_task_mapping_with_no_taskflow_operators.py took 0.040 seconds
[2023-10-22T19:16:28.952+0400] {processor.py:157} INFO - Started process (PID=1987) to work on /home/pyretttt/repos/mlops3/env/lib/python3.10/site-packages/airflow/example_dags/example_dynamic_task_mapping_with_no_taskflow_operators.py
[2023-10-22T19:16:28.954+0400] {processor.py:829} INFO - Processing file /home/pyretttt/repos/mlops3/env/lib/python3.10/site-packages/airflow/example_dags/example_dynamic_task_mapping_with_no_taskflow_operators.py for tasks to queue
[2023-10-22T19:16:28.955+0400] {logging_mixin.py:151} INFO - [2023-10-22T19:16:28.954+0400] {dagbag.py:536} INFO - Filling up the DagBag from /home/pyretttt/repos/mlops3/env/lib/python3.10/site-packages/airflow/example_dags/example_dynamic_task_mapping_with_no_taskflow_operators.py
[2023-10-22T19:16:28.960+0400] {processor.py:839} INFO - DAG(s) dict_keys(['example_dynamic_task_mapping_with_no_taskflow_operators']) retrieved from /home/pyretttt/repos/mlops3/env/lib/python3.10/site-packages/airflow/example_dags/example_dynamic_task_mapping_with_no_taskflow_operators.py
[2023-10-22T19:16:28.969+0400] {logging_mixin.py:151} INFO - [2023-10-22T19:16:28.969+0400] {dag.py:2941} INFO - Sync 1 DAGs
[2023-10-22T19:16:28.977+0400] {logging_mixin.py:151} INFO - [2023-10-22T19:16:28.977+0400] {dag.py:3722} INFO - Setting next_dagrun for example_dynamic_task_mapping_with_no_taskflow_operators to 2023-10-21T15:16:28.977642+00:00, run_after=2023-10-22T15:16:28.977642+00:00
[2023-10-22T19:16:28.989+0400] {processor.py:179} INFO - Processing /home/pyretttt/repos/mlops3/env/lib/python3.10/site-packages/airflow/example_dags/example_dynamic_task_mapping_with_no_taskflow_operators.py took 0.040 seconds
[2023-10-22T19:17:25.634+0400] {processor.py:157} INFO - Started process (PID=2060) to work on /home/pyretttt/repos/mlops3/env/lib/python3.10/site-packages/airflow/example_dags/example_dynamic_task_mapping_with_no_taskflow_operators.py
[2023-10-22T19:17:25.636+0400] {processor.py:829} INFO - Processing file /home/pyretttt/repos/mlops3/env/lib/python3.10/site-packages/airflow/example_dags/example_dynamic_task_mapping_with_no_taskflow_operators.py for tasks to queue
[2023-10-22T19:17:25.636+0400] {logging_mixin.py:151} INFO - [2023-10-22T19:17:25.636+0400] {dagbag.py:536} INFO - Filling up the DagBag from /home/pyretttt/repos/mlops3/env/lib/python3.10/site-packages/airflow/example_dags/example_dynamic_task_mapping_with_no_taskflow_operators.py
[2023-10-22T19:17:25.640+0400] {processor.py:839} INFO - DAG(s) dict_keys(['example_dynamic_task_mapping_with_no_taskflow_operators']) retrieved from /home/pyretttt/repos/mlops3/env/lib/python3.10/site-packages/airflow/example_dags/example_dynamic_task_mapping_with_no_taskflow_operators.py
[2023-10-22T19:17:25.650+0400] {logging_mixin.py:151} INFO - [2023-10-22T19:17:25.650+0400] {dag.py:2941} INFO - Sync 1 DAGs
[2023-10-22T19:17:25.658+0400] {logging_mixin.py:151} INFO - [2023-10-22T19:17:25.658+0400] {dag.py:3722} INFO - Setting next_dagrun for example_dynamic_task_mapping_with_no_taskflow_operators to 2023-10-21T15:17:25.658332+00:00, run_after=2023-10-22T15:17:25.658332+00:00
[2023-10-22T19:17:25.669+0400] {processor.py:179} INFO - Processing /home/pyretttt/repos/mlops3/env/lib/python3.10/site-packages/airflow/example_dags/example_dynamic_task_mapping_with_no_taskflow_operators.py took 0.038 seconds
[2023-10-22T19:18:18.788+0400] {processor.py:157} INFO - Started process (PID=2134) to work on /home/pyretttt/repos/mlops3/env/lib/python3.10/site-packages/airflow/example_dags/example_dynamic_task_mapping_with_no_taskflow_operators.py
[2023-10-22T19:18:18.790+0400] {processor.py:829} INFO - Processing file /home/pyretttt/repos/mlops3/env/lib/python3.10/site-packages/airflow/example_dags/example_dynamic_task_mapping_with_no_taskflow_operators.py for tasks to queue
[2023-10-22T19:18:18.791+0400] {logging_mixin.py:151} INFO - [2023-10-22T19:18:18.790+0400] {dagbag.py:536} INFO - Filling up the DagBag from /home/pyretttt/repos/mlops3/env/lib/python3.10/site-packages/airflow/example_dags/example_dynamic_task_mapping_with_no_taskflow_operators.py
[2023-10-22T19:18:18.795+0400] {processor.py:839} INFO - DAG(s) dict_keys(['example_dynamic_task_mapping_with_no_taskflow_operators']) retrieved from /home/pyretttt/repos/mlops3/env/lib/python3.10/site-packages/airflow/example_dags/example_dynamic_task_mapping_with_no_taskflow_operators.py
[2023-10-22T19:18:18.802+0400] {logging_mixin.py:151} INFO - [2023-10-22T19:18:18.802+0400] {dag.py:2941} INFO - Sync 1 DAGs
[2023-10-22T19:18:18.809+0400] {logging_mixin.py:151} INFO - [2023-10-22T19:18:18.809+0400] {dag.py:3722} INFO - Setting next_dagrun for example_dynamic_task_mapping_with_no_taskflow_operators to 2023-10-21T15:18:18.809616+00:00, run_after=2023-10-22T15:18:18.809616+00:00
[2023-10-22T19:18:18.820+0400] {processor.py:179} INFO - Processing /home/pyretttt/repos/mlops3/env/lib/python3.10/site-packages/airflow/example_dags/example_dynamic_task_mapping_with_no_taskflow_operators.py took 0.035 seconds
[2023-10-22T19:19:14.865+0400] {processor.py:157} INFO - Started process (PID=2189) to work on /home/pyretttt/repos/mlops3/env/lib/python3.10/site-packages/airflow/example_dags/example_dynamic_task_mapping_with_no_taskflow_operators.py
[2023-10-22T19:19:14.868+0400] {processor.py:829} INFO - Processing file /home/pyretttt/repos/mlops3/env/lib/python3.10/site-packages/airflow/example_dags/example_dynamic_task_mapping_with_no_taskflow_operators.py for tasks to queue
[2023-10-22T19:19:14.869+0400] {logging_mixin.py:151} INFO - [2023-10-22T19:19:14.868+0400] {dagbag.py:536} INFO - Filling up the DagBag from /home/pyretttt/repos/mlops3/env/lib/python3.10/site-packages/airflow/example_dags/example_dynamic_task_mapping_with_no_taskflow_operators.py
[2023-10-22T19:19:14.876+0400] {processor.py:839} INFO - DAG(s) dict_keys(['example_dynamic_task_mapping_with_no_taskflow_operators']) retrieved from /home/pyretttt/repos/mlops3/env/lib/python3.10/site-packages/airflow/example_dags/example_dynamic_task_mapping_with_no_taskflow_operators.py
[2023-10-22T19:19:14.883+0400] {logging_mixin.py:151} INFO - [2023-10-22T19:19:14.883+0400] {dag.py:2941} INFO - Sync 1 DAGs
[2023-10-22T19:19:14.890+0400] {logging_mixin.py:151} INFO - [2023-10-22T19:19:14.890+0400] {dag.py:3722} INFO - Setting next_dagrun for example_dynamic_task_mapping_with_no_taskflow_operators to 2023-10-21T15:19:14.890443+00:00, run_after=2023-10-22T15:19:14.890443+00:00
[2023-10-22T19:19:14.901+0400] {processor.py:179} INFO - Processing /home/pyretttt/repos/mlops3/env/lib/python3.10/site-packages/airflow/example_dags/example_dynamic_task_mapping_with_no_taskflow_operators.py took 0.039 seconds
[2023-10-22T19:20:05.999+0400] {processor.py:157} INFO - Started process (PID=2241) to work on /home/pyretttt/repos/mlops3/env/lib/python3.10/site-packages/airflow/example_dags/example_dynamic_task_mapping_with_no_taskflow_operators.py
[2023-10-22T19:20:06.000+0400] {processor.py:829} INFO - Processing file /home/pyretttt/repos/mlops3/env/lib/python3.10/site-packages/airflow/example_dags/example_dynamic_task_mapping_with_no_taskflow_operators.py for tasks to queue
[2023-10-22T19:20:06.001+0400] {logging_mixin.py:151} INFO - [2023-10-22T19:20:06.001+0400] {dagbag.py:536} INFO - Filling up the DagBag from /home/pyretttt/repos/mlops3/env/lib/python3.10/site-packages/airflow/example_dags/example_dynamic_task_mapping_with_no_taskflow_operators.py
[2023-10-22T19:20:06.009+0400] {processor.py:839} INFO - DAG(s) dict_keys(['example_dynamic_task_mapping_with_no_taskflow_operators']) retrieved from /home/pyretttt/repos/mlops3/env/lib/python3.10/site-packages/airflow/example_dags/example_dynamic_task_mapping_with_no_taskflow_operators.py
[2023-10-22T19:20:06.022+0400] {logging_mixin.py:151} INFO - [2023-10-22T19:20:06.021+0400] {dag.py:2941} INFO - Sync 1 DAGs
[2023-10-22T19:20:06.032+0400] {logging_mixin.py:151} INFO - [2023-10-22T19:20:06.032+0400] {dag.py:3722} INFO - Setting next_dagrun for example_dynamic_task_mapping_with_no_taskflow_operators to 2023-10-21T15:20:06.032627+00:00, run_after=2023-10-22T15:20:06.032627+00:00
[2023-10-22T19:20:06.055+0400] {processor.py:179} INFO - Processing /home/pyretttt/repos/mlops3/env/lib/python3.10/site-packages/airflow/example_dags/example_dynamic_task_mapping_with_no_taskflow_operators.py took 0.060 seconds
