[2023-10-22T19:10:19.862+0400] {processor.py:157} INFO - Started process (PID=1400) to work on /home/pyretttt/repos/mlops3/env/lib/python3.10/site-packages/airflow/example_dags/example_python_operator.py
[2023-10-22T19:10:19.863+0400] {processor.py:829} INFO - Processing file /home/pyretttt/repos/mlops3/env/lib/python3.10/site-packages/airflow/example_dags/example_python_operator.py for tasks to queue
[2023-10-22T19:10:19.863+0400] {logging_mixin.py:151} INFO - [2023-10-22T19:10:19.863+0400] {dagbag.py:536} INFO - Filling up the DagBag from /home/pyretttt/repos/mlops3/env/lib/python3.10/site-packages/airflow/example_dags/example_python_operator.py
[2023-10-22T19:10:19.867+0400] {logging_mixin.py:151} INFO - [2023-10-22T19:10:19.867+0400] {example_python_operator.py:89} WARNING - The virtalenv_python example task requires virtualenv, please install it.
[2023-10-22T19:10:19.868+0400] {processor.py:839} INFO - DAG(s) dict_keys(['example_python_operator']) retrieved from /home/pyretttt/repos/mlops3/env/lib/python3.10/site-packages/airflow/example_dags/example_python_operator.py
[2023-10-22T19:10:19.919+0400] {logging_mixin.py:151} INFO - [2023-10-22T19:10:19.918+0400] {manager.py:499} INFO - Created Permission View: %s
[2023-10-22T19:10:19.925+0400] {logging_mixin.py:151} INFO - [2023-10-22T19:10:19.924+0400] {manager.py:499} INFO - Created Permission View: %s
[2023-10-22T19:10:19.929+0400] {logging_mixin.py:151} INFO - [2023-10-22T19:10:19.929+0400] {manager.py:499} INFO - Created Permission View: %s
[2023-10-22T19:10:19.929+0400] {logging_mixin.py:151} INFO - [2023-10-22T19:10:19.929+0400] {dag.py:2941} INFO - Sync 1 DAGs
[2023-10-22T19:10:19.934+0400] {logging_mixin.py:151} INFO - [2023-10-22T19:10:19.934+0400] {dag.py:2963} INFO - Creating ORM DAG for example_python_operator
[2023-10-22T19:10:19.934+0400] {logging_mixin.py:151} INFO - [2023-10-22T19:10:19.934+0400] {dag.py:3722} INFO - Setting next_dagrun for example_python_operator to None, run_after=None
[2023-10-22T19:10:19.945+0400] {processor.py:179} INFO - Processing /home/pyretttt/repos/mlops3/env/lib/python3.10/site-packages/airflow/example_dags/example_python_operator.py took 0.084 seconds
[2023-10-22T19:11:06.839+0400] {processor.py:157} INFO - Started process (PID=1467) to work on /home/pyretttt/repos/mlops3/env/lib/python3.10/site-packages/airflow/example_dags/example_python_operator.py
[2023-10-22T19:11:06.840+0400] {processor.py:829} INFO - Processing file /home/pyretttt/repos/mlops3/env/lib/python3.10/site-packages/airflow/example_dags/example_python_operator.py for tasks to queue
[2023-10-22T19:11:06.840+0400] {logging_mixin.py:151} INFO - [2023-10-22T19:11:06.840+0400] {dagbag.py:536} INFO - Filling up the DagBag from /home/pyretttt/repos/mlops3/env/lib/python3.10/site-packages/airflow/example_dags/example_python_operator.py
[2023-10-22T19:11:06.844+0400] {logging_mixin.py:151} INFO - [2023-10-22T19:11:06.844+0400] {example_python_operator.py:89} WARNING - The virtalenv_python example task requires virtualenv, please install it.
[2023-10-22T19:11:06.845+0400] {processor.py:839} INFO - DAG(s) dict_keys(['example_python_operator']) retrieved from /home/pyretttt/repos/mlops3/env/lib/python3.10/site-packages/airflow/example_dags/example_python_operator.py
[2023-10-22T19:11:06.855+0400] {logging_mixin.py:151} INFO - [2023-10-22T19:11:06.855+0400] {dag.py:2941} INFO - Sync 1 DAGs
[2023-10-22T19:11:06.861+0400] {logging_mixin.py:151} INFO - [2023-10-22T19:11:06.861+0400] {dag.py:3722} INFO - Setting next_dagrun for example_python_operator to None, run_after=None
[2023-10-22T19:11:06.876+0400] {processor.py:179} INFO - Processing /home/pyretttt/repos/mlops3/env/lib/python3.10/site-packages/airflow/example_dags/example_python_operator.py took 0.039 seconds
[2023-10-22T19:11:54.774+0400] {processor.py:157} INFO - Started process (PID=1686) to work on /home/pyretttt/repos/mlops3/env/lib/python3.10/site-packages/airflow/example_dags/example_python_operator.py
[2023-10-22T19:11:54.775+0400] {processor.py:829} INFO - Processing file /home/pyretttt/repos/mlops3/env/lib/python3.10/site-packages/airflow/example_dags/example_python_operator.py for tasks to queue
[2023-10-22T19:11:54.776+0400] {logging_mixin.py:151} INFO - [2023-10-22T19:11:54.775+0400] {dagbag.py:536} INFO - Filling up the DagBag from /home/pyretttt/repos/mlops3/env/lib/python3.10/site-packages/airflow/example_dags/example_python_operator.py
[2023-10-22T19:11:54.780+0400] {logging_mixin.py:151} INFO - [2023-10-22T19:11:54.780+0400] {example_python_operator.py:89} WARNING - The virtalenv_python example task requires virtualenv, please install it.
[2023-10-22T19:11:54.780+0400] {processor.py:839} INFO - DAG(s) dict_keys(['example_python_operator']) retrieved from /home/pyretttt/repos/mlops3/env/lib/python3.10/site-packages/airflow/example_dags/example_python_operator.py
[2023-10-22T19:11:54.789+0400] {logging_mixin.py:151} INFO - [2023-10-22T19:11:54.789+0400] {dag.py:2941} INFO - Sync 1 DAGs
[2023-10-22T19:11:54.806+0400] {logging_mixin.py:151} INFO - [2023-10-22T19:11:54.806+0400] {dag.py:3722} INFO - Setting next_dagrun for example_python_operator to None, run_after=None
[2023-10-22T19:11:54.820+0400] {processor.py:179} INFO - Processing /home/pyretttt/repos/mlops3/env/lib/python3.10/site-packages/airflow/example_dags/example_python_operator.py took 0.047 seconds
[2023-10-22T19:12:48.751+0400] {processor.py:157} INFO - Started process (PID=1741) to work on /home/pyretttt/repos/mlops3/env/lib/python3.10/site-packages/airflow/example_dags/example_python_operator.py
[2023-10-22T19:12:48.754+0400] {processor.py:829} INFO - Processing file /home/pyretttt/repos/mlops3/env/lib/python3.10/site-packages/airflow/example_dags/example_python_operator.py for tasks to queue
[2023-10-22T19:12:48.756+0400] {logging_mixin.py:151} INFO - [2023-10-22T19:12:48.755+0400] {dagbag.py:536} INFO - Filling up the DagBag from /home/pyretttt/repos/mlops3/env/lib/python3.10/site-packages/airflow/example_dags/example_python_operator.py
[2023-10-22T19:12:48.765+0400] {logging_mixin.py:151} INFO - [2023-10-22T19:12:48.765+0400] {example_python_operator.py:89} WARNING - The virtalenv_python example task requires virtualenv, please install it.
[2023-10-22T19:12:48.766+0400] {processor.py:839} INFO - DAG(s) dict_keys(['example_python_operator']) retrieved from /home/pyretttt/repos/mlops3/env/lib/python3.10/site-packages/airflow/example_dags/example_python_operator.py
[2023-10-22T19:12:48.775+0400] {logging_mixin.py:151} INFO - [2023-10-22T19:12:48.775+0400] {dag.py:2941} INFO - Sync 1 DAGs
[2023-10-22T19:12:48.785+0400] {logging_mixin.py:151} INFO - [2023-10-22T19:12:48.785+0400] {dag.py:3722} INFO - Setting next_dagrun for example_python_operator to None, run_after=None
[2023-10-22T19:12:48.801+0400] {processor.py:179} INFO - Processing /home/pyretttt/repos/mlops3/env/lib/python3.10/site-packages/airflow/example_dags/example_python_operator.py took 0.052 seconds
[2023-10-22T19:13:35.988+0400] {processor.py:157} INFO - Started process (PID=1790) to work on /home/pyretttt/repos/mlops3/env/lib/python3.10/site-packages/airflow/example_dags/example_python_operator.py
[2023-10-22T19:13:35.990+0400] {processor.py:829} INFO - Processing file /home/pyretttt/repos/mlops3/env/lib/python3.10/site-packages/airflow/example_dags/example_python_operator.py for tasks to queue
[2023-10-22T19:13:35.991+0400] {logging_mixin.py:151} INFO - [2023-10-22T19:13:35.990+0400] {dagbag.py:536} INFO - Filling up the DagBag from /home/pyretttt/repos/mlops3/env/lib/python3.10/site-packages/airflow/example_dags/example_python_operator.py
[2023-10-22T19:13:36.000+0400] {logging_mixin.py:151} INFO - [2023-10-22T19:13:36.000+0400] {example_python_operator.py:89} WARNING - The virtalenv_python example task requires virtualenv, please install it.
[2023-10-22T19:13:36.000+0400] {processor.py:839} INFO - DAG(s) dict_keys(['example_python_operator']) retrieved from /home/pyretttt/repos/mlops3/env/lib/python3.10/site-packages/airflow/example_dags/example_python_operator.py
[2023-10-22T19:13:36.009+0400] {logging_mixin.py:151} INFO - [2023-10-22T19:13:36.009+0400] {dag.py:2941} INFO - Sync 1 DAGs
[2023-10-22T19:13:36.013+0400] {logging_mixin.py:151} INFO - [2023-10-22T19:13:36.013+0400] {dag.py:3722} INFO - Setting next_dagrun for example_python_operator to None, run_after=None
[2023-10-22T19:13:36.024+0400] {processor.py:179} INFO - Processing /home/pyretttt/repos/mlops3/env/lib/python3.10/site-packages/airflow/example_dags/example_python_operator.py took 0.038 seconds
[2023-10-22T19:14:23.737+0400] {processor.py:157} INFO - Started process (PID=1860) to work on /home/pyretttt/repos/mlops3/env/lib/python3.10/site-packages/airflow/example_dags/example_python_operator.py
[2023-10-22T19:14:23.738+0400] {processor.py:829} INFO - Processing file /home/pyretttt/repos/mlops3/env/lib/python3.10/site-packages/airflow/example_dags/example_python_operator.py for tasks to queue
[2023-10-22T19:14:23.738+0400] {logging_mixin.py:151} INFO - [2023-10-22T19:14:23.738+0400] {dagbag.py:536} INFO - Filling up the DagBag from /home/pyretttt/repos/mlops3/env/lib/python3.10/site-packages/airflow/example_dags/example_python_operator.py
[2023-10-22T19:14:23.744+0400] {logging_mixin.py:151} INFO - [2023-10-22T19:14:23.744+0400] {example_python_operator.py:89} WARNING - The virtalenv_python example task requires virtualenv, please install it.
[2023-10-22T19:14:23.744+0400] {processor.py:839} INFO - DAG(s) dict_keys(['example_python_operator']) retrieved from /home/pyretttt/repos/mlops3/env/lib/python3.10/site-packages/airflow/example_dags/example_python_operator.py
[2023-10-22T19:14:23.754+0400] {logging_mixin.py:151} INFO - [2023-10-22T19:14:23.754+0400] {dag.py:2941} INFO - Sync 1 DAGs
[2023-10-22T19:14:23.762+0400] {logging_mixin.py:151} INFO - [2023-10-22T19:14:23.762+0400] {dag.py:3722} INFO - Setting next_dagrun for example_python_operator to None, run_after=None
[2023-10-22T19:14:23.773+0400] {processor.py:179} INFO - Processing /home/pyretttt/repos/mlops3/env/lib/python3.10/site-packages/airflow/example_dags/example_python_operator.py took 0.040 seconds
[2023-10-22T19:15:16.204+0400] {processor.py:157} INFO - Started process (PID=1913) to work on /home/pyretttt/repos/mlops3/env/lib/python3.10/site-packages/airflow/example_dags/example_python_operator.py
[2023-10-22T19:15:16.206+0400] {processor.py:829} INFO - Processing file /home/pyretttt/repos/mlops3/env/lib/python3.10/site-packages/airflow/example_dags/example_python_operator.py for tasks to queue
[2023-10-22T19:15:16.207+0400] {logging_mixin.py:151} INFO - [2023-10-22T19:15:16.207+0400] {dagbag.py:536} INFO - Filling up the DagBag from /home/pyretttt/repos/mlops3/env/lib/python3.10/site-packages/airflow/example_dags/example_python_operator.py
[2023-10-22T19:15:16.221+0400] {logging_mixin.py:151} INFO - [2023-10-22T19:15:16.221+0400] {example_python_operator.py:89} WARNING - The virtalenv_python example task requires virtualenv, please install it.
[2023-10-22T19:15:16.221+0400] {processor.py:839} INFO - DAG(s) dict_keys(['example_python_operator']) retrieved from /home/pyretttt/repos/mlops3/env/lib/python3.10/site-packages/airflow/example_dags/example_python_operator.py
[2023-10-22T19:15:16.231+0400] {logging_mixin.py:151} INFO - [2023-10-22T19:15:16.231+0400] {dag.py:2941} INFO - Sync 1 DAGs
[2023-10-22T19:15:16.236+0400] {logging_mixin.py:151} INFO - [2023-10-22T19:15:16.236+0400] {dag.py:3722} INFO - Setting next_dagrun for example_python_operator to None, run_after=None
[2023-10-22T19:15:16.246+0400] {processor.py:179} INFO - Processing /home/pyretttt/repos/mlops3/env/lib/python3.10/site-packages/airflow/example_dags/example_python_operator.py took 0.044 seconds
[2023-10-22T19:16:10.949+0400] {processor.py:157} INFO - Started process (PID=1967) to work on /home/pyretttt/repos/mlops3/env/lib/python3.10/site-packages/airflow/example_dags/example_python_operator.py
[2023-10-22T19:16:10.950+0400] {processor.py:829} INFO - Processing file /home/pyretttt/repos/mlops3/env/lib/python3.10/site-packages/airflow/example_dags/example_python_operator.py for tasks to queue
[2023-10-22T19:16:10.952+0400] {logging_mixin.py:151} INFO - [2023-10-22T19:16:10.951+0400] {dagbag.py:536} INFO - Filling up the DagBag from /home/pyretttt/repos/mlops3/env/lib/python3.10/site-packages/airflow/example_dags/example_python_operator.py
[2023-10-22T19:16:10.959+0400] {logging_mixin.py:151} INFO - [2023-10-22T19:16:10.959+0400] {example_python_operator.py:89} WARNING - The virtalenv_python example task requires virtualenv, please install it.
[2023-10-22T19:16:10.959+0400] {processor.py:839} INFO - DAG(s) dict_keys(['example_python_operator']) retrieved from /home/pyretttt/repos/mlops3/env/lib/python3.10/site-packages/airflow/example_dags/example_python_operator.py
[2023-10-22T19:16:10.968+0400] {logging_mixin.py:151} INFO - [2023-10-22T19:16:10.968+0400] {dag.py:2941} INFO - Sync 1 DAGs
[2023-10-22T19:16:10.972+0400] {logging_mixin.py:151} INFO - [2023-10-22T19:16:10.972+0400] {dag.py:3722} INFO - Setting next_dagrun for example_python_operator to None, run_after=None
[2023-10-22T19:16:10.983+0400] {processor.py:179} INFO - Processing /home/pyretttt/repos/mlops3/env/lib/python3.10/site-packages/airflow/example_dags/example_python_operator.py took 0.037 seconds
[2023-10-22T19:17:08.038+0400] {processor.py:157} INFO - Started process (PID=2041) to work on /home/pyretttt/repos/mlops3/env/lib/python3.10/site-packages/airflow/example_dags/example_python_operator.py
[2023-10-22T19:17:08.040+0400] {processor.py:829} INFO - Processing file /home/pyretttt/repos/mlops3/env/lib/python3.10/site-packages/airflow/example_dags/example_python_operator.py for tasks to queue
[2023-10-22T19:17:08.041+0400] {logging_mixin.py:151} INFO - [2023-10-22T19:17:08.040+0400] {dagbag.py:536} INFO - Filling up the DagBag from /home/pyretttt/repos/mlops3/env/lib/python3.10/site-packages/airflow/example_dags/example_python_operator.py
[2023-10-22T19:17:08.048+0400] {logging_mixin.py:151} INFO - [2023-10-22T19:17:08.048+0400] {example_python_operator.py:89} WARNING - The virtalenv_python example task requires virtualenv, please install it.
[2023-10-22T19:17:08.048+0400] {processor.py:839} INFO - DAG(s) dict_keys(['example_python_operator']) retrieved from /home/pyretttt/repos/mlops3/env/lib/python3.10/site-packages/airflow/example_dags/example_python_operator.py
[2023-10-22T19:17:08.056+0400] {logging_mixin.py:151} INFO - [2023-10-22T19:17:08.056+0400] {dag.py:2941} INFO - Sync 1 DAGs
[2023-10-22T19:17:08.060+0400] {logging_mixin.py:151} INFO - [2023-10-22T19:17:08.060+0400] {dag.py:3722} INFO - Setting next_dagrun for example_python_operator to None, run_after=None
[2023-10-22T19:17:08.071+0400] {processor.py:179} INFO - Processing /home/pyretttt/repos/mlops3/env/lib/python3.10/site-packages/airflow/example_dags/example_python_operator.py took 0.037 seconds
[2023-10-22T19:18:02.029+0400] {processor.py:157} INFO - Started process (PID=2116) to work on /home/pyretttt/repos/mlops3/env/lib/python3.10/site-packages/airflow/example_dags/example_python_operator.py
[2023-10-22T19:18:02.030+0400] {processor.py:829} INFO - Processing file /home/pyretttt/repos/mlops3/env/lib/python3.10/site-packages/airflow/example_dags/example_python_operator.py for tasks to queue
[2023-10-22T19:18:02.031+0400] {logging_mixin.py:151} INFO - [2023-10-22T19:18:02.030+0400] {dagbag.py:536} INFO - Filling up the DagBag from /home/pyretttt/repos/mlops3/env/lib/python3.10/site-packages/airflow/example_dags/example_python_operator.py
[2023-10-22T19:18:02.040+0400] {logging_mixin.py:151} INFO - [2023-10-22T19:18:02.040+0400] {example_python_operator.py:89} WARNING - The virtalenv_python example task requires virtualenv, please install it.
[2023-10-22T19:18:02.040+0400] {processor.py:839} INFO - DAG(s) dict_keys(['example_python_operator']) retrieved from /home/pyretttt/repos/mlops3/env/lib/python3.10/site-packages/airflow/example_dags/example_python_operator.py
[2023-10-22T19:18:02.052+0400] {logging_mixin.py:151} INFO - [2023-10-22T19:18:02.052+0400] {dag.py:2941} INFO - Sync 1 DAGs
[2023-10-22T19:18:02.060+0400] {logging_mixin.py:151} INFO - [2023-10-22T19:18:02.060+0400] {dag.py:3722} INFO - Setting next_dagrun for example_python_operator to None, run_after=None
[2023-10-22T19:18:02.072+0400] {processor.py:179} INFO - Processing /home/pyretttt/repos/mlops3/env/lib/python3.10/site-packages/airflow/example_dags/example_python_operator.py took 0.045 seconds
[2023-10-22T19:18:57.346+0400] {processor.py:157} INFO - Started process (PID=2171) to work on /home/pyretttt/repos/mlops3/env/lib/python3.10/site-packages/airflow/example_dags/example_python_operator.py
[2023-10-22T19:18:57.348+0400] {processor.py:829} INFO - Processing file /home/pyretttt/repos/mlops3/env/lib/python3.10/site-packages/airflow/example_dags/example_python_operator.py for tasks to queue
[2023-10-22T19:18:57.349+0400] {logging_mixin.py:151} INFO - [2023-10-22T19:18:57.348+0400] {dagbag.py:536} INFO - Filling up the DagBag from /home/pyretttt/repos/mlops3/env/lib/python3.10/site-packages/airflow/example_dags/example_python_operator.py
[2023-10-22T19:18:57.354+0400] {logging_mixin.py:151} INFO - [2023-10-22T19:18:57.353+0400] {example_python_operator.py:89} WARNING - The virtalenv_python example task requires virtualenv, please install it.
[2023-10-22T19:18:57.354+0400] {processor.py:839} INFO - DAG(s) dict_keys(['example_python_operator']) retrieved from /home/pyretttt/repos/mlops3/env/lib/python3.10/site-packages/airflow/example_dags/example_python_operator.py
[2023-10-22T19:18:57.364+0400] {logging_mixin.py:151} INFO - [2023-10-22T19:18:57.364+0400] {dag.py:2941} INFO - Sync 1 DAGs
[2023-10-22T19:18:57.370+0400] {logging_mixin.py:151} INFO - [2023-10-22T19:18:57.370+0400] {dag.py:3722} INFO - Setting next_dagrun for example_python_operator to None, run_after=None
[2023-10-22T19:18:57.382+0400] {processor.py:179} INFO - Processing /home/pyretttt/repos/mlops3/env/lib/python3.10/site-packages/airflow/example_dags/example_python_operator.py took 0.038 seconds
[2023-10-22T19:19:49.782+0400] {processor.py:157} INFO - Started process (PID=2224) to work on /home/pyretttt/repos/mlops3/env/lib/python3.10/site-packages/airflow/example_dags/example_python_operator.py
[2023-10-22T19:19:49.784+0400] {processor.py:829} INFO - Processing file /home/pyretttt/repos/mlops3/env/lib/python3.10/site-packages/airflow/example_dags/example_python_operator.py for tasks to queue
[2023-10-22T19:19:49.785+0400] {logging_mixin.py:151} INFO - [2023-10-22T19:19:49.784+0400] {dagbag.py:536} INFO - Filling up the DagBag from /home/pyretttt/repos/mlops3/env/lib/python3.10/site-packages/airflow/example_dags/example_python_operator.py
[2023-10-22T19:19:49.793+0400] {logging_mixin.py:151} INFO - [2023-10-22T19:19:49.793+0400] {example_python_operator.py:89} WARNING - The virtalenv_python example task requires virtualenv, please install it.
[2023-10-22T19:19:49.793+0400] {processor.py:839} INFO - DAG(s) dict_keys(['example_python_operator']) retrieved from /home/pyretttt/repos/mlops3/env/lib/python3.10/site-packages/airflow/example_dags/example_python_operator.py
[2023-10-22T19:19:49.801+0400] {logging_mixin.py:151} INFO - [2023-10-22T19:19:49.801+0400] {dag.py:2941} INFO - Sync 1 DAGs
[2023-10-22T19:19:49.805+0400] {logging_mixin.py:151} INFO - [2023-10-22T19:19:49.805+0400] {dag.py:3722} INFO - Setting next_dagrun for example_python_operator to None, run_after=None
[2023-10-22T19:19:49.815+0400] {processor.py:179} INFO - Processing /home/pyretttt/repos/mlops3/env/lib/python3.10/site-packages/airflow/example_dags/example_python_operator.py took 0.035 seconds
