[2023-10-22T19:10:19.588+0400] {processor.py:157} INFO - Started process (PID=1399) to work on /home/pyretttt/repos/mlops3/env/lib/python3.10/site-packages/airflow/example_dags/example_xcom.py
[2023-10-22T19:10:19.589+0400] {processor.py:829} INFO - Processing file /home/pyretttt/repos/mlops3/env/lib/python3.10/site-packages/airflow/example_dags/example_xcom.py for tasks to queue
[2023-10-22T19:10:19.590+0400] {logging_mixin.py:151} INFO - [2023-10-22T19:10:19.589+0400] {dagbag.py:536} INFO - Filling up the DagBag from /home/pyretttt/repos/mlops3/env/lib/python3.10/site-packages/airflow/example_dags/example_xcom.py
[2023-10-22T19:10:19.599+0400] {processor.py:839} INFO - DAG(s) dict_keys(['example_xcom']) retrieved from /home/pyretttt/repos/mlops3/env/lib/python3.10/site-packages/airflow/example_dags/example_xcom.py
[2023-10-22T19:10:19.651+0400] {logging_mixin.py:151} INFO - [2023-10-22T19:10:19.650+0400] {manager.py:499} INFO - Created Permission View: %s
[2023-10-22T19:10:19.657+0400] {logging_mixin.py:151} INFO - [2023-10-22T19:10:19.657+0400] {manager.py:499} INFO - Created Permission View: %s
[2023-10-22T19:10:19.662+0400] {logging_mixin.py:151} INFO - [2023-10-22T19:10:19.662+0400] {manager.py:499} INFO - Created Permission View: %s
[2023-10-22T19:10:19.662+0400] {logging_mixin.py:151} INFO - [2023-10-22T19:10:19.662+0400] {dag.py:2941} INFO - Sync 1 DAGs
[2023-10-22T19:10:19.667+0400] {logging_mixin.py:151} INFO - [2023-10-22T19:10:19.667+0400] {dag.py:2963} INFO - Creating ORM DAG for example_xcom
[2023-10-22T19:10:19.670+0400] {logging_mixin.py:151} INFO - [2023-10-22T19:10:19.670+0400] {dag.py:3722} INFO - Setting next_dagrun for example_xcom to 2021-01-01T00:00:00+00:00, run_after=2021-01-01T00:00:00+00:00
[2023-10-22T19:10:19.679+0400] {processor.py:179} INFO - Processing /home/pyretttt/repos/mlops3/env/lib/python3.10/site-packages/airflow/example_dags/example_xcom.py took 0.094 seconds
[2023-10-22T19:11:05.827+0400] {processor.py:157} INFO - Started process (PID=1461) to work on /home/pyretttt/repos/mlops3/env/lib/python3.10/site-packages/airflow/example_dags/example_xcom.py
[2023-10-22T19:11:05.829+0400] {processor.py:829} INFO - Processing file /home/pyretttt/repos/mlops3/env/lib/python3.10/site-packages/airflow/example_dags/example_xcom.py for tasks to queue
[2023-10-22T19:11:05.830+0400] {logging_mixin.py:151} INFO - [2023-10-22T19:11:05.829+0400] {dagbag.py:536} INFO - Filling up the DagBag from /home/pyretttt/repos/mlops3/env/lib/python3.10/site-packages/airflow/example_dags/example_xcom.py
[2023-10-22T19:11:05.836+0400] {processor.py:839} INFO - DAG(s) dict_keys(['example_xcom']) retrieved from /home/pyretttt/repos/mlops3/env/lib/python3.10/site-packages/airflow/example_dags/example_xcom.py
[2023-10-22T19:11:05.844+0400] {logging_mixin.py:151} INFO - [2023-10-22T19:11:05.844+0400] {dag.py:2941} INFO - Sync 1 DAGs
[2023-10-22T19:11:05.851+0400] {logging_mixin.py:151} INFO - [2023-10-22T19:11:05.851+0400] {dag.py:3722} INFO - Setting next_dagrun for example_xcom to 2021-01-01T00:00:00+00:00, run_after=2021-01-01T00:00:00+00:00
[2023-10-22T19:11:05.862+0400] {processor.py:179} INFO - Processing /home/pyretttt/repos/mlops3/env/lib/python3.10/site-packages/airflow/example_dags/example_xcom.py took 0.037 seconds
[2023-10-22T19:11:53.517+0400] {processor.py:157} INFO - Started process (PID=1685) to work on /home/pyretttt/repos/mlops3/env/lib/python3.10/site-packages/airflow/example_dags/example_xcom.py
[2023-10-22T19:11:53.520+0400] {processor.py:829} INFO - Processing file /home/pyretttt/repos/mlops3/env/lib/python3.10/site-packages/airflow/example_dags/example_xcom.py for tasks to queue
[2023-10-22T19:11:53.522+0400] {logging_mixin.py:151} INFO - [2023-10-22T19:11:53.522+0400] {dagbag.py:536} INFO - Filling up the DagBag from /home/pyretttt/repos/mlops3/env/lib/python3.10/site-packages/airflow/example_dags/example_xcom.py
[2023-10-22T19:11:53.532+0400] {processor.py:839} INFO - DAG(s) dict_keys(['example_xcom']) retrieved from /home/pyretttt/repos/mlops3/env/lib/python3.10/site-packages/airflow/example_dags/example_xcom.py
[2023-10-22T19:11:53.552+0400] {logging_mixin.py:151} INFO - [2023-10-22T19:11:53.552+0400] {dag.py:2941} INFO - Sync 1 DAGs
[2023-10-22T19:11:53.578+0400] {logging_mixin.py:151} INFO - [2023-10-22T19:11:53.577+0400] {dag.py:3722} INFO - Setting next_dagrun for example_xcom to 2021-01-01T00:00:00+00:00, run_after=2021-01-01T00:00:00+00:00
[2023-10-22T19:11:53.658+0400] {processor.py:179} INFO - Processing /home/pyretttt/repos/mlops3/env/lib/python3.10/site-packages/airflow/example_dags/example_xcom.py took 0.144 seconds
[2023-10-22T19:12:42.826+0400] {processor.py:157} INFO - Started process (PID=1735) to work on /home/pyretttt/repos/mlops3/env/lib/python3.10/site-packages/airflow/example_dags/example_xcom.py
[2023-10-22T19:12:42.830+0400] {processor.py:829} INFO - Processing file /home/pyretttt/repos/mlops3/env/lib/python3.10/site-packages/airflow/example_dags/example_xcom.py for tasks to queue
[2023-10-22T19:12:42.842+0400] {logging_mixin.py:151} INFO - [2023-10-22T19:12:42.841+0400] {dagbag.py:536} INFO - Filling up the DagBag from /home/pyretttt/repos/mlops3/env/lib/python3.10/site-packages/airflow/example_dags/example_xcom.py
[2023-10-22T19:12:42.848+0400] {processor.py:839} INFO - DAG(s) dict_keys(['example_xcom']) retrieved from /home/pyretttt/repos/mlops3/env/lib/python3.10/site-packages/airflow/example_dags/example_xcom.py
[2023-10-22T19:12:42.860+0400] {logging_mixin.py:151} INFO - [2023-10-22T19:12:42.860+0400] {dag.py:2941} INFO - Sync 1 DAGs
[2023-10-22T19:12:42.869+0400] {logging_mixin.py:151} INFO - [2023-10-22T19:12:42.869+0400] {dag.py:3722} INFO - Setting next_dagrun for example_xcom to 2021-01-01T00:00:00+00:00, run_after=2021-01-01T00:00:00+00:00
[2023-10-22T19:12:42.881+0400] {processor.py:179} INFO - Processing /home/pyretttt/repos/mlops3/env/lib/python3.10/site-packages/airflow/example_dags/example_xcom.py took 0.063 seconds
[2023-10-22T19:13:31.886+0400] {processor.py:157} INFO - Started process (PID=1786) to work on /home/pyretttt/repos/mlops3/env/lib/python3.10/site-packages/airflow/example_dags/example_xcom.py
[2023-10-22T19:13:31.888+0400] {processor.py:829} INFO - Processing file /home/pyretttt/repos/mlops3/env/lib/python3.10/site-packages/airflow/example_dags/example_xcom.py for tasks to queue
[2023-10-22T19:13:31.889+0400] {logging_mixin.py:151} INFO - [2023-10-22T19:13:31.888+0400] {dagbag.py:536} INFO - Filling up the DagBag from /home/pyretttt/repos/mlops3/env/lib/python3.10/site-packages/airflow/example_dags/example_xcom.py
[2023-10-22T19:13:31.893+0400] {processor.py:839} INFO - DAG(s) dict_keys(['example_xcom']) retrieved from /home/pyretttt/repos/mlops3/env/lib/python3.10/site-packages/airflow/example_dags/example_xcom.py
[2023-10-22T19:13:31.901+0400] {logging_mixin.py:151} INFO - [2023-10-22T19:13:31.901+0400] {dag.py:2941} INFO - Sync 1 DAGs
[2023-10-22T19:13:31.908+0400] {logging_mixin.py:151} INFO - [2023-10-22T19:13:31.908+0400] {dag.py:3722} INFO - Setting next_dagrun for example_xcom to 2021-01-01T00:00:00+00:00, run_after=2021-01-01T00:00:00+00:00
[2023-10-22T19:13:31.919+0400] {processor.py:179} INFO - Processing /home/pyretttt/repos/mlops3/env/lib/python3.10/site-packages/airflow/example_dags/example_xcom.py took 0.036 seconds
[2023-10-22T19:14:22.537+0400] {processor.py:157} INFO - Started process (PID=1859) to work on /home/pyretttt/repos/mlops3/env/lib/python3.10/site-packages/airflow/example_dags/example_xcom.py
[2023-10-22T19:14:22.541+0400] {processor.py:829} INFO - Processing file /home/pyretttt/repos/mlops3/env/lib/python3.10/site-packages/airflow/example_dags/example_xcom.py for tasks to queue
[2023-10-22T19:14:22.543+0400] {logging_mixin.py:151} INFO - [2023-10-22T19:14:22.542+0400] {dagbag.py:536} INFO - Filling up the DagBag from /home/pyretttt/repos/mlops3/env/lib/python3.10/site-packages/airflow/example_dags/example_xcom.py
[2023-10-22T19:14:22.548+0400] {processor.py:839} INFO - DAG(s) dict_keys(['example_xcom']) retrieved from /home/pyretttt/repos/mlops3/env/lib/python3.10/site-packages/airflow/example_dags/example_xcom.py
[2023-10-22T19:14:22.558+0400] {logging_mixin.py:151} INFO - [2023-10-22T19:14:22.558+0400] {dag.py:2941} INFO - Sync 1 DAGs
[2023-10-22T19:14:22.572+0400] {logging_mixin.py:151} INFO - [2023-10-22T19:14:22.572+0400] {dag.py:3722} INFO - Setting next_dagrun for example_xcom to 2021-01-01T00:00:00+00:00, run_after=2021-01-01T00:00:00+00:00
[2023-10-22T19:14:22.610+0400] {processor.py:179} INFO - Processing /home/pyretttt/repos/mlops3/env/lib/python3.10/site-packages/airflow/example_dags/example_xcom.py took 0.076 seconds
[2023-10-22T19:15:14.929+0400] {processor.py:157} INFO - Started process (PID=1912) to work on /home/pyretttt/repos/mlops3/env/lib/python3.10/site-packages/airflow/example_dags/example_xcom.py
[2023-10-22T19:15:14.931+0400] {processor.py:829} INFO - Processing file /home/pyretttt/repos/mlops3/env/lib/python3.10/site-packages/airflow/example_dags/example_xcom.py for tasks to queue
[2023-10-22T19:15:14.932+0400] {logging_mixin.py:151} INFO - [2023-10-22T19:15:14.931+0400] {dagbag.py:536} INFO - Filling up the DagBag from /home/pyretttt/repos/mlops3/env/lib/python3.10/site-packages/airflow/example_dags/example_xcom.py
[2023-10-22T19:15:14.939+0400] {processor.py:839} INFO - DAG(s) dict_keys(['example_xcom']) retrieved from /home/pyretttt/repos/mlops3/env/lib/python3.10/site-packages/airflow/example_dags/example_xcom.py
[2023-10-22T19:15:14.947+0400] {logging_mixin.py:151} INFO - [2023-10-22T19:15:14.947+0400] {dag.py:2941} INFO - Sync 1 DAGs
[2023-10-22T19:15:14.954+0400] {logging_mixin.py:151} INFO - [2023-10-22T19:15:14.954+0400] {dag.py:3722} INFO - Setting next_dagrun for example_xcom to 2021-01-01T00:00:00+00:00, run_after=2021-01-01T00:00:00+00:00
[2023-10-22T19:15:14.965+0400] {processor.py:179} INFO - Processing /home/pyretttt/repos/mlops3/env/lib/python3.10/site-packages/airflow/example_dags/example_xcom.py took 0.039 seconds
[2023-10-22T19:16:09.741+0400] {processor.py:157} INFO - Started process (PID=1966) to work on /home/pyretttt/repos/mlops3/env/lib/python3.10/site-packages/airflow/example_dags/example_xcom.py
[2023-10-22T19:16:09.743+0400] {processor.py:829} INFO - Processing file /home/pyretttt/repos/mlops3/env/lib/python3.10/site-packages/airflow/example_dags/example_xcom.py for tasks to queue
[2023-10-22T19:16:09.744+0400] {logging_mixin.py:151} INFO - [2023-10-22T19:16:09.743+0400] {dagbag.py:536} INFO - Filling up the DagBag from /home/pyretttt/repos/mlops3/env/lib/python3.10/site-packages/airflow/example_dags/example_xcom.py
[2023-10-22T19:16:09.749+0400] {processor.py:839} INFO - DAG(s) dict_keys(['example_xcom']) retrieved from /home/pyretttt/repos/mlops3/env/lib/python3.10/site-packages/airflow/example_dags/example_xcom.py
[2023-10-22T19:16:09.758+0400] {logging_mixin.py:151} INFO - [2023-10-22T19:16:09.758+0400] {dag.py:2941} INFO - Sync 1 DAGs
[2023-10-22T19:16:09.766+0400] {logging_mixin.py:151} INFO - [2023-10-22T19:16:09.766+0400] {dag.py:3722} INFO - Setting next_dagrun for example_xcom to 2021-01-01T00:00:00+00:00, run_after=2021-01-01T00:00:00+00:00
[2023-10-22T19:16:09.777+0400] {processor.py:179} INFO - Processing /home/pyretttt/repos/mlops3/env/lib/python3.10/site-packages/airflow/example_dags/example_xcom.py took 0.038 seconds
[2023-10-22T19:17:06.875+0400] {processor.py:157} INFO - Started process (PID=2040) to work on /home/pyretttt/repos/mlops3/env/lib/python3.10/site-packages/airflow/example_dags/example_xcom.py
[2023-10-22T19:17:06.877+0400] {processor.py:829} INFO - Processing file /home/pyretttt/repos/mlops3/env/lib/python3.10/site-packages/airflow/example_dags/example_xcom.py for tasks to queue
[2023-10-22T19:17:06.878+0400] {logging_mixin.py:151} INFO - [2023-10-22T19:17:06.877+0400] {dagbag.py:536} INFO - Filling up the DagBag from /home/pyretttt/repos/mlops3/env/lib/python3.10/site-packages/airflow/example_dags/example_xcom.py
[2023-10-22T19:17:06.884+0400] {processor.py:839} INFO - DAG(s) dict_keys(['example_xcom']) retrieved from /home/pyretttt/repos/mlops3/env/lib/python3.10/site-packages/airflow/example_dags/example_xcom.py
[2023-10-22T19:17:06.892+0400] {logging_mixin.py:151} INFO - [2023-10-22T19:17:06.892+0400] {dag.py:2941} INFO - Sync 1 DAGs
[2023-10-22T19:17:06.899+0400] {logging_mixin.py:151} INFO - [2023-10-22T19:17:06.899+0400] {dag.py:3722} INFO - Setting next_dagrun for example_xcom to 2021-01-01T00:00:00+00:00, run_after=2021-01-01T00:00:00+00:00
[2023-10-22T19:17:06.915+0400] {processor.py:179} INFO - Processing /home/pyretttt/repos/mlops3/env/lib/python3.10/site-packages/airflow/example_dags/example_xcom.py took 0.043 seconds
[2023-10-22T19:18:00.884+0400] {processor.py:157} INFO - Started process (PID=2115) to work on /home/pyretttt/repos/mlops3/env/lib/python3.10/site-packages/airflow/example_dags/example_xcom.py
[2023-10-22T19:18:00.886+0400] {processor.py:829} INFO - Processing file /home/pyretttt/repos/mlops3/env/lib/python3.10/site-packages/airflow/example_dags/example_xcom.py for tasks to queue
[2023-10-22T19:18:00.888+0400] {logging_mixin.py:151} INFO - [2023-10-22T19:18:00.887+0400] {dagbag.py:536} INFO - Filling up the DagBag from /home/pyretttt/repos/mlops3/env/lib/python3.10/site-packages/airflow/example_dags/example_xcom.py
[2023-10-22T19:18:00.899+0400] {processor.py:839} INFO - DAG(s) dict_keys(['example_xcom']) retrieved from /home/pyretttt/repos/mlops3/env/lib/python3.10/site-packages/airflow/example_dags/example_xcom.py
[2023-10-22T19:18:00.909+0400] {logging_mixin.py:151} INFO - [2023-10-22T19:18:00.908+0400] {dag.py:2941} INFO - Sync 1 DAGs
[2023-10-22T19:18:00.917+0400] {logging_mixin.py:151} INFO - [2023-10-22T19:18:00.917+0400] {dag.py:3722} INFO - Setting next_dagrun for example_xcom to 2021-01-01T00:00:00+00:00, run_after=2021-01-01T00:00:00+00:00
[2023-10-22T19:18:00.936+0400] {processor.py:179} INFO - Processing /home/pyretttt/repos/mlops3/env/lib/python3.10/site-packages/airflow/example_dags/example_xcom.py took 0.055 seconds
[2023-10-22T19:18:56.110+0400] {processor.py:157} INFO - Started process (PID=2170) to work on /home/pyretttt/repos/mlops3/env/lib/python3.10/site-packages/airflow/example_dags/example_xcom.py
[2023-10-22T19:18:56.111+0400] {processor.py:829} INFO - Processing file /home/pyretttt/repos/mlops3/env/lib/python3.10/site-packages/airflow/example_dags/example_xcom.py for tasks to queue
[2023-10-22T19:18:56.112+0400] {logging_mixin.py:151} INFO - [2023-10-22T19:18:56.112+0400] {dagbag.py:536} INFO - Filling up the DagBag from /home/pyretttt/repos/mlops3/env/lib/python3.10/site-packages/airflow/example_dags/example_xcom.py
[2023-10-22T19:18:56.117+0400] {processor.py:839} INFO - DAG(s) dict_keys(['example_xcom']) retrieved from /home/pyretttt/repos/mlops3/env/lib/python3.10/site-packages/airflow/example_dags/example_xcom.py
[2023-10-22T19:18:56.126+0400] {logging_mixin.py:151} INFO - [2023-10-22T19:18:56.126+0400] {dag.py:2941} INFO - Sync 1 DAGs
[2023-10-22T19:18:56.136+0400] {logging_mixin.py:151} INFO - [2023-10-22T19:18:56.136+0400] {dag.py:3722} INFO - Setting next_dagrun for example_xcom to 2021-01-01T00:00:00+00:00, run_after=2021-01-01T00:00:00+00:00
[2023-10-22T19:18:56.146+0400] {processor.py:179} INFO - Processing /home/pyretttt/repos/mlops3/env/lib/python3.10/site-packages/airflow/example_dags/example_xcom.py took 0.040 seconds
[2023-10-22T19:19:48.499+0400] {processor.py:157} INFO - Started process (PID=2223) to work on /home/pyretttt/repos/mlops3/env/lib/python3.10/site-packages/airflow/example_dags/example_xcom.py
[2023-10-22T19:19:48.501+0400] {processor.py:829} INFO - Processing file /home/pyretttt/repos/mlops3/env/lib/python3.10/site-packages/airflow/example_dags/example_xcom.py for tasks to queue
[2023-10-22T19:19:48.502+0400] {logging_mixin.py:151} INFO - [2023-10-22T19:19:48.502+0400] {dagbag.py:536} INFO - Filling up the DagBag from /home/pyretttt/repos/mlops3/env/lib/python3.10/site-packages/airflow/example_dags/example_xcom.py
[2023-10-22T19:19:48.506+0400] {processor.py:839} INFO - DAG(s) dict_keys(['example_xcom']) retrieved from /home/pyretttt/repos/mlops3/env/lib/python3.10/site-packages/airflow/example_dags/example_xcom.py
[2023-10-22T19:19:48.516+0400] {logging_mixin.py:151} INFO - [2023-10-22T19:19:48.516+0400] {dag.py:2941} INFO - Sync 1 DAGs
[2023-10-22T19:19:48.524+0400] {logging_mixin.py:151} INFO - [2023-10-22T19:19:48.524+0400] {dag.py:3722} INFO - Setting next_dagrun for example_xcom to 2021-01-01T00:00:00+00:00, run_after=2021-01-01T00:00:00+00:00
[2023-10-22T19:19:48.537+0400] {processor.py:179} INFO - Processing /home/pyretttt/repos/mlops3/env/lib/python3.10/site-packages/airflow/example_dags/example_xcom.py took 0.041 seconds
