[2023-10-22T19:10:27.340+0400] {processor.py:157} INFO - Started process (PID=1419) to work on /home/pyretttt/repos/mlops3/env/lib/python3.10/site-packages/airflow/example_dags/example_complex.py
[2023-10-22T19:10:27.341+0400] {processor.py:829} INFO - Processing file /home/pyretttt/repos/mlops3/env/lib/python3.10/site-packages/airflow/example_dags/example_complex.py for tasks to queue
[2023-10-22T19:10:27.342+0400] {logging_mixin.py:151} INFO - [2023-10-22T19:10:27.341+0400] {dagbag.py:536} INFO - Filling up the DagBag from /home/pyretttt/repos/mlops3/env/lib/python3.10/site-packages/airflow/example_dags/example_complex.py
[2023-10-22T19:10:27.348+0400] {processor.py:839} INFO - DAG(s) dict_keys(['example_complex']) retrieved from /home/pyretttt/repos/mlops3/env/lib/python3.10/site-packages/airflow/example_dags/example_complex.py
[2023-10-22T19:10:27.405+0400] {logging_mixin.py:151} INFO - [2023-10-22T19:10:27.405+0400] {manager.py:499} INFO - Created Permission View: %s
[2023-10-22T19:10:27.411+0400] {logging_mixin.py:151} INFO - [2023-10-22T19:10:27.411+0400] {manager.py:499} INFO - Created Permission View: %s
[2023-10-22T19:10:27.415+0400] {logging_mixin.py:151} INFO - [2023-10-22T19:10:27.415+0400] {manager.py:499} INFO - Created Permission View: %s
[2023-10-22T19:10:27.416+0400] {logging_mixin.py:151} INFO - [2023-10-22T19:10:27.416+0400] {dag.py:2941} INFO - Sync 1 DAGs
[2023-10-22T19:10:27.420+0400] {logging_mixin.py:151} INFO - [2023-10-22T19:10:27.420+0400] {dag.py:2963} INFO - Creating ORM DAG for example_complex
[2023-10-22T19:10:27.420+0400] {logging_mixin.py:151} INFO - [2023-10-22T19:10:27.420+0400] {dag.py:3722} INFO - Setting next_dagrun for example_complex to None, run_after=None
[2023-10-22T19:10:27.431+0400] {processor.py:179} INFO - Processing /home/pyretttt/repos/mlops3/env/lib/python3.10/site-packages/airflow/example_dags/example_complex.py took 0.094 seconds
[2023-10-22T19:11:14.364+0400] {processor.py:157} INFO - Started process (PID=1477) to work on /home/pyretttt/repos/mlops3/env/lib/python3.10/site-packages/airflow/example_dags/example_complex.py
[2023-10-22T19:11:14.365+0400] {processor.py:829} INFO - Processing file /home/pyretttt/repos/mlops3/env/lib/python3.10/site-packages/airflow/example_dags/example_complex.py for tasks to queue
[2023-10-22T19:11:14.366+0400] {logging_mixin.py:151} INFO - [2023-10-22T19:11:14.366+0400] {dagbag.py:536} INFO - Filling up the DagBag from /home/pyretttt/repos/mlops3/env/lib/python3.10/site-packages/airflow/example_dags/example_complex.py
[2023-10-22T19:11:14.372+0400] {processor.py:839} INFO - DAG(s) dict_keys(['example_complex']) retrieved from /home/pyretttt/repos/mlops3/env/lib/python3.10/site-packages/airflow/example_dags/example_complex.py
[2023-10-22T19:11:14.391+0400] {logging_mixin.py:151} INFO - [2023-10-22T19:11:14.391+0400] {dag.py:2941} INFO - Sync 1 DAGs
[2023-10-22T19:11:14.397+0400] {logging_mixin.py:151} INFO - [2023-10-22T19:11:14.397+0400] {dag.py:3722} INFO - Setting next_dagrun for example_complex to None, run_after=None
[2023-10-22T19:11:14.409+0400] {processor.py:179} INFO - Processing /home/pyretttt/repos/mlops3/env/lib/python3.10/site-packages/airflow/example_dags/example_complex.py took 0.048 seconds
[2023-10-22T19:12:02.647+0400] {processor.py:157} INFO - Started process (PID=1695) to work on /home/pyretttt/repos/mlops3/env/lib/python3.10/site-packages/airflow/example_dags/example_complex.py
[2023-10-22T19:12:02.649+0400] {processor.py:829} INFO - Processing file /home/pyretttt/repos/mlops3/env/lib/python3.10/site-packages/airflow/example_dags/example_complex.py for tasks to queue
[2023-10-22T19:12:02.650+0400] {logging_mixin.py:151} INFO - [2023-10-22T19:12:02.649+0400] {dagbag.py:536} INFO - Filling up the DagBag from /home/pyretttt/repos/mlops3/env/lib/python3.10/site-packages/airflow/example_dags/example_complex.py
[2023-10-22T19:12:02.658+0400] {processor.py:839} INFO - DAG(s) dict_keys(['example_complex']) retrieved from /home/pyretttt/repos/mlops3/env/lib/python3.10/site-packages/airflow/example_dags/example_complex.py
[2023-10-22T19:12:02.670+0400] {logging_mixin.py:151} INFO - [2023-10-22T19:12:02.670+0400] {dag.py:2941} INFO - Sync 1 DAGs
[2023-10-22T19:12:02.674+0400] {logging_mixin.py:151} INFO - [2023-10-22T19:12:02.674+0400] {dag.py:3722} INFO - Setting next_dagrun for example_complex to None, run_after=None
[2023-10-22T19:12:02.685+0400] {processor.py:179} INFO - Processing /home/pyretttt/repos/mlops3/env/lib/python3.10/site-packages/airflow/example_dags/example_complex.py took 0.041 seconds
[2023-10-22T19:12:55.882+0400] {processor.py:157} INFO - Started process (PID=1750) to work on /home/pyretttt/repos/mlops3/env/lib/python3.10/site-packages/airflow/example_dags/example_complex.py
[2023-10-22T19:12:55.884+0400] {processor.py:829} INFO - Processing file /home/pyretttt/repos/mlops3/env/lib/python3.10/site-packages/airflow/example_dags/example_complex.py for tasks to queue
[2023-10-22T19:12:55.884+0400] {logging_mixin.py:151} INFO - [2023-10-22T19:12:55.884+0400] {dagbag.py:536} INFO - Filling up the DagBag from /home/pyretttt/repos/mlops3/env/lib/python3.10/site-packages/airflow/example_dags/example_complex.py
[2023-10-22T19:12:55.891+0400] {processor.py:839} INFO - DAG(s) dict_keys(['example_complex']) retrieved from /home/pyretttt/repos/mlops3/env/lib/python3.10/site-packages/airflow/example_dags/example_complex.py
[2023-10-22T19:12:55.903+0400] {logging_mixin.py:151} INFO - [2023-10-22T19:12:55.903+0400] {dag.py:2941} INFO - Sync 1 DAGs
[2023-10-22T19:12:55.908+0400] {logging_mixin.py:151} INFO - [2023-10-22T19:12:55.908+0400] {dag.py:3722} INFO - Setting next_dagrun for example_complex to None, run_after=None
[2023-10-22T19:12:55.919+0400] {processor.py:179} INFO - Processing /home/pyretttt/repos/mlops3/env/lib/python3.10/site-packages/airflow/example_dags/example_complex.py took 0.040 seconds
[2023-10-22T19:13:42.702+0400] {processor.py:157} INFO - Started process (PID=1799) to work on /home/pyretttt/repos/mlops3/env/lib/python3.10/site-packages/airflow/example_dags/example_complex.py
[2023-10-22T19:13:42.704+0400] {processor.py:829} INFO - Processing file /home/pyretttt/repos/mlops3/env/lib/python3.10/site-packages/airflow/example_dags/example_complex.py for tasks to queue
[2023-10-22T19:13:42.705+0400] {logging_mixin.py:151} INFO - [2023-10-22T19:13:42.704+0400] {dagbag.py:536} INFO - Filling up the DagBag from /home/pyretttt/repos/mlops3/env/lib/python3.10/site-packages/airflow/example_dags/example_complex.py
[2023-10-22T19:13:42.713+0400] {processor.py:839} INFO - DAG(s) dict_keys(['example_complex']) retrieved from /home/pyretttt/repos/mlops3/env/lib/python3.10/site-packages/airflow/example_dags/example_complex.py
[2023-10-22T19:13:42.725+0400] {logging_mixin.py:151} INFO - [2023-10-22T19:13:42.725+0400] {dag.py:2941} INFO - Sync 1 DAGs
[2023-10-22T19:13:42.730+0400] {logging_mixin.py:151} INFO - [2023-10-22T19:13:42.730+0400] {dag.py:3722} INFO - Setting next_dagrun for example_complex to None, run_after=None
[2023-10-22T19:13:42.741+0400] {processor.py:179} INFO - Processing /home/pyretttt/repos/mlops3/env/lib/python3.10/site-packages/airflow/example_dags/example_complex.py took 0.042 seconds
[2023-10-22T19:14:37.261+0400] {processor.py:157} INFO - Started process (PID=1875) to work on /home/pyretttt/repos/mlops3/env/lib/python3.10/site-packages/airflow/example_dags/example_complex.py
[2023-10-22T19:14:37.262+0400] {processor.py:829} INFO - Processing file /home/pyretttt/repos/mlops3/env/lib/python3.10/site-packages/airflow/example_dags/example_complex.py for tasks to queue
[2023-10-22T19:14:37.263+0400] {logging_mixin.py:151} INFO - [2023-10-22T19:14:37.263+0400] {dagbag.py:536} INFO - Filling up the DagBag from /home/pyretttt/repos/mlops3/env/lib/python3.10/site-packages/airflow/example_dags/example_complex.py
[2023-10-22T19:14:37.269+0400] {processor.py:839} INFO - DAG(s) dict_keys(['example_complex']) retrieved from /home/pyretttt/repos/mlops3/env/lib/python3.10/site-packages/airflow/example_dags/example_complex.py
[2023-10-22T19:14:37.287+0400] {logging_mixin.py:151} INFO - [2023-10-22T19:14:37.287+0400] {dag.py:2941} INFO - Sync 1 DAGs
[2023-10-22T19:14:37.294+0400] {logging_mixin.py:151} INFO - [2023-10-22T19:14:37.294+0400] {dag.py:3722} INFO - Setting next_dagrun for example_complex to None, run_after=None
[2023-10-22T19:14:37.308+0400] {processor.py:179} INFO - Processing /home/pyretttt/repos/mlops3/env/lib/python3.10/site-packages/airflow/example_dags/example_complex.py took 0.051 seconds
[2023-10-22T19:15:29.423+0400] {processor.py:157} INFO - Started process (PID=1928) to work on /home/pyretttt/repos/mlops3/env/lib/python3.10/site-packages/airflow/example_dags/example_complex.py
[2023-10-22T19:15:29.424+0400] {processor.py:829} INFO - Processing file /home/pyretttt/repos/mlops3/env/lib/python3.10/site-packages/airflow/example_dags/example_complex.py for tasks to queue
[2023-10-22T19:15:29.424+0400] {logging_mixin.py:151} INFO - [2023-10-22T19:15:29.424+0400] {dagbag.py:536} INFO - Filling up the DagBag from /home/pyretttt/repos/mlops3/env/lib/python3.10/site-packages/airflow/example_dags/example_complex.py
[2023-10-22T19:15:29.429+0400] {processor.py:839} INFO - DAG(s) dict_keys(['example_complex']) retrieved from /home/pyretttt/repos/mlops3/env/lib/python3.10/site-packages/airflow/example_dags/example_complex.py
[2023-10-22T19:15:29.442+0400] {logging_mixin.py:151} INFO - [2023-10-22T19:15:29.442+0400] {dag.py:2941} INFO - Sync 1 DAGs
[2023-10-22T19:15:29.447+0400] {logging_mixin.py:151} INFO - [2023-10-22T19:15:29.447+0400] {dag.py:3722} INFO - Setting next_dagrun for example_complex to None, run_after=None
[2023-10-22T19:15:29.465+0400] {processor.py:179} INFO - Processing /home/pyretttt/repos/mlops3/env/lib/python3.10/site-packages/airflow/example_dags/example_complex.py took 0.044 seconds
[2023-10-22T19:16:26.604+0400] {processor.py:157} INFO - Started process (PID=1985) to work on /home/pyretttt/repos/mlops3/env/lib/python3.10/site-packages/airflow/example_dags/example_complex.py
[2023-10-22T19:16:26.605+0400] {processor.py:829} INFO - Processing file /home/pyretttt/repos/mlops3/env/lib/python3.10/site-packages/airflow/example_dags/example_complex.py for tasks to queue
[2023-10-22T19:16:26.606+0400] {logging_mixin.py:151} INFO - [2023-10-22T19:16:26.605+0400] {dagbag.py:536} INFO - Filling up the DagBag from /home/pyretttt/repos/mlops3/env/lib/python3.10/site-packages/airflow/example_dags/example_complex.py
[2023-10-22T19:16:26.611+0400] {processor.py:839} INFO - DAG(s) dict_keys(['example_complex']) retrieved from /home/pyretttt/repos/mlops3/env/lib/python3.10/site-packages/airflow/example_dags/example_complex.py
[2023-10-22T19:16:26.625+0400] {logging_mixin.py:151} INFO - [2023-10-22T19:16:26.625+0400] {dag.py:2941} INFO - Sync 1 DAGs
[2023-10-22T19:16:26.630+0400] {logging_mixin.py:151} INFO - [2023-10-22T19:16:26.630+0400] {dag.py:3722} INFO - Setting next_dagrun for example_complex to None, run_after=None
[2023-10-22T19:16:26.645+0400] {processor.py:179} INFO - Processing /home/pyretttt/repos/mlops3/env/lib/python3.10/site-packages/airflow/example_dags/example_complex.py took 0.043 seconds
[2023-10-22T19:17:23.904+0400] {processor.py:157} INFO - Started process (PID=2058) to work on /home/pyretttt/repos/mlops3/env/lib/python3.10/site-packages/airflow/example_dags/example_complex.py
[2023-10-22T19:17:23.906+0400] {processor.py:829} INFO - Processing file /home/pyretttt/repos/mlops3/env/lib/python3.10/site-packages/airflow/example_dags/example_complex.py for tasks to queue
[2023-10-22T19:17:23.907+0400] {logging_mixin.py:151} INFO - [2023-10-22T19:17:23.906+0400] {dagbag.py:536} INFO - Filling up the DagBag from /home/pyretttt/repos/mlops3/env/lib/python3.10/site-packages/airflow/example_dags/example_complex.py
[2023-10-22T19:17:23.913+0400] {processor.py:839} INFO - DAG(s) dict_keys(['example_complex']) retrieved from /home/pyretttt/repos/mlops3/env/lib/python3.10/site-packages/airflow/example_dags/example_complex.py
[2023-10-22T19:17:23.928+0400] {logging_mixin.py:151} INFO - [2023-10-22T19:17:23.928+0400] {dag.py:2941} INFO - Sync 1 DAGs
[2023-10-22T19:17:23.933+0400] {logging_mixin.py:151} INFO - [2023-10-22T19:17:23.933+0400] {dag.py:3722} INFO - Setting next_dagrun for example_complex to None, run_after=None
[2023-10-22T19:17:23.946+0400] {processor.py:179} INFO - Processing /home/pyretttt/repos/mlops3/env/lib/python3.10/site-packages/airflow/example_dags/example_complex.py took 0.045 seconds
[2023-10-22T19:18:16.395+0400] {processor.py:157} INFO - Started process (PID=2132) to work on /home/pyretttt/repos/mlops3/env/lib/python3.10/site-packages/airflow/example_dags/example_complex.py
[2023-10-22T19:18:16.397+0400] {processor.py:829} INFO - Processing file /home/pyretttt/repos/mlops3/env/lib/python3.10/site-packages/airflow/example_dags/example_complex.py for tasks to queue
[2023-10-22T19:18:16.398+0400] {logging_mixin.py:151} INFO - [2023-10-22T19:18:16.397+0400] {dagbag.py:536} INFO - Filling up the DagBag from /home/pyretttt/repos/mlops3/env/lib/python3.10/site-packages/airflow/example_dags/example_complex.py
[2023-10-22T19:18:16.404+0400] {processor.py:839} INFO - DAG(s) dict_keys(['example_complex']) retrieved from /home/pyretttt/repos/mlops3/env/lib/python3.10/site-packages/airflow/example_dags/example_complex.py
[2023-10-22T19:18:16.417+0400] {logging_mixin.py:151} INFO - [2023-10-22T19:18:16.416+0400] {dag.py:2941} INFO - Sync 1 DAGs
[2023-10-22T19:18:16.422+0400] {logging_mixin.py:151} INFO - [2023-10-22T19:18:16.422+0400] {dag.py:3722} INFO - Setting next_dagrun for example_complex to None, run_after=None
[2023-10-22T19:18:16.432+0400] {processor.py:179} INFO - Processing /home/pyretttt/repos/mlops3/env/lib/python3.10/site-packages/airflow/example_dags/example_complex.py took 0.040 seconds
[2023-10-22T19:19:12.519+0400] {processor.py:157} INFO - Started process (PID=2187) to work on /home/pyretttt/repos/mlops3/env/lib/python3.10/site-packages/airflow/example_dags/example_complex.py
[2023-10-22T19:19:12.520+0400] {processor.py:829} INFO - Processing file /home/pyretttt/repos/mlops3/env/lib/python3.10/site-packages/airflow/example_dags/example_complex.py for tasks to queue
[2023-10-22T19:19:12.521+0400] {logging_mixin.py:151} INFO - [2023-10-22T19:19:12.521+0400] {dagbag.py:536} INFO - Filling up the DagBag from /home/pyretttt/repos/mlops3/env/lib/python3.10/site-packages/airflow/example_dags/example_complex.py
[2023-10-22T19:19:12.528+0400] {processor.py:839} INFO - DAG(s) dict_keys(['example_complex']) retrieved from /home/pyretttt/repos/mlops3/env/lib/python3.10/site-packages/airflow/example_dags/example_complex.py
[2023-10-22T19:19:12.540+0400] {logging_mixin.py:151} INFO - [2023-10-22T19:19:12.540+0400] {dag.py:2941} INFO - Sync 1 DAGs
[2023-10-22T19:19:12.544+0400] {logging_mixin.py:151} INFO - [2023-10-22T19:19:12.544+0400] {dag.py:3722} INFO - Setting next_dagrun for example_complex to None, run_after=None
[2023-10-22T19:19:12.555+0400] {processor.py:179} INFO - Processing /home/pyretttt/repos/mlops3/env/lib/python3.10/site-packages/airflow/example_dags/example_complex.py took 0.040 seconds
[2023-10-22T19:20:03.987+0400] {processor.py:157} INFO - Started process (PID=2239) to work on /home/pyretttt/repos/mlops3/env/lib/python3.10/site-packages/airflow/example_dags/example_complex.py
[2023-10-22T19:20:03.988+0400] {processor.py:829} INFO - Processing file /home/pyretttt/repos/mlops3/env/lib/python3.10/site-packages/airflow/example_dags/example_complex.py for tasks to queue
[2023-10-22T19:20:03.989+0400] {logging_mixin.py:151} INFO - [2023-10-22T19:20:03.989+0400] {dagbag.py:536} INFO - Filling up the DagBag from /home/pyretttt/repos/mlops3/env/lib/python3.10/site-packages/airflow/example_dags/example_complex.py
[2023-10-22T19:20:03.994+0400] {processor.py:839} INFO - DAG(s) dict_keys(['example_complex']) retrieved from /home/pyretttt/repos/mlops3/env/lib/python3.10/site-packages/airflow/example_dags/example_complex.py
[2023-10-22T19:20:04.005+0400] {logging_mixin.py:151} INFO - [2023-10-22T19:20:04.005+0400] {dag.py:2941} INFO - Sync 1 DAGs
[2023-10-22T19:20:04.009+0400] {logging_mixin.py:151} INFO - [2023-10-22T19:20:04.009+0400] {dag.py:3722} INFO - Setting next_dagrun for example_complex to None, run_after=None
[2023-10-22T19:20:04.021+0400] {processor.py:179} INFO - Processing /home/pyretttt/repos/mlops3/env/lib/python3.10/site-packages/airflow/example_dags/example_complex.py took 0.037 seconds
