[2023-10-22T19:10:30.153+0400] {processor.py:157} INFO - Started process (PID=1422) to work on /home/pyretttt/repos/mlops3/env/lib/python3.10/site-packages/airflow/example_dags/example_dynamic_task_mapping.py
[2023-10-22T19:10:30.154+0400] {processor.py:829} INFO - Processing file /home/pyretttt/repos/mlops3/env/lib/python3.10/site-packages/airflow/example_dags/example_dynamic_task_mapping.py for tasks to queue
[2023-10-22T19:10:30.155+0400] {logging_mixin.py:151} INFO - [2023-10-22T19:10:30.154+0400] {dagbag.py:536} INFO - Filling up the DagBag from /home/pyretttt/repos/mlops3/env/lib/python3.10/site-packages/airflow/example_dags/example_dynamic_task_mapping.py
[2023-10-22T19:10:30.160+0400] {processor.py:839} INFO - DAG(s) dict_keys(['example_dynamic_task_mapping']) retrieved from /home/pyretttt/repos/mlops3/env/lib/python3.10/site-packages/airflow/example_dags/example_dynamic_task_mapping.py
[2023-10-22T19:10:30.205+0400] {logging_mixin.py:151} INFO - [2023-10-22T19:10:30.205+0400] {manager.py:499} INFO - Created Permission View: %s
[2023-10-22T19:10:30.212+0400] {logging_mixin.py:151} INFO - [2023-10-22T19:10:30.212+0400] {manager.py:499} INFO - Created Permission View: %s
[2023-10-22T19:10:30.216+0400] {logging_mixin.py:151} INFO - [2023-10-22T19:10:30.216+0400] {manager.py:499} INFO - Created Permission View: %s
[2023-10-22T19:10:30.216+0400] {logging_mixin.py:151} INFO - [2023-10-22T19:10:30.216+0400] {dag.py:2941} INFO - Sync 1 DAGs
[2023-10-22T19:10:30.221+0400] {logging_mixin.py:151} INFO - [2023-10-22T19:10:30.221+0400] {dag.py:2963} INFO - Creating ORM DAG for example_dynamic_task_mapping
[2023-10-22T19:10:30.224+0400] {logging_mixin.py:151} INFO - [2023-10-22T19:10:30.224+0400] {dag.py:3722} INFO - Setting next_dagrun for example_dynamic_task_mapping to 2022-03-04T00:00:00+00:00, run_after=2022-03-05T00:00:00+00:00
[2023-10-22T19:10:30.233+0400] {processor.py:179} INFO - Processing /home/pyretttt/repos/mlops3/env/lib/python3.10/site-packages/airflow/example_dags/example_dynamic_task_mapping.py took 0.081 seconds
[2023-10-22T19:11:22.302+0400] {processor.py:157} INFO - Started process (PID=1487) to work on /home/pyretttt/repos/mlops3/env/lib/python3.10/site-packages/airflow/example_dags/example_dynamic_task_mapping.py
[2023-10-22T19:11:22.304+0400] {processor.py:829} INFO - Processing file /home/pyretttt/repos/mlops3/env/lib/python3.10/site-packages/airflow/example_dags/example_dynamic_task_mapping.py for tasks to queue
[2023-10-22T19:11:22.306+0400] {logging_mixin.py:151} INFO - [2023-10-22T19:11:22.305+0400] {dagbag.py:536} INFO - Filling up the DagBag from /home/pyretttt/repos/mlops3/env/lib/python3.10/site-packages/airflow/example_dags/example_dynamic_task_mapping.py
[2023-10-22T19:11:22.318+0400] {processor.py:839} INFO - DAG(s) dict_keys(['example_dynamic_task_mapping']) retrieved from /home/pyretttt/repos/mlops3/env/lib/python3.10/site-packages/airflow/example_dags/example_dynamic_task_mapping.py
[2023-10-22T19:11:22.347+0400] {logging_mixin.py:151} INFO - [2023-10-22T19:11:22.346+0400] {dag.py:2941} INFO - Sync 1 DAGs
[2023-10-22T19:11:22.383+0400] {logging_mixin.py:151} INFO - [2023-10-22T19:11:22.383+0400] {dag.py:3722} INFO - Setting next_dagrun for example_dynamic_task_mapping to 2022-03-04T00:00:00+00:00, run_after=2022-03-05T00:00:00+00:00
[2023-10-22T19:11:22.410+0400] {processor.py:179} INFO - Processing /home/pyretttt/repos/mlops3/env/lib/python3.10/site-packages/airflow/example_dags/example_dynamic_task_mapping.py took 0.113 seconds
[2023-10-22T19:12:10.498+0400] {processor.py:157} INFO - Started process (PID=1703) to work on /home/pyretttt/repos/mlops3/env/lib/python3.10/site-packages/airflow/example_dags/example_dynamic_task_mapping.py
[2023-10-22T19:12:10.501+0400] {processor.py:829} INFO - Processing file /home/pyretttt/repos/mlops3/env/lib/python3.10/site-packages/airflow/example_dags/example_dynamic_task_mapping.py for tasks to queue
[2023-10-22T19:12:10.502+0400] {logging_mixin.py:151} INFO - [2023-10-22T19:12:10.502+0400] {dagbag.py:536} INFO - Filling up the DagBag from /home/pyretttt/repos/mlops3/env/lib/python3.10/site-packages/airflow/example_dags/example_dynamic_task_mapping.py
[2023-10-22T19:12:10.507+0400] {processor.py:839} INFO - DAG(s) dict_keys(['example_dynamic_task_mapping']) retrieved from /home/pyretttt/repos/mlops3/env/lib/python3.10/site-packages/airflow/example_dags/example_dynamic_task_mapping.py
[2023-10-22T19:12:10.514+0400] {logging_mixin.py:151} INFO - [2023-10-22T19:12:10.513+0400] {dag.py:2941} INFO - Sync 1 DAGs
[2023-10-22T19:12:10.522+0400] {logging_mixin.py:151} INFO - [2023-10-22T19:12:10.522+0400] {dag.py:3722} INFO - Setting next_dagrun for example_dynamic_task_mapping to 2022-03-04T00:00:00+00:00, run_after=2022-03-05T00:00:00+00:00
[2023-10-22T19:12:10.533+0400] {processor.py:179} INFO - Processing /home/pyretttt/repos/mlops3/env/lib/python3.10/site-packages/airflow/example_dags/example_dynamic_task_mapping.py took 0.038 seconds
[2023-10-22T19:12:58.143+0400] {processor.py:157} INFO - Started process (PID=1753) to work on /home/pyretttt/repos/mlops3/env/lib/python3.10/site-packages/airflow/example_dags/example_dynamic_task_mapping.py
[2023-10-22T19:12:58.143+0400] {processor.py:829} INFO - Processing file /home/pyretttt/repos/mlops3/env/lib/python3.10/site-packages/airflow/example_dags/example_dynamic_task_mapping.py for tasks to queue
[2023-10-22T19:12:58.144+0400] {logging_mixin.py:151} INFO - [2023-10-22T19:12:58.143+0400] {dagbag.py:536} INFO - Filling up the DagBag from /home/pyretttt/repos/mlops3/env/lib/python3.10/site-packages/airflow/example_dags/example_dynamic_task_mapping.py
[2023-10-22T19:12:58.148+0400] {processor.py:839} INFO - DAG(s) dict_keys(['example_dynamic_task_mapping']) retrieved from /home/pyretttt/repos/mlops3/env/lib/python3.10/site-packages/airflow/example_dags/example_dynamic_task_mapping.py
[2023-10-22T19:12:58.156+0400] {logging_mixin.py:151} INFO - [2023-10-22T19:12:58.156+0400] {dag.py:2941} INFO - Sync 1 DAGs
[2023-10-22T19:12:58.165+0400] {logging_mixin.py:151} INFO - [2023-10-22T19:12:58.165+0400] {dag.py:3722} INFO - Setting next_dagrun for example_dynamic_task_mapping to 2022-03-04T00:00:00+00:00, run_after=2022-03-05T00:00:00+00:00
[2023-10-22T19:12:58.177+0400] {processor.py:179} INFO - Processing /home/pyretttt/repos/mlops3/env/lib/python3.10/site-packages/airflow/example_dags/example_dynamic_task_mapping.py took 0.036 seconds
[2023-10-22T19:13:46.416+0400] {processor.py:157} INFO - Started process (PID=1802) to work on /home/pyretttt/repos/mlops3/env/lib/python3.10/site-packages/airflow/example_dags/example_dynamic_task_mapping.py
[2023-10-22T19:13:46.420+0400] {processor.py:829} INFO - Processing file /home/pyretttt/repos/mlops3/env/lib/python3.10/site-packages/airflow/example_dags/example_dynamic_task_mapping.py for tasks to queue
[2023-10-22T19:13:46.421+0400] {logging_mixin.py:151} INFO - [2023-10-22T19:13:46.420+0400] {dagbag.py:536} INFO - Filling up the DagBag from /home/pyretttt/repos/mlops3/env/lib/python3.10/site-packages/airflow/example_dags/example_dynamic_task_mapping.py
[2023-10-22T19:13:46.425+0400] {processor.py:839} INFO - DAG(s) dict_keys(['example_dynamic_task_mapping']) retrieved from /home/pyretttt/repos/mlops3/env/lib/python3.10/site-packages/airflow/example_dags/example_dynamic_task_mapping.py
[2023-10-22T19:13:46.433+0400] {logging_mixin.py:151} INFO - [2023-10-22T19:13:46.433+0400] {dag.py:2941} INFO - Sync 1 DAGs
[2023-10-22T19:13:46.442+0400] {logging_mixin.py:151} INFO - [2023-10-22T19:13:46.442+0400] {dag.py:3722} INFO - Setting next_dagrun for example_dynamic_task_mapping to 2022-03-04T00:00:00+00:00, run_after=2022-03-05T00:00:00+00:00
[2023-10-22T19:13:46.453+0400] {processor.py:179} INFO - Processing /home/pyretttt/repos/mlops3/env/lib/python3.10/site-packages/airflow/example_dags/example_dynamic_task_mapping.py took 0.044 seconds
[2023-10-22T19:14:39.780+0400] {processor.py:157} INFO - Started process (PID=1878) to work on /home/pyretttt/repos/mlops3/env/lib/python3.10/site-packages/airflow/example_dags/example_dynamic_task_mapping.py
[2023-10-22T19:14:39.782+0400] {processor.py:829} INFO - Processing file /home/pyretttt/repos/mlops3/env/lib/python3.10/site-packages/airflow/example_dags/example_dynamic_task_mapping.py for tasks to queue
[2023-10-22T19:14:39.783+0400] {logging_mixin.py:151} INFO - [2023-10-22T19:14:39.782+0400] {dagbag.py:536} INFO - Filling up the DagBag from /home/pyretttt/repos/mlops3/env/lib/python3.10/site-packages/airflow/example_dags/example_dynamic_task_mapping.py
[2023-10-22T19:14:39.788+0400] {processor.py:839} INFO - DAG(s) dict_keys(['example_dynamic_task_mapping']) retrieved from /home/pyretttt/repos/mlops3/env/lib/python3.10/site-packages/airflow/example_dags/example_dynamic_task_mapping.py
[2023-10-22T19:14:39.795+0400] {logging_mixin.py:151} INFO - [2023-10-22T19:14:39.795+0400] {dag.py:2941} INFO - Sync 1 DAGs
[2023-10-22T19:14:39.803+0400] {logging_mixin.py:151} INFO - [2023-10-22T19:14:39.802+0400] {dag.py:3722} INFO - Setting next_dagrun for example_dynamic_task_mapping to 2022-03-04T00:00:00+00:00, run_after=2022-03-05T00:00:00+00:00
[2023-10-22T19:14:39.813+0400] {processor.py:179} INFO - Processing /home/pyretttt/repos/mlops3/env/lib/python3.10/site-packages/airflow/example_dags/example_dynamic_task_mapping.py took 0.036 seconds
[2023-10-22T19:15:32.162+0400] {processor.py:157} INFO - Started process (PID=1931) to work on /home/pyretttt/repos/mlops3/env/lib/python3.10/site-packages/airflow/example_dags/example_dynamic_task_mapping.py
[2023-10-22T19:15:32.164+0400] {processor.py:829} INFO - Processing file /home/pyretttt/repos/mlops3/env/lib/python3.10/site-packages/airflow/example_dags/example_dynamic_task_mapping.py for tasks to queue
[2023-10-22T19:15:32.166+0400] {logging_mixin.py:151} INFO - [2023-10-22T19:15:32.164+0400] {dagbag.py:536} INFO - Filling up the DagBag from /home/pyretttt/repos/mlops3/env/lib/python3.10/site-packages/airflow/example_dags/example_dynamic_task_mapping.py
[2023-10-22T19:15:32.173+0400] {processor.py:839} INFO - DAG(s) dict_keys(['example_dynamic_task_mapping']) retrieved from /home/pyretttt/repos/mlops3/env/lib/python3.10/site-packages/airflow/example_dags/example_dynamic_task_mapping.py
[2023-10-22T19:15:32.180+0400] {logging_mixin.py:151} INFO - [2023-10-22T19:15:32.180+0400] {dag.py:2941} INFO - Sync 1 DAGs
[2023-10-22T19:15:32.188+0400] {logging_mixin.py:151} INFO - [2023-10-22T19:15:32.188+0400] {dag.py:3722} INFO - Setting next_dagrun for example_dynamic_task_mapping to 2022-03-04T00:00:00+00:00, run_after=2022-03-05T00:00:00+00:00
[2023-10-22T19:15:32.200+0400] {processor.py:179} INFO - Processing /home/pyretttt/repos/mlops3/env/lib/python3.10/site-packages/airflow/example_dags/example_dynamic_task_mapping.py took 0.041 seconds
[2023-10-22T19:16:29.486+0400] {processor.py:157} INFO - Started process (PID=1988) to work on /home/pyretttt/repos/mlops3/env/lib/python3.10/site-packages/airflow/example_dags/example_dynamic_task_mapping.py
[2023-10-22T19:16:29.487+0400] {processor.py:829} INFO - Processing file /home/pyretttt/repos/mlops3/env/lib/python3.10/site-packages/airflow/example_dags/example_dynamic_task_mapping.py for tasks to queue
[2023-10-22T19:16:29.488+0400] {logging_mixin.py:151} INFO - [2023-10-22T19:16:29.488+0400] {dagbag.py:536} INFO - Filling up the DagBag from /home/pyretttt/repos/mlops3/env/lib/python3.10/site-packages/airflow/example_dags/example_dynamic_task_mapping.py
[2023-10-22T19:16:29.495+0400] {processor.py:839} INFO - DAG(s) dict_keys(['example_dynamic_task_mapping']) retrieved from /home/pyretttt/repos/mlops3/env/lib/python3.10/site-packages/airflow/example_dags/example_dynamic_task_mapping.py
[2023-10-22T19:16:29.503+0400] {logging_mixin.py:151} INFO - [2023-10-22T19:16:29.502+0400] {dag.py:2941} INFO - Sync 1 DAGs
[2023-10-22T19:16:29.510+0400] {logging_mixin.py:151} INFO - [2023-10-22T19:16:29.510+0400] {dag.py:3722} INFO - Setting next_dagrun for example_dynamic_task_mapping to 2022-03-04T00:00:00+00:00, run_after=2022-03-05T00:00:00+00:00
[2023-10-22T19:16:29.521+0400] {processor.py:179} INFO - Processing /home/pyretttt/repos/mlops3/env/lib/python3.10/site-packages/airflow/example_dags/example_dynamic_task_mapping.py took 0.038 seconds
[2023-10-22T19:17:26.449+0400] {processor.py:157} INFO - Started process (PID=2061) to work on /home/pyretttt/repos/mlops3/env/lib/python3.10/site-packages/airflow/example_dags/example_dynamic_task_mapping.py
[2023-10-22T19:17:26.451+0400] {processor.py:829} INFO - Processing file /home/pyretttt/repos/mlops3/env/lib/python3.10/site-packages/airflow/example_dags/example_dynamic_task_mapping.py for tasks to queue
[2023-10-22T19:17:26.452+0400] {logging_mixin.py:151} INFO - [2023-10-22T19:17:26.451+0400] {dagbag.py:536} INFO - Filling up the DagBag from /home/pyretttt/repos/mlops3/env/lib/python3.10/site-packages/airflow/example_dags/example_dynamic_task_mapping.py
[2023-10-22T19:17:26.456+0400] {processor.py:839} INFO - DAG(s) dict_keys(['example_dynamic_task_mapping']) retrieved from /home/pyretttt/repos/mlops3/env/lib/python3.10/site-packages/airflow/example_dags/example_dynamic_task_mapping.py
[2023-10-22T19:17:26.465+0400] {logging_mixin.py:151} INFO - [2023-10-22T19:17:26.465+0400] {dag.py:2941} INFO - Sync 1 DAGs
[2023-10-22T19:17:26.474+0400] {logging_mixin.py:151} INFO - [2023-10-22T19:17:26.474+0400] {dag.py:3722} INFO - Setting next_dagrun for example_dynamic_task_mapping to 2022-03-04T00:00:00+00:00, run_after=2022-03-05T00:00:00+00:00
[2023-10-22T19:17:26.484+0400] {processor.py:179} INFO - Processing /home/pyretttt/repos/mlops3/env/lib/python3.10/site-packages/airflow/example_dags/example_dynamic_task_mapping.py took 0.038 seconds
[2023-10-22T19:18:19.970+0400] {processor.py:157} INFO - Started process (PID=2135) to work on /home/pyretttt/repos/mlops3/env/lib/python3.10/site-packages/airflow/example_dags/example_dynamic_task_mapping.py
[2023-10-22T19:18:19.971+0400] {processor.py:829} INFO - Processing file /home/pyretttt/repos/mlops3/env/lib/python3.10/site-packages/airflow/example_dags/example_dynamic_task_mapping.py for tasks to queue
[2023-10-22T19:18:19.972+0400] {logging_mixin.py:151} INFO - [2023-10-22T19:18:19.972+0400] {dagbag.py:536} INFO - Filling up the DagBag from /home/pyretttt/repos/mlops3/env/lib/python3.10/site-packages/airflow/example_dags/example_dynamic_task_mapping.py
[2023-10-22T19:18:19.977+0400] {processor.py:839} INFO - DAG(s) dict_keys(['example_dynamic_task_mapping']) retrieved from /home/pyretttt/repos/mlops3/env/lib/python3.10/site-packages/airflow/example_dags/example_dynamic_task_mapping.py
[2023-10-22T19:18:19.986+0400] {logging_mixin.py:151} INFO - [2023-10-22T19:18:19.986+0400] {dag.py:2941} INFO - Sync 1 DAGs
[2023-10-22T19:18:19.994+0400] {logging_mixin.py:151} INFO - [2023-10-22T19:18:19.994+0400] {dag.py:3722} INFO - Setting next_dagrun for example_dynamic_task_mapping to 2022-03-04T00:00:00+00:00, run_after=2022-03-05T00:00:00+00:00
[2023-10-22T19:18:20.006+0400] {processor.py:179} INFO - Processing /home/pyretttt/repos/mlops3/env/lib/python3.10/site-packages/airflow/example_dags/example_dynamic_task_mapping.py took 0.039 seconds
[2023-10-22T19:19:15.096+0400] {processor.py:157} INFO - Started process (PID=2190) to work on /home/pyretttt/repos/mlops3/env/lib/python3.10/site-packages/airflow/example_dags/example_dynamic_task_mapping.py
[2023-10-22T19:19:15.098+0400] {processor.py:829} INFO - Processing file /home/pyretttt/repos/mlops3/env/lib/python3.10/site-packages/airflow/example_dags/example_dynamic_task_mapping.py for tasks to queue
[2023-10-22T19:19:15.099+0400] {logging_mixin.py:151} INFO - [2023-10-22T19:19:15.098+0400] {dagbag.py:536} INFO - Filling up the DagBag from /home/pyretttt/repos/mlops3/env/lib/python3.10/site-packages/airflow/example_dags/example_dynamic_task_mapping.py
[2023-10-22T19:19:15.105+0400] {processor.py:839} INFO - DAG(s) dict_keys(['example_dynamic_task_mapping']) retrieved from /home/pyretttt/repos/mlops3/env/lib/python3.10/site-packages/airflow/example_dags/example_dynamic_task_mapping.py
[2023-10-22T19:19:15.112+0400] {logging_mixin.py:151} INFO - [2023-10-22T19:19:15.112+0400] {dag.py:2941} INFO - Sync 1 DAGs
[2023-10-22T19:19:15.119+0400] {logging_mixin.py:151} INFO - [2023-10-22T19:19:15.119+0400] {dag.py:3722} INFO - Setting next_dagrun for example_dynamic_task_mapping to 2022-03-04T00:00:00+00:00, run_after=2022-03-05T00:00:00+00:00
[2023-10-22T19:19:15.130+0400] {processor.py:179} INFO - Processing /home/pyretttt/repos/mlops3/env/lib/python3.10/site-packages/airflow/example_dags/example_dynamic_task_mapping.py took 0.037 seconds
[2023-10-22T19:20:07.215+0400] {processor.py:157} INFO - Started process (PID=2242) to work on /home/pyretttt/repos/mlops3/env/lib/python3.10/site-packages/airflow/example_dags/example_dynamic_task_mapping.py
[2023-10-22T19:20:07.217+0400] {processor.py:829} INFO - Processing file /home/pyretttt/repos/mlops3/env/lib/python3.10/site-packages/airflow/example_dags/example_dynamic_task_mapping.py for tasks to queue
[2023-10-22T19:20:07.218+0400] {logging_mixin.py:151} INFO - [2023-10-22T19:20:07.217+0400] {dagbag.py:536} INFO - Filling up the DagBag from /home/pyretttt/repos/mlops3/env/lib/python3.10/site-packages/airflow/example_dags/example_dynamic_task_mapping.py
[2023-10-22T19:20:07.224+0400] {processor.py:839} INFO - DAG(s) dict_keys(['example_dynamic_task_mapping']) retrieved from /home/pyretttt/repos/mlops3/env/lib/python3.10/site-packages/airflow/example_dags/example_dynamic_task_mapping.py
[2023-10-22T19:20:07.231+0400] {logging_mixin.py:151} INFO - [2023-10-22T19:20:07.231+0400] {dag.py:2941} INFO - Sync 1 DAGs
[2023-10-22T19:20:07.239+0400] {logging_mixin.py:151} INFO - [2023-10-22T19:20:07.239+0400] {dag.py:3722} INFO - Setting next_dagrun for example_dynamic_task_mapping to 2022-03-04T00:00:00+00:00, run_after=2022-03-05T00:00:00+00:00
[2023-10-22T19:20:07.253+0400] {processor.py:179} INFO - Processing /home/pyretttt/repos/mlops3/env/lib/python3.10/site-packages/airflow/example_dags/example_dynamic_task_mapping.py took 0.041 seconds
