[2023-10-22T19:10:40.229+0400] {processor.py:157} INFO - Started process (PID=1436) to work on /home/pyretttt/repos/mlops3/env/lib/python3.10/site-packages/airflow/example_dags/example_datasets.py
[2023-10-22T19:10:40.230+0400] {processor.py:829} INFO - Processing file /home/pyretttt/repos/mlops3/env/lib/python3.10/site-packages/airflow/example_dags/example_datasets.py for tasks to queue
[2023-10-22T19:10:40.231+0400] {logging_mixin.py:151} INFO - [2023-10-22T19:10:40.230+0400] {dagbag.py:536} INFO - Filling up the DagBag from /home/pyretttt/repos/mlops3/env/lib/python3.10/site-packages/airflow/example_dags/example_datasets.py
[2023-10-22T19:10:40.235+0400] {processor.py:839} INFO - DAG(s) dict_keys(['dataset_consumes_unknown_never_scheduled', 'dataset_consumes_1_never_scheduled', 'dataset_produces_1', 'dataset_produces_2', 'dataset_consumes_1', 'dataset_consumes_1_and_2']) retrieved from /home/pyretttt/repos/mlops3/env/lib/python3.10/site-packages/airflow/example_dags/example_datasets.py
[2023-10-22T19:10:40.286+0400] {logging_mixin.py:151} INFO - [2023-10-22T19:10:40.285+0400] {manager.py:499} INFO - Created Permission View: %s
[2023-10-22T19:10:40.292+0400] {logging_mixin.py:151} INFO - [2023-10-22T19:10:40.291+0400] {manager.py:499} INFO - Created Permission View: %s
[2023-10-22T19:10:40.297+0400] {logging_mixin.py:151} INFO - [2023-10-22T19:10:40.296+0400] {manager.py:499} INFO - Created Permission View: %s
[2023-10-22T19:10:40.309+0400] {logging_mixin.py:151} INFO - [2023-10-22T19:10:40.309+0400] {manager.py:499} INFO - Created Permission View: %s
[2023-10-22T19:10:40.313+0400] {logging_mixin.py:151} INFO - [2023-10-22T19:10:40.313+0400] {manager.py:499} INFO - Created Permission View: %s
[2023-10-22T19:10:40.318+0400] {logging_mixin.py:151} INFO - [2023-10-22T19:10:40.318+0400] {manager.py:499} INFO - Created Permission View: %s
[2023-10-22T19:10:40.329+0400] {logging_mixin.py:151} INFO - [2023-10-22T19:10:40.329+0400] {manager.py:499} INFO - Created Permission View: %s
[2023-10-22T19:10:40.334+0400] {logging_mixin.py:151} INFO - [2023-10-22T19:10:40.334+0400] {manager.py:499} INFO - Created Permission View: %s
[2023-10-22T19:10:40.339+0400] {logging_mixin.py:151} INFO - [2023-10-22T19:10:40.338+0400] {manager.py:499} INFO - Created Permission View: %s
[2023-10-22T19:10:40.349+0400] {logging_mixin.py:151} INFO - [2023-10-22T19:10:40.349+0400] {manager.py:499} INFO - Created Permission View: %s
[2023-10-22T19:10:40.353+0400] {logging_mixin.py:151} INFO - [2023-10-22T19:10:40.353+0400] {manager.py:499} INFO - Created Permission View: %s
[2023-10-22T19:10:40.358+0400] {logging_mixin.py:151} INFO - [2023-10-22T19:10:40.358+0400] {manager.py:499} INFO - Created Permission View: %s
[2023-10-22T19:10:40.367+0400] {logging_mixin.py:151} INFO - [2023-10-22T19:10:40.367+0400] {manager.py:499} INFO - Created Permission View: %s
[2023-10-22T19:10:40.372+0400] {logging_mixin.py:151} INFO - [2023-10-22T19:10:40.372+0400] {manager.py:499} INFO - Created Permission View: %s
[2023-10-22T19:10:40.377+0400] {logging_mixin.py:151} INFO - [2023-10-22T19:10:40.376+0400] {manager.py:499} INFO - Created Permission View: %s
[2023-10-22T19:10:40.386+0400] {logging_mixin.py:151} INFO - [2023-10-22T19:10:40.386+0400] {manager.py:499} INFO - Created Permission View: %s
[2023-10-22T19:10:40.391+0400] {logging_mixin.py:151} INFO - [2023-10-22T19:10:40.391+0400] {manager.py:499} INFO - Created Permission View: %s
[2023-10-22T19:10:40.396+0400] {logging_mixin.py:151} INFO - [2023-10-22T19:10:40.395+0400] {manager.py:499} INFO - Created Permission View: %s
[2023-10-22T19:10:40.396+0400] {logging_mixin.py:151} INFO - [2023-10-22T19:10:40.396+0400] {dag.py:2941} INFO - Sync 6 DAGs
[2023-10-22T19:10:40.400+0400] {logging_mixin.py:151} INFO - [2023-10-22T19:10:40.400+0400] {dag.py:2963} INFO - Creating ORM DAG for dataset_consumes_unknown_never_scheduled
[2023-10-22T19:10:40.401+0400] {logging_mixin.py:151} INFO - [2023-10-22T19:10:40.401+0400] {dag.py:2963} INFO - Creating ORM DAG for dataset_consumes_1_never_scheduled
[2023-10-22T19:10:40.401+0400] {logging_mixin.py:151} INFO - [2023-10-22T19:10:40.401+0400] {dag.py:2963} INFO - Creating ORM DAG for dataset_produces_1
[2023-10-22T19:10:40.401+0400] {logging_mixin.py:151} INFO - [2023-10-22T19:10:40.401+0400] {dag.py:2963} INFO - Creating ORM DAG for dataset_produces_2
[2023-10-22T19:10:40.401+0400] {logging_mixin.py:151} INFO - [2023-10-22T19:10:40.401+0400] {dag.py:2963} INFO - Creating ORM DAG for dataset_consumes_1
[2023-10-22T19:10:40.401+0400] {logging_mixin.py:151} INFO - [2023-10-22T19:10:40.401+0400] {dag.py:2963} INFO - Creating ORM DAG for dataset_consumes_1_and_2
[2023-10-22T19:10:40.404+0400] {logging_mixin.py:151} INFO - [2023-10-22T19:10:40.404+0400] {dag.py:3722} INFO - Setting next_dagrun for dataset_consumes_1 to None, run_after=None
[2023-10-22T19:10:40.405+0400] {logging_mixin.py:151} INFO - [2023-10-22T19:10:40.405+0400] {dag.py:3722} INFO - Setting next_dagrun for dataset_consumes_1_and_2 to None, run_after=None
[2023-10-22T19:10:40.405+0400] {logging_mixin.py:151} INFO - [2023-10-22T19:10:40.405+0400] {dag.py:3722} INFO - Setting next_dagrun for dataset_consumes_1_never_scheduled to None, run_after=None
[2023-10-22T19:10:40.405+0400] {logging_mixin.py:151} INFO - [2023-10-22T19:10:40.405+0400] {dag.py:3722} INFO - Setting next_dagrun for dataset_consumes_unknown_never_scheduled to None, run_after=None
[2023-10-22T19:10:40.406+0400] {logging_mixin.py:151} INFO - [2023-10-22T19:10:40.406+0400] {dag.py:3722} INFO - Setting next_dagrun for dataset_produces_1 to 2023-10-21T00:00:00+00:00, run_after=2023-10-22T00:00:00+00:00
[2023-10-22T19:10:40.406+0400] {logging_mixin.py:151} INFO - [2023-10-22T19:10:40.406+0400] {dag.py:3722} INFO - Setting next_dagrun for dataset_produces_2 to None, run_after=None
[2023-10-22T19:10:40.421+0400] {processor.py:179} INFO - Processing /home/pyretttt/repos/mlops3/env/lib/python3.10/site-packages/airflow/example_dags/example_datasets.py took 0.195 seconds
[2023-10-22T19:11:32.302+0400] {processor.py:157} INFO - Started process (PID=1654) to work on /home/pyretttt/repos/mlops3/env/lib/python3.10/site-packages/airflow/example_dags/example_datasets.py
[2023-10-22T19:11:32.303+0400] {processor.py:829} INFO - Processing file /home/pyretttt/repos/mlops3/env/lib/python3.10/site-packages/airflow/example_dags/example_datasets.py for tasks to queue
[2023-10-22T19:11:32.304+0400] {logging_mixin.py:151} INFO - [2023-10-22T19:11:32.303+0400] {dagbag.py:536} INFO - Filling up the DagBag from /home/pyretttt/repos/mlops3/env/lib/python3.10/site-packages/airflow/example_dags/example_datasets.py
[2023-10-22T19:11:32.309+0400] {processor.py:839} INFO - DAG(s) dict_keys(['dataset_produces_1', 'dataset_consumes_1', 'dataset_consumes_1_never_scheduled', 'dataset_produces_2', 'dataset_consumes_1_and_2', 'dataset_consumes_unknown_never_scheduled']) retrieved from /home/pyretttt/repos/mlops3/env/lib/python3.10/site-packages/airflow/example_dags/example_datasets.py
[2023-10-22T19:11:32.338+0400] {logging_mixin.py:151} INFO - [2023-10-22T19:11:32.338+0400] {dag.py:2941} INFO - Sync 6 DAGs
[2023-10-22T19:11:32.349+0400] {logging_mixin.py:151} INFO - [2023-10-22T19:11:32.348+0400] {dag.py:3722} INFO - Setting next_dagrun for dataset_consumes_1 to None, run_after=None
[2023-10-22T19:11:32.350+0400] {logging_mixin.py:151} INFO - [2023-10-22T19:11:32.350+0400] {dag.py:3722} INFO - Setting next_dagrun for dataset_consumes_1_and_2 to None, run_after=None
[2023-10-22T19:11:32.350+0400] {logging_mixin.py:151} INFO - [2023-10-22T19:11:32.350+0400] {dag.py:3722} INFO - Setting next_dagrun for dataset_consumes_1_never_scheduled to None, run_after=None
[2023-10-22T19:11:32.351+0400] {logging_mixin.py:151} INFO - [2023-10-22T19:11:32.351+0400] {dag.py:3722} INFO - Setting next_dagrun for dataset_consumes_unknown_never_scheduled to None, run_after=None
[2023-10-22T19:11:32.352+0400] {logging_mixin.py:151} INFO - [2023-10-22T19:11:32.352+0400] {dag.py:3722} INFO - Setting next_dagrun for dataset_produces_1 to 2023-10-21T00:00:00+00:00, run_after=2023-10-22T00:00:00+00:00
[2023-10-22T19:11:32.352+0400] {logging_mixin.py:151} INFO - [2023-10-22T19:11:32.352+0400] {dag.py:3722} INFO - Setting next_dagrun for dataset_produces_2 to None, run_after=None
[2023-10-22T19:11:32.367+0400] {processor.py:179} INFO - Processing /home/pyretttt/repos/mlops3/env/lib/python3.10/site-packages/airflow/example_dags/example_datasets.py took 0.068 seconds
[2023-10-22T19:12:23.266+0400] {processor.py:157} INFO - Started process (PID=1714) to work on /home/pyretttt/repos/mlops3/env/lib/python3.10/site-packages/airflow/example_dags/example_datasets.py
[2023-10-22T19:12:23.267+0400] {processor.py:829} INFO - Processing file /home/pyretttt/repos/mlops3/env/lib/python3.10/site-packages/airflow/example_dags/example_datasets.py for tasks to queue
[2023-10-22T19:12:23.268+0400] {logging_mixin.py:151} INFO - [2023-10-22T19:12:23.268+0400] {dagbag.py:536} INFO - Filling up the DagBag from /home/pyretttt/repos/mlops3/env/lib/python3.10/site-packages/airflow/example_dags/example_datasets.py
[2023-10-22T19:12:23.278+0400] {processor.py:839} INFO - DAG(s) dict_keys(['dataset_consumes_unknown_never_scheduled', 'dataset_consumes_1_and_2', 'dataset_consumes_1_never_scheduled', 'dataset_produces_2', 'dataset_produces_1', 'dataset_consumes_1']) retrieved from /home/pyretttt/repos/mlops3/env/lib/python3.10/site-packages/airflow/example_dags/example_datasets.py
[2023-10-22T19:12:23.289+0400] {logging_mixin.py:151} INFO - [2023-10-22T19:12:23.289+0400] {dag.py:2941} INFO - Sync 6 DAGs
[2023-10-22T19:12:23.297+0400] {logging_mixin.py:151} INFO - [2023-10-22T19:12:23.296+0400] {dag.py:3722} INFO - Setting next_dagrun for dataset_consumes_1 to None, run_after=None
[2023-10-22T19:12:23.298+0400] {logging_mixin.py:151} INFO - [2023-10-22T19:12:23.298+0400] {dag.py:3722} INFO - Setting next_dagrun for dataset_consumes_1_and_2 to None, run_after=None
[2023-10-22T19:12:23.298+0400] {logging_mixin.py:151} INFO - [2023-10-22T19:12:23.298+0400] {dag.py:3722} INFO - Setting next_dagrun for dataset_consumes_1_never_scheduled to None, run_after=None
[2023-10-22T19:12:23.298+0400] {logging_mixin.py:151} INFO - [2023-10-22T19:12:23.298+0400] {dag.py:3722} INFO - Setting next_dagrun for dataset_consumes_unknown_never_scheduled to None, run_after=None
[2023-10-22T19:12:23.299+0400] {logging_mixin.py:151} INFO - [2023-10-22T19:12:23.299+0400] {dag.py:3722} INFO - Setting next_dagrun for dataset_produces_1 to 2023-10-21T00:00:00+00:00, run_after=2023-10-22T00:00:00+00:00
[2023-10-22T19:12:23.299+0400] {logging_mixin.py:151} INFO - [2023-10-22T19:12:23.299+0400] {dag.py:3722} INFO - Setting next_dagrun for dataset_produces_2 to None, run_after=None
[2023-10-22T19:12:23.312+0400] {processor.py:179} INFO - Processing /home/pyretttt/repos/mlops3/env/lib/python3.10/site-packages/airflow/example_dags/example_datasets.py took 0.049 seconds
[2023-10-22T19:13:16.458+0400] {processor.py:157} INFO - Started process (PID=1770) to work on /home/pyretttt/repos/mlops3/env/lib/python3.10/site-packages/airflow/example_dags/example_datasets.py
[2023-10-22T19:13:16.459+0400] {processor.py:829} INFO - Processing file /home/pyretttt/repos/mlops3/env/lib/python3.10/site-packages/airflow/example_dags/example_datasets.py for tasks to queue
[2023-10-22T19:13:16.460+0400] {logging_mixin.py:151} INFO - [2023-10-22T19:13:16.460+0400] {dagbag.py:536} INFO - Filling up the DagBag from /home/pyretttt/repos/mlops3/env/lib/python3.10/site-packages/airflow/example_dags/example_datasets.py
[2023-10-22T19:13:16.465+0400] {processor.py:839} INFO - DAG(s) dict_keys(['dataset_consumes_1', 'dataset_consumes_1_and_2', 'dataset_consumes_1_never_scheduled', 'dataset_consumes_unknown_never_scheduled', 'dataset_produces_1', 'dataset_produces_2']) retrieved from /home/pyretttt/repos/mlops3/env/lib/python3.10/site-packages/airflow/example_dags/example_datasets.py
[2023-10-22T19:13:16.477+0400] {logging_mixin.py:151} INFO - [2023-10-22T19:13:16.477+0400] {dag.py:2941} INFO - Sync 6 DAGs
[2023-10-22T19:13:16.485+0400] {logging_mixin.py:151} INFO - [2023-10-22T19:13:16.485+0400] {dag.py:3722} INFO - Setting next_dagrun for dataset_consumes_1 to None, run_after=None
[2023-10-22T19:13:16.486+0400] {logging_mixin.py:151} INFO - [2023-10-22T19:13:16.486+0400] {dag.py:3722} INFO - Setting next_dagrun for dataset_consumes_1_and_2 to None, run_after=None
[2023-10-22T19:13:16.487+0400] {logging_mixin.py:151} INFO - [2023-10-22T19:13:16.487+0400] {dag.py:3722} INFO - Setting next_dagrun for dataset_consumes_1_never_scheduled to None, run_after=None
[2023-10-22T19:13:16.487+0400] {logging_mixin.py:151} INFO - [2023-10-22T19:13:16.487+0400] {dag.py:3722} INFO - Setting next_dagrun for dataset_consumes_unknown_never_scheduled to None, run_after=None
[2023-10-22T19:13:16.488+0400] {logging_mixin.py:151} INFO - [2023-10-22T19:13:16.488+0400] {dag.py:3722} INFO - Setting next_dagrun for dataset_produces_1 to 2023-10-21T00:00:00+00:00, run_after=2023-10-22T00:00:00+00:00
[2023-10-22T19:13:16.488+0400] {logging_mixin.py:151} INFO - [2023-10-22T19:13:16.488+0400] {dag.py:3722} INFO - Setting next_dagrun for dataset_produces_2 to None, run_after=None
[2023-10-22T19:13:16.502+0400] {processor.py:179} INFO - Processing /home/pyretttt/repos/mlops3/env/lib/python3.10/site-packages/airflow/example_dags/example_datasets.py took 0.047 seconds
[2023-10-22T19:14:06.007+0400] {processor.py:157} INFO - Started process (PID=1842) to work on /home/pyretttt/repos/mlops3/env/lib/python3.10/site-packages/airflow/example_dags/example_datasets.py
[2023-10-22T19:14:06.009+0400] {processor.py:829} INFO - Processing file /home/pyretttt/repos/mlops3/env/lib/python3.10/site-packages/airflow/example_dags/example_datasets.py for tasks to queue
[2023-10-22T19:14:06.010+0400] {logging_mixin.py:151} INFO - [2023-10-22T19:14:06.009+0400] {dagbag.py:536} INFO - Filling up the DagBag from /home/pyretttt/repos/mlops3/env/lib/python3.10/site-packages/airflow/example_dags/example_datasets.py
[2023-10-22T19:14:06.017+0400] {processor.py:839} INFO - DAG(s) dict_keys(['dataset_consumes_1_never_scheduled', 'dataset_consumes_unknown_never_scheduled', 'dataset_produces_1', 'dataset_produces_2', 'dataset_consumes_1_and_2', 'dataset_consumes_1']) retrieved from /home/pyretttt/repos/mlops3/env/lib/python3.10/site-packages/airflow/example_dags/example_datasets.py
[2023-10-22T19:14:06.028+0400] {logging_mixin.py:151} INFO - [2023-10-22T19:14:06.028+0400] {dag.py:2941} INFO - Sync 6 DAGs
[2023-10-22T19:14:06.036+0400] {logging_mixin.py:151} INFO - [2023-10-22T19:14:06.036+0400] {dag.py:3722} INFO - Setting next_dagrun for dataset_consumes_1 to None, run_after=None
[2023-10-22T19:14:06.037+0400] {logging_mixin.py:151} INFO - [2023-10-22T19:14:06.037+0400] {dag.py:3722} INFO - Setting next_dagrun for dataset_consumes_1_and_2 to None, run_after=None
[2023-10-22T19:14:06.038+0400] {logging_mixin.py:151} INFO - [2023-10-22T19:14:06.038+0400] {dag.py:3722} INFO - Setting next_dagrun for dataset_consumes_1_never_scheduled to None, run_after=None
[2023-10-22T19:14:06.038+0400] {logging_mixin.py:151} INFO - [2023-10-22T19:14:06.038+0400] {dag.py:3722} INFO - Setting next_dagrun for dataset_consumes_unknown_never_scheduled to None, run_after=None
[2023-10-22T19:14:06.039+0400] {logging_mixin.py:151} INFO - [2023-10-22T19:14:06.039+0400] {dag.py:3722} INFO - Setting next_dagrun for dataset_produces_1 to 2023-10-21T00:00:00+00:00, run_after=2023-10-22T00:00:00+00:00
[2023-10-22T19:14:06.040+0400] {logging_mixin.py:151} INFO - [2023-10-22T19:14:06.039+0400] {dag.py:3722} INFO - Setting next_dagrun for dataset_produces_2 to None, run_after=None
[2023-10-22T19:14:06.055+0400] {processor.py:179} INFO - Processing /home/pyretttt/repos/mlops3/env/lib/python3.10/site-packages/airflow/example_dags/example_datasets.py took 0.051 seconds
[2023-10-22T19:14:59.084+0400] {processor.py:157} INFO - Started process (PID=1897) to work on /home/pyretttt/repos/mlops3/env/lib/python3.10/site-packages/airflow/example_dags/example_datasets.py
[2023-10-22T19:14:59.085+0400] {processor.py:829} INFO - Processing file /home/pyretttt/repos/mlops3/env/lib/python3.10/site-packages/airflow/example_dags/example_datasets.py for tasks to queue
[2023-10-22T19:14:59.086+0400] {logging_mixin.py:151} INFO - [2023-10-22T19:14:59.086+0400] {dagbag.py:536} INFO - Filling up the DagBag from /home/pyretttt/repos/mlops3/env/lib/python3.10/site-packages/airflow/example_dags/example_datasets.py
[2023-10-22T19:14:59.091+0400] {processor.py:839} INFO - DAG(s) dict_keys(['dataset_produces_1', 'dataset_consumes_1', 'dataset_produces_2', 'dataset_consumes_1_never_scheduled', 'dataset_consumes_unknown_never_scheduled', 'dataset_consumes_1_and_2']) retrieved from /home/pyretttt/repos/mlops3/env/lib/python3.10/site-packages/airflow/example_dags/example_datasets.py
[2023-10-22T19:14:59.135+0400] {logging_mixin.py:151} INFO - [2023-10-22T19:14:59.134+0400] {dag.py:2941} INFO - Sync 6 DAGs
[2023-10-22T19:14:59.139+0400] {logging_mixin.py:151} INFO - [2023-10-22T19:14:59.139+0400] {dag.py:2963} INFO - Creating ORM DAG for dataset_consumes_1
[2023-10-22T19:14:59.143+0400] {logging_mixin.py:151} INFO - [2023-10-22T19:14:59.142+0400] {dag.py:3722} INFO - Setting next_dagrun for dataset_consumes_1 to None, run_after=None
[2023-10-22T19:14:59.143+0400] {logging_mixin.py:151} INFO - [2023-10-22T19:14:59.143+0400] {dag.py:3722} INFO - Setting next_dagrun for dataset_consumes_1_and_2 to None, run_after=None
[2023-10-22T19:14:59.144+0400] {logging_mixin.py:151} INFO - [2023-10-22T19:14:59.144+0400] {dag.py:3722} INFO - Setting next_dagrun for dataset_consumes_1_never_scheduled to None, run_after=None
[2023-10-22T19:14:59.144+0400] {logging_mixin.py:151} INFO - [2023-10-22T19:14:59.144+0400] {dag.py:3722} INFO - Setting next_dagrun for dataset_consumes_unknown_never_scheduled to None, run_after=None
[2023-10-22T19:14:59.145+0400] {logging_mixin.py:151} INFO - [2023-10-22T19:14:59.145+0400] {dag.py:3722} INFO - Setting next_dagrun for dataset_produces_1 to 2023-10-21T00:00:00+00:00, run_after=2023-10-22T00:00:00+00:00
[2023-10-22T19:14:59.145+0400] {logging_mixin.py:151} INFO - [2023-10-22T19:14:59.145+0400] {dag.py:3722} INFO - Setting next_dagrun for dataset_produces_2 to None, run_after=None
[2023-10-22T19:14:59.165+0400] {processor.py:179} INFO - Processing /home/pyretttt/repos/mlops3/env/lib/python3.10/site-packages/airflow/example_dags/example_datasets.py took 0.084 seconds
[2023-10-22T19:15:53.447+0400] {processor.py:157} INFO - Started process (PID=1951) to work on /home/pyretttt/repos/mlops3/env/lib/python3.10/site-packages/airflow/example_dags/example_datasets.py
[2023-10-22T19:15:53.450+0400] {processor.py:829} INFO - Processing file /home/pyretttt/repos/mlops3/env/lib/python3.10/site-packages/airflow/example_dags/example_datasets.py for tasks to queue
[2023-10-22T19:15:53.451+0400] {logging_mixin.py:151} INFO - [2023-10-22T19:15:53.451+0400] {dagbag.py:536} INFO - Filling up the DagBag from /home/pyretttt/repos/mlops3/env/lib/python3.10/site-packages/airflow/example_dags/example_datasets.py
[2023-10-22T19:15:53.461+0400] {processor.py:839} INFO - DAG(s) dict_keys(['dataset_consumes_unknown_never_scheduled', 'dataset_consumes_1_and_2', 'dataset_produces_2', 'dataset_consumes_1_never_scheduled', 'dataset_produces_1', 'dataset_consumes_1']) retrieved from /home/pyretttt/repos/mlops3/env/lib/python3.10/site-packages/airflow/example_dags/example_datasets.py
[2023-10-22T19:15:53.473+0400] {logging_mixin.py:151} INFO - [2023-10-22T19:15:53.473+0400] {dag.py:2941} INFO - Sync 6 DAGs
[2023-10-22T19:15:53.481+0400] {logging_mixin.py:151} INFO - [2023-10-22T19:15:53.481+0400] {dag.py:3722} INFO - Setting next_dagrun for dataset_consumes_1 to None, run_after=None
[2023-10-22T19:15:53.482+0400] {logging_mixin.py:151} INFO - [2023-10-22T19:15:53.482+0400] {dag.py:3722} INFO - Setting next_dagrun for dataset_consumes_1_and_2 to None, run_after=None
[2023-10-22T19:15:53.482+0400] {logging_mixin.py:151} INFO - [2023-10-22T19:15:53.482+0400] {dag.py:3722} INFO - Setting next_dagrun for dataset_consumes_1_never_scheduled to None, run_after=None
[2023-10-22T19:15:53.483+0400] {logging_mixin.py:151} INFO - [2023-10-22T19:15:53.483+0400] {dag.py:3722} INFO - Setting next_dagrun for dataset_consumes_unknown_never_scheduled to None, run_after=None
[2023-10-22T19:15:53.484+0400] {logging_mixin.py:151} INFO - [2023-10-22T19:15:53.484+0400] {dag.py:3722} INFO - Setting next_dagrun for dataset_produces_1 to 2023-10-21T00:00:00+00:00, run_after=2023-10-22T00:00:00+00:00
[2023-10-22T19:15:53.484+0400] {logging_mixin.py:151} INFO - [2023-10-22T19:15:53.484+0400] {dag.py:3722} INFO - Setting next_dagrun for dataset_produces_2 to None, run_after=None
[2023-10-22T19:15:53.497+0400] {processor.py:179} INFO - Processing /home/pyretttt/repos/mlops3/env/lib/python3.10/site-packages/airflow/example_dags/example_datasets.py took 0.053 seconds
[2023-10-22T19:16:51.292+0400] {processor.py:157} INFO - Started process (PID=2008) to work on /home/pyretttt/repos/mlops3/env/lib/python3.10/site-packages/airflow/example_dags/example_datasets.py
[2023-10-22T19:16:51.293+0400] {processor.py:829} INFO - Processing file /home/pyretttt/repos/mlops3/env/lib/python3.10/site-packages/airflow/example_dags/example_datasets.py for tasks to queue
[2023-10-22T19:16:51.294+0400] {logging_mixin.py:151} INFO - [2023-10-22T19:16:51.294+0400] {dagbag.py:536} INFO - Filling up the DagBag from /home/pyretttt/repos/mlops3/env/lib/python3.10/site-packages/airflow/example_dags/example_datasets.py
[2023-10-22T19:16:51.303+0400] {processor.py:839} INFO - DAG(s) dict_keys(['dataset_consumes_1', 'dataset_consumes_1_and_2', 'dataset_produces_1', 'dataset_produces_2', 'dataset_consumes_1_never_scheduled', 'dataset_consumes_unknown_never_scheduled']) retrieved from /home/pyretttt/repos/mlops3/env/lib/python3.10/site-packages/airflow/example_dags/example_datasets.py
[2023-10-22T19:16:51.315+0400] {logging_mixin.py:151} INFO - [2023-10-22T19:16:51.315+0400] {dag.py:2941} INFO - Sync 6 DAGs
[2023-10-22T19:16:51.324+0400] {logging_mixin.py:151} INFO - [2023-10-22T19:16:51.323+0400] {dag.py:3722} INFO - Setting next_dagrun for dataset_consumes_1 to None, run_after=None
[2023-10-22T19:16:51.325+0400] {logging_mixin.py:151} INFO - [2023-10-22T19:16:51.325+0400] {dag.py:3722} INFO - Setting next_dagrun for dataset_consumes_1_and_2 to None, run_after=None
[2023-10-22T19:16:51.325+0400] {logging_mixin.py:151} INFO - [2023-10-22T19:16:51.325+0400] {dag.py:3722} INFO - Setting next_dagrun for dataset_consumes_1_never_scheduled to None, run_after=None
[2023-10-22T19:16:51.325+0400] {logging_mixin.py:151} INFO - [2023-10-22T19:16:51.325+0400] {dag.py:3722} INFO - Setting next_dagrun for dataset_consumes_unknown_never_scheduled to None, run_after=None
[2023-10-22T19:16:51.326+0400] {logging_mixin.py:151} INFO - [2023-10-22T19:16:51.326+0400] {dag.py:3722} INFO - Setting next_dagrun for dataset_produces_1 to 2023-10-21T00:00:00+00:00, run_after=2023-10-22T00:00:00+00:00
[2023-10-22T19:16:51.326+0400] {logging_mixin.py:151} INFO - [2023-10-22T19:16:51.326+0400] {dag.py:3722} INFO - Setting next_dagrun for dataset_produces_2 to None, run_after=None
[2023-10-22T19:16:51.341+0400] {processor.py:179} INFO - Processing /home/pyretttt/repos/mlops3/env/lib/python3.10/site-packages/airflow/example_dags/example_datasets.py took 0.052 seconds
[2023-10-22T19:17:46.986+0400] {processor.py:157} INFO - Started process (PID=2101) to work on /home/pyretttt/repos/mlops3/env/lib/python3.10/site-packages/airflow/example_dags/example_datasets.py
[2023-10-22T19:17:46.988+0400] {processor.py:829} INFO - Processing file /home/pyretttt/repos/mlops3/env/lib/python3.10/site-packages/airflow/example_dags/example_datasets.py for tasks to queue
[2023-10-22T19:17:46.989+0400] {logging_mixin.py:151} INFO - [2023-10-22T19:17:46.988+0400] {dagbag.py:536} INFO - Filling up the DagBag from /home/pyretttt/repos/mlops3/env/lib/python3.10/site-packages/airflow/example_dags/example_datasets.py
[2023-10-22T19:17:46.994+0400] {processor.py:839} INFO - DAG(s) dict_keys(['dataset_consumes_unknown_never_scheduled', 'dataset_produces_2', 'dataset_consumes_1', 'dataset_consumes_1_and_2', 'dataset_consumes_1_never_scheduled', 'dataset_produces_1']) retrieved from /home/pyretttt/repos/mlops3/env/lib/python3.10/site-packages/airflow/example_dags/example_datasets.py
[2023-10-22T19:17:47.005+0400] {logging_mixin.py:151} INFO - [2023-10-22T19:17:47.005+0400] {dag.py:2941} INFO - Sync 6 DAGs
[2023-10-22T19:17:47.014+0400] {logging_mixin.py:151} INFO - [2023-10-22T19:17:47.013+0400] {dag.py:3722} INFO - Setting next_dagrun for dataset_consumes_1 to None, run_after=None
[2023-10-22T19:17:47.015+0400] {logging_mixin.py:151} INFO - [2023-10-22T19:17:47.015+0400] {dag.py:3722} INFO - Setting next_dagrun for dataset_consumes_1_and_2 to None, run_after=None
[2023-10-22T19:17:47.015+0400] {logging_mixin.py:151} INFO - [2023-10-22T19:17:47.015+0400] {dag.py:3722} INFO - Setting next_dagrun for dataset_consumes_1_never_scheduled to None, run_after=None
[2023-10-22T19:17:47.015+0400] {logging_mixin.py:151} INFO - [2023-10-22T19:17:47.015+0400] {dag.py:3722} INFO - Setting next_dagrun for dataset_consumes_unknown_never_scheduled to None, run_after=None
[2023-10-22T19:17:47.016+0400] {logging_mixin.py:151} INFO - [2023-10-22T19:17:47.016+0400] {dag.py:3722} INFO - Setting next_dagrun for dataset_produces_1 to 2023-10-21T00:00:00+00:00, run_after=2023-10-22T00:00:00+00:00
[2023-10-22T19:17:47.016+0400] {logging_mixin.py:151} INFO - [2023-10-22T19:17:47.016+0400] {dag.py:3722} INFO - Setting next_dagrun for dataset_produces_2 to None, run_after=None
[2023-10-22T19:17:47.029+0400] {processor.py:179} INFO - Processing /home/pyretttt/repos/mlops3/env/lib/python3.10/site-packages/airflow/example_dags/example_datasets.py took 0.046 seconds
[2023-10-22T19:18:40.900+0400] {processor.py:157} INFO - Started process (PID=2155) to work on /home/pyretttt/repos/mlops3/env/lib/python3.10/site-packages/airflow/example_dags/example_datasets.py
[2023-10-22T19:18:40.901+0400] {processor.py:829} INFO - Processing file /home/pyretttt/repos/mlops3/env/lib/python3.10/site-packages/airflow/example_dags/example_datasets.py for tasks to queue
[2023-10-22T19:18:40.902+0400] {logging_mixin.py:151} INFO - [2023-10-22T19:18:40.902+0400] {dagbag.py:536} INFO - Filling up the DagBag from /home/pyretttt/repos/mlops3/env/lib/python3.10/site-packages/airflow/example_dags/example_datasets.py
[2023-10-22T19:18:40.910+0400] {processor.py:839} INFO - DAG(s) dict_keys(['dataset_consumes_unknown_never_scheduled', 'dataset_produces_1', 'dataset_produces_2', 'dataset_consumes_1', 'dataset_consumes_1_and_2', 'dataset_consumes_1_never_scheduled']) retrieved from /home/pyretttt/repos/mlops3/env/lib/python3.10/site-packages/airflow/example_dags/example_datasets.py
[2023-10-22T19:18:40.924+0400] {logging_mixin.py:151} INFO - [2023-10-22T19:18:40.924+0400] {dag.py:2941} INFO - Sync 6 DAGs
[2023-10-22T19:18:40.933+0400] {logging_mixin.py:151} INFO - [2023-10-22T19:18:40.933+0400] {dag.py:3722} INFO - Setting next_dagrun for dataset_consumes_1 to None, run_after=None
[2023-10-22T19:18:40.934+0400] {logging_mixin.py:151} INFO - [2023-10-22T19:18:40.934+0400] {dag.py:3722} INFO - Setting next_dagrun for dataset_consumes_1_and_2 to None, run_after=None
[2023-10-22T19:18:40.935+0400] {logging_mixin.py:151} INFO - [2023-10-22T19:18:40.935+0400] {dag.py:3722} INFO - Setting next_dagrun for dataset_consumes_1_never_scheduled to None, run_after=None
[2023-10-22T19:18:40.935+0400] {logging_mixin.py:151} INFO - [2023-10-22T19:18:40.935+0400] {dag.py:3722} INFO - Setting next_dagrun for dataset_consumes_unknown_never_scheduled to None, run_after=None
[2023-10-22T19:18:40.937+0400] {logging_mixin.py:151} INFO - [2023-10-22T19:18:40.937+0400] {dag.py:3722} INFO - Setting next_dagrun for dataset_produces_1 to 2023-10-21T00:00:00+00:00, run_after=2023-10-22T00:00:00+00:00
[2023-10-22T19:18:40.938+0400] {logging_mixin.py:151} INFO - [2023-10-22T19:18:40.938+0400] {dag.py:3722} INFO - Setting next_dagrun for dataset_produces_2 to None, run_after=None
[2023-10-22T19:18:40.952+0400] {processor.py:179} INFO - Processing /home/pyretttt/repos/mlops3/env/lib/python3.10/site-packages/airflow/example_dags/example_datasets.py took 0.058 seconds
[2023-10-22T19:19:34.113+0400] {processor.py:157} INFO - Started process (PID=2209) to work on /home/pyretttt/repos/mlops3/env/lib/python3.10/site-packages/airflow/example_dags/example_datasets.py
[2023-10-22T19:19:34.115+0400] {processor.py:829} INFO - Processing file /home/pyretttt/repos/mlops3/env/lib/python3.10/site-packages/airflow/example_dags/example_datasets.py for tasks to queue
[2023-10-22T19:19:34.116+0400] {logging_mixin.py:151} INFO - [2023-10-22T19:19:34.115+0400] {dagbag.py:536} INFO - Filling up the DagBag from /home/pyretttt/repos/mlops3/env/lib/python3.10/site-packages/airflow/example_dags/example_datasets.py
[2023-10-22T19:19:34.122+0400] {processor.py:839} INFO - DAG(s) dict_keys(['dataset_produces_2', 'dataset_produces_1', 'dataset_consumes_1_and_2', 'dataset_consumes_unknown_never_scheduled', 'dataset_consumes_1', 'dataset_consumes_1_never_scheduled']) retrieved from /home/pyretttt/repos/mlops3/env/lib/python3.10/site-packages/airflow/example_dags/example_datasets.py
[2023-10-22T19:19:34.133+0400] {logging_mixin.py:151} INFO - [2023-10-22T19:19:34.133+0400] {dag.py:2941} INFO - Sync 6 DAGs
[2023-10-22T19:19:34.141+0400] {logging_mixin.py:151} INFO - [2023-10-22T19:19:34.141+0400] {dag.py:3722} INFO - Setting next_dagrun for dataset_consumes_1 to None, run_after=None
[2023-10-22T19:19:34.142+0400] {logging_mixin.py:151} INFO - [2023-10-22T19:19:34.142+0400] {dag.py:3722} INFO - Setting next_dagrun for dataset_consumes_1_and_2 to None, run_after=None
[2023-10-22T19:19:34.142+0400] {logging_mixin.py:151} INFO - [2023-10-22T19:19:34.142+0400] {dag.py:3722} INFO - Setting next_dagrun for dataset_consumes_1_never_scheduled to None, run_after=None
[2023-10-22T19:19:34.143+0400] {logging_mixin.py:151} INFO - [2023-10-22T19:19:34.143+0400] {dag.py:3722} INFO - Setting next_dagrun for dataset_consumes_unknown_never_scheduled to None, run_after=None
[2023-10-22T19:19:34.144+0400] {logging_mixin.py:151} INFO - [2023-10-22T19:19:34.143+0400] {dag.py:3722} INFO - Setting next_dagrun for dataset_produces_1 to 2023-10-21T00:00:00+00:00, run_after=2023-10-22T00:00:00+00:00
[2023-10-22T19:19:34.144+0400] {logging_mixin.py:151} INFO - [2023-10-22T19:19:34.144+0400] {dag.py:3722} INFO - Setting next_dagrun for dataset_produces_2 to None, run_after=None
[2023-10-22T19:19:34.157+0400] {processor.py:179} INFO - Processing /home/pyretttt/repos/mlops3/env/lib/python3.10/site-packages/airflow/example_dags/example_datasets.py took 0.046 seconds
[2023-10-22T19:20:27.324+0400] {processor.py:157} INFO - Started process (PID=2264) to work on /home/pyretttt/repos/mlops3/env/lib/python3.10/site-packages/airflow/example_dags/example_datasets.py
[2023-10-22T19:20:27.326+0400] {processor.py:829} INFO - Processing file /home/pyretttt/repos/mlops3/env/lib/python3.10/site-packages/airflow/example_dags/example_datasets.py for tasks to queue
[2023-10-22T19:20:27.327+0400] {logging_mixin.py:151} INFO - [2023-10-22T19:20:27.327+0400] {dagbag.py:536} INFO - Filling up the DagBag from /home/pyretttt/repos/mlops3/env/lib/python3.10/site-packages/airflow/example_dags/example_datasets.py
[2023-10-22T19:20:27.334+0400] {processor.py:839} INFO - DAG(s) dict_keys(['dataset_consumes_1', 'dataset_consumes_1_and_2', 'dataset_consumes_unknown_never_scheduled', 'dataset_consumes_1_never_scheduled', 'dataset_produces_2', 'dataset_produces_1']) retrieved from /home/pyretttt/repos/mlops3/env/lib/python3.10/site-packages/airflow/example_dags/example_datasets.py
[2023-10-22T19:20:27.345+0400] {logging_mixin.py:151} INFO - [2023-10-22T19:20:27.345+0400] {dag.py:2941} INFO - Sync 6 DAGs
[2023-10-22T19:20:27.354+0400] {logging_mixin.py:151} INFO - [2023-10-22T19:20:27.353+0400] {dag.py:3722} INFO - Setting next_dagrun for dataset_consumes_1 to None, run_after=None
[2023-10-22T19:20:27.355+0400] {logging_mixin.py:151} INFO - [2023-10-22T19:20:27.355+0400] {dag.py:3722} INFO - Setting next_dagrun for dataset_consumes_1_and_2 to None, run_after=None
[2023-10-22T19:20:27.355+0400] {logging_mixin.py:151} INFO - [2023-10-22T19:20:27.355+0400] {dag.py:3722} INFO - Setting next_dagrun for dataset_consumes_1_never_scheduled to None, run_after=None
[2023-10-22T19:20:27.356+0400] {logging_mixin.py:151} INFO - [2023-10-22T19:20:27.356+0400] {dag.py:3722} INFO - Setting next_dagrun for dataset_consumes_unknown_never_scheduled to None, run_after=None
[2023-10-22T19:20:27.357+0400] {logging_mixin.py:151} INFO - [2023-10-22T19:20:27.357+0400] {dag.py:3722} INFO - Setting next_dagrun for dataset_produces_1 to 2023-10-21T00:00:00+00:00, run_after=2023-10-22T00:00:00+00:00
[2023-10-22T19:20:27.357+0400] {logging_mixin.py:151} INFO - [2023-10-22T19:20:27.357+0400] {dag.py:3722} INFO - Setting next_dagrun for dataset_produces_2 to None, run_after=None
[2023-10-22T19:20:27.373+0400] {processor.py:179} INFO - Processing /home/pyretttt/repos/mlops3/env/lib/python3.10/site-packages/airflow/example_dags/example_datasets.py took 0.053 seconds
