[2023-10-22T19:10:13.439+0400] {processor.py:157} INFO - Started process (PID=1394) to work on /home/pyretttt/repos/mlops3/env/lib/python3.10/site-packages/airflow/example_dags/example_trigger_controller_dag.py
[2023-10-22T19:10:13.440+0400] {processor.py:829} INFO - Processing file /home/pyretttt/repos/mlops3/env/lib/python3.10/site-packages/airflow/example_dags/example_trigger_controller_dag.py for tasks to queue
[2023-10-22T19:10:13.442+0400] {logging_mixin.py:151} INFO - [2023-10-22T19:10:13.441+0400] {dagbag.py:536} INFO - Filling up the DagBag from /home/pyretttt/repos/mlops3/env/lib/python3.10/site-packages/airflow/example_dags/example_trigger_controller_dag.py
[2023-10-22T19:10:13.449+0400] {processor.py:839} INFO - DAG(s) dict_keys(['example_trigger_controller_dag']) retrieved from /home/pyretttt/repos/mlops3/env/lib/python3.10/site-packages/airflow/example_dags/example_trigger_controller_dag.py
[2023-10-22T19:10:13.498+0400] {logging_mixin.py:151} INFO - [2023-10-22T19:10:13.498+0400] {manager.py:499} INFO - Created Permission View: %s
[2023-10-22T19:10:13.504+0400] {logging_mixin.py:151} INFO - [2023-10-22T19:10:13.504+0400] {manager.py:499} INFO - Created Permission View: %s
[2023-10-22T19:10:13.509+0400] {logging_mixin.py:151} INFO - [2023-10-22T19:10:13.509+0400] {manager.py:499} INFO - Created Permission View: %s
[2023-10-22T19:10:13.509+0400] {logging_mixin.py:151} INFO - [2023-10-22T19:10:13.509+0400] {dag.py:2941} INFO - Sync 1 DAGs
[2023-10-22T19:10:13.513+0400] {logging_mixin.py:151} INFO - [2023-10-22T19:10:13.513+0400] {dag.py:2963} INFO - Creating ORM DAG for example_trigger_controller_dag
[2023-10-22T19:10:13.517+0400] {logging_mixin.py:151} INFO - [2023-10-22T19:10:13.517+0400] {dag.py:3722} INFO - Setting next_dagrun for example_trigger_controller_dag to 2021-01-01T00:00:00+00:00, run_after=2021-01-01T00:00:00+00:00
[2023-10-22T19:10:13.526+0400] {processor.py:179} INFO - Processing /home/pyretttt/repos/mlops3/env/lib/python3.10/site-packages/airflow/example_dags/example_trigger_controller_dag.py took 0.090 seconds
[2023-10-22T19:11:01.201+0400] {processor.py:157} INFO - Started process (PID=1456) to work on /home/pyretttt/repos/mlops3/env/lib/python3.10/site-packages/airflow/example_dags/example_trigger_controller_dag.py
[2023-10-22T19:11:01.202+0400] {processor.py:829} INFO - Processing file /home/pyretttt/repos/mlops3/env/lib/python3.10/site-packages/airflow/example_dags/example_trigger_controller_dag.py for tasks to queue
[2023-10-22T19:11:01.203+0400] {logging_mixin.py:151} INFO - [2023-10-22T19:11:01.203+0400] {dagbag.py:536} INFO - Filling up the DagBag from /home/pyretttt/repos/mlops3/env/lib/python3.10/site-packages/airflow/example_dags/example_trigger_controller_dag.py
[2023-10-22T19:11:01.208+0400] {processor.py:839} INFO - DAG(s) dict_keys(['example_trigger_controller_dag']) retrieved from /home/pyretttt/repos/mlops3/env/lib/python3.10/site-packages/airflow/example_dags/example_trigger_controller_dag.py
[2023-10-22T19:11:01.219+0400] {logging_mixin.py:151} INFO - [2023-10-22T19:11:01.219+0400] {dag.py:2941} INFO - Sync 1 DAGs
[2023-10-22T19:11:01.226+0400] {logging_mixin.py:151} INFO - [2023-10-22T19:11:01.226+0400] {dag.py:3722} INFO - Setting next_dagrun for example_trigger_controller_dag to 2021-01-01T00:00:00+00:00, run_after=2021-01-01T00:00:00+00:00
[2023-10-22T19:11:01.237+0400] {processor.py:179} INFO - Processing /home/pyretttt/repos/mlops3/env/lib/python3.10/site-packages/airflow/example_dags/example_trigger_controller_dag.py took 0.039 seconds
[2023-10-22T19:11:46.457+0400] {processor.py:157} INFO - Started process (PID=1678) to work on /home/pyretttt/repos/mlops3/env/lib/python3.10/site-packages/airflow/example_dags/example_trigger_controller_dag.py
[2023-10-22T19:11:46.458+0400] {processor.py:829} INFO - Processing file /home/pyretttt/repos/mlops3/env/lib/python3.10/site-packages/airflow/example_dags/example_trigger_controller_dag.py for tasks to queue
[2023-10-22T19:11:46.459+0400] {logging_mixin.py:151} INFO - [2023-10-22T19:11:46.459+0400] {dagbag.py:536} INFO - Filling up the DagBag from /home/pyretttt/repos/mlops3/env/lib/python3.10/site-packages/airflow/example_dags/example_trigger_controller_dag.py
[2023-10-22T19:11:46.462+0400] {processor.py:839} INFO - DAG(s) dict_keys(['example_trigger_controller_dag']) retrieved from /home/pyretttt/repos/mlops3/env/lib/python3.10/site-packages/airflow/example_dags/example_trigger_controller_dag.py
[2023-10-22T19:11:46.474+0400] {logging_mixin.py:151} INFO - [2023-10-22T19:11:46.474+0400] {dag.py:2941} INFO - Sync 1 DAGs
[2023-10-22T19:11:46.483+0400] {logging_mixin.py:151} INFO - [2023-10-22T19:11:46.483+0400] {dag.py:3722} INFO - Setting next_dagrun for example_trigger_controller_dag to 2021-01-01T00:00:00+00:00, run_after=2021-01-01T00:00:00+00:00
[2023-10-22T19:11:46.496+0400] {processor.py:179} INFO - Processing /home/pyretttt/repos/mlops3/env/lib/python3.10/site-packages/airflow/example_dags/example_trigger_controller_dag.py took 0.041 seconds
[2023-10-22T19:12:37.363+0400] {processor.py:157} INFO - Started process (PID=1730) to work on /home/pyretttt/repos/mlops3/env/lib/python3.10/site-packages/airflow/example_dags/example_trigger_controller_dag.py
[2023-10-22T19:12:37.364+0400] {processor.py:829} INFO - Processing file /home/pyretttt/repos/mlops3/env/lib/python3.10/site-packages/airflow/example_dags/example_trigger_controller_dag.py for tasks to queue
[2023-10-22T19:12:37.364+0400] {logging_mixin.py:151} INFO - [2023-10-22T19:12:37.364+0400] {dagbag.py:536} INFO - Filling up the DagBag from /home/pyretttt/repos/mlops3/env/lib/python3.10/site-packages/airflow/example_dags/example_trigger_controller_dag.py
[2023-10-22T19:12:37.366+0400] {processor.py:839} INFO - DAG(s) dict_keys(['example_trigger_controller_dag']) retrieved from /home/pyretttt/repos/mlops3/env/lib/python3.10/site-packages/airflow/example_dags/example_trigger_controller_dag.py
[2023-10-22T19:12:37.374+0400] {logging_mixin.py:151} INFO - [2023-10-22T19:12:37.374+0400] {dag.py:2941} INFO - Sync 1 DAGs
[2023-10-22T19:12:37.382+0400] {logging_mixin.py:151} INFO - [2023-10-22T19:12:37.382+0400] {dag.py:3722} INFO - Setting next_dagrun for example_trigger_controller_dag to 2021-01-01T00:00:00+00:00, run_after=2021-01-01T00:00:00+00:00
[2023-10-22T19:12:37.393+0400] {processor.py:179} INFO - Processing /home/pyretttt/repos/mlops3/env/lib/python3.10/site-packages/airflow/example_dags/example_trigger_controller_dag.py took 0.031 seconds
[2023-10-22T19:13:25.859+0400] {processor.py:157} INFO - Started process (PID=1781) to work on /home/pyretttt/repos/mlops3/env/lib/python3.10/site-packages/airflow/example_dags/example_trigger_controller_dag.py
[2023-10-22T19:13:25.860+0400] {processor.py:829} INFO - Processing file /home/pyretttt/repos/mlops3/env/lib/python3.10/site-packages/airflow/example_dags/example_trigger_controller_dag.py for tasks to queue
[2023-10-22T19:13:25.861+0400] {logging_mixin.py:151} INFO - [2023-10-22T19:13:25.861+0400] {dagbag.py:536} INFO - Filling up the DagBag from /home/pyretttt/repos/mlops3/env/lib/python3.10/site-packages/airflow/example_dags/example_trigger_controller_dag.py
[2023-10-22T19:13:25.867+0400] {processor.py:839} INFO - DAG(s) dict_keys(['example_trigger_controller_dag']) retrieved from /home/pyretttt/repos/mlops3/env/lib/python3.10/site-packages/airflow/example_dags/example_trigger_controller_dag.py
[2023-10-22T19:13:25.877+0400] {logging_mixin.py:151} INFO - [2023-10-22T19:13:25.877+0400] {dag.py:2941} INFO - Sync 1 DAGs
[2023-10-22T19:13:25.892+0400] {logging_mixin.py:151} INFO - [2023-10-22T19:13:25.891+0400] {dag.py:3722} INFO - Setting next_dagrun for example_trigger_controller_dag to 2021-01-01T00:00:00+00:00, run_after=2021-01-01T00:00:00+00:00
[2023-10-22T19:13:25.903+0400] {processor.py:179} INFO - Processing /home/pyretttt/repos/mlops3/env/lib/python3.10/site-packages/airflow/example_dags/example_trigger_controller_dag.py took 0.048 seconds
[2023-10-22T19:14:18.716+0400] {processor.py:157} INFO - Started process (PID=1854) to work on /home/pyretttt/repos/mlops3/env/lib/python3.10/site-packages/airflow/example_dags/example_trigger_controller_dag.py
[2023-10-22T19:14:18.717+0400] {processor.py:829} INFO - Processing file /home/pyretttt/repos/mlops3/env/lib/python3.10/site-packages/airflow/example_dags/example_trigger_controller_dag.py for tasks to queue
[2023-10-22T19:14:18.718+0400] {logging_mixin.py:151} INFO - [2023-10-22T19:14:18.718+0400] {dagbag.py:536} INFO - Filling up the DagBag from /home/pyretttt/repos/mlops3/env/lib/python3.10/site-packages/airflow/example_dags/example_trigger_controller_dag.py
[2023-10-22T19:14:18.723+0400] {processor.py:839} INFO - DAG(s) dict_keys(['example_trigger_controller_dag']) retrieved from /home/pyretttt/repos/mlops3/env/lib/python3.10/site-packages/airflow/example_dags/example_trigger_controller_dag.py
[2023-10-22T19:14:18.732+0400] {logging_mixin.py:151} INFO - [2023-10-22T19:14:18.732+0400] {dag.py:2941} INFO - Sync 1 DAGs
[2023-10-22T19:14:18.740+0400] {logging_mixin.py:151} INFO - [2023-10-22T19:14:18.739+0400] {dag.py:3722} INFO - Setting next_dagrun for example_trigger_controller_dag to 2021-01-01T00:00:00+00:00, run_after=2021-01-01T00:00:00+00:00
[2023-10-22T19:14:18.750+0400] {processor.py:179} INFO - Processing /home/pyretttt/repos/mlops3/env/lib/python3.10/site-packages/airflow/example_dags/example_trigger_controller_dag.py took 0.038 seconds
[2023-10-22T19:15:09.102+0400] {processor.py:157} INFO - Started process (PID=1907) to work on /home/pyretttt/repos/mlops3/env/lib/python3.10/site-packages/airflow/example_dags/example_trigger_controller_dag.py
[2023-10-22T19:15:09.104+0400] {processor.py:829} INFO - Processing file /home/pyretttt/repos/mlops3/env/lib/python3.10/site-packages/airflow/example_dags/example_trigger_controller_dag.py for tasks to queue
[2023-10-22T19:15:09.105+0400] {logging_mixin.py:151} INFO - [2023-10-22T19:15:09.104+0400] {dagbag.py:536} INFO - Filling up the DagBag from /home/pyretttt/repos/mlops3/env/lib/python3.10/site-packages/airflow/example_dags/example_trigger_controller_dag.py
[2023-10-22T19:15:09.109+0400] {processor.py:839} INFO - DAG(s) dict_keys(['example_trigger_controller_dag']) retrieved from /home/pyretttt/repos/mlops3/env/lib/python3.10/site-packages/airflow/example_dags/example_trigger_controller_dag.py
[2023-10-22T19:15:09.118+0400] {logging_mixin.py:151} INFO - [2023-10-22T19:15:09.118+0400] {dag.py:2941} INFO - Sync 1 DAGs
[2023-10-22T19:15:09.125+0400] {logging_mixin.py:151} INFO - [2023-10-22T19:15:09.125+0400] {dag.py:3722} INFO - Setting next_dagrun for example_trigger_controller_dag to 2021-01-01T00:00:00+00:00, run_after=2021-01-01T00:00:00+00:00
[2023-10-22T19:15:09.135+0400] {processor.py:179} INFO - Processing /home/pyretttt/repos/mlops3/env/lib/python3.10/site-packages/airflow/example_dags/example_trigger_controller_dag.py took 0.036 seconds
[2023-10-22T19:16:04.438+0400] {processor.py:157} INFO - Started process (PID=1961) to work on /home/pyretttt/repos/mlops3/env/lib/python3.10/site-packages/airflow/example_dags/example_trigger_controller_dag.py
[2023-10-22T19:16:04.440+0400] {processor.py:829} INFO - Processing file /home/pyretttt/repos/mlops3/env/lib/python3.10/site-packages/airflow/example_dags/example_trigger_controller_dag.py for tasks to queue
[2023-10-22T19:16:04.442+0400] {logging_mixin.py:151} INFO - [2023-10-22T19:16:04.440+0400] {dagbag.py:536} INFO - Filling up the DagBag from /home/pyretttt/repos/mlops3/env/lib/python3.10/site-packages/airflow/example_dags/example_trigger_controller_dag.py
[2023-10-22T19:16:04.447+0400] {processor.py:839} INFO - DAG(s) dict_keys(['example_trigger_controller_dag']) retrieved from /home/pyretttt/repos/mlops3/env/lib/python3.10/site-packages/airflow/example_dags/example_trigger_controller_dag.py
[2023-10-22T19:16:04.456+0400] {logging_mixin.py:151} INFO - [2023-10-22T19:16:04.456+0400] {dag.py:2941} INFO - Sync 1 DAGs
[2023-10-22T19:16:04.466+0400] {logging_mixin.py:151} INFO - [2023-10-22T19:16:04.466+0400] {dag.py:3722} INFO - Setting next_dagrun for example_trigger_controller_dag to 2021-01-01T00:00:00+00:00, run_after=2021-01-01T00:00:00+00:00
[2023-10-22T19:16:04.478+0400] {processor.py:179} INFO - Processing /home/pyretttt/repos/mlops3/env/lib/python3.10/site-packages/airflow/example_dags/example_trigger_controller_dag.py took 0.043 seconds
[2023-10-22T19:17:01.674+0400] {processor.py:157} INFO - Started process (PID=2035) to work on /home/pyretttt/repos/mlops3/env/lib/python3.10/site-packages/airflow/example_dags/example_trigger_controller_dag.py
[2023-10-22T19:17:01.675+0400] {processor.py:829} INFO - Processing file /home/pyretttt/repos/mlops3/env/lib/python3.10/site-packages/airflow/example_dags/example_trigger_controller_dag.py for tasks to queue
[2023-10-22T19:17:01.676+0400] {logging_mixin.py:151} INFO - [2023-10-22T19:17:01.676+0400] {dagbag.py:536} INFO - Filling up the DagBag from /home/pyretttt/repos/mlops3/env/lib/python3.10/site-packages/airflow/example_dags/example_trigger_controller_dag.py
[2023-10-22T19:17:01.681+0400] {processor.py:839} INFO - DAG(s) dict_keys(['example_trigger_controller_dag']) retrieved from /home/pyretttt/repos/mlops3/env/lib/python3.10/site-packages/airflow/example_dags/example_trigger_controller_dag.py
[2023-10-22T19:17:01.690+0400] {logging_mixin.py:151} INFO - [2023-10-22T19:17:01.690+0400] {dag.py:2941} INFO - Sync 1 DAGs
[2023-10-22T19:17:01.698+0400] {logging_mixin.py:151} INFO - [2023-10-22T19:17:01.698+0400] {dag.py:3722} INFO - Setting next_dagrun for example_trigger_controller_dag to 2021-01-01T00:00:00+00:00, run_after=2021-01-01T00:00:00+00:00
[2023-10-22T19:17:01.711+0400] {processor.py:179} INFO - Processing /home/pyretttt/repos/mlops3/env/lib/python3.10/site-packages/airflow/example_dags/example_trigger_controller_dag.py took 0.040 seconds
[2023-10-22T19:17:55.209+0400] {processor.py:157} INFO - Started process (PID=2110) to work on /home/pyretttt/repos/mlops3/env/lib/python3.10/site-packages/airflow/example_dags/example_trigger_controller_dag.py
[2023-10-22T19:17:55.210+0400] {processor.py:829} INFO - Processing file /home/pyretttt/repos/mlops3/env/lib/python3.10/site-packages/airflow/example_dags/example_trigger_controller_dag.py for tasks to queue
[2023-10-22T19:17:55.211+0400] {logging_mixin.py:151} INFO - [2023-10-22T19:17:55.210+0400] {dagbag.py:536} INFO - Filling up the DagBag from /home/pyretttt/repos/mlops3/env/lib/python3.10/site-packages/airflow/example_dags/example_trigger_controller_dag.py
[2023-10-22T19:17:55.213+0400] {processor.py:839} INFO - DAG(s) dict_keys(['example_trigger_controller_dag']) retrieved from /home/pyretttt/repos/mlops3/env/lib/python3.10/site-packages/airflow/example_dags/example_trigger_controller_dag.py
[2023-10-22T19:17:55.221+0400] {logging_mixin.py:151} INFO - [2023-10-22T19:17:55.221+0400] {dag.py:2941} INFO - Sync 1 DAGs
[2023-10-22T19:17:55.230+0400] {logging_mixin.py:151} INFO - [2023-10-22T19:17:55.230+0400] {dag.py:3722} INFO - Setting next_dagrun for example_trigger_controller_dag to 2021-01-01T00:00:00+00:00, run_after=2021-01-01T00:00:00+00:00
[2023-10-22T19:17:55.242+0400] {processor.py:179} INFO - Processing /home/pyretttt/repos/mlops3/env/lib/python3.10/site-packages/airflow/example_dags/example_trigger_controller_dag.py took 0.035 seconds
[2023-10-22T19:18:51.253+0400] {processor.py:157} INFO - Started process (PID=2165) to work on /home/pyretttt/repos/mlops3/env/lib/python3.10/site-packages/airflow/example_dags/example_trigger_controller_dag.py
[2023-10-22T19:18:51.255+0400] {processor.py:829} INFO - Processing file /home/pyretttt/repos/mlops3/env/lib/python3.10/site-packages/airflow/example_dags/example_trigger_controller_dag.py for tasks to queue
[2023-10-22T19:18:51.256+0400] {logging_mixin.py:151} INFO - [2023-10-22T19:18:51.256+0400] {dagbag.py:536} INFO - Filling up the DagBag from /home/pyretttt/repos/mlops3/env/lib/python3.10/site-packages/airflow/example_dags/example_trigger_controller_dag.py
[2023-10-22T19:18:51.260+0400] {processor.py:839} INFO - DAG(s) dict_keys(['example_trigger_controller_dag']) retrieved from /home/pyretttt/repos/mlops3/env/lib/python3.10/site-packages/airflow/example_dags/example_trigger_controller_dag.py
[2023-10-22T19:18:51.268+0400] {logging_mixin.py:151} INFO - [2023-10-22T19:18:51.268+0400] {dag.py:2941} INFO - Sync 1 DAGs
[2023-10-22T19:18:51.277+0400] {logging_mixin.py:151} INFO - [2023-10-22T19:18:51.277+0400] {dag.py:3722} INFO - Setting next_dagrun for example_trigger_controller_dag to 2021-01-01T00:00:00+00:00, run_after=2021-01-01T00:00:00+00:00
[2023-10-22T19:18:51.290+0400] {processor.py:179} INFO - Processing /home/pyretttt/repos/mlops3/env/lib/python3.10/site-packages/airflow/example_dags/example_trigger_controller_dag.py took 0.040 seconds
[2023-10-22T19:19:43.296+0400] {processor.py:157} INFO - Started process (PID=2218) to work on /home/pyretttt/repos/mlops3/env/lib/python3.10/site-packages/airflow/example_dags/example_trigger_controller_dag.py
[2023-10-22T19:19:43.298+0400] {processor.py:829} INFO - Processing file /home/pyretttt/repos/mlops3/env/lib/python3.10/site-packages/airflow/example_dags/example_trigger_controller_dag.py for tasks to queue
[2023-10-22T19:19:43.299+0400] {logging_mixin.py:151} INFO - [2023-10-22T19:19:43.298+0400] {dagbag.py:536} INFO - Filling up the DagBag from /home/pyretttt/repos/mlops3/env/lib/python3.10/site-packages/airflow/example_dags/example_trigger_controller_dag.py
[2023-10-22T19:19:43.304+0400] {processor.py:839} INFO - DAG(s) dict_keys(['example_trigger_controller_dag']) retrieved from /home/pyretttt/repos/mlops3/env/lib/python3.10/site-packages/airflow/example_dags/example_trigger_controller_dag.py
[2023-10-22T19:19:43.314+0400] {logging_mixin.py:151} INFO - [2023-10-22T19:19:43.313+0400] {dag.py:2941} INFO - Sync 1 DAGs
[2023-10-22T19:19:43.321+0400] {logging_mixin.py:151} INFO - [2023-10-22T19:19:43.321+0400] {dag.py:3722} INFO - Setting next_dagrun for example_trigger_controller_dag to 2021-01-01T00:00:00+00:00, run_after=2021-01-01T00:00:00+00:00
[2023-10-22T19:19:43.331+0400] {processor.py:179} INFO - Processing /home/pyretttt/repos/mlops3/env/lib/python3.10/site-packages/airflow/example_dags/example_trigger_controller_dag.py took 0.038 seconds
[2023-10-22T19:20:37.831+0400] {processor.py:157} INFO - Started process (PID=2282) to work on /home/pyretttt/repos/mlops3/env/lib/python3.10/site-packages/airflow/example_dags/example_trigger_controller_dag.py
[2023-10-22T19:20:37.833+0400] {processor.py:829} INFO - Processing file /home/pyretttt/repos/mlops3/env/lib/python3.10/site-packages/airflow/example_dags/example_trigger_controller_dag.py for tasks to queue
[2023-10-22T19:20:37.834+0400] {logging_mixin.py:151} INFO - [2023-10-22T19:20:37.834+0400] {dagbag.py:536} INFO - Filling up the DagBag from /home/pyretttt/repos/mlops3/env/lib/python3.10/site-packages/airflow/example_dags/example_trigger_controller_dag.py
[2023-10-22T19:20:37.841+0400] {processor.py:839} INFO - DAG(s) dict_keys(['example_trigger_controller_dag']) retrieved from /home/pyretttt/repos/mlops3/env/lib/python3.10/site-packages/airflow/example_dags/example_trigger_controller_dag.py
[2023-10-22T19:20:37.855+0400] {logging_mixin.py:151} INFO - [2023-10-22T19:20:37.855+0400] {dag.py:2941} INFO - Sync 1 DAGs
[2023-10-22T19:20:37.867+0400] {logging_mixin.py:151} INFO - [2023-10-22T19:20:37.866+0400] {dag.py:3722} INFO - Setting next_dagrun for example_trigger_controller_dag to 2021-01-01T00:00:00+00:00, run_after=2021-01-01T00:00:00+00:00
[2023-10-22T19:20:37.880+0400] {processor.py:179} INFO - Processing /home/pyretttt/repos/mlops3/env/lib/python3.10/site-packages/airflow/example_dags/example_trigger_controller_dag.py took 0.054 seconds
