[2023-10-22T19:09:25.174+0400] {processor.py:157} INFO - Started process (PID=1379) to work on /home/pyretttt/repos/mlops3/env/lib/python3.10/site-packages/airflow/example_dags/example_short_circuit_decorator.py
[2023-10-22T19:09:25.175+0400] {processor.py:829} INFO - Processing file /home/pyretttt/repos/mlops3/env/lib/python3.10/site-packages/airflow/example_dags/example_short_circuit_decorator.py for tasks to queue
[2023-10-22T19:09:25.176+0400] {logging_mixin.py:151} INFO - [2023-10-22T19:09:25.176+0400] {dagbag.py:536} INFO - Filling up the DagBag from /home/pyretttt/repos/mlops3/env/lib/python3.10/site-packages/airflow/example_dags/example_short_circuit_decorator.py
[2023-10-22T19:09:25.194+0400] {processor.py:839} INFO - DAG(s) dict_keys(['example_short_circuit_decorator']) retrieved from /home/pyretttt/repos/mlops3/env/lib/python3.10/site-packages/airflow/example_dags/example_short_circuit_decorator.py
[2023-10-22T19:09:25.312+0400] {logging_mixin.py:151} INFO - [2023-10-22T19:09:25.311+0400] {manager.py:499} INFO - Created Permission View: %s
[2023-10-22T19:09:25.321+0400] {logging_mixin.py:151} INFO - [2023-10-22T19:09:25.320+0400] {manager.py:499} INFO - Created Permission View: %s
[2023-10-22T19:09:25.335+0400] {logging_mixin.py:151} INFO - [2023-10-22T19:09:25.334+0400] {manager.py:499} INFO - Created Permission View: %s
[2023-10-22T19:09:25.335+0400] {logging_mixin.py:151} INFO - [2023-10-22T19:09:25.335+0400] {dag.py:2941} INFO - Sync 1 DAGs
[2023-10-22T19:09:25.351+0400] {logging_mixin.py:151} INFO - [2023-10-22T19:09:25.351+0400] {dag.py:2963} INFO - Creating ORM DAG for example_short_circuit_decorator
[2023-10-22T19:09:25.361+0400] {logging_mixin.py:151} INFO - [2023-10-22T19:09:25.361+0400] {dag.py:3722} INFO - Setting next_dagrun for example_short_circuit_decorator to 2023-10-21T15:09:25.360536+00:00, run_after=2023-10-22T15:09:25.360536+00:00
[2023-10-22T19:09:25.380+0400] {processor.py:179} INFO - Processing /home/pyretttt/repos/mlops3/env/lib/python3.10/site-packages/airflow/example_dags/example_short_circuit_decorator.py took 0.209 seconds
[2023-10-22T19:10:47.075+0400] {processor.py:157} INFO - Started process (PID=1443) to work on /home/pyretttt/repos/mlops3/env/lib/python3.10/site-packages/airflow/example_dags/example_short_circuit_decorator.py
[2023-10-22T19:10:47.076+0400] {processor.py:829} INFO - Processing file /home/pyretttt/repos/mlops3/env/lib/python3.10/site-packages/airflow/example_dags/example_short_circuit_decorator.py for tasks to queue
[2023-10-22T19:10:47.077+0400] {logging_mixin.py:151} INFO - [2023-10-22T19:10:47.077+0400] {dagbag.py:536} INFO - Filling up the DagBag from /home/pyretttt/repos/mlops3/env/lib/python3.10/site-packages/airflow/example_dags/example_short_circuit_decorator.py
[2023-10-22T19:10:47.086+0400] {processor.py:839} INFO - DAG(s) dict_keys(['example_short_circuit_decorator']) retrieved from /home/pyretttt/repos/mlops3/env/lib/python3.10/site-packages/airflow/example_dags/example_short_circuit_decorator.py
[2023-10-22T19:10:47.095+0400] {logging_mixin.py:151} INFO - [2023-10-22T19:10:47.095+0400] {dag.py:2941} INFO - Sync 1 DAGs
[2023-10-22T19:10:47.103+0400] {logging_mixin.py:151} INFO - [2023-10-22T19:10:47.103+0400] {dag.py:3722} INFO - Setting next_dagrun for example_short_circuit_decorator to 2023-10-21T15:10:47.103721+00:00, run_after=2023-10-22T15:10:47.103721+00:00
[2023-10-22T19:10:47.113+0400] {processor.py:179} INFO - Processing /home/pyretttt/repos/mlops3/env/lib/python3.10/site-packages/airflow/example_dags/example_short_circuit_decorator.py took 0.042 seconds
[2023-10-22T19:11:34.048+0400] {processor.py:157} INFO - Started process (PID=1656) to work on /home/pyretttt/repos/mlops3/env/lib/python3.10/site-packages/airflow/example_dags/example_short_circuit_decorator.py
[2023-10-22T19:11:34.049+0400] {processor.py:829} INFO - Processing file /home/pyretttt/repos/mlops3/env/lib/python3.10/site-packages/airflow/example_dags/example_short_circuit_decorator.py for tasks to queue
[2023-10-22T19:11:34.049+0400] {logging_mixin.py:151} INFO - [2023-10-22T19:11:34.049+0400] {dagbag.py:536} INFO - Filling up the DagBag from /home/pyretttt/repos/mlops3/env/lib/python3.10/site-packages/airflow/example_dags/example_short_circuit_decorator.py
[2023-10-22T19:11:34.055+0400] {processor.py:839} INFO - DAG(s) dict_keys(['example_short_circuit_decorator']) retrieved from /home/pyretttt/repos/mlops3/env/lib/python3.10/site-packages/airflow/example_dags/example_short_circuit_decorator.py
[2023-10-22T19:11:34.066+0400] {logging_mixin.py:151} INFO - [2023-10-22T19:11:34.066+0400] {dag.py:2941} INFO - Sync 1 DAGs
[2023-10-22T19:11:34.077+0400] {logging_mixin.py:151} INFO - [2023-10-22T19:11:34.077+0400] {dag.py:3722} INFO - Setting next_dagrun for example_short_circuit_decorator to 2023-10-21T15:11:34.077377+00:00, run_after=2023-10-22T15:11:34.077377+00:00
[2023-10-22T19:11:34.089+0400] {processor.py:179} INFO - Processing /home/pyretttt/repos/mlops3/env/lib/python3.10/site-packages/airflow/example_dags/example_short_circuit_decorator.py took 0.043 seconds
[2023-10-22T19:12:08.104+0400] {processor.py:157} INFO - Started process (PID=1701) to work on /home/pyretttt/repos/mlops3/env/lib/python3.10/site-packages/airflow/example_dags/example_short_circuit_decorator.py
[2023-10-22T19:12:08.105+0400] {processor.py:829} INFO - Processing file /home/pyretttt/repos/mlops3/env/lib/python3.10/site-packages/airflow/example_dags/example_short_circuit_decorator.py for tasks to queue
[2023-10-22T19:12:08.107+0400] {logging_mixin.py:151} INFO - [2023-10-22T19:12:08.106+0400] {dagbag.py:536} INFO - Filling up the DagBag from /home/pyretttt/repos/mlops3/env/lib/python3.10/site-packages/airflow/example_dags/example_short_circuit_decorator.py
[2023-10-22T19:12:08.112+0400] {processor.py:839} INFO - DAG(s) dict_keys(['example_short_circuit_decorator']) retrieved from /home/pyretttt/repos/mlops3/env/lib/python3.10/site-packages/airflow/example_dags/example_short_circuit_decorator.py
[2023-10-22T19:12:08.122+0400] {logging_mixin.py:151} INFO - [2023-10-22T19:12:08.122+0400] {dag.py:2941} INFO - Sync 1 DAGs
[2023-10-22T19:12:08.130+0400] {logging_mixin.py:151} INFO - [2023-10-22T19:12:08.130+0400] {dag.py:3722} INFO - Setting next_dagrun for example_short_circuit_decorator to 2023-10-21T15:12:08.130185+00:00, run_after=2023-10-22T15:12:08.130185+00:00
[2023-10-22T19:12:08.142+0400] {processor.py:179} INFO - Processing /home/pyretttt/repos/mlops3/env/lib/python3.10/site-packages/airflow/example_dags/example_short_circuit_decorator.py took 0.041 seconds
[2023-10-22T19:12:47.541+0400] {processor.py:157} INFO - Started process (PID=1740) to work on /home/pyretttt/repos/mlops3/env/lib/python3.10/site-packages/airflow/example_dags/example_short_circuit_decorator.py
[2023-10-22T19:12:47.543+0400] {processor.py:829} INFO - Processing file /home/pyretttt/repos/mlops3/env/lib/python3.10/site-packages/airflow/example_dags/example_short_circuit_decorator.py for tasks to queue
[2023-10-22T19:12:47.544+0400] {logging_mixin.py:151} INFO - [2023-10-22T19:12:47.543+0400] {dagbag.py:536} INFO - Filling up the DagBag from /home/pyretttt/repos/mlops3/env/lib/python3.10/site-packages/airflow/example_dags/example_short_circuit_decorator.py
[2023-10-22T19:12:47.552+0400] {processor.py:839} INFO - DAG(s) dict_keys(['example_short_circuit_decorator']) retrieved from /home/pyretttt/repos/mlops3/env/lib/python3.10/site-packages/airflow/example_dags/example_short_circuit_decorator.py
[2023-10-22T19:12:47.560+0400] {logging_mixin.py:151} INFO - [2023-10-22T19:12:47.560+0400] {dag.py:2941} INFO - Sync 1 DAGs
[2023-10-22T19:12:47.569+0400] {logging_mixin.py:151} INFO - [2023-10-22T19:12:47.569+0400] {dag.py:3722} INFO - Setting next_dagrun for example_short_circuit_decorator to 2023-10-21T15:12:47.569031+00:00, run_after=2023-10-22T15:12:47.569031+00:00
[2023-10-22T19:12:47.583+0400] {processor.py:179} INFO - Processing /home/pyretttt/repos/mlops3/env/lib/python3.10/site-packages/airflow/example_dags/example_short_circuit_decorator.py took 0.044 seconds
[2023-10-22T19:13:34.765+0400] {processor.py:157} INFO - Started process (PID=1789) to work on /home/pyretttt/repos/mlops3/env/lib/python3.10/site-packages/airflow/example_dags/example_short_circuit_decorator.py
[2023-10-22T19:13:34.766+0400] {processor.py:829} INFO - Processing file /home/pyretttt/repos/mlops3/env/lib/python3.10/site-packages/airflow/example_dags/example_short_circuit_decorator.py for tasks to queue
[2023-10-22T19:13:34.767+0400] {logging_mixin.py:151} INFO - [2023-10-22T19:13:34.767+0400] {dagbag.py:536} INFO - Filling up the DagBag from /home/pyretttt/repos/mlops3/env/lib/python3.10/site-packages/airflow/example_dags/example_short_circuit_decorator.py
[2023-10-22T19:13:34.777+0400] {processor.py:839} INFO - DAG(s) dict_keys(['example_short_circuit_decorator']) retrieved from /home/pyretttt/repos/mlops3/env/lib/python3.10/site-packages/airflow/example_dags/example_short_circuit_decorator.py
[2023-10-22T19:13:34.786+0400] {logging_mixin.py:151} INFO - [2023-10-22T19:13:34.786+0400] {dag.py:2941} INFO - Sync 1 DAGs
[2023-10-22T19:13:34.795+0400] {logging_mixin.py:151} INFO - [2023-10-22T19:13:34.795+0400] {dag.py:3722} INFO - Setting next_dagrun for example_short_circuit_decorator to 2023-10-21T15:13:34.795286+00:00, run_after=2023-10-22T15:13:34.795286+00:00
[2023-10-22T19:13:34.805+0400] {processor.py:179} INFO - Processing /home/pyretttt/repos/mlops3/env/lib/python3.10/site-packages/airflow/example_dags/example_short_circuit_decorator.py took 0.043 seconds
[2023-10-22T19:14:09.152+0400] {processor.py:157} INFO - Started process (PID=1845) to work on /home/pyretttt/repos/mlops3/env/lib/python3.10/site-packages/airflow/example_dags/example_short_circuit_decorator.py
[2023-10-22T19:14:09.154+0400] {processor.py:829} INFO - Processing file /home/pyretttt/repos/mlops3/env/lib/python3.10/site-packages/airflow/example_dags/example_short_circuit_decorator.py for tasks to queue
[2023-10-22T19:14:09.155+0400] {logging_mixin.py:151} INFO - [2023-10-22T19:14:09.154+0400] {dagbag.py:536} INFO - Filling up the DagBag from /home/pyretttt/repos/mlops3/env/lib/python3.10/site-packages/airflow/example_dags/example_short_circuit_decorator.py
[2023-10-22T19:14:09.163+0400] {processor.py:839} INFO - DAG(s) dict_keys(['example_short_circuit_decorator']) retrieved from /home/pyretttt/repos/mlops3/env/lib/python3.10/site-packages/airflow/example_dags/example_short_circuit_decorator.py
[2023-10-22T19:14:09.172+0400] {logging_mixin.py:151} INFO - [2023-10-22T19:14:09.171+0400] {dag.py:2941} INFO - Sync 1 DAGs
[2023-10-22T19:14:09.180+0400] {logging_mixin.py:151} INFO - [2023-10-22T19:14:09.179+0400] {dag.py:3722} INFO - Setting next_dagrun for example_short_circuit_decorator to 2023-10-21T15:14:09.179783+00:00, run_after=2023-10-22T15:14:09.179783+00:00
[2023-10-22T19:14:09.191+0400] {processor.py:179} INFO - Processing /home/pyretttt/repos/mlops3/env/lib/python3.10/site-packages/airflow/example_dags/example_short_circuit_decorator.py took 0.042 seconds
[2023-10-22T19:14:45.055+0400] {processor.py:157} INFO - Started process (PID=1883) to work on /home/pyretttt/repos/mlops3/env/lib/python3.10/site-packages/airflow/example_dags/example_short_circuit_decorator.py
[2023-10-22T19:14:45.056+0400] {processor.py:829} INFO - Processing file /home/pyretttt/repos/mlops3/env/lib/python3.10/site-packages/airflow/example_dags/example_short_circuit_decorator.py for tasks to queue
[2023-10-22T19:14:45.057+0400] {logging_mixin.py:151} INFO - [2023-10-22T19:14:45.057+0400] {dagbag.py:536} INFO - Filling up the DagBag from /home/pyretttt/repos/mlops3/env/lib/python3.10/site-packages/airflow/example_dags/example_short_circuit_decorator.py
[2023-10-22T19:14:45.063+0400] {processor.py:839} INFO - DAG(s) dict_keys(['example_short_circuit_decorator']) retrieved from /home/pyretttt/repos/mlops3/env/lib/python3.10/site-packages/airflow/example_dags/example_short_circuit_decorator.py
[2023-10-22T19:14:45.071+0400] {logging_mixin.py:151} INFO - [2023-10-22T19:14:45.071+0400] {dag.py:2941} INFO - Sync 1 DAGs
[2023-10-22T19:14:45.079+0400] {logging_mixin.py:151} INFO - [2023-10-22T19:14:45.079+0400] {dag.py:3722} INFO - Setting next_dagrun for example_short_circuit_decorator to 2023-10-21T15:14:45.079577+00:00, run_after=2023-10-22T15:14:45.079577+00:00
[2023-10-22T19:14:45.090+0400] {processor.py:179} INFO - Processing /home/pyretttt/repos/mlops3/env/lib/python3.10/site-packages/airflow/example_dags/example_short_circuit_decorator.py took 0.039 seconds
[2023-10-22T19:15:20.108+0400] {processor.py:157} INFO - Started process (PID=1917) to work on /home/pyretttt/repos/mlops3/env/lib/python3.10/site-packages/airflow/example_dags/example_short_circuit_decorator.py
[2023-10-22T19:15:20.109+0400] {processor.py:829} INFO - Processing file /home/pyretttt/repos/mlops3/env/lib/python3.10/site-packages/airflow/example_dags/example_short_circuit_decorator.py for tasks to queue
[2023-10-22T19:15:20.110+0400] {logging_mixin.py:151} INFO - [2023-10-22T19:15:20.110+0400] {dagbag.py:536} INFO - Filling up the DagBag from /home/pyretttt/repos/mlops3/env/lib/python3.10/site-packages/airflow/example_dags/example_short_circuit_decorator.py
[2023-10-22T19:15:20.119+0400] {processor.py:839} INFO - DAG(s) dict_keys(['example_short_circuit_decorator']) retrieved from /home/pyretttt/repos/mlops3/env/lib/python3.10/site-packages/airflow/example_dags/example_short_circuit_decorator.py
[2023-10-22T19:15:20.127+0400] {logging_mixin.py:151} INFO - [2023-10-22T19:15:20.127+0400] {dag.py:2941} INFO - Sync 1 DAGs
[2023-10-22T19:15:20.134+0400] {logging_mixin.py:151} INFO - [2023-10-22T19:15:20.134+0400] {dag.py:3722} INFO - Setting next_dagrun for example_short_circuit_decorator to 2023-10-21T15:15:20.134548+00:00, run_after=2023-10-22T15:15:20.134548+00:00
[2023-10-22T19:15:20.145+0400] {processor.py:179} INFO - Processing /home/pyretttt/repos/mlops3/env/lib/python3.10/site-packages/airflow/example_dags/example_short_circuit_decorator.py took 0.040 seconds
[2023-10-22T19:15:57.159+0400] {processor.py:157} INFO - Started process (PID=1954) to work on /home/pyretttt/repos/mlops3/env/lib/python3.10/site-packages/airflow/example_dags/example_short_circuit_decorator.py
[2023-10-22T19:15:57.163+0400] {processor.py:829} INFO - Processing file /home/pyretttt/repos/mlops3/env/lib/python3.10/site-packages/airflow/example_dags/example_short_circuit_decorator.py for tasks to queue
[2023-10-22T19:15:57.166+0400] {logging_mixin.py:151} INFO - [2023-10-22T19:15:57.165+0400] {dagbag.py:536} INFO - Filling up the DagBag from /home/pyretttt/repos/mlops3/env/lib/python3.10/site-packages/airflow/example_dags/example_short_circuit_decorator.py
[2023-10-22T19:15:57.175+0400] {processor.py:839} INFO - DAG(s) dict_keys(['example_short_circuit_decorator']) retrieved from /home/pyretttt/repos/mlops3/env/lib/python3.10/site-packages/airflow/example_dags/example_short_circuit_decorator.py
[2023-10-22T19:15:57.184+0400] {logging_mixin.py:151} INFO - [2023-10-22T19:15:57.184+0400] {dag.py:2941} INFO - Sync 1 DAGs
[2023-10-22T19:15:57.192+0400] {logging_mixin.py:151} INFO - [2023-10-22T19:15:57.192+0400] {dag.py:3722} INFO - Setting next_dagrun for example_short_circuit_decorator to 2023-10-21T15:15:57.192664+00:00, run_after=2023-10-22T15:15:57.192664+00:00
[2023-10-22T19:15:57.204+0400] {processor.py:179} INFO - Processing /home/pyretttt/repos/mlops3/env/lib/python3.10/site-packages/airflow/example_dags/example_short_circuit_decorator.py took 0.048 seconds
[2023-10-22T19:16:34.708+0400] {processor.py:157} INFO - Started process (PID=1993) to work on /home/pyretttt/repos/mlops3/env/lib/python3.10/site-packages/airflow/example_dags/example_short_circuit_decorator.py
[2023-10-22T19:16:34.710+0400] {processor.py:829} INFO - Processing file /home/pyretttt/repos/mlops3/env/lib/python3.10/site-packages/airflow/example_dags/example_short_circuit_decorator.py for tasks to queue
[2023-10-22T19:16:34.711+0400] {logging_mixin.py:151} INFO - [2023-10-22T19:16:34.710+0400] {dagbag.py:536} INFO - Filling up the DagBag from /home/pyretttt/repos/mlops3/env/lib/python3.10/site-packages/airflow/example_dags/example_short_circuit_decorator.py
[2023-10-22T19:16:34.717+0400] {processor.py:839} INFO - DAG(s) dict_keys(['example_short_circuit_decorator']) retrieved from /home/pyretttt/repos/mlops3/env/lib/python3.10/site-packages/airflow/example_dags/example_short_circuit_decorator.py
[2023-10-22T19:16:34.726+0400] {logging_mixin.py:151} INFO - [2023-10-22T19:16:34.726+0400] {dag.py:2941} INFO - Sync 1 DAGs
[2023-10-22T19:16:34.735+0400] {logging_mixin.py:151} INFO - [2023-10-22T19:16:34.735+0400] {dag.py:3722} INFO - Setting next_dagrun for example_short_circuit_decorator to 2023-10-21T15:16:34.735039+00:00, run_after=2023-10-22T15:16:34.735039+00:00
[2023-10-22T19:16:34.749+0400] {processor.py:179} INFO - Processing /home/pyretttt/repos/mlops3/env/lib/python3.10/site-packages/airflow/example_dags/example_short_circuit_decorator.py took 0.044 seconds
[2023-10-22T19:17:12.464+0400] {processor.py:157} INFO - Started process (PID=2046) to work on /home/pyretttt/repos/mlops3/env/lib/python3.10/site-packages/airflow/example_dags/example_short_circuit_decorator.py
[2023-10-22T19:17:12.466+0400] {processor.py:829} INFO - Processing file /home/pyretttt/repos/mlops3/env/lib/python3.10/site-packages/airflow/example_dags/example_short_circuit_decorator.py for tasks to queue
[2023-10-22T19:17:12.467+0400] {logging_mixin.py:151} INFO - [2023-10-22T19:17:12.466+0400] {dagbag.py:536} INFO - Filling up the DagBag from /home/pyretttt/repos/mlops3/env/lib/python3.10/site-packages/airflow/example_dags/example_short_circuit_decorator.py
[2023-10-22T19:17:12.474+0400] {processor.py:839} INFO - DAG(s) dict_keys(['example_short_circuit_decorator']) retrieved from /home/pyretttt/repos/mlops3/env/lib/python3.10/site-packages/airflow/example_dags/example_short_circuit_decorator.py
[2023-10-22T19:17:12.481+0400] {logging_mixin.py:151} INFO - [2023-10-22T19:17:12.481+0400] {dag.py:2941} INFO - Sync 1 DAGs
[2023-10-22T19:17:12.490+0400] {logging_mixin.py:151} INFO - [2023-10-22T19:17:12.490+0400] {dag.py:3722} INFO - Setting next_dagrun for example_short_circuit_decorator to 2023-10-21T15:17:12.489917+00:00, run_after=2023-10-22T15:17:12.489917+00:00
[2023-10-22T19:17:12.501+0400] {processor.py:179} INFO - Processing /home/pyretttt/repos/mlops3/env/lib/python3.10/site-packages/airflow/example_dags/example_short_circuit_decorator.py took 0.041 seconds
[2023-10-22T19:17:49.692+0400] {processor.py:157} INFO - Started process (PID=2104) to work on /home/pyretttt/repos/mlops3/env/lib/python3.10/site-packages/airflow/example_dags/example_short_circuit_decorator.py
[2023-10-22T19:17:49.693+0400] {processor.py:829} INFO - Processing file /home/pyretttt/repos/mlops3/env/lib/python3.10/site-packages/airflow/example_dags/example_short_circuit_decorator.py for tasks to queue
[2023-10-22T19:17:49.694+0400] {logging_mixin.py:151} INFO - [2023-10-22T19:17:49.694+0400] {dagbag.py:536} INFO - Filling up the DagBag from /home/pyretttt/repos/mlops3/env/lib/python3.10/site-packages/airflow/example_dags/example_short_circuit_decorator.py
[2023-10-22T19:17:49.699+0400] {processor.py:839} INFO - DAG(s) dict_keys(['example_short_circuit_decorator']) retrieved from /home/pyretttt/repos/mlops3/env/lib/python3.10/site-packages/airflow/example_dags/example_short_circuit_decorator.py
[2023-10-22T19:17:49.708+0400] {logging_mixin.py:151} INFO - [2023-10-22T19:17:49.707+0400] {dag.py:2941} INFO - Sync 1 DAGs
[2023-10-22T19:17:49.715+0400] {logging_mixin.py:151} INFO - [2023-10-22T19:17:49.715+0400] {dag.py:3722} INFO - Setting next_dagrun for example_short_circuit_decorator to 2023-10-21T15:17:49.715382+00:00, run_after=2023-10-22T15:17:49.715382+00:00
[2023-10-22T19:17:49.726+0400] {processor.py:179} INFO - Processing /home/pyretttt/repos/mlops3/env/lib/python3.10/site-packages/airflow/example_dags/example_short_circuit_decorator.py took 0.037 seconds
[2023-10-22T19:18:25.222+0400] {processor.py:157} INFO - Started process (PID=2140) to work on /home/pyretttt/repos/mlops3/env/lib/python3.10/site-packages/airflow/example_dags/example_short_circuit_decorator.py
[2023-10-22T19:18:25.223+0400] {processor.py:829} INFO - Processing file /home/pyretttt/repos/mlops3/env/lib/python3.10/site-packages/airflow/example_dags/example_short_circuit_decorator.py for tasks to queue
[2023-10-22T19:18:25.223+0400] {logging_mixin.py:151} INFO - [2023-10-22T19:18:25.223+0400] {dagbag.py:536} INFO - Filling up the DagBag from /home/pyretttt/repos/mlops3/env/lib/python3.10/site-packages/airflow/example_dags/example_short_circuit_decorator.py
[2023-10-22T19:18:25.229+0400] {processor.py:839} INFO - DAG(s) dict_keys(['example_short_circuit_decorator']) retrieved from /home/pyretttt/repos/mlops3/env/lib/python3.10/site-packages/airflow/example_dags/example_short_circuit_decorator.py
[2023-10-22T19:18:25.244+0400] {logging_mixin.py:151} INFO - [2023-10-22T19:18:25.244+0400] {dag.py:2941} INFO - Sync 1 DAGs
[2023-10-22T19:18:25.253+0400] {logging_mixin.py:151} INFO - [2023-10-22T19:18:25.253+0400] {dag.py:3722} INFO - Setting next_dagrun for example_short_circuit_decorator to 2023-10-21T15:18:25.253556+00:00, run_after=2023-10-22T15:18:25.253556+00:00
[2023-10-22T19:18:25.266+0400] {processor.py:179} INFO - Processing /home/pyretttt/repos/mlops3/env/lib/python3.10/site-packages/airflow/example_dags/example_short_circuit_decorator.py took 0.048 seconds
[2023-10-22T19:19:02.926+0400] {processor.py:157} INFO - Started process (PID=2176) to work on /home/pyretttt/repos/mlops3/env/lib/python3.10/site-packages/airflow/example_dags/example_short_circuit_decorator.py
[2023-10-22T19:19:02.927+0400] {processor.py:829} INFO - Processing file /home/pyretttt/repos/mlops3/env/lib/python3.10/site-packages/airflow/example_dags/example_short_circuit_decorator.py for tasks to queue
[2023-10-22T19:19:02.928+0400] {logging_mixin.py:151} INFO - [2023-10-22T19:19:02.928+0400] {dagbag.py:536} INFO - Filling up the DagBag from /home/pyretttt/repos/mlops3/env/lib/python3.10/site-packages/airflow/example_dags/example_short_circuit_decorator.py
[2023-10-22T19:19:02.934+0400] {processor.py:839} INFO - DAG(s) dict_keys(['example_short_circuit_decorator']) retrieved from /home/pyretttt/repos/mlops3/env/lib/python3.10/site-packages/airflow/example_dags/example_short_circuit_decorator.py
[2023-10-22T19:19:02.944+0400] {logging_mixin.py:151} INFO - [2023-10-22T19:19:02.943+0400] {dag.py:2941} INFO - Sync 1 DAGs
[2023-10-22T19:19:02.951+0400] {logging_mixin.py:151} INFO - [2023-10-22T19:19:02.951+0400] {dag.py:3722} INFO - Setting next_dagrun for example_short_circuit_decorator to 2023-10-21T15:19:02.951414+00:00, run_after=2023-10-22T15:19:02.951414+00:00
[2023-10-22T19:19:02.962+0400] {processor.py:179} INFO - Processing /home/pyretttt/repos/mlops3/env/lib/python3.10/site-packages/airflow/example_dags/example_short_circuit_decorator.py took 0.039 seconds
[2023-10-22T19:19:36.880+0400] {processor.py:157} INFO - Started process (PID=2212) to work on /home/pyretttt/repos/mlops3/env/lib/python3.10/site-packages/airflow/example_dags/example_short_circuit_decorator.py
[2023-10-22T19:19:36.882+0400] {processor.py:829} INFO - Processing file /home/pyretttt/repos/mlops3/env/lib/python3.10/site-packages/airflow/example_dags/example_short_circuit_decorator.py for tasks to queue
[2023-10-22T19:19:36.883+0400] {logging_mixin.py:151} INFO - [2023-10-22T19:19:36.882+0400] {dagbag.py:536} INFO - Filling up the DagBag from /home/pyretttt/repos/mlops3/env/lib/python3.10/site-packages/airflow/example_dags/example_short_circuit_decorator.py
[2023-10-22T19:19:36.890+0400] {processor.py:839} INFO - DAG(s) dict_keys(['example_short_circuit_decorator']) retrieved from /home/pyretttt/repos/mlops3/env/lib/python3.10/site-packages/airflow/example_dags/example_short_circuit_decorator.py
[2023-10-22T19:19:36.898+0400] {logging_mixin.py:151} INFO - [2023-10-22T19:19:36.898+0400] {dag.py:2941} INFO - Sync 1 DAGs
[2023-10-22T19:19:36.906+0400] {logging_mixin.py:151} INFO - [2023-10-22T19:19:36.906+0400] {dag.py:3722} INFO - Setting next_dagrun for example_short_circuit_decorator to 2023-10-21T15:19:36.905932+00:00, run_after=2023-10-22T15:19:36.905932+00:00
[2023-10-22T19:19:36.916+0400] {processor.py:179} INFO - Processing /home/pyretttt/repos/mlops3/env/lib/python3.10/site-packages/airflow/example_dags/example_short_circuit_decorator.py took 0.039 seconds
[2023-10-22T19:20:12.078+0400] {processor.py:157} INFO - Started process (PID=2248) to work on /home/pyretttt/repos/mlops3/env/lib/python3.10/site-packages/airflow/example_dags/example_short_circuit_decorator.py
[2023-10-22T19:20:12.080+0400] {processor.py:829} INFO - Processing file /home/pyretttt/repos/mlops3/env/lib/python3.10/site-packages/airflow/example_dags/example_short_circuit_decorator.py for tasks to queue
[2023-10-22T19:20:12.081+0400] {logging_mixin.py:151} INFO - [2023-10-22T19:20:12.080+0400] {dagbag.py:536} INFO - Filling up the DagBag from /home/pyretttt/repos/mlops3/env/lib/python3.10/site-packages/airflow/example_dags/example_short_circuit_decorator.py
[2023-10-22T19:20:12.087+0400] {processor.py:839} INFO - DAG(s) dict_keys(['example_short_circuit_decorator']) retrieved from /home/pyretttt/repos/mlops3/env/lib/python3.10/site-packages/airflow/example_dags/example_short_circuit_decorator.py
[2023-10-22T19:20:12.098+0400] {logging_mixin.py:151} INFO - [2023-10-22T19:20:12.098+0400] {dag.py:2941} INFO - Sync 1 DAGs
[2023-10-22T19:20:12.107+0400] {logging_mixin.py:151} INFO - [2023-10-22T19:20:12.107+0400] {dag.py:3722} INFO - Setting next_dagrun for example_short_circuit_decorator to 2023-10-21T15:20:12.107101+00:00, run_after=2023-10-22T15:20:12.107101+00:00
[2023-10-22T19:20:12.118+0400] {processor.py:179} INFO - Processing /home/pyretttt/repos/mlops3/env/lib/python3.10/site-packages/airflow/example_dags/example_short_circuit_decorator.py took 0.043 seconds
