[2023-10-22T19:09:26.567+0400] {processor.py:157} INFO - Started process (PID=1380) to work on /home/pyretttt/repos/mlops3/env/lib/python3.10/site-packages/airflow/example_dags/example_setup_teardown_taskflow.py
[2023-10-22T19:09:26.569+0400] {processor.py:829} INFO - Processing file /home/pyretttt/repos/mlops3/env/lib/python3.10/site-packages/airflow/example_dags/example_setup_teardown_taskflow.py for tasks to queue
[2023-10-22T19:09:26.571+0400] {logging_mixin.py:151} INFO - [2023-10-22T19:09:26.570+0400] {dagbag.py:536} INFO - Filling up the DagBag from /home/pyretttt/repos/mlops3/env/lib/python3.10/site-packages/airflow/example_dags/example_setup_teardown_taskflow.py
[2023-10-22T19:09:26.586+0400] {processor.py:839} INFO - DAG(s) dict_keys(['example_setup_teardown_taskflow']) retrieved from /home/pyretttt/repos/mlops3/env/lib/python3.10/site-packages/airflow/example_dags/example_setup_teardown_taskflow.py
[2023-10-22T19:09:26.721+0400] {logging_mixin.py:151} INFO - [2023-10-22T19:09:26.720+0400] {manager.py:499} INFO - Created Permission View: %s
[2023-10-22T19:09:26.732+0400] {logging_mixin.py:151} INFO - [2023-10-22T19:09:26.732+0400] {manager.py:499} INFO - Created Permission View: %s
[2023-10-22T19:09:26.739+0400] {logging_mixin.py:151} INFO - [2023-10-22T19:09:26.739+0400] {manager.py:499} INFO - Created Permission View: %s
[2023-10-22T19:09:26.739+0400] {logging_mixin.py:151} INFO - [2023-10-22T19:09:26.739+0400] {dag.py:2941} INFO - Sync 1 DAGs
[2023-10-22T19:09:26.743+0400] {logging_mixin.py:151} INFO - [2023-10-22T19:09:26.743+0400] {dag.py:2963} INFO - Creating ORM DAG for example_setup_teardown_taskflow
[2023-10-22T19:09:26.747+0400] {logging_mixin.py:151} INFO - [2023-10-22T19:09:26.747+0400] {dag.py:3722} INFO - Setting next_dagrun for example_setup_teardown_taskflow to 2023-10-21T15:09:26.747403+00:00, run_after=2023-10-22T15:09:26.747403+00:00
[2023-10-22T19:09:26.772+0400] {processor.py:179} INFO - Processing /home/pyretttt/repos/mlops3/env/lib/python3.10/site-packages/airflow/example_dags/example_setup_teardown_taskflow.py took 0.209 seconds
[2023-10-22T19:10:48.353+0400] {processor.py:157} INFO - Started process (PID=1444) to work on /home/pyretttt/repos/mlops3/env/lib/python3.10/site-packages/airflow/example_dags/example_setup_teardown_taskflow.py
[2023-10-22T19:10:48.355+0400] {processor.py:829} INFO - Processing file /home/pyretttt/repos/mlops3/env/lib/python3.10/site-packages/airflow/example_dags/example_setup_teardown_taskflow.py for tasks to queue
[2023-10-22T19:10:48.356+0400] {logging_mixin.py:151} INFO - [2023-10-22T19:10:48.355+0400] {dagbag.py:536} INFO - Filling up the DagBag from /home/pyretttt/repos/mlops3/env/lib/python3.10/site-packages/airflow/example_dags/example_setup_teardown_taskflow.py
[2023-10-22T19:10:48.364+0400] {processor.py:839} INFO - DAG(s) dict_keys(['example_setup_teardown_taskflow']) retrieved from /home/pyretttt/repos/mlops3/env/lib/python3.10/site-packages/airflow/example_dags/example_setup_teardown_taskflow.py
[2023-10-22T19:10:48.372+0400] {logging_mixin.py:151} INFO - [2023-10-22T19:10:48.372+0400] {dag.py:2941} INFO - Sync 1 DAGs
[2023-10-22T19:10:48.380+0400] {logging_mixin.py:151} INFO - [2023-10-22T19:10:48.380+0400] {dag.py:3722} INFO - Setting next_dagrun for example_setup_teardown_taskflow to 2023-10-21T15:10:48.380101+00:00, run_after=2023-10-22T15:10:48.380101+00:00
[2023-10-22T19:10:48.391+0400] {processor.py:179} INFO - Processing /home/pyretttt/repos/mlops3/env/lib/python3.10/site-packages/airflow/example_dags/example_setup_teardown_taskflow.py took 0.041 seconds
[2023-10-22T19:11:35.194+0400] {processor.py:157} INFO - Started process (PID=1657) to work on /home/pyretttt/repos/mlops3/env/lib/python3.10/site-packages/airflow/example_dags/example_setup_teardown_taskflow.py
[2023-10-22T19:11:35.196+0400] {processor.py:829} INFO - Processing file /home/pyretttt/repos/mlops3/env/lib/python3.10/site-packages/airflow/example_dags/example_setup_teardown_taskflow.py for tasks to queue
[2023-10-22T19:11:35.198+0400] {logging_mixin.py:151} INFO - [2023-10-22T19:11:35.197+0400] {dagbag.py:536} INFO - Filling up the DagBag from /home/pyretttt/repos/mlops3/env/lib/python3.10/site-packages/airflow/example_dags/example_setup_teardown_taskflow.py
[2023-10-22T19:11:35.205+0400] {processor.py:839} INFO - DAG(s) dict_keys(['example_setup_teardown_taskflow']) retrieved from /home/pyretttt/repos/mlops3/env/lib/python3.10/site-packages/airflow/example_dags/example_setup_teardown_taskflow.py
[2023-10-22T19:11:35.214+0400] {logging_mixin.py:151} INFO - [2023-10-22T19:11:35.214+0400] {dag.py:2941} INFO - Sync 1 DAGs
[2023-10-22T19:11:35.224+0400] {logging_mixin.py:151} INFO - [2023-10-22T19:11:35.224+0400] {dag.py:3722} INFO - Setting next_dagrun for example_setup_teardown_taskflow to 2023-10-21T15:11:35.223938+00:00, run_after=2023-10-22T15:11:35.223938+00:00
[2023-10-22T19:11:35.236+0400] {processor.py:179} INFO - Processing /home/pyretttt/repos/mlops3/env/lib/python3.10/site-packages/airflow/example_dags/example_setup_teardown_taskflow.py took 0.045 seconds
[2023-10-22T19:12:25.982+0400] {processor.py:157} INFO - Started process (PID=1718) to work on /home/pyretttt/repos/mlops3/env/lib/python3.10/site-packages/airflow/example_dags/example_setup_teardown_taskflow.py
[2023-10-22T19:12:25.983+0400] {processor.py:829} INFO - Processing file /home/pyretttt/repos/mlops3/env/lib/python3.10/site-packages/airflow/example_dags/example_setup_teardown_taskflow.py for tasks to queue
[2023-10-22T19:12:25.984+0400] {logging_mixin.py:151} INFO - [2023-10-22T19:12:25.983+0400] {dagbag.py:536} INFO - Filling up the DagBag from /home/pyretttt/repos/mlops3/env/lib/python3.10/site-packages/airflow/example_dags/example_setup_teardown_taskflow.py
[2023-10-22T19:12:25.989+0400] {processor.py:839} INFO - DAG(s) dict_keys(['example_setup_teardown_taskflow']) retrieved from /home/pyretttt/repos/mlops3/env/lib/python3.10/site-packages/airflow/example_dags/example_setup_teardown_taskflow.py
[2023-10-22T19:12:25.997+0400] {logging_mixin.py:151} INFO - [2023-10-22T19:12:25.997+0400] {dag.py:2941} INFO - Sync 1 DAGs
[2023-10-22T19:12:26.006+0400] {logging_mixin.py:151} INFO - [2023-10-22T19:12:26.006+0400] {dag.py:3722} INFO - Setting next_dagrun for example_setup_teardown_taskflow to 2023-10-21T15:12:26.005998+00:00, run_after=2023-10-22T15:12:26.005998+00:00
[2023-10-22T19:12:26.021+0400] {processor.py:179} INFO - Processing /home/pyretttt/repos/mlops3/env/lib/python3.10/site-packages/airflow/example_dags/example_setup_teardown_taskflow.py took 0.042 seconds
[2023-10-22T19:13:03.659+0400] {processor.py:157} INFO - Started process (PID=1758) to work on /home/pyretttt/repos/mlops3/env/lib/python3.10/site-packages/airflow/example_dags/example_setup_teardown_taskflow.py
[2023-10-22T19:13:03.660+0400] {processor.py:829} INFO - Processing file /home/pyretttt/repos/mlops3/env/lib/python3.10/site-packages/airflow/example_dags/example_setup_teardown_taskflow.py for tasks to queue
[2023-10-22T19:13:03.661+0400] {logging_mixin.py:151} INFO - [2023-10-22T19:13:03.660+0400] {dagbag.py:536} INFO - Filling up the DagBag from /home/pyretttt/repos/mlops3/env/lib/python3.10/site-packages/airflow/example_dags/example_setup_teardown_taskflow.py
[2023-10-22T19:13:03.665+0400] {processor.py:839} INFO - DAG(s) dict_keys(['example_setup_teardown_taskflow']) retrieved from /home/pyretttt/repos/mlops3/env/lib/python3.10/site-packages/airflow/example_dags/example_setup_teardown_taskflow.py
[2023-10-22T19:13:03.672+0400] {logging_mixin.py:151} INFO - [2023-10-22T19:13:03.672+0400] {dag.py:2941} INFO - Sync 1 DAGs
[2023-10-22T19:13:03.680+0400] {logging_mixin.py:151} INFO - [2023-10-22T19:13:03.680+0400] {dag.py:3722} INFO - Setting next_dagrun for example_setup_teardown_taskflow to 2023-10-21T15:13:03.680320+00:00, run_after=2023-10-22T15:13:03.680320+00:00
[2023-10-22T19:13:03.690+0400] {processor.py:179} INFO - Processing /home/pyretttt/repos/mlops3/env/lib/python3.10/site-packages/airflow/example_dags/example_setup_teardown_taskflow.py took 0.035 seconds
[2023-10-22T19:13:53.060+0400] {processor.py:157} INFO - Started process (PID=1830) to work on /home/pyretttt/repos/mlops3/env/lib/python3.10/site-packages/airflow/example_dags/example_setup_teardown_taskflow.py
[2023-10-22T19:13:53.062+0400] {processor.py:829} INFO - Processing file /home/pyretttt/repos/mlops3/env/lib/python3.10/site-packages/airflow/example_dags/example_setup_teardown_taskflow.py for tasks to queue
[2023-10-22T19:13:53.063+0400] {logging_mixin.py:151} INFO - [2023-10-22T19:13:53.062+0400] {dagbag.py:536} INFO - Filling up the DagBag from /home/pyretttt/repos/mlops3/env/lib/python3.10/site-packages/airflow/example_dags/example_setup_teardown_taskflow.py
[2023-10-22T19:13:53.071+0400] {processor.py:839} INFO - DAG(s) dict_keys(['example_setup_teardown_taskflow']) retrieved from /home/pyretttt/repos/mlops3/env/lib/python3.10/site-packages/airflow/example_dags/example_setup_teardown_taskflow.py
[2023-10-22T19:13:53.079+0400] {logging_mixin.py:151} INFO - [2023-10-22T19:13:53.079+0400] {dag.py:2941} INFO - Sync 1 DAGs
[2023-10-22T19:13:53.086+0400] {logging_mixin.py:151} INFO - [2023-10-22T19:13:53.086+0400] {dag.py:3722} INFO - Setting next_dagrun for example_setup_teardown_taskflow to 2023-10-21T15:13:53.086398+00:00, run_after=2023-10-22T15:13:53.086398+00:00
[2023-10-22T19:13:53.097+0400] {processor.py:179} INFO - Processing /home/pyretttt/repos/mlops3/env/lib/python3.10/site-packages/airflow/example_dags/example_setup_teardown_taskflow.py took 0.040 seconds
[2023-10-22T19:14:29.550+0400] {processor.py:157} INFO - Started process (PID=1866) to work on /home/pyretttt/repos/mlops3/env/lib/python3.10/site-packages/airflow/example_dags/example_setup_teardown_taskflow.py
[2023-10-22T19:14:29.551+0400] {processor.py:829} INFO - Processing file /home/pyretttt/repos/mlops3/env/lib/python3.10/site-packages/airflow/example_dags/example_setup_teardown_taskflow.py for tasks to queue
[2023-10-22T19:14:29.552+0400] {logging_mixin.py:151} INFO - [2023-10-22T19:14:29.552+0400] {dagbag.py:536} INFO - Filling up the DagBag from /home/pyretttt/repos/mlops3/env/lib/python3.10/site-packages/airflow/example_dags/example_setup_teardown_taskflow.py
[2023-10-22T19:14:29.559+0400] {processor.py:839} INFO - DAG(s) dict_keys(['example_setup_teardown_taskflow']) retrieved from /home/pyretttt/repos/mlops3/env/lib/python3.10/site-packages/airflow/example_dags/example_setup_teardown_taskflow.py
[2023-10-22T19:14:29.575+0400] {logging_mixin.py:151} INFO - [2023-10-22T19:14:29.574+0400] {dag.py:2941} INFO - Sync 1 DAGs
[2023-10-22T19:14:29.585+0400] {logging_mixin.py:151} INFO - [2023-10-22T19:14:29.585+0400] {dag.py:3722} INFO - Setting next_dagrun for example_setup_teardown_taskflow to 2023-10-21T15:14:29.585168+00:00, run_after=2023-10-22T15:14:29.585168+00:00
[2023-10-22T19:14:29.596+0400] {processor.py:179} INFO - Processing /home/pyretttt/repos/mlops3/env/lib/python3.10/site-packages/airflow/example_dags/example_setup_teardown_taskflow.py took 0.050 seconds
[2023-10-22T19:15:04.319+0400] {processor.py:157} INFO - Started process (PID=1902) to work on /home/pyretttt/repos/mlops3/env/lib/python3.10/site-packages/airflow/example_dags/example_setup_teardown_taskflow.py
[2023-10-22T19:15:04.321+0400] {processor.py:829} INFO - Processing file /home/pyretttt/repos/mlops3/env/lib/python3.10/site-packages/airflow/example_dags/example_setup_teardown_taskflow.py for tasks to queue
[2023-10-22T19:15:04.322+0400] {logging_mixin.py:151} INFO - [2023-10-22T19:15:04.321+0400] {dagbag.py:536} INFO - Filling up the DagBag from /home/pyretttt/repos/mlops3/env/lib/python3.10/site-packages/airflow/example_dags/example_setup_teardown_taskflow.py
[2023-10-22T19:15:04.328+0400] {processor.py:839} INFO - DAG(s) dict_keys(['example_setup_teardown_taskflow']) retrieved from /home/pyretttt/repos/mlops3/env/lib/python3.10/site-packages/airflow/example_dags/example_setup_teardown_taskflow.py
[2023-10-22T19:15:04.335+0400] {logging_mixin.py:151} INFO - [2023-10-22T19:15:04.335+0400] {dag.py:2941} INFO - Sync 1 DAGs
[2023-10-22T19:15:04.344+0400] {logging_mixin.py:151} INFO - [2023-10-22T19:15:04.344+0400] {dag.py:3722} INFO - Setting next_dagrun for example_setup_teardown_taskflow to 2023-10-21T15:15:04.344084+00:00, run_after=2023-10-22T15:15:04.344084+00:00
[2023-10-22T19:15:04.354+0400] {processor.py:179} INFO - Processing /home/pyretttt/repos/mlops3/env/lib/python3.10/site-packages/airflow/example_dags/example_setup_teardown_taskflow.py took 0.038 seconds
[2023-10-22T19:15:39.403+0400] {processor.py:157} INFO - Started process (PID=1938) to work on /home/pyretttt/repos/mlops3/env/lib/python3.10/site-packages/airflow/example_dags/example_setup_teardown_taskflow.py
[2023-10-22T19:15:39.404+0400] {processor.py:829} INFO - Processing file /home/pyretttt/repos/mlops3/env/lib/python3.10/site-packages/airflow/example_dags/example_setup_teardown_taskflow.py for tasks to queue
[2023-10-22T19:15:39.405+0400] {logging_mixin.py:151} INFO - [2023-10-22T19:15:39.405+0400] {dagbag.py:536} INFO - Filling up the DagBag from /home/pyretttt/repos/mlops3/env/lib/python3.10/site-packages/airflow/example_dags/example_setup_teardown_taskflow.py
[2023-10-22T19:15:39.415+0400] {processor.py:839} INFO - DAG(s) dict_keys(['example_setup_teardown_taskflow']) retrieved from /home/pyretttt/repos/mlops3/env/lib/python3.10/site-packages/airflow/example_dags/example_setup_teardown_taskflow.py
[2023-10-22T19:15:39.422+0400] {logging_mixin.py:151} INFO - [2023-10-22T19:15:39.422+0400] {dag.py:2941} INFO - Sync 1 DAGs
[2023-10-22T19:15:39.429+0400] {logging_mixin.py:151} INFO - [2023-10-22T19:15:39.429+0400] {dag.py:3722} INFO - Setting next_dagrun for example_setup_teardown_taskflow to 2023-10-21T15:15:39.429749+00:00, run_after=2023-10-22T15:15:39.429749+00:00
[2023-10-22T19:15:39.441+0400] {processor.py:179} INFO - Processing /home/pyretttt/repos/mlops3/env/lib/python3.10/site-packages/airflow/example_dags/example_setup_teardown_taskflow.py took 0.041 seconds
[2023-10-22T19:16:18.597+0400] {processor.py:157} INFO - Started process (PID=1974) to work on /home/pyretttt/repos/mlops3/env/lib/python3.10/site-packages/airflow/example_dags/example_setup_teardown_taskflow.py
[2023-10-22T19:16:18.599+0400] {processor.py:829} INFO - Processing file /home/pyretttt/repos/mlops3/env/lib/python3.10/site-packages/airflow/example_dags/example_setup_teardown_taskflow.py for tasks to queue
[2023-10-22T19:16:18.600+0400] {logging_mixin.py:151} INFO - [2023-10-22T19:16:18.599+0400] {dagbag.py:536} INFO - Filling up the DagBag from /home/pyretttt/repos/mlops3/env/lib/python3.10/site-packages/airflow/example_dags/example_setup_teardown_taskflow.py
[2023-10-22T19:16:18.606+0400] {processor.py:839} INFO - DAG(s) dict_keys(['example_setup_teardown_taskflow']) retrieved from /home/pyretttt/repos/mlops3/env/lib/python3.10/site-packages/airflow/example_dags/example_setup_teardown_taskflow.py
[2023-10-22T19:16:18.615+0400] {logging_mixin.py:151} INFO - [2023-10-22T19:16:18.615+0400] {dag.py:2941} INFO - Sync 1 DAGs
[2023-10-22T19:16:18.622+0400] {logging_mixin.py:151} INFO - [2023-10-22T19:16:18.622+0400] {dag.py:3722} INFO - Setting next_dagrun for example_setup_teardown_taskflow to 2023-10-21T15:16:18.622584+00:00, run_after=2023-10-22T15:16:18.622584+00:00
[2023-10-22T19:16:18.633+0400] {processor.py:179} INFO - Processing /home/pyretttt/repos/mlops3/env/lib/python3.10/site-packages/airflow/example_dags/example_setup_teardown_taskflow.py took 0.038 seconds
[2023-10-22T19:16:56.436+0400] {processor.py:157} INFO - Started process (PID=2013) to work on /home/pyretttt/repos/mlops3/env/lib/python3.10/site-packages/airflow/example_dags/example_setup_teardown_taskflow.py
[2023-10-22T19:16:56.437+0400] {processor.py:829} INFO - Processing file /home/pyretttt/repos/mlops3/env/lib/python3.10/site-packages/airflow/example_dags/example_setup_teardown_taskflow.py for tasks to queue
[2023-10-22T19:16:56.438+0400] {logging_mixin.py:151} INFO - [2023-10-22T19:16:56.438+0400] {dagbag.py:536} INFO - Filling up the DagBag from /home/pyretttt/repos/mlops3/env/lib/python3.10/site-packages/airflow/example_dags/example_setup_teardown_taskflow.py
[2023-10-22T19:16:56.443+0400] {processor.py:839} INFO - DAG(s) dict_keys(['example_setup_teardown_taskflow']) retrieved from /home/pyretttt/repos/mlops3/env/lib/python3.10/site-packages/airflow/example_dags/example_setup_teardown_taskflow.py
[2023-10-22T19:16:56.451+0400] {logging_mixin.py:151} INFO - [2023-10-22T19:16:56.451+0400] {dag.py:2941} INFO - Sync 1 DAGs
[2023-10-22T19:16:56.459+0400] {logging_mixin.py:151} INFO - [2023-10-22T19:16:56.459+0400] {dag.py:3722} INFO - Setting next_dagrun for example_setup_teardown_taskflow to 2023-10-21T15:16:56.459112+00:00, run_after=2023-10-22T15:16:56.459112+00:00
[2023-10-22T19:16:56.469+0400] {processor.py:179} INFO - Processing /home/pyretttt/repos/mlops3/env/lib/python3.10/site-packages/airflow/example_dags/example_setup_teardown_taskflow.py took 0.037 seconds
[2023-10-22T19:17:34.050+0400] {processor.py:157} INFO - Started process (PID=2068) to work on /home/pyretttt/repos/mlops3/env/lib/python3.10/site-packages/airflow/example_dags/example_setup_teardown_taskflow.py
[2023-10-22T19:17:34.051+0400] {processor.py:829} INFO - Processing file /home/pyretttt/repos/mlops3/env/lib/python3.10/site-packages/airflow/example_dags/example_setup_teardown_taskflow.py for tasks to queue
[2023-10-22T19:17:34.053+0400] {logging_mixin.py:151} INFO - [2023-10-22T19:17:34.052+0400] {dagbag.py:536} INFO - Filling up the DagBag from /home/pyretttt/repos/mlops3/env/lib/python3.10/site-packages/airflow/example_dags/example_setup_teardown_taskflow.py
[2023-10-22T19:17:34.061+0400] {processor.py:839} INFO - DAG(s) dict_keys(['example_setup_teardown_taskflow']) retrieved from /home/pyretttt/repos/mlops3/env/lib/python3.10/site-packages/airflow/example_dags/example_setup_teardown_taskflow.py
[2023-10-22T19:17:34.072+0400] {logging_mixin.py:151} INFO - [2023-10-22T19:17:34.072+0400] {dag.py:2941} INFO - Sync 1 DAGs
[2023-10-22T19:17:34.084+0400] {logging_mixin.py:151} INFO - [2023-10-22T19:17:34.084+0400] {dag.py:3722} INFO - Setting next_dagrun for example_setup_teardown_taskflow to 2023-10-21T15:17:34.084474+00:00, run_after=2023-10-22T15:17:34.084474+00:00
[2023-10-22T19:17:34.099+0400] {processor.py:179} INFO - Processing /home/pyretttt/repos/mlops3/env/lib/python3.10/site-packages/airflow/example_dags/example_setup_teardown_taskflow.py took 0.050 seconds
[2023-10-22T19:18:09.324+0400] {processor.py:157} INFO - Started process (PID=2123) to work on /home/pyretttt/repos/mlops3/env/lib/python3.10/site-packages/airflow/example_dags/example_setup_teardown_taskflow.py
[2023-10-22T19:18:09.326+0400] {processor.py:829} INFO - Processing file /home/pyretttt/repos/mlops3/env/lib/python3.10/site-packages/airflow/example_dags/example_setup_teardown_taskflow.py for tasks to queue
[2023-10-22T19:18:09.327+0400] {logging_mixin.py:151} INFO - [2023-10-22T19:18:09.327+0400] {dagbag.py:536} INFO - Filling up the DagBag from /home/pyretttt/repos/mlops3/env/lib/python3.10/site-packages/airflow/example_dags/example_setup_teardown_taskflow.py
[2023-10-22T19:18:09.334+0400] {processor.py:839} INFO - DAG(s) dict_keys(['example_setup_teardown_taskflow']) retrieved from /home/pyretttt/repos/mlops3/env/lib/python3.10/site-packages/airflow/example_dags/example_setup_teardown_taskflow.py
[2023-10-22T19:18:09.342+0400] {logging_mixin.py:151} INFO - [2023-10-22T19:18:09.342+0400] {dag.py:2941} INFO - Sync 1 DAGs
[2023-10-22T19:18:09.352+0400] {logging_mixin.py:151} INFO - [2023-10-22T19:18:09.352+0400] {dag.py:3722} INFO - Setting next_dagrun for example_setup_teardown_taskflow to 2023-10-21T15:18:09.352737+00:00, run_after=2023-10-22T15:18:09.352737+00:00
[2023-10-22T19:18:09.364+0400] {processor.py:179} INFO - Processing /home/pyretttt/repos/mlops3/env/lib/python3.10/site-packages/airflow/example_dags/example_setup_teardown_taskflow.py took 0.043 seconds
[2023-10-22T19:18:46.063+0400] {processor.py:157} INFO - Started process (PID=2160) to work on /home/pyretttt/repos/mlops3/env/lib/python3.10/site-packages/airflow/example_dags/example_setup_teardown_taskflow.py
[2023-10-22T19:18:46.066+0400] {processor.py:829} INFO - Processing file /home/pyretttt/repos/mlops3/env/lib/python3.10/site-packages/airflow/example_dags/example_setup_teardown_taskflow.py for tasks to queue
[2023-10-22T19:18:46.067+0400] {logging_mixin.py:151} INFO - [2023-10-22T19:18:46.066+0400] {dagbag.py:536} INFO - Filling up the DagBag from /home/pyretttt/repos/mlops3/env/lib/python3.10/site-packages/airflow/example_dags/example_setup_teardown_taskflow.py
[2023-10-22T19:18:46.074+0400] {processor.py:839} INFO - DAG(s) dict_keys(['example_setup_teardown_taskflow']) retrieved from /home/pyretttt/repos/mlops3/env/lib/python3.10/site-packages/airflow/example_dags/example_setup_teardown_taskflow.py
[2023-10-22T19:18:46.084+0400] {logging_mixin.py:151} INFO - [2023-10-22T19:18:46.084+0400] {dag.py:2941} INFO - Sync 1 DAGs
[2023-10-22T19:18:46.093+0400] {logging_mixin.py:151} INFO - [2023-10-22T19:18:46.093+0400] {dag.py:3722} INFO - Setting next_dagrun for example_setup_teardown_taskflow to 2023-10-21T15:18:46.093100+00:00, run_after=2023-10-22T15:18:46.093100+00:00
[2023-10-22T19:18:46.108+0400] {processor.py:179} INFO - Processing /home/pyretttt/repos/mlops3/env/lib/python3.10/site-packages/airflow/example_dags/example_setup_teardown_taskflow.py took 0.048 seconds
[2023-10-22T19:19:22.421+0400] {processor.py:157} INFO - Started process (PID=2197) to work on /home/pyretttt/repos/mlops3/env/lib/python3.10/site-packages/airflow/example_dags/example_setup_teardown_taskflow.py
[2023-10-22T19:19:22.423+0400] {processor.py:829} INFO - Processing file /home/pyretttt/repos/mlops3/env/lib/python3.10/site-packages/airflow/example_dags/example_setup_teardown_taskflow.py for tasks to queue
[2023-10-22T19:19:22.423+0400] {logging_mixin.py:151} INFO - [2023-10-22T19:19:22.423+0400] {dagbag.py:536} INFO - Filling up the DagBag from /home/pyretttt/repos/mlops3/env/lib/python3.10/site-packages/airflow/example_dags/example_setup_teardown_taskflow.py
[2023-10-22T19:19:22.428+0400] {processor.py:839} INFO - DAG(s) dict_keys(['example_setup_teardown_taskflow']) retrieved from /home/pyretttt/repos/mlops3/env/lib/python3.10/site-packages/airflow/example_dags/example_setup_teardown_taskflow.py
[2023-10-22T19:19:22.436+0400] {logging_mixin.py:151} INFO - [2023-10-22T19:19:22.436+0400] {dag.py:2941} INFO - Sync 1 DAGs
[2023-10-22T19:19:22.444+0400] {logging_mixin.py:151} INFO - [2023-10-22T19:19:22.444+0400] {dag.py:3722} INFO - Setting next_dagrun for example_setup_teardown_taskflow to 2023-10-21T15:19:22.444533+00:00, run_after=2023-10-22T15:19:22.444533+00:00
[2023-10-22T19:19:22.455+0400] {processor.py:179} INFO - Processing /home/pyretttt/repos/mlops3/env/lib/python3.10/site-packages/airflow/example_dags/example_setup_teardown_taskflow.py took 0.040 seconds
[2023-10-22T19:20:13.118+0400] {processor.py:157} INFO - Started process (PID=2249) to work on /home/pyretttt/repos/mlops3/env/lib/python3.10/site-packages/airflow/example_dags/example_setup_teardown_taskflow.py
[2023-10-22T19:20:13.120+0400] {processor.py:829} INFO - Processing file /home/pyretttt/repos/mlops3/env/lib/python3.10/site-packages/airflow/example_dags/example_setup_teardown_taskflow.py for tasks to queue
[2023-10-22T19:20:13.121+0400] {logging_mixin.py:151} INFO - [2023-10-22T19:20:13.121+0400] {dagbag.py:536} INFO - Filling up the DagBag from /home/pyretttt/repos/mlops3/env/lib/python3.10/site-packages/airflow/example_dags/example_setup_teardown_taskflow.py
[2023-10-22T19:20:13.128+0400] {processor.py:839} INFO - DAG(s) dict_keys(['example_setup_teardown_taskflow']) retrieved from /home/pyretttt/repos/mlops3/env/lib/python3.10/site-packages/airflow/example_dags/example_setup_teardown_taskflow.py
[2023-10-22T19:20:13.136+0400] {logging_mixin.py:151} INFO - [2023-10-22T19:20:13.136+0400] {dag.py:2941} INFO - Sync 1 DAGs
[2023-10-22T19:20:13.146+0400] {logging_mixin.py:151} INFO - [2023-10-22T19:20:13.146+0400] {dag.py:3722} INFO - Setting next_dagrun for example_setup_teardown_taskflow to 2023-10-21T15:20:13.146222+00:00, run_after=2023-10-22T15:20:13.146222+00:00
[2023-10-22T19:20:13.158+0400] {processor.py:179} INFO - Processing /home/pyretttt/repos/mlops3/env/lib/python3.10/site-packages/airflow/example_dags/example_setup_teardown_taskflow.py took 0.043 seconds
