[2023-10-22T19:10:35.306+0400] {processor.py:157} INFO - Started process (PID=1428) to work on /home/pyretttt/repos/mlops3/env/lib/python3.10/site-packages/airflow/example_dags/example_dag_decorator.py
[2023-10-22T19:10:35.306+0400] {processor.py:829} INFO - Processing file /home/pyretttt/repos/mlops3/env/lib/python3.10/site-packages/airflow/example_dags/example_dag_decorator.py for tasks to queue
[2023-10-22T19:10:35.307+0400] {logging_mixin.py:151} INFO - [2023-10-22T19:10:35.307+0400] {dagbag.py:536} INFO - Filling up the DagBag from /home/pyretttt/repos/mlops3/env/lib/python3.10/site-packages/airflow/example_dags/example_dag_decorator.py
[2023-10-22T19:10:35.336+0400] {processor.py:839} INFO - DAG(s) dict_keys(['example_dag_decorator']) retrieved from /home/pyretttt/repos/mlops3/env/lib/python3.10/site-packages/airflow/example_dags/example_dag_decorator.py
[2023-10-22T19:10:35.381+0400] {logging_mixin.py:151} INFO - [2023-10-22T19:10:35.381+0400] {manager.py:499} INFO - Created Permission View: %s
[2023-10-22T19:10:35.389+0400] {logging_mixin.py:151} INFO - [2023-10-22T19:10:35.389+0400] {manager.py:499} INFO - Created Permission View: %s
[2023-10-22T19:10:35.394+0400] {logging_mixin.py:151} INFO - [2023-10-22T19:10:35.394+0400] {manager.py:499} INFO - Created Permission View: %s
[2023-10-22T19:10:35.394+0400] {logging_mixin.py:151} INFO - [2023-10-22T19:10:35.394+0400] {dag.py:2941} INFO - Sync 1 DAGs
[2023-10-22T19:10:35.399+0400] {logging_mixin.py:151} INFO - [2023-10-22T19:10:35.399+0400] {dag.py:2963} INFO - Creating ORM DAG for example_dag_decorator
[2023-10-22T19:10:35.399+0400] {logging_mixin.py:151} INFO - [2023-10-22T19:10:35.399+0400] {dag.py:3722} INFO - Setting next_dagrun for example_dag_decorator to None, run_after=None
[2023-10-22T19:10:35.414+0400] {processor.py:179} INFO - Processing /home/pyretttt/repos/mlops3/env/lib/python3.10/site-packages/airflow/example_dags/example_dag_decorator.py took 0.111 seconds
[2023-10-22T19:11:27.609+0400] {processor.py:157} INFO - Started process (PID=1648) to work on /home/pyretttt/repos/mlops3/env/lib/python3.10/site-packages/airflow/example_dags/example_dag_decorator.py
[2023-10-22T19:11:27.611+0400] {processor.py:829} INFO - Processing file /home/pyretttt/repos/mlops3/env/lib/python3.10/site-packages/airflow/example_dags/example_dag_decorator.py for tasks to queue
[2023-10-22T19:11:27.612+0400] {logging_mixin.py:151} INFO - [2023-10-22T19:11:27.611+0400] {dagbag.py:536} INFO - Filling up the DagBag from /home/pyretttt/repos/mlops3/env/lib/python3.10/site-packages/airflow/example_dags/example_dag_decorator.py
[2023-10-22T19:11:27.645+0400] {processor.py:839} INFO - DAG(s) dict_keys(['example_dag_decorator']) retrieved from /home/pyretttt/repos/mlops3/env/lib/python3.10/site-packages/airflow/example_dags/example_dag_decorator.py
[2023-10-22T19:11:27.706+0400] {logging_mixin.py:151} INFO - [2023-10-22T19:11:27.705+0400] {dag.py:2941} INFO - Sync 1 DAGs
[2023-10-22T19:11:27.711+0400] {logging_mixin.py:151} INFO - [2023-10-22T19:11:27.711+0400] {dag.py:3722} INFO - Setting next_dagrun for example_dag_decorator to None, run_after=None
[2023-10-22T19:11:27.726+0400] {processor.py:179} INFO - Processing /home/pyretttt/repos/mlops3/env/lib/python3.10/site-packages/airflow/example_dags/example_dag_decorator.py took 0.120 seconds
[2023-10-22T19:12:18.217+0400] {processor.py:157} INFO - Started process (PID=1710) to work on /home/pyretttt/repos/mlops3/env/lib/python3.10/site-packages/airflow/example_dags/example_dag_decorator.py
[2023-10-22T19:12:18.219+0400] {processor.py:829} INFO - Processing file /home/pyretttt/repos/mlops3/env/lib/python3.10/site-packages/airflow/example_dags/example_dag_decorator.py for tasks to queue
[2023-10-22T19:12:18.220+0400] {logging_mixin.py:151} INFO - [2023-10-22T19:12:18.219+0400] {dagbag.py:536} INFO - Filling up the DagBag from /home/pyretttt/repos/mlops3/env/lib/python3.10/site-packages/airflow/example_dags/example_dag_decorator.py
[2023-10-22T19:12:18.261+0400] {processor.py:839} INFO - DAG(s) dict_keys(['example_dag_decorator']) retrieved from /home/pyretttt/repos/mlops3/env/lib/python3.10/site-packages/airflow/example_dags/example_dag_decorator.py
[2023-10-22T19:12:18.311+0400] {logging_mixin.py:151} INFO - [2023-10-22T19:12:18.311+0400] {dag.py:2941} INFO - Sync 1 DAGs
[2023-10-22T19:12:18.314+0400] {logging_mixin.py:151} INFO - [2023-10-22T19:12:18.314+0400] {dag.py:3722} INFO - Setting next_dagrun for example_dag_decorator to None, run_after=None
[2023-10-22T19:12:18.326+0400] {processor.py:179} INFO - Processing /home/pyretttt/repos/mlops3/env/lib/python3.10/site-packages/airflow/example_dags/example_dag_decorator.py took 0.113 seconds
[2023-10-22T19:13:11.554+0400] {processor.py:157} INFO - Started process (PID=1766) to work on /home/pyretttt/repos/mlops3/env/lib/python3.10/site-packages/airflow/example_dags/example_dag_decorator.py
[2023-10-22T19:13:11.555+0400] {processor.py:829} INFO - Processing file /home/pyretttt/repos/mlops3/env/lib/python3.10/site-packages/airflow/example_dags/example_dag_decorator.py for tasks to queue
[2023-10-22T19:13:11.556+0400] {logging_mixin.py:151} INFO - [2023-10-22T19:13:11.556+0400] {dagbag.py:536} INFO - Filling up the DagBag from /home/pyretttt/repos/mlops3/env/lib/python3.10/site-packages/airflow/example_dags/example_dag_decorator.py
[2023-10-22T19:13:11.586+0400] {processor.py:839} INFO - DAG(s) dict_keys(['example_dag_decorator']) retrieved from /home/pyretttt/repos/mlops3/env/lib/python3.10/site-packages/airflow/example_dags/example_dag_decorator.py
[2023-10-22T19:13:11.624+0400] {logging_mixin.py:151} INFO - [2023-10-22T19:13:11.624+0400] {dag.py:2941} INFO - Sync 1 DAGs
[2023-10-22T19:13:11.629+0400] {logging_mixin.py:151} INFO - [2023-10-22T19:13:11.629+0400] {dag.py:3722} INFO - Setting next_dagrun for example_dag_decorator to None, run_after=None
[2023-10-22T19:13:11.641+0400] {processor.py:179} INFO - Processing /home/pyretttt/repos/mlops3/env/lib/python3.10/site-packages/airflow/example_dags/example_dag_decorator.py took 0.090 seconds
[2023-10-22T19:14:01.283+0400] {processor.py:157} INFO - Started process (PID=1838) to work on /home/pyretttt/repos/mlops3/env/lib/python3.10/site-packages/airflow/example_dags/example_dag_decorator.py
[2023-10-22T19:14:01.285+0400] {processor.py:829} INFO - Processing file /home/pyretttt/repos/mlops3/env/lib/python3.10/site-packages/airflow/example_dags/example_dag_decorator.py for tasks to queue
[2023-10-22T19:14:01.286+0400] {logging_mixin.py:151} INFO - [2023-10-22T19:14:01.285+0400] {dagbag.py:536} INFO - Filling up the DagBag from /home/pyretttt/repos/mlops3/env/lib/python3.10/site-packages/airflow/example_dags/example_dag_decorator.py
[2023-10-22T19:14:01.317+0400] {processor.py:839} INFO - DAG(s) dict_keys(['example_dag_decorator']) retrieved from /home/pyretttt/repos/mlops3/env/lib/python3.10/site-packages/airflow/example_dags/example_dag_decorator.py
[2023-10-22T19:14:01.327+0400] {logging_mixin.py:151} INFO - [2023-10-22T19:14:01.326+0400] {dag.py:2941} INFO - Sync 1 DAGs
[2023-10-22T19:14:01.331+0400] {logging_mixin.py:151} INFO - [2023-10-22T19:14:01.331+0400] {dag.py:3722} INFO - Setting next_dagrun for example_dag_decorator to None, run_after=None
[2023-10-22T19:14:01.343+0400] {processor.py:179} INFO - Processing /home/pyretttt/repos/mlops3/env/lib/python3.10/site-packages/airflow/example_dags/example_dag_decorator.py took 0.063 seconds
[2023-10-22T19:14:55.089+0400] {processor.py:157} INFO - Started process (PID=1893) to work on /home/pyretttt/repos/mlops3/env/lib/python3.10/site-packages/airflow/example_dags/example_dag_decorator.py
[2023-10-22T19:14:55.090+0400] {processor.py:829} INFO - Processing file /home/pyretttt/repos/mlops3/env/lib/python3.10/site-packages/airflow/example_dags/example_dag_decorator.py for tasks to queue
[2023-10-22T19:14:55.091+0400] {logging_mixin.py:151} INFO - [2023-10-22T19:14:55.091+0400] {dagbag.py:536} INFO - Filling up the DagBag from /home/pyretttt/repos/mlops3/env/lib/python3.10/site-packages/airflow/example_dags/example_dag_decorator.py
[2023-10-22T19:14:55.121+0400] {processor.py:839} INFO - DAG(s) dict_keys(['example_dag_decorator']) retrieved from /home/pyretttt/repos/mlops3/env/lib/python3.10/site-packages/airflow/example_dags/example_dag_decorator.py
[2023-10-22T19:14:55.160+0400] {logging_mixin.py:151} INFO - [2023-10-22T19:14:55.160+0400] {dag.py:2941} INFO - Sync 1 DAGs
[2023-10-22T19:14:55.165+0400] {logging_mixin.py:151} INFO - [2023-10-22T19:14:55.165+0400] {dag.py:3722} INFO - Setting next_dagrun for example_dag_decorator to None, run_after=None
[2023-10-22T19:14:55.177+0400] {processor.py:179} INFO - Processing /home/pyretttt/repos/mlops3/env/lib/python3.10/site-packages/airflow/example_dags/example_dag_decorator.py took 0.092 seconds
[2023-10-22T19:15:50.123+0400] {processor.py:157} INFO - Started process (PID=1947) to work on /home/pyretttt/repos/mlops3/env/lib/python3.10/site-packages/airflow/example_dags/example_dag_decorator.py
[2023-10-22T19:15:50.124+0400] {processor.py:829} INFO - Processing file /home/pyretttt/repos/mlops3/env/lib/python3.10/site-packages/airflow/example_dags/example_dag_decorator.py for tasks to queue
[2023-10-22T19:15:50.125+0400] {logging_mixin.py:151} INFO - [2023-10-22T19:15:50.125+0400] {dagbag.py:536} INFO - Filling up the DagBag from /home/pyretttt/repos/mlops3/env/lib/python3.10/site-packages/airflow/example_dags/example_dag_decorator.py
[2023-10-22T19:15:50.156+0400] {processor.py:839} INFO - DAG(s) dict_keys(['example_dag_decorator']) retrieved from /home/pyretttt/repos/mlops3/env/lib/python3.10/site-packages/airflow/example_dags/example_dag_decorator.py
[2023-10-22T19:15:50.197+0400] {logging_mixin.py:151} INFO - [2023-10-22T19:15:50.197+0400] {dag.py:2941} INFO - Sync 1 DAGs
[2023-10-22T19:15:50.201+0400] {logging_mixin.py:151} INFO - [2023-10-22T19:15:50.201+0400] {dag.py:3722} INFO - Setting next_dagrun for example_dag_decorator to None, run_after=None
[2023-10-22T19:15:50.211+0400] {processor.py:179} INFO - Processing /home/pyretttt/repos/mlops3/env/lib/python3.10/site-packages/airflow/example_dags/example_dag_decorator.py took 0.092 seconds
[2023-10-22T19:16:46.241+0400] {processor.py:157} INFO - Started process (PID=2004) to work on /home/pyretttt/repos/mlops3/env/lib/python3.10/site-packages/airflow/example_dags/example_dag_decorator.py
[2023-10-22T19:16:46.242+0400] {processor.py:829} INFO - Processing file /home/pyretttt/repos/mlops3/env/lib/python3.10/site-packages/airflow/example_dags/example_dag_decorator.py for tasks to queue
[2023-10-22T19:16:46.243+0400] {logging_mixin.py:151} INFO - [2023-10-22T19:16:46.242+0400] {dagbag.py:536} INFO - Filling up the DagBag from /home/pyretttt/repos/mlops3/env/lib/python3.10/site-packages/airflow/example_dags/example_dag_decorator.py
[2023-10-22T19:16:46.273+0400] {processor.py:839} INFO - DAG(s) dict_keys(['example_dag_decorator']) retrieved from /home/pyretttt/repos/mlops3/env/lib/python3.10/site-packages/airflow/example_dags/example_dag_decorator.py
[2023-10-22T19:16:46.310+0400] {logging_mixin.py:151} INFO - [2023-10-22T19:16:46.310+0400] {dag.py:2941} INFO - Sync 1 DAGs
[2023-10-22T19:16:46.314+0400] {logging_mixin.py:151} INFO - [2023-10-22T19:16:46.314+0400] {dag.py:3722} INFO - Setting next_dagrun for example_dag_decorator to None, run_after=None
[2023-10-22T19:16:46.324+0400] {processor.py:179} INFO - Processing /home/pyretttt/repos/mlops3/env/lib/python3.10/site-packages/airflow/example_dags/example_dag_decorator.py took 0.087 seconds
[2023-10-22T19:17:42.062+0400] {processor.py:157} INFO - Started process (PID=2097) to work on /home/pyretttt/repos/mlops3/env/lib/python3.10/site-packages/airflow/example_dags/example_dag_decorator.py
[2023-10-22T19:17:42.064+0400] {processor.py:829} INFO - Processing file /home/pyretttt/repos/mlops3/env/lib/python3.10/site-packages/airflow/example_dags/example_dag_decorator.py for tasks to queue
[2023-10-22T19:17:42.065+0400] {logging_mixin.py:151} INFO - [2023-10-22T19:17:42.064+0400] {dagbag.py:536} INFO - Filling up the DagBag from /home/pyretttt/repos/mlops3/env/lib/python3.10/site-packages/airflow/example_dags/example_dag_decorator.py
[2023-10-22T19:17:42.098+0400] {processor.py:839} INFO - DAG(s) dict_keys(['example_dag_decorator']) retrieved from /home/pyretttt/repos/mlops3/env/lib/python3.10/site-packages/airflow/example_dags/example_dag_decorator.py
[2023-10-22T19:17:42.107+0400] {logging_mixin.py:151} INFO - [2023-10-22T19:17:42.107+0400] {dag.py:2941} INFO - Sync 1 DAGs
[2023-10-22T19:17:42.112+0400] {logging_mixin.py:151} INFO - [2023-10-22T19:17:42.112+0400] {dag.py:3722} INFO - Setting next_dagrun for example_dag_decorator to None, run_after=None
[2023-10-22T19:17:42.134+0400] {processor.py:179} INFO - Processing /home/pyretttt/repos/mlops3/env/lib/python3.10/site-packages/airflow/example_dags/example_dag_decorator.py took 0.074 seconds
[2023-10-22T19:18:36.840+0400] {processor.py:157} INFO - Started process (PID=2151) to work on /home/pyretttt/repos/mlops3/env/lib/python3.10/site-packages/airflow/example_dags/example_dag_decorator.py
[2023-10-22T19:18:36.842+0400] {processor.py:829} INFO - Processing file /home/pyretttt/repos/mlops3/env/lib/python3.10/site-packages/airflow/example_dags/example_dag_decorator.py for tasks to queue
[2023-10-22T19:18:36.843+0400] {logging_mixin.py:151} INFO - [2023-10-22T19:18:36.842+0400] {dagbag.py:536} INFO - Filling up the DagBag from /home/pyretttt/repos/mlops3/env/lib/python3.10/site-packages/airflow/example_dags/example_dag_decorator.py
[2023-10-22T19:18:36.873+0400] {processor.py:839} INFO - DAG(s) dict_keys(['example_dag_decorator']) retrieved from /home/pyretttt/repos/mlops3/env/lib/python3.10/site-packages/airflow/example_dags/example_dag_decorator.py
[2023-10-22T19:18:36.917+0400] {logging_mixin.py:151} INFO - [2023-10-22T19:18:36.917+0400] {dag.py:2941} INFO - Sync 1 DAGs
[2023-10-22T19:18:36.924+0400] {logging_mixin.py:151} INFO - [2023-10-22T19:18:36.924+0400] {dag.py:3722} INFO - Setting next_dagrun for example_dag_decorator to None, run_after=None
[2023-10-22T19:18:36.939+0400] {processor.py:179} INFO - Processing /home/pyretttt/repos/mlops3/env/lib/python3.10/site-packages/airflow/example_dags/example_dag_decorator.py took 0.102 seconds
[2023-10-22T19:19:30.026+0400] {processor.py:157} INFO - Started process (PID=2205) to work on /home/pyretttt/repos/mlops3/env/lib/python3.10/site-packages/airflow/example_dags/example_dag_decorator.py
[2023-10-22T19:19:30.028+0400] {processor.py:829} INFO - Processing file /home/pyretttt/repos/mlops3/env/lib/python3.10/site-packages/airflow/example_dags/example_dag_decorator.py for tasks to queue
[2023-10-22T19:19:30.029+0400] {logging_mixin.py:151} INFO - [2023-10-22T19:19:30.028+0400] {dagbag.py:536} INFO - Filling up the DagBag from /home/pyretttt/repos/mlops3/env/lib/python3.10/site-packages/airflow/example_dags/example_dag_decorator.py
[2023-10-22T19:19:30.059+0400] {processor.py:839} INFO - DAG(s) dict_keys(['example_dag_decorator']) retrieved from /home/pyretttt/repos/mlops3/env/lib/python3.10/site-packages/airflow/example_dags/example_dag_decorator.py
[2023-10-22T19:19:30.096+0400] {logging_mixin.py:151} INFO - [2023-10-22T19:19:30.096+0400] {dag.py:2941} INFO - Sync 1 DAGs
[2023-10-22T19:19:30.099+0400] {logging_mixin.py:151} INFO - [2023-10-22T19:19:30.099+0400] {dag.py:3722} INFO - Setting next_dagrun for example_dag_decorator to None, run_after=None
[2023-10-22T19:19:30.110+0400] {processor.py:179} INFO - Processing /home/pyretttt/repos/mlops3/env/lib/python3.10/site-packages/airflow/example_dags/example_dag_decorator.py took 0.087 seconds
[2023-10-22T19:20:23.528+0400] {processor.py:157} INFO - Started process (PID=2259) to work on /home/pyretttt/repos/mlops3/env/lib/python3.10/site-packages/airflow/example_dags/example_dag_decorator.py
[2023-10-22T19:20:23.529+0400] {processor.py:829} INFO - Processing file /home/pyretttt/repos/mlops3/env/lib/python3.10/site-packages/airflow/example_dags/example_dag_decorator.py for tasks to queue
[2023-10-22T19:20:23.530+0400] {logging_mixin.py:151} INFO - [2023-10-22T19:20:23.530+0400] {dagbag.py:536} INFO - Filling up the DagBag from /home/pyretttt/repos/mlops3/env/lib/python3.10/site-packages/airflow/example_dags/example_dag_decorator.py
[2023-10-22T19:20:23.563+0400] {processor.py:839} INFO - DAG(s) dict_keys(['example_dag_decorator']) retrieved from /home/pyretttt/repos/mlops3/env/lib/python3.10/site-packages/airflow/example_dags/example_dag_decorator.py
[2023-10-22T19:20:23.606+0400] {logging_mixin.py:151} INFO - [2023-10-22T19:20:23.606+0400] {dag.py:2941} INFO - Sync 1 DAGs
[2023-10-22T19:20:23.610+0400] {logging_mixin.py:151} INFO - [2023-10-22T19:20:23.610+0400] {dag.py:3722} INFO - Setting next_dagrun for example_dag_decorator to None, run_after=None
[2023-10-22T19:20:23.622+0400] {processor.py:179} INFO - Processing /home/pyretttt/repos/mlops3/env/lib/python3.10/site-packages/airflow/example_dags/example_dag_decorator.py took 0.097 seconds
