[2023-10-22T19:10:34.785+0400] {processor.py:157} INFO - Started process (PID=1426) to work on /home/pyretttt/repos/mlops3/env/lib/python3.10/site-packages/airflow/example_dags/example_branch_day_of_week_operator.py
[2023-10-22T19:10:34.786+0400] {processor.py:829} INFO - Processing file /home/pyretttt/repos/mlops3/env/lib/python3.10/site-packages/airflow/example_dags/example_branch_day_of_week_operator.py for tasks to queue
[2023-10-22T19:10:34.787+0400] {logging_mixin.py:151} INFO - [2023-10-22T19:10:34.786+0400] {dagbag.py:536} INFO - Filling up the DagBag from /home/pyretttt/repos/mlops3/env/lib/python3.10/site-packages/airflow/example_dags/example_branch_day_of_week_operator.py
[2023-10-22T19:10:34.794+0400] {processor.py:839} INFO - DAG(s) dict_keys(['example_weekday_branch_operator']) retrieved from /home/pyretttt/repos/mlops3/env/lib/python3.10/site-packages/airflow/example_dags/example_branch_day_of_week_operator.py
[2023-10-22T19:10:34.839+0400] {logging_mixin.py:151} INFO - [2023-10-22T19:10:34.838+0400] {manager.py:499} INFO - Created Permission View: %s
[2023-10-22T19:10:34.845+0400] {logging_mixin.py:151} INFO - [2023-10-22T19:10:34.845+0400] {manager.py:499} INFO - Created Permission View: %s
[2023-10-22T19:10:34.850+0400] {logging_mixin.py:151} INFO - [2023-10-22T19:10:34.849+0400] {manager.py:499} INFO - Created Permission View: %s
[2023-10-22T19:10:34.850+0400] {logging_mixin.py:151} INFO - [2023-10-22T19:10:34.850+0400] {dag.py:2941} INFO - Sync 1 DAGs
[2023-10-22T19:10:34.854+0400] {logging_mixin.py:151} INFO - [2023-10-22T19:10:34.854+0400] {dag.py:2963} INFO - Creating ORM DAG for example_weekday_branch_operator
[2023-10-22T19:10:34.858+0400] {logging_mixin.py:151} INFO - [2023-10-22T19:10:34.858+0400] {dag.py:3722} INFO - Setting next_dagrun for example_weekday_branch_operator to 2023-10-21T00:00:00+00:00, run_after=2023-10-22T00:00:00+00:00
[2023-10-22T19:10:34.869+0400] {processor.py:179} INFO - Processing /home/pyretttt/repos/mlops3/env/lib/python3.10/site-packages/airflow/example_dags/example_branch_day_of_week_operator.py took 0.087 seconds
[2023-10-22T19:11:26.154+0400] {processor.py:157} INFO - Started process (PID=1646) to work on /home/pyretttt/repos/mlops3/env/lib/python3.10/site-packages/airflow/example_dags/example_branch_day_of_week_operator.py
[2023-10-22T19:11:26.155+0400] {processor.py:829} INFO - Processing file /home/pyretttt/repos/mlops3/env/lib/python3.10/site-packages/airflow/example_dags/example_branch_day_of_week_operator.py for tasks to queue
[2023-10-22T19:11:26.156+0400] {logging_mixin.py:151} INFO - [2023-10-22T19:11:26.156+0400] {dagbag.py:536} INFO - Filling up the DagBag from /home/pyretttt/repos/mlops3/env/lib/python3.10/site-packages/airflow/example_dags/example_branch_day_of_week_operator.py
[2023-10-22T19:11:26.161+0400] {processor.py:839} INFO - DAG(s) dict_keys(['example_weekday_branch_operator']) retrieved from /home/pyretttt/repos/mlops3/env/lib/python3.10/site-packages/airflow/example_dags/example_branch_day_of_week_operator.py
[2023-10-22T19:11:26.172+0400] {logging_mixin.py:151} INFO - [2023-10-22T19:11:26.172+0400] {dag.py:2941} INFO - Sync 1 DAGs
[2023-10-22T19:11:26.185+0400] {logging_mixin.py:151} INFO - [2023-10-22T19:11:26.184+0400] {dag.py:3722} INFO - Setting next_dagrun for example_weekday_branch_operator to 2023-10-21T00:00:00+00:00, run_after=2023-10-22T00:00:00+00:00
[2023-10-22T19:11:26.200+0400] {processor.py:179} INFO - Processing /home/pyretttt/repos/mlops3/env/lib/python3.10/site-packages/airflow/example_dags/example_branch_day_of_week_operator.py took 0.049 seconds
[2023-10-22T19:12:15.767+0400] {processor.py:157} INFO - Started process (PID=1708) to work on /home/pyretttt/repos/mlops3/env/lib/python3.10/site-packages/airflow/example_dags/example_branch_day_of_week_operator.py
[2023-10-22T19:12:15.769+0400] {processor.py:829} INFO - Processing file /home/pyretttt/repos/mlops3/env/lib/python3.10/site-packages/airflow/example_dags/example_branch_day_of_week_operator.py for tasks to queue
[2023-10-22T19:12:15.770+0400] {logging_mixin.py:151} INFO - [2023-10-22T19:12:15.769+0400] {dagbag.py:536} INFO - Filling up the DagBag from /home/pyretttt/repos/mlops3/env/lib/python3.10/site-packages/airflow/example_dags/example_branch_day_of_week_operator.py
[2023-10-22T19:12:15.775+0400] {processor.py:839} INFO - DAG(s) dict_keys(['example_weekday_branch_operator']) retrieved from /home/pyretttt/repos/mlops3/env/lib/python3.10/site-packages/airflow/example_dags/example_branch_day_of_week_operator.py
[2023-10-22T19:12:15.783+0400] {logging_mixin.py:151} INFO - [2023-10-22T19:12:15.783+0400] {dag.py:2941} INFO - Sync 1 DAGs
[2023-10-22T19:12:15.793+0400] {logging_mixin.py:151} INFO - [2023-10-22T19:12:15.793+0400] {dag.py:3722} INFO - Setting next_dagrun for example_weekday_branch_operator to 2023-10-21T00:00:00+00:00, run_after=2023-10-22T00:00:00+00:00
[2023-10-22T19:12:15.803+0400] {processor.py:179} INFO - Processing /home/pyretttt/repos/mlops3/env/lib/python3.10/site-packages/airflow/example_dags/example_branch_day_of_week_operator.py took 0.039 seconds
[2023-10-22T19:13:09.214+0400] {processor.py:157} INFO - Started process (PID=1764) to work on /home/pyretttt/repos/mlops3/env/lib/python3.10/site-packages/airflow/example_dags/example_branch_day_of_week_operator.py
[2023-10-22T19:13:09.215+0400] {processor.py:829} INFO - Processing file /home/pyretttt/repos/mlops3/env/lib/python3.10/site-packages/airflow/example_dags/example_branch_day_of_week_operator.py for tasks to queue
[2023-10-22T19:13:09.217+0400] {logging_mixin.py:151} INFO - [2023-10-22T19:13:09.216+0400] {dagbag.py:536} INFO - Filling up the DagBag from /home/pyretttt/repos/mlops3/env/lib/python3.10/site-packages/airflow/example_dags/example_branch_day_of_week_operator.py
[2023-10-22T19:13:09.224+0400] {processor.py:839} INFO - DAG(s) dict_keys(['example_weekday_branch_operator']) retrieved from /home/pyretttt/repos/mlops3/env/lib/python3.10/site-packages/airflow/example_dags/example_branch_day_of_week_operator.py
[2023-10-22T19:13:09.232+0400] {logging_mixin.py:151} INFO - [2023-10-22T19:13:09.232+0400] {dag.py:2941} INFO - Sync 1 DAGs
[2023-10-22T19:13:09.242+0400] {logging_mixin.py:151} INFO - [2023-10-22T19:13:09.242+0400] {dag.py:3722} INFO - Setting next_dagrun for example_weekday_branch_operator to 2023-10-21T00:00:00+00:00, run_after=2023-10-22T00:00:00+00:00
[2023-10-22T19:13:09.254+0400] {processor.py:179} INFO - Processing /home/pyretttt/repos/mlops3/env/lib/python3.10/site-packages/airflow/example_dags/example_branch_day_of_week_operator.py took 0.043 seconds
[2023-10-22T19:13:58.950+0400] {processor.py:157} INFO - Started process (PID=1836) to work on /home/pyretttt/repos/mlops3/env/lib/python3.10/site-packages/airflow/example_dags/example_branch_day_of_week_operator.py
[2023-10-22T19:13:58.951+0400] {processor.py:829} INFO - Processing file /home/pyretttt/repos/mlops3/env/lib/python3.10/site-packages/airflow/example_dags/example_branch_day_of_week_operator.py for tasks to queue
[2023-10-22T19:13:58.952+0400] {logging_mixin.py:151} INFO - [2023-10-22T19:13:58.952+0400] {dagbag.py:536} INFO - Filling up the DagBag from /home/pyretttt/repos/mlops3/env/lib/python3.10/site-packages/airflow/example_dags/example_branch_day_of_week_operator.py
[2023-10-22T19:13:58.960+0400] {processor.py:839} INFO - DAG(s) dict_keys(['example_weekday_branch_operator']) retrieved from /home/pyretttt/repos/mlops3/env/lib/python3.10/site-packages/airflow/example_dags/example_branch_day_of_week_operator.py
[2023-10-22T19:13:58.969+0400] {logging_mixin.py:151} INFO - [2023-10-22T19:13:58.969+0400] {dag.py:2941} INFO - Sync 1 DAGs
[2023-10-22T19:13:58.980+0400] {logging_mixin.py:151} INFO - [2023-10-22T19:13:58.980+0400] {dag.py:3722} INFO - Setting next_dagrun for example_weekday_branch_operator to 2023-10-21T00:00:00+00:00, run_after=2023-10-22T00:00:00+00:00
[2023-10-22T19:13:59.003+0400] {processor.py:179} INFO - Processing /home/pyretttt/repos/mlops3/env/lib/python3.10/site-packages/airflow/example_dags/example_branch_day_of_week_operator.py took 0.057 seconds
[2023-10-22T19:14:52.724+0400] {processor.py:157} INFO - Started process (PID=1891) to work on /home/pyretttt/repos/mlops3/env/lib/python3.10/site-packages/airflow/example_dags/example_branch_day_of_week_operator.py
[2023-10-22T19:14:52.726+0400] {processor.py:829} INFO - Processing file /home/pyretttt/repos/mlops3/env/lib/python3.10/site-packages/airflow/example_dags/example_branch_day_of_week_operator.py for tasks to queue
[2023-10-22T19:14:52.727+0400] {logging_mixin.py:151} INFO - [2023-10-22T19:14:52.726+0400] {dagbag.py:536} INFO - Filling up the DagBag from /home/pyretttt/repos/mlops3/env/lib/python3.10/site-packages/airflow/example_dags/example_branch_day_of_week_operator.py
[2023-10-22T19:14:52.734+0400] {processor.py:839} INFO - DAG(s) dict_keys(['example_weekday_branch_operator']) retrieved from /home/pyretttt/repos/mlops3/env/lib/python3.10/site-packages/airflow/example_dags/example_branch_day_of_week_operator.py
[2023-10-22T19:14:52.742+0400] {logging_mixin.py:151} INFO - [2023-10-22T19:14:52.742+0400] {dag.py:2941} INFO - Sync 1 DAGs
[2023-10-22T19:14:52.751+0400] {logging_mixin.py:151} INFO - [2023-10-22T19:14:52.751+0400] {dag.py:3722} INFO - Setting next_dagrun for example_weekday_branch_operator to 2023-10-21T00:00:00+00:00, run_after=2023-10-22T00:00:00+00:00
[2023-10-22T19:14:52.762+0400] {processor.py:179} INFO - Processing /home/pyretttt/repos/mlops3/env/lib/python3.10/site-packages/airflow/example_dags/example_branch_day_of_week_operator.py took 0.040 seconds
[2023-10-22T19:15:47.634+0400] {processor.py:157} INFO - Started process (PID=1945) to work on /home/pyretttt/repos/mlops3/env/lib/python3.10/site-packages/airflow/example_dags/example_branch_day_of_week_operator.py
[2023-10-22T19:15:47.635+0400] {processor.py:829} INFO - Processing file /home/pyretttt/repos/mlops3/env/lib/python3.10/site-packages/airflow/example_dags/example_branch_day_of_week_operator.py for tasks to queue
[2023-10-22T19:15:47.636+0400] {logging_mixin.py:151} INFO - [2023-10-22T19:15:47.636+0400] {dagbag.py:536} INFO - Filling up the DagBag from /home/pyretttt/repos/mlops3/env/lib/python3.10/site-packages/airflow/example_dags/example_branch_day_of_week_operator.py
[2023-10-22T19:15:47.644+0400] {processor.py:839} INFO - DAG(s) dict_keys(['example_weekday_branch_operator']) retrieved from /home/pyretttt/repos/mlops3/env/lib/python3.10/site-packages/airflow/example_dags/example_branch_day_of_week_operator.py
[2023-10-22T19:15:47.653+0400] {logging_mixin.py:151} INFO - [2023-10-22T19:15:47.653+0400] {dag.py:2941} INFO - Sync 1 DAGs
[2023-10-22T19:15:47.661+0400] {logging_mixin.py:151} INFO - [2023-10-22T19:15:47.661+0400] {dag.py:3722} INFO - Setting next_dagrun for example_weekday_branch_operator to 2023-10-21T00:00:00+00:00, run_after=2023-10-22T00:00:00+00:00
[2023-10-22T19:15:47.671+0400] {processor.py:179} INFO - Processing /home/pyretttt/repos/mlops3/env/lib/python3.10/site-packages/airflow/example_dags/example_branch_day_of_week_operator.py took 0.040 seconds
[2023-10-22T19:16:44.203+0400] {processor.py:157} INFO - Started process (PID=2002) to work on /home/pyretttt/repos/mlops3/env/lib/python3.10/site-packages/airflow/example_dags/example_branch_day_of_week_operator.py
[2023-10-22T19:16:44.204+0400] {processor.py:829} INFO - Processing file /home/pyretttt/repos/mlops3/env/lib/python3.10/site-packages/airflow/example_dags/example_branch_day_of_week_operator.py for tasks to queue
[2023-10-22T19:16:44.205+0400] {logging_mixin.py:151} INFO - [2023-10-22T19:16:44.205+0400] {dagbag.py:536} INFO - Filling up the DagBag from /home/pyretttt/repos/mlops3/env/lib/python3.10/site-packages/airflow/example_dags/example_branch_day_of_week_operator.py
[2023-10-22T19:16:44.210+0400] {processor.py:839} INFO - DAG(s) dict_keys(['example_weekday_branch_operator']) retrieved from /home/pyretttt/repos/mlops3/env/lib/python3.10/site-packages/airflow/example_dags/example_branch_day_of_week_operator.py
[2023-10-22T19:16:44.218+0400] {logging_mixin.py:151} INFO - [2023-10-22T19:16:44.218+0400] {dag.py:2941} INFO - Sync 1 DAGs
[2023-10-22T19:16:44.226+0400] {logging_mixin.py:151} INFO - [2023-10-22T19:16:44.226+0400] {dag.py:3722} INFO - Setting next_dagrun for example_weekday_branch_operator to 2023-10-21T00:00:00+00:00, run_after=2023-10-22T00:00:00+00:00
[2023-10-22T19:16:44.238+0400] {processor.py:179} INFO - Processing /home/pyretttt/repos/mlops3/env/lib/python3.10/site-packages/airflow/example_dags/example_branch_day_of_week_operator.py took 0.038 seconds
[2023-10-22T19:17:39.920+0400] {processor.py:157} INFO - Started process (PID=2095) to work on /home/pyretttt/repos/mlops3/env/lib/python3.10/site-packages/airflow/example_dags/example_branch_day_of_week_operator.py
[2023-10-22T19:17:39.922+0400] {processor.py:829} INFO - Processing file /home/pyretttt/repos/mlops3/env/lib/python3.10/site-packages/airflow/example_dags/example_branch_day_of_week_operator.py for tasks to queue
[2023-10-22T19:17:39.923+0400] {logging_mixin.py:151} INFO - [2023-10-22T19:17:39.922+0400] {dagbag.py:536} INFO - Filling up the DagBag from /home/pyretttt/repos/mlops3/env/lib/python3.10/site-packages/airflow/example_dags/example_branch_day_of_week_operator.py
[2023-10-22T19:17:39.929+0400] {processor.py:839} INFO - DAG(s) dict_keys(['example_weekday_branch_operator']) retrieved from /home/pyretttt/repos/mlops3/env/lib/python3.10/site-packages/airflow/example_dags/example_branch_day_of_week_operator.py
[2023-10-22T19:17:39.939+0400] {logging_mixin.py:151} INFO - [2023-10-22T19:17:39.939+0400] {dag.py:2941} INFO - Sync 1 DAGs
[2023-10-22T19:17:39.948+0400] {logging_mixin.py:151} INFO - [2023-10-22T19:17:39.948+0400] {dag.py:3722} INFO - Setting next_dagrun for example_weekday_branch_operator to 2023-10-21T00:00:00+00:00, run_after=2023-10-22T00:00:00+00:00
[2023-10-22T19:17:39.961+0400] {processor.py:179} INFO - Processing /home/pyretttt/repos/mlops3/env/lib/python3.10/site-packages/airflow/example_dags/example_branch_day_of_week_operator.py took 0.044 seconds
[2023-10-22T19:18:34.458+0400] {processor.py:157} INFO - Started process (PID=2149) to work on /home/pyretttt/repos/mlops3/env/lib/python3.10/site-packages/airflow/example_dags/example_branch_day_of_week_operator.py
[2023-10-22T19:18:34.459+0400] {processor.py:829} INFO - Processing file /home/pyretttt/repos/mlops3/env/lib/python3.10/site-packages/airflow/example_dags/example_branch_day_of_week_operator.py for tasks to queue
[2023-10-22T19:18:34.460+0400] {logging_mixin.py:151} INFO - [2023-10-22T19:18:34.460+0400] {dagbag.py:536} INFO - Filling up the DagBag from /home/pyretttt/repos/mlops3/env/lib/python3.10/site-packages/airflow/example_dags/example_branch_day_of_week_operator.py
[2023-10-22T19:18:34.465+0400] {processor.py:839} INFO - DAG(s) dict_keys(['example_weekday_branch_operator']) retrieved from /home/pyretttt/repos/mlops3/env/lib/python3.10/site-packages/airflow/example_dags/example_branch_day_of_week_operator.py
[2023-10-22T19:18:34.474+0400] {logging_mixin.py:151} INFO - [2023-10-22T19:18:34.474+0400] {dag.py:2941} INFO - Sync 1 DAGs
[2023-10-22T19:18:34.486+0400] {logging_mixin.py:151} INFO - [2023-10-22T19:18:34.485+0400] {dag.py:3722} INFO - Setting next_dagrun for example_weekday_branch_operator to 2023-10-21T00:00:00+00:00, run_after=2023-10-22T00:00:00+00:00
[2023-10-22T19:18:34.501+0400] {processor.py:179} INFO - Processing /home/pyretttt/repos/mlops3/env/lib/python3.10/site-packages/airflow/example_dags/example_branch_day_of_week_operator.py took 0.047 seconds
[2023-10-22T19:19:27.624+0400] {processor.py:157} INFO - Started process (PID=2203) to work on /home/pyretttt/repos/mlops3/env/lib/python3.10/site-packages/airflow/example_dags/example_branch_day_of_week_operator.py
[2023-10-22T19:19:27.625+0400] {processor.py:829} INFO - Processing file /home/pyretttt/repos/mlops3/env/lib/python3.10/site-packages/airflow/example_dags/example_branch_day_of_week_operator.py for tasks to queue
[2023-10-22T19:19:27.626+0400] {logging_mixin.py:151} INFO - [2023-10-22T19:19:27.626+0400] {dagbag.py:536} INFO - Filling up the DagBag from /home/pyretttt/repos/mlops3/env/lib/python3.10/site-packages/airflow/example_dags/example_branch_day_of_week_operator.py
[2023-10-22T19:19:27.635+0400] {processor.py:839} INFO - DAG(s) dict_keys(['example_weekday_branch_operator']) retrieved from /home/pyretttt/repos/mlops3/env/lib/python3.10/site-packages/airflow/example_dags/example_branch_day_of_week_operator.py
[2023-10-22T19:19:27.645+0400] {logging_mixin.py:151} INFO - [2023-10-22T19:19:27.645+0400] {dag.py:2941} INFO - Sync 1 DAGs
[2023-10-22T19:19:27.655+0400] {logging_mixin.py:151} INFO - [2023-10-22T19:19:27.655+0400] {dag.py:3722} INFO - Setting next_dagrun for example_weekday_branch_operator to 2023-10-21T00:00:00+00:00, run_after=2023-10-22T00:00:00+00:00
[2023-10-22T19:19:27.666+0400] {processor.py:179} INFO - Processing /home/pyretttt/repos/mlops3/env/lib/python3.10/site-packages/airflow/example_dags/example_branch_day_of_week_operator.py took 0.046 seconds
[2023-10-22T19:20:21.982+0400] {processor.py:157} INFO - Started process (PID=2257) to work on /home/pyretttt/repos/mlops3/env/lib/python3.10/site-packages/airflow/example_dags/example_branch_day_of_week_operator.py
[2023-10-22T19:20:21.984+0400] {processor.py:829} INFO - Processing file /home/pyretttt/repos/mlops3/env/lib/python3.10/site-packages/airflow/example_dags/example_branch_day_of_week_operator.py for tasks to queue
[2023-10-22T19:20:21.985+0400] {logging_mixin.py:151} INFO - [2023-10-22T19:20:21.984+0400] {dagbag.py:536} INFO - Filling up the DagBag from /home/pyretttt/repos/mlops3/env/lib/python3.10/site-packages/airflow/example_dags/example_branch_day_of_week_operator.py
[2023-10-22T19:20:21.991+0400] {processor.py:839} INFO - DAG(s) dict_keys(['example_weekday_branch_operator']) retrieved from /home/pyretttt/repos/mlops3/env/lib/python3.10/site-packages/airflow/example_dags/example_branch_day_of_week_operator.py
[2023-10-22T19:20:22.000+0400] {logging_mixin.py:151} INFO - [2023-10-22T19:20:22.000+0400] {dag.py:2941} INFO - Sync 1 DAGs
[2023-10-22T19:20:22.008+0400] {logging_mixin.py:151} INFO - [2023-10-22T19:20:22.007+0400] {dag.py:3722} INFO - Setting next_dagrun for example_weekday_branch_operator to 2023-10-21T00:00:00+00:00, run_after=2023-10-22T00:00:00+00:00
[2023-10-22T19:20:22.018+0400] {processor.py:179} INFO - Processing /home/pyretttt/repos/mlops3/env/lib/python3.10/site-packages/airflow/example_dags/example_branch_day_of_week_operator.py took 0.039 seconds
