[2023-10-22T19:10:24.870+0400] {processor.py:157} INFO - Started process (PID=1417) to work on /home/pyretttt/repos/mlops3/env/lib/python3.10/site-packages/airflow/example_dags/plugins/event_listener.py
[2023-10-22T19:10:24.871+0400] {processor.py:829} INFO - Processing file /home/pyretttt/repos/mlops3/env/lib/python3.10/site-packages/airflow/example_dags/plugins/event_listener.py for tasks to queue
[2023-10-22T19:10:24.872+0400] {logging_mixin.py:151} INFO - [2023-10-22T19:10:24.871+0400] {dagbag.py:536} INFO - Filling up the DagBag from /home/pyretttt/repos/mlops3/env/lib/python3.10/site-packages/airflow/example_dags/plugins/event_listener.py
[2023-10-22T19:10:24.874+0400] {processor.py:841} WARNING - No viable dags retrieved from /home/pyretttt/repos/mlops3/env/lib/python3.10/site-packages/airflow/example_dags/plugins/event_listener.py
[2023-10-22T19:10:24.882+0400] {processor.py:179} INFO - Processing /home/pyretttt/repos/mlops3/env/lib/python3.10/site-packages/airflow/example_dags/plugins/event_listener.py took 0.015 seconds
[2023-10-22T19:11:12.002+0400] {processor.py:157} INFO - Started process (PID=1474) to work on /home/pyretttt/repos/mlops3/env/lib/python3.10/site-packages/airflow/example_dags/plugins/event_listener.py
[2023-10-22T19:11:12.003+0400] {processor.py:829} INFO - Processing file /home/pyretttt/repos/mlops3/env/lib/python3.10/site-packages/airflow/example_dags/plugins/event_listener.py for tasks to queue
[2023-10-22T19:11:12.004+0400] {logging_mixin.py:151} INFO - [2023-10-22T19:11:12.004+0400] {dagbag.py:536} INFO - Filling up the DagBag from /home/pyretttt/repos/mlops3/env/lib/python3.10/site-packages/airflow/example_dags/plugins/event_listener.py
[2023-10-22T19:11:12.005+0400] {processor.py:841} WARNING - No viable dags retrieved from /home/pyretttt/repos/mlops3/env/lib/python3.10/site-packages/airflow/example_dags/plugins/event_listener.py
[2023-10-22T19:11:12.010+0400] {processor.py:179} INFO - Processing /home/pyretttt/repos/mlops3/env/lib/python3.10/site-packages/airflow/example_dags/plugins/event_listener.py took 0.011 seconds
[2023-10-22T19:12:00.121+0400] {processor.py:157} INFO - Started process (PID=1693) to work on /home/pyretttt/repos/mlops3/env/lib/python3.10/site-packages/airflow/example_dags/plugins/event_listener.py
[2023-10-22T19:12:00.123+0400] {processor.py:829} INFO - Processing file /home/pyretttt/repos/mlops3/env/lib/python3.10/site-packages/airflow/example_dags/plugins/event_listener.py for tasks to queue
[2023-10-22T19:12:00.124+0400] {logging_mixin.py:151} INFO - [2023-10-22T19:12:00.123+0400] {dagbag.py:536} INFO - Filling up the DagBag from /home/pyretttt/repos/mlops3/env/lib/python3.10/site-packages/airflow/example_dags/plugins/event_listener.py
[2023-10-22T19:12:00.137+0400] {processor.py:841} WARNING - No viable dags retrieved from /home/pyretttt/repos/mlops3/env/lib/python3.10/site-packages/airflow/example_dags/plugins/event_listener.py
[2023-10-22T19:12:00.145+0400] {processor.py:179} INFO - Processing /home/pyretttt/repos/mlops3/env/lib/python3.10/site-packages/airflow/example_dags/plugins/event_listener.py took 0.027 seconds
[2023-10-22T19:12:53.899+0400] {processor.py:157} INFO - Started process (PID=1748) to work on /home/pyretttt/repos/mlops3/env/lib/python3.10/site-packages/airflow/example_dags/plugins/event_listener.py
[2023-10-22T19:12:53.900+0400] {processor.py:829} INFO - Processing file /home/pyretttt/repos/mlops3/env/lib/python3.10/site-packages/airflow/example_dags/plugins/event_listener.py for tasks to queue
[2023-10-22T19:12:53.901+0400] {logging_mixin.py:151} INFO - [2023-10-22T19:12:53.900+0400] {dagbag.py:536} INFO - Filling up the DagBag from /home/pyretttt/repos/mlops3/env/lib/python3.10/site-packages/airflow/example_dags/plugins/event_listener.py
[2023-10-22T19:12:53.902+0400] {processor.py:841} WARNING - No viable dags retrieved from /home/pyretttt/repos/mlops3/env/lib/python3.10/site-packages/airflow/example_dags/plugins/event_listener.py
[2023-10-22T19:12:53.908+0400] {processor.py:179} INFO - Processing /home/pyretttt/repos/mlops3/env/lib/python3.10/site-packages/airflow/example_dags/plugins/event_listener.py took 0.012 seconds
[2023-10-22T19:13:41.076+0400] {processor.py:157} INFO - Started process (PID=1797) to work on /home/pyretttt/repos/mlops3/env/lib/python3.10/site-packages/airflow/example_dags/plugins/event_listener.py
[2023-10-22T19:13:41.080+0400] {processor.py:829} INFO - Processing file /home/pyretttt/repos/mlops3/env/lib/python3.10/site-packages/airflow/example_dags/plugins/event_listener.py for tasks to queue
[2023-10-22T19:13:41.081+0400] {logging_mixin.py:151} INFO - [2023-10-22T19:13:41.080+0400] {dagbag.py:536} INFO - Filling up the DagBag from /home/pyretttt/repos/mlops3/env/lib/python3.10/site-packages/airflow/example_dags/plugins/event_listener.py
[2023-10-22T19:13:41.084+0400] {processor.py:841} WARNING - No viable dags retrieved from /home/pyretttt/repos/mlops3/env/lib/python3.10/site-packages/airflow/example_dags/plugins/event_listener.py
[2023-10-22T19:13:41.090+0400] {processor.py:179} INFO - Processing /home/pyretttt/repos/mlops3/env/lib/python3.10/site-packages/airflow/example_dags/plugins/event_listener.py took 0.018 seconds
[2023-10-22T19:14:34.771+0400] {processor.py:157} INFO - Started process (PID=1873) to work on /home/pyretttt/repos/mlops3/env/lib/python3.10/site-packages/airflow/example_dags/plugins/event_listener.py
[2023-10-22T19:14:34.772+0400] {processor.py:829} INFO - Processing file /home/pyretttt/repos/mlops3/env/lib/python3.10/site-packages/airflow/example_dags/plugins/event_listener.py for tasks to queue
[2023-10-22T19:14:34.772+0400] {logging_mixin.py:151} INFO - [2023-10-22T19:14:34.772+0400] {dagbag.py:536} INFO - Filling up the DagBag from /home/pyretttt/repos/mlops3/env/lib/python3.10/site-packages/airflow/example_dags/plugins/event_listener.py
[2023-10-22T19:14:34.774+0400] {processor.py:841} WARNING - No viable dags retrieved from /home/pyretttt/repos/mlops3/env/lib/python3.10/site-packages/airflow/example_dags/plugins/event_listener.py
[2023-10-22T19:14:34.779+0400] {processor.py:179} INFO - Processing /home/pyretttt/repos/mlops3/env/lib/python3.10/site-packages/airflow/example_dags/plugins/event_listener.py took 0.009 seconds
[2023-10-22T19:15:26.920+0400] {processor.py:157} INFO - Started process (PID=1926) to work on /home/pyretttt/repos/mlops3/env/lib/python3.10/site-packages/airflow/example_dags/plugins/event_listener.py
[2023-10-22T19:15:26.921+0400] {processor.py:829} INFO - Processing file /home/pyretttt/repos/mlops3/env/lib/python3.10/site-packages/airflow/example_dags/plugins/event_listener.py for tasks to queue
[2023-10-22T19:15:26.922+0400] {logging_mixin.py:151} INFO - [2023-10-22T19:15:26.922+0400] {dagbag.py:536} INFO - Filling up the DagBag from /home/pyretttt/repos/mlops3/env/lib/python3.10/site-packages/airflow/example_dags/plugins/event_listener.py
[2023-10-22T19:15:26.924+0400] {processor.py:841} WARNING - No viable dags retrieved from /home/pyretttt/repos/mlops3/env/lib/python3.10/site-packages/airflow/example_dags/plugins/event_listener.py
[2023-10-22T19:15:26.928+0400] {processor.py:179} INFO - Processing /home/pyretttt/repos/mlops3/env/lib/python3.10/site-packages/airflow/example_dags/plugins/event_listener.py took 0.012 seconds
[2023-10-22T19:16:24.208+0400] {processor.py:157} INFO - Started process (PID=1982) to work on /home/pyretttt/repos/mlops3/env/lib/python3.10/site-packages/airflow/example_dags/plugins/event_listener.py
[2023-10-22T19:16:24.209+0400] {processor.py:829} INFO - Processing file /home/pyretttt/repos/mlops3/env/lib/python3.10/site-packages/airflow/example_dags/plugins/event_listener.py for tasks to queue
[2023-10-22T19:16:24.209+0400] {logging_mixin.py:151} INFO - [2023-10-22T19:16:24.209+0400] {dagbag.py:536} INFO - Filling up the DagBag from /home/pyretttt/repos/mlops3/env/lib/python3.10/site-packages/airflow/example_dags/plugins/event_listener.py
[2023-10-22T19:16:24.210+0400] {processor.py:841} WARNING - No viable dags retrieved from /home/pyretttt/repos/mlops3/env/lib/python3.10/site-packages/airflow/example_dags/plugins/event_listener.py
[2023-10-22T19:16:24.216+0400] {processor.py:179} INFO - Processing /home/pyretttt/repos/mlops3/env/lib/python3.10/site-packages/airflow/example_dags/plugins/event_listener.py took 0.010 seconds
[2023-10-22T19:17:22.493+0400] {processor.py:157} INFO - Started process (PID=2056) to work on /home/pyretttt/repos/mlops3/env/lib/python3.10/site-packages/airflow/example_dags/plugins/event_listener.py
[2023-10-22T19:17:22.495+0400] {processor.py:829} INFO - Processing file /home/pyretttt/repos/mlops3/env/lib/python3.10/site-packages/airflow/example_dags/plugins/event_listener.py for tasks to queue
[2023-10-22T19:17:22.496+0400] {logging_mixin.py:151} INFO - [2023-10-22T19:17:22.495+0400] {dagbag.py:536} INFO - Filling up the DagBag from /home/pyretttt/repos/mlops3/env/lib/python3.10/site-packages/airflow/example_dags/plugins/event_listener.py
[2023-10-22T19:17:22.498+0400] {processor.py:841} WARNING - No viable dags retrieved from /home/pyretttt/repos/mlops3/env/lib/python3.10/site-packages/airflow/example_dags/plugins/event_listener.py
[2023-10-22T19:17:22.503+0400] {processor.py:179} INFO - Processing /home/pyretttt/repos/mlops3/env/lib/python3.10/site-packages/airflow/example_dags/plugins/event_listener.py took 0.013 seconds
[2023-10-22T19:18:13.940+0400] {processor.py:157} INFO - Started process (PID=2130) to work on /home/pyretttt/repos/mlops3/env/lib/python3.10/site-packages/airflow/example_dags/plugins/event_listener.py
[2023-10-22T19:18:13.941+0400] {processor.py:829} INFO - Processing file /home/pyretttt/repos/mlops3/env/lib/python3.10/site-packages/airflow/example_dags/plugins/event_listener.py for tasks to queue
[2023-10-22T19:18:13.942+0400] {logging_mixin.py:151} INFO - [2023-10-22T19:18:13.941+0400] {dagbag.py:536} INFO - Filling up the DagBag from /home/pyretttt/repos/mlops3/env/lib/python3.10/site-packages/airflow/example_dags/plugins/event_listener.py
[2023-10-22T19:18:13.943+0400] {processor.py:841} WARNING - No viable dags retrieved from /home/pyretttt/repos/mlops3/env/lib/python3.10/site-packages/airflow/example_dags/plugins/event_listener.py
[2023-10-22T19:18:13.950+0400] {processor.py:179} INFO - Processing /home/pyretttt/repos/mlops3/env/lib/python3.10/site-packages/airflow/example_dags/plugins/event_listener.py took 0.012 seconds
[2023-10-22T19:19:10.766+0400] {processor.py:157} INFO - Started process (PID=2185) to work on /home/pyretttt/repos/mlops3/env/lib/python3.10/site-packages/airflow/example_dags/plugins/event_listener.py
[2023-10-22T19:19:10.767+0400] {processor.py:829} INFO - Processing file /home/pyretttt/repos/mlops3/env/lib/python3.10/site-packages/airflow/example_dags/plugins/event_listener.py for tasks to queue
[2023-10-22T19:19:10.768+0400] {logging_mixin.py:151} INFO - [2023-10-22T19:19:10.768+0400] {dagbag.py:536} INFO - Filling up the DagBag from /home/pyretttt/repos/mlops3/env/lib/python3.10/site-packages/airflow/example_dags/plugins/event_listener.py
[2023-10-22T19:19:10.770+0400] {processor.py:841} WARNING - No viable dags retrieved from /home/pyretttt/repos/mlops3/env/lib/python3.10/site-packages/airflow/example_dags/plugins/event_listener.py
[2023-10-22T19:19:10.775+0400] {processor.py:179} INFO - Processing /home/pyretttt/repos/mlops3/env/lib/python3.10/site-packages/airflow/example_dags/plugins/event_listener.py took 0.013 seconds
[2023-10-22T19:20:01.461+0400] {processor.py:157} INFO - Started process (PID=2237) to work on /home/pyretttt/repos/mlops3/env/lib/python3.10/site-packages/airflow/example_dags/plugins/event_listener.py
[2023-10-22T19:20:01.463+0400] {processor.py:829} INFO - Processing file /home/pyretttt/repos/mlops3/env/lib/python3.10/site-packages/airflow/example_dags/plugins/event_listener.py for tasks to queue
[2023-10-22T19:20:01.464+0400] {logging_mixin.py:151} INFO - [2023-10-22T19:20:01.463+0400] {dagbag.py:536} INFO - Filling up the DagBag from /home/pyretttt/repos/mlops3/env/lib/python3.10/site-packages/airflow/example_dags/plugins/event_listener.py
[2023-10-22T19:20:01.465+0400] {processor.py:841} WARNING - No viable dags retrieved from /home/pyretttt/repos/mlops3/env/lib/python3.10/site-packages/airflow/example_dags/plugins/event_listener.py
[2023-10-22T19:20:01.470+0400] {processor.py:179} INFO - Processing /home/pyretttt/repos/mlops3/env/lib/python3.10/site-packages/airflow/example_dags/plugins/event_listener.py took 0.013 seconds
