[2023-10-22T19:10:26.112+0400] {processor.py:157} INFO - Started process (PID=1418) to work on /home/pyretttt/repos/mlops3/env/lib/python3.10/site-packages/airflow/example_dags/plugins/listener_plugin.py
[2023-10-22T19:10:26.113+0400] {processor.py:829} INFO - Processing file /home/pyretttt/repos/mlops3/env/lib/python3.10/site-packages/airflow/example_dags/plugins/listener_plugin.py for tasks to queue
[2023-10-22T19:10:26.114+0400] {logging_mixin.py:151} INFO - [2023-10-22T19:10:26.113+0400] {dagbag.py:536} INFO - Filling up the DagBag from /home/pyretttt/repos/mlops3/env/lib/python3.10/site-packages/airflow/example_dags/plugins/listener_plugin.py
[2023-10-22T19:10:26.116+0400] {processor.py:841} WARNING - No viable dags retrieved from /home/pyretttt/repos/mlops3/env/lib/python3.10/site-packages/airflow/example_dags/plugins/listener_plugin.py
[2023-10-22T19:10:26.122+0400] {processor.py:179} INFO - Processing /home/pyretttt/repos/mlops3/env/lib/python3.10/site-packages/airflow/example_dags/plugins/listener_plugin.py took 0.013 seconds
[2023-10-22T19:11:13.159+0400] {processor.py:157} INFO - Started process (PID=1475) to work on /home/pyretttt/repos/mlops3/env/lib/python3.10/site-packages/airflow/example_dags/plugins/listener_plugin.py
[2023-10-22T19:11:13.160+0400] {processor.py:829} INFO - Processing file /home/pyretttt/repos/mlops3/env/lib/python3.10/site-packages/airflow/example_dags/plugins/listener_plugin.py for tasks to queue
[2023-10-22T19:11:13.161+0400] {logging_mixin.py:151} INFO - [2023-10-22T19:11:13.160+0400] {dagbag.py:536} INFO - Filling up the DagBag from /home/pyretttt/repos/mlops3/env/lib/python3.10/site-packages/airflow/example_dags/plugins/listener_plugin.py
[2023-10-22T19:11:13.162+0400] {processor.py:841} WARNING - No viable dags retrieved from /home/pyretttt/repos/mlops3/env/lib/python3.10/site-packages/airflow/example_dags/plugins/listener_plugin.py
[2023-10-22T19:11:13.179+0400] {processor.py:179} INFO - Processing /home/pyretttt/repos/mlops3/env/lib/python3.10/site-packages/airflow/example_dags/plugins/listener_plugin.py took 0.021 seconds
[2023-10-22T19:12:01.380+0400] {processor.py:157} INFO - Started process (PID=1694) to work on /home/pyretttt/repos/mlops3/env/lib/python3.10/site-packages/airflow/example_dags/plugins/listener_plugin.py
[2023-10-22T19:12:01.382+0400] {processor.py:829} INFO - Processing file /home/pyretttt/repos/mlops3/env/lib/python3.10/site-packages/airflow/example_dags/plugins/listener_plugin.py for tasks to queue
[2023-10-22T19:12:01.383+0400] {logging_mixin.py:151} INFO - [2023-10-22T19:12:01.382+0400] {dagbag.py:536} INFO - Filling up the DagBag from /home/pyretttt/repos/mlops3/env/lib/python3.10/site-packages/airflow/example_dags/plugins/listener_plugin.py
[2023-10-22T19:12:01.385+0400] {processor.py:841} WARNING - No viable dags retrieved from /home/pyretttt/repos/mlops3/env/lib/python3.10/site-packages/airflow/example_dags/plugins/listener_plugin.py
[2023-10-22T19:12:01.391+0400] {processor.py:179} INFO - Processing /home/pyretttt/repos/mlops3/env/lib/python3.10/site-packages/airflow/example_dags/plugins/listener_plugin.py took 0.015 seconds
[2023-10-22T19:12:55.170+0400] {processor.py:157} INFO - Started process (PID=1749) to work on /home/pyretttt/repos/mlops3/env/lib/python3.10/site-packages/airflow/example_dags/plugins/listener_plugin.py
[2023-10-22T19:12:55.171+0400] {processor.py:829} INFO - Processing file /home/pyretttt/repos/mlops3/env/lib/python3.10/site-packages/airflow/example_dags/plugins/listener_plugin.py for tasks to queue
[2023-10-22T19:12:55.172+0400] {logging_mixin.py:151} INFO - [2023-10-22T19:12:55.172+0400] {dagbag.py:536} INFO - Filling up the DagBag from /home/pyretttt/repos/mlops3/env/lib/python3.10/site-packages/airflow/example_dags/plugins/listener_plugin.py
[2023-10-22T19:12:55.175+0400] {processor.py:841} WARNING - No viable dags retrieved from /home/pyretttt/repos/mlops3/env/lib/python3.10/site-packages/airflow/example_dags/plugins/listener_plugin.py
[2023-10-22T19:12:55.181+0400] {processor.py:179} INFO - Processing /home/pyretttt/repos/mlops3/env/lib/python3.10/site-packages/airflow/example_dags/plugins/listener_plugin.py took 0.014 seconds
[2023-10-22T19:13:42.260+0400] {processor.py:157} INFO - Started process (PID=1798) to work on /home/pyretttt/repos/mlops3/env/lib/python3.10/site-packages/airflow/example_dags/plugins/listener_plugin.py
[2023-10-22T19:13:42.261+0400] {processor.py:829} INFO - Processing file /home/pyretttt/repos/mlops3/env/lib/python3.10/site-packages/airflow/example_dags/plugins/listener_plugin.py for tasks to queue
[2023-10-22T19:13:42.263+0400] {logging_mixin.py:151} INFO - [2023-10-22T19:13:42.262+0400] {dagbag.py:536} INFO - Filling up the DagBag from /home/pyretttt/repos/mlops3/env/lib/python3.10/site-packages/airflow/example_dags/plugins/listener_plugin.py
[2023-10-22T19:13:42.267+0400] {processor.py:841} WARNING - No viable dags retrieved from /home/pyretttt/repos/mlops3/env/lib/python3.10/site-packages/airflow/example_dags/plugins/listener_plugin.py
[2023-10-22T19:13:42.274+0400] {processor.py:179} INFO - Processing /home/pyretttt/repos/mlops3/env/lib/python3.10/site-packages/airflow/example_dags/plugins/listener_plugin.py took 0.017 seconds
[2023-10-22T19:14:36.025+0400] {processor.py:157} INFO - Started process (PID=1874) to work on /home/pyretttt/repos/mlops3/env/lib/python3.10/site-packages/airflow/example_dags/plugins/listener_plugin.py
[2023-10-22T19:14:36.026+0400] {processor.py:829} INFO - Processing file /home/pyretttt/repos/mlops3/env/lib/python3.10/site-packages/airflow/example_dags/plugins/listener_plugin.py for tasks to queue
[2023-10-22T19:14:36.028+0400] {logging_mixin.py:151} INFO - [2023-10-22T19:14:36.027+0400] {dagbag.py:536} INFO - Filling up the DagBag from /home/pyretttt/repos/mlops3/env/lib/python3.10/site-packages/airflow/example_dags/plugins/listener_plugin.py
[2023-10-22T19:14:36.029+0400] {processor.py:841} WARNING - No viable dags retrieved from /home/pyretttt/repos/mlops3/env/lib/python3.10/site-packages/airflow/example_dags/plugins/listener_plugin.py
[2023-10-22T19:14:36.034+0400] {processor.py:179} INFO - Processing /home/pyretttt/repos/mlops3/env/lib/python3.10/site-packages/airflow/example_dags/plugins/listener_plugin.py took 0.012 seconds
[2023-10-22T19:15:28.189+0400] {processor.py:157} INFO - Started process (PID=1927) to work on /home/pyretttt/repos/mlops3/env/lib/python3.10/site-packages/airflow/example_dags/plugins/listener_plugin.py
[2023-10-22T19:15:28.191+0400] {processor.py:829} INFO - Processing file /home/pyretttt/repos/mlops3/env/lib/python3.10/site-packages/airflow/example_dags/plugins/listener_plugin.py for tasks to queue
[2023-10-22T19:15:28.192+0400] {logging_mixin.py:151} INFO - [2023-10-22T19:15:28.191+0400] {dagbag.py:536} INFO - Filling up the DagBag from /home/pyretttt/repos/mlops3/env/lib/python3.10/site-packages/airflow/example_dags/plugins/listener_plugin.py
[2023-10-22T19:15:28.196+0400] {processor.py:841} WARNING - No viable dags retrieved from /home/pyretttt/repos/mlops3/env/lib/python3.10/site-packages/airflow/example_dags/plugins/listener_plugin.py
[2023-10-22T19:15:28.202+0400] {processor.py:179} INFO - Processing /home/pyretttt/repos/mlops3/env/lib/python3.10/site-packages/airflow/example_dags/plugins/listener_plugin.py took 0.016 seconds
[2023-10-22T19:16:25.381+0400] {processor.py:157} INFO - Started process (PID=1984) to work on /home/pyretttt/repos/mlops3/env/lib/python3.10/site-packages/airflow/example_dags/plugins/listener_plugin.py
[2023-10-22T19:16:25.383+0400] {processor.py:829} INFO - Processing file /home/pyretttt/repos/mlops3/env/lib/python3.10/site-packages/airflow/example_dags/plugins/listener_plugin.py for tasks to queue
[2023-10-22T19:16:25.384+0400] {logging_mixin.py:151} INFO - [2023-10-22T19:16:25.383+0400] {dagbag.py:536} INFO - Filling up the DagBag from /home/pyretttt/repos/mlops3/env/lib/python3.10/site-packages/airflow/example_dags/plugins/listener_plugin.py
[2023-10-22T19:16:25.385+0400] {processor.py:841} WARNING - No viable dags retrieved from /home/pyretttt/repos/mlops3/env/lib/python3.10/site-packages/airflow/example_dags/plugins/listener_plugin.py
[2023-10-22T19:16:25.393+0400] {processor.py:179} INFO - Processing /home/pyretttt/repos/mlops3/env/lib/python3.10/site-packages/airflow/example_dags/plugins/listener_plugin.py took 0.017 seconds
[2023-10-22T19:17:22.671+0400] {processor.py:157} INFO - Started process (PID=2057) to work on /home/pyretttt/repos/mlops3/env/lib/python3.10/site-packages/airflow/example_dags/plugins/listener_plugin.py
[2023-10-22T19:17:22.673+0400] {processor.py:829} INFO - Processing file /home/pyretttt/repos/mlops3/env/lib/python3.10/site-packages/airflow/example_dags/plugins/listener_plugin.py for tasks to queue
[2023-10-22T19:17:22.674+0400] {logging_mixin.py:151} INFO - [2023-10-22T19:17:22.674+0400] {dagbag.py:536} INFO - Filling up the DagBag from /home/pyretttt/repos/mlops3/env/lib/python3.10/site-packages/airflow/example_dags/plugins/listener_plugin.py
[2023-10-22T19:17:22.679+0400] {processor.py:841} WARNING - No viable dags retrieved from /home/pyretttt/repos/mlops3/env/lib/python3.10/site-packages/airflow/example_dags/plugins/listener_plugin.py
[2023-10-22T19:17:22.687+0400] {processor.py:179} INFO - Processing /home/pyretttt/repos/mlops3/env/lib/python3.10/site-packages/airflow/example_dags/plugins/listener_plugin.py took 0.020 seconds
[2023-10-22T19:18:15.174+0400] {processor.py:157} INFO - Started process (PID=2131) to work on /home/pyretttt/repos/mlops3/env/lib/python3.10/site-packages/airflow/example_dags/plugins/listener_plugin.py
[2023-10-22T19:18:15.180+0400] {processor.py:829} INFO - Processing file /home/pyretttt/repos/mlops3/env/lib/python3.10/site-packages/airflow/example_dags/plugins/listener_plugin.py for tasks to queue
[2023-10-22T19:18:15.182+0400] {logging_mixin.py:151} INFO - [2023-10-22T19:18:15.181+0400] {dagbag.py:536} INFO - Filling up the DagBag from /home/pyretttt/repos/mlops3/env/lib/python3.10/site-packages/airflow/example_dags/plugins/listener_plugin.py
[2023-10-22T19:18:15.195+0400] {processor.py:841} WARNING - No viable dags retrieved from /home/pyretttt/repos/mlops3/env/lib/python3.10/site-packages/airflow/example_dags/plugins/listener_plugin.py
[2023-10-22T19:18:15.202+0400] {processor.py:179} INFO - Processing /home/pyretttt/repos/mlops3/env/lib/python3.10/site-packages/airflow/example_dags/plugins/listener_plugin.py took 0.037 seconds
[2023-10-22T19:19:11.352+0400] {processor.py:157} INFO - Started process (PID=2186) to work on /home/pyretttt/repos/mlops3/env/lib/python3.10/site-packages/airflow/example_dags/plugins/listener_plugin.py
[2023-10-22T19:19:11.354+0400] {processor.py:829} INFO - Processing file /home/pyretttt/repos/mlops3/env/lib/python3.10/site-packages/airflow/example_dags/plugins/listener_plugin.py for tasks to queue
[2023-10-22T19:19:11.355+0400] {logging_mixin.py:151} INFO - [2023-10-22T19:19:11.354+0400] {dagbag.py:536} INFO - Filling up the DagBag from /home/pyretttt/repos/mlops3/env/lib/python3.10/site-packages/airflow/example_dags/plugins/listener_plugin.py
[2023-10-22T19:19:11.358+0400] {processor.py:841} WARNING - No viable dags retrieved from /home/pyretttt/repos/mlops3/env/lib/python3.10/site-packages/airflow/example_dags/plugins/listener_plugin.py
[2023-10-22T19:19:11.362+0400] {processor.py:179} INFO - Processing /home/pyretttt/repos/mlops3/env/lib/python3.10/site-packages/airflow/example_dags/plugins/listener_plugin.py took 0.013 seconds
[2023-10-22T19:20:02.730+0400] {processor.py:157} INFO - Started process (PID=2238) to work on /home/pyretttt/repos/mlops3/env/lib/python3.10/site-packages/airflow/example_dags/plugins/listener_plugin.py
[2023-10-22T19:20:02.731+0400] {processor.py:829} INFO - Processing file /home/pyretttt/repos/mlops3/env/lib/python3.10/site-packages/airflow/example_dags/plugins/listener_plugin.py for tasks to queue
[2023-10-22T19:20:02.732+0400] {logging_mixin.py:151} INFO - [2023-10-22T19:20:02.732+0400] {dagbag.py:536} INFO - Filling up the DagBag from /home/pyretttt/repos/mlops3/env/lib/python3.10/site-packages/airflow/example_dags/plugins/listener_plugin.py
[2023-10-22T19:20:02.736+0400] {processor.py:841} WARNING - No viable dags retrieved from /home/pyretttt/repos/mlops3/env/lib/python3.10/site-packages/airflow/example_dags/plugins/listener_plugin.py
[2023-10-22T19:20:02.741+0400] {processor.py:179} INFO - Processing /home/pyretttt/repos/mlops3/env/lib/python3.10/site-packages/airflow/example_dags/plugins/listener_plugin.py took 0.015 seconds
